[2026-04-13T23:44:07.504+0000] {processor.py:186} INFO - Started process (PID=108) to work on /home/airflow/.local/lib/python3.12/site-packages/airflow/example_dags/example_python_operator.py
[2026-04-13T23:44:07.508+0000] {processor.py:914} INFO - Processing file /home/airflow/.local/lib/python3.12/site-packages/airflow/example_dags/example_python_operator.py for tasks to queue
[2026-04-13T23:44:07.539+0000] {logging_mixin.py:190} INFO - [2026-04-13T23:44:07.523+0000] {dagbag.py:588} INFO - Filling up the DagBag from /home/airflow/.local/lib/python3.12/site-packages/airflow/example_dags/example_python_operator.py
[2026-04-13T23:44:07.688+0000] {processor.py:925} INFO - DAG(s) 'example_python_operator' retrieved from /home/airflow/.local/lib/python3.12/site-packages/airflow/example_dags/example_python_operator.py
[2026-04-13T23:44:08.447+0000] {logging_mixin.py:190} INFO - [2026-04-13T23:44:08.441+0000] {override.py:1912} INFO - Created Permission View: can read on DAG:example_python_operator
[2026-04-13T23:44:08.508+0000] {logging_mixin.py:190} INFO - [2026-04-13T23:44:08.506+0000] {override.py:1912} INFO - Created Permission View: can edit on DAG:example_python_operator
[2026-04-13T23:44:08.537+0000] {logging_mixin.py:190} INFO - [2026-04-13T23:44:08.536+0000] {override.py:1912} INFO - Created Permission View: can delete on DAG:example_python_operator
[2026-04-13T23:44:08.580+0000] {logging_mixin.py:190} INFO - [2026-04-13T23:44:08.579+0000] {override.py:1912} INFO - Created Permission View: menu access on DAG Run:example_python_operator
[2026-04-13T23:44:08.614+0000] {logging_mixin.py:190} INFO - [2026-04-13T23:44:08.613+0000] {override.py:1912} INFO - Created Permission View: can read on DAG Run:example_python_operator
[2026-04-13T23:44:08.646+0000] {logging_mixin.py:190} INFO - [2026-04-13T23:44:08.646+0000] {override.py:1912} INFO - Created Permission View: can delete on DAG Run:example_python_operator
[2026-04-13T23:44:08.671+0000] {logging_mixin.py:190} INFO - [2026-04-13T23:44:08.670+0000] {override.py:1912} INFO - Created Permission View: can create on DAG Run:example_python_operator
[2026-04-13T23:44:08.673+0000] {logging_mixin.py:190} INFO - [2026-04-13T23:44:08.672+0000] {dag.py:3239} INFO - Sync 1 DAGs
[2026-04-13T23:44:08.733+0000] {logging_mixin.py:190} INFO - [2026-04-13T23:44:08.733+0000] {dag.py:3262} INFO - Creating ORM DAG for example_python_operator
[2026-04-13T23:44:08.738+0000] {logging_mixin.py:190} INFO - [2026-04-13T23:44:08.737+0000] {dag.py:4180} INFO - Setting next_dagrun for example_python_operator to None, run_after=None
[2026-04-13T23:44:08.828+0000] {processor.py:208} INFO - Processing /home/airflow/.local/lib/python3.12/site-packages/airflow/example_dags/example_python_operator.py took 1.344 seconds
[2026-04-13T23:44:50.704+0000] {processor.py:186} INFO - Started process (PID=171) to work on /home/airflow/.local/lib/python3.12/site-packages/airflow/example_dags/example_python_operator.py
[2026-04-13T23:44:50.715+0000] {processor.py:914} INFO - Processing file /home/airflow/.local/lib/python3.12/site-packages/airflow/example_dags/example_python_operator.py for tasks to queue
[2026-04-13T23:44:50.723+0000] {logging_mixin.py:190} INFO - [2026-04-13T23:44:50.722+0000] {dagbag.py:588} INFO - Filling up the DagBag from /home/airflow/.local/lib/python3.12/site-packages/airflow/example_dags/example_python_operator.py
[2026-04-13T23:44:50.786+0000] {processor.py:925} INFO - DAG(s) 'example_python_operator' retrieved from /home/airflow/.local/lib/python3.12/site-packages/airflow/example_dags/example_python_operator.py
[2026-04-13T23:44:50.921+0000] {logging_mixin.py:190} INFO - [2026-04-13T23:44:50.920+0000] {dag.py:3239} INFO - Sync 1 DAGs
[2026-04-13T23:44:51.002+0000] {logging_mixin.py:190} INFO - [2026-04-13T23:44:51.000+0000] {dag.py:4180} INFO - Setting next_dagrun for example_python_operator to None, run_after=None
[2026-04-13T23:44:51.090+0000] {processor.py:208} INFO - Processing /home/airflow/.local/lib/python3.12/site-packages/airflow/example_dags/example_python_operator.py took 0.408 seconds
[2026-04-13T23:45:23.556+0000] {processor.py:186} INFO - Started process (PID=235) to work on /home/airflow/.local/lib/python3.12/site-packages/airflow/example_dags/example_python_operator.py
[2026-04-13T23:45:23.561+0000] {processor.py:914} INFO - Processing file /home/airflow/.local/lib/python3.12/site-packages/airflow/example_dags/example_python_operator.py for tasks to queue
[2026-04-13T23:45:23.573+0000] {logging_mixin.py:190} INFO - [2026-04-13T23:45:23.572+0000] {dagbag.py:588} INFO - Filling up the DagBag from /home/airflow/.local/lib/python3.12/site-packages/airflow/example_dags/example_python_operator.py
[2026-04-13T23:45:23.649+0000] {processor.py:925} INFO - DAG(s) 'example_python_operator' retrieved from /home/airflow/.local/lib/python3.12/site-packages/airflow/example_dags/example_python_operator.py
[2026-04-13T23:45:23.775+0000] {logging_mixin.py:190} INFO - [2026-04-13T23:45:23.774+0000] {dag.py:3239} INFO - Sync 1 DAGs
[2026-04-13T23:45:23.852+0000] {logging_mixin.py:190} INFO - [2026-04-13T23:45:23.851+0000] {dag.py:4180} INFO - Setting next_dagrun for example_python_operator to None, run_after=None
[2026-04-13T23:45:23.945+0000] {processor.py:208} INFO - Processing /home/airflow/.local/lib/python3.12/site-packages/airflow/example_dags/example_python_operator.py took 0.413 seconds
[2026-04-13T23:46:13.596+0000] {processor.py:186} INFO - Started process (PID=307) to work on /home/airflow/.local/lib/python3.12/site-packages/airflow/example_dags/example_python_operator.py
[2026-04-13T23:46:13.606+0000] {processor.py:914} INFO - Processing file /home/airflow/.local/lib/python3.12/site-packages/airflow/example_dags/example_python_operator.py for tasks to queue
[2026-04-13T23:46:13.617+0000] {logging_mixin.py:190} INFO - [2026-04-13T23:46:13.616+0000] {dagbag.py:588} INFO - Filling up the DagBag from /home/airflow/.local/lib/python3.12/site-packages/airflow/example_dags/example_python_operator.py
[2026-04-13T23:46:13.675+0000] {processor.py:925} INFO - DAG(s) 'example_python_operator' retrieved from /home/airflow/.local/lib/python3.12/site-packages/airflow/example_dags/example_python_operator.py
[2026-04-13T23:46:13.774+0000] {logging_mixin.py:190} INFO - [2026-04-13T23:46:13.773+0000] {dag.py:3239} INFO - Sync 1 DAGs
[2026-04-13T23:46:13.841+0000] {logging_mixin.py:190} INFO - [2026-04-13T23:46:13.835+0000] {dag.py:4180} INFO - Setting next_dagrun for example_python_operator to None, run_after=None
[2026-04-13T23:46:14.034+0000] {processor.py:208} INFO - Processing /home/airflow/.local/lib/python3.12/site-packages/airflow/example_dags/example_python_operator.py took 0.464 seconds
[2026-04-13T23:46:49.303+0000] {processor.py:186} INFO - Started process (PID=369) to work on /home/airflow/.local/lib/python3.12/site-packages/airflow/example_dags/example_python_operator.py
[2026-04-13T23:46:49.305+0000] {processor.py:914} INFO - Processing file /home/airflow/.local/lib/python3.12/site-packages/airflow/example_dags/example_python_operator.py for tasks to queue
[2026-04-13T23:46:49.308+0000] {logging_mixin.py:190} INFO - [2026-04-13T23:46:49.308+0000] {dagbag.py:588} INFO - Filling up the DagBag from /home/airflow/.local/lib/python3.12/site-packages/airflow/example_dags/example_python_operator.py
[2026-04-13T23:46:49.328+0000] {processor.py:925} INFO - DAG(s) 'example_python_operator' retrieved from /home/airflow/.local/lib/python3.12/site-packages/airflow/example_dags/example_python_operator.py
[2026-04-13T23:46:49.365+0000] {logging_mixin.py:190} INFO - [2026-04-13T23:46:49.365+0000] {dag.py:3239} INFO - Sync 1 DAGs
[2026-04-13T23:46:49.390+0000] {logging_mixin.py:190} INFO - [2026-04-13T23:46:49.390+0000] {dag.py:4180} INFO - Setting next_dagrun for example_python_operator to None, run_after=None
[2026-04-13T23:46:49.424+0000] {processor.py:208} INFO - Processing /home/airflow/.local/lib/python3.12/site-packages/airflow/example_dags/example_python_operator.py took 0.132 seconds
