[2026-04-13T23:44:19.153+0000] {processor.py:186} INFO - Started process (PID=115) to work on /home/airflow/.local/lib/python3.12/site-packages/airflow/example_dags/example_datasets.py
[2026-04-13T23:44:19.166+0000] {processor.py:914} INFO - Processing file /home/airflow/.local/lib/python3.12/site-packages/airflow/example_dags/example_datasets.py for tasks to queue
[2026-04-13T23:44:19.173+0000] {logging_mixin.py:190} INFO - [2026-04-13T23:44:19.172+0000] {dagbag.py:588} INFO - Filling up the DagBag from /home/airflow/.local/lib/python3.12/site-packages/airflow/example_dags/example_datasets.py
[2026-04-13T23:44:22.183+0000] {processor.py:925} INFO - DAG(s) 'dataset_produces_1', 'dataset_consumes_unknown_never_scheduled', 'consume_1_or_both_2_and_3_with_dataset_expressions', 'dataset_consumes_1', 'consume_1_and_2_with_dataset_expressions', 'dataset_consumes_1_and_2', 'dataset_consumes_1_never_scheduled', 'consume_1_or_2_with_dataset_expressions', 'dataset_produces_2', 'conditional_dataset_and_time_based_timetable' retrieved from /home/airflow/.local/lib/python3.12/site-packages/airflow/example_dags/example_datasets.py
[2026-04-13T23:44:22.499+0000] {logging_mixin.py:190} INFO - [2026-04-13T23:44:22.497+0000] {override.py:1912} INFO - Created Permission View: can read on DAG:dataset_produces_1
[2026-04-13T23:44:22.526+0000] {logging_mixin.py:190} INFO - [2026-04-13T23:44:22.525+0000] {override.py:1912} INFO - Created Permission View: can edit on DAG:dataset_produces_1
[2026-04-13T23:44:22.543+0000] {logging_mixin.py:190} INFO - [2026-04-13T23:44:22.541+0000] {override.py:1912} INFO - Created Permission View: can delete on DAG:dataset_produces_1
[2026-04-13T23:44:22.562+0000] {logging_mixin.py:190} INFO - [2026-04-13T23:44:22.561+0000] {override.py:1912} INFO - Created Permission View: menu access on DAG Run:dataset_produces_1
[2026-04-13T23:44:22.583+0000] {logging_mixin.py:190} INFO - [2026-04-13T23:44:22.582+0000] {override.py:1912} INFO - Created Permission View: can read on DAG Run:dataset_produces_1
[2026-04-13T23:44:22.613+0000] {logging_mixin.py:190} INFO - [2026-04-13T23:44:22.612+0000] {override.py:1912} INFO - Created Permission View: can delete on DAG Run:dataset_produces_1
[2026-04-13T23:44:22.637+0000] {logging_mixin.py:190} INFO - [2026-04-13T23:44:22.636+0000] {override.py:1912} INFO - Created Permission View: can create on DAG Run:dataset_produces_1
[2026-04-13T23:44:22.667+0000] {logging_mixin.py:190} INFO - [2026-04-13T23:44:22.666+0000] {override.py:1912} INFO - Created Permission View: can read on DAG:dataset_consumes_unknown_never_scheduled
[2026-04-13T23:44:22.683+0000] {logging_mixin.py:190} INFO - [2026-04-13T23:44:22.682+0000] {override.py:1912} INFO - Created Permission View: can edit on DAG:dataset_consumes_unknown_never_scheduled
[2026-04-13T23:44:22.701+0000] {logging_mixin.py:190} INFO - [2026-04-13T23:44:22.700+0000] {override.py:1912} INFO - Created Permission View: can delete on DAG:dataset_consumes_unknown_never_scheduled
[2026-04-13T23:44:22.724+0000] {logging_mixin.py:190} INFO - [2026-04-13T23:44:22.723+0000] {override.py:1912} INFO - Created Permission View: menu access on DAG Run:dataset_consumes_unknown_never_scheduled
[2026-04-13T23:44:22.739+0000] {logging_mixin.py:190} INFO - [2026-04-13T23:44:22.738+0000] {override.py:1912} INFO - Created Permission View: can read on DAG Run:dataset_consumes_unknown_never_scheduled
[2026-04-13T23:44:22.756+0000] {logging_mixin.py:190} INFO - [2026-04-13T23:44:22.756+0000] {override.py:1912} INFO - Created Permission View: can delete on DAG Run:dataset_consumes_unknown_never_scheduled
[2026-04-13T23:44:22.773+0000] {logging_mixin.py:190} INFO - [2026-04-13T23:44:22.773+0000] {override.py:1912} INFO - Created Permission View: can create on DAG Run:dataset_consumes_unknown_never_scheduled
[2026-04-13T23:44:22.804+0000] {logging_mixin.py:190} INFO - [2026-04-13T23:44:22.803+0000] {override.py:1912} INFO - Created Permission View: can read on DAG:consume_1_or_both_2_and_3_with_dataset_expressions
[2026-04-13T23:44:22.818+0000] {logging_mixin.py:190} INFO - [2026-04-13T23:44:22.818+0000] {override.py:1912} INFO - Created Permission View: can edit on DAG:consume_1_or_both_2_and_3_with_dataset_expressions
[2026-04-13T23:44:22.830+0000] {logging_mixin.py:190} INFO - [2026-04-13T23:44:22.829+0000] {override.py:1912} INFO - Created Permission View: can delete on DAG:consume_1_or_both_2_and_3_with_dataset_expressions
[2026-04-13T23:44:22.844+0000] {logging_mixin.py:190} INFO - [2026-04-13T23:44:22.843+0000] {override.py:1912} INFO - Created Permission View: menu access on DAG Run:consume_1_or_both_2_and_3_with_dataset_expressions
[2026-04-13T23:44:22.858+0000] {logging_mixin.py:190} INFO - [2026-04-13T23:44:22.857+0000] {override.py:1912} INFO - Created Permission View: can read on DAG Run:consume_1_or_both_2_and_3_with_dataset_expressions
[2026-04-13T23:44:22.872+0000] {logging_mixin.py:190} INFO - [2026-04-13T23:44:22.872+0000] {override.py:1912} INFO - Created Permission View: can delete on DAG Run:consume_1_or_both_2_and_3_with_dataset_expressions
[2026-04-13T23:44:22.894+0000] {logging_mixin.py:190} INFO - [2026-04-13T23:44:22.894+0000] {override.py:1912} INFO - Created Permission View: can create on DAG Run:consume_1_or_both_2_and_3_with_dataset_expressions
[2026-04-13T23:44:23.227+0000] {logging_mixin.py:190} INFO - [2026-04-13T23:44:23.226+0000] {override.py:1912} INFO - Created Permission View: can read on DAG:dataset_consumes_1
[2026-04-13T23:44:23.324+0000] {logging_mixin.py:190} INFO - [2026-04-13T23:44:23.321+0000] {override.py:1912} INFO - Created Permission View: can edit on DAG:dataset_consumes_1
[2026-04-13T23:44:23.392+0000] {logging_mixin.py:190} INFO - [2026-04-13T23:44:23.391+0000] {override.py:1912} INFO - Created Permission View: can delete on DAG:dataset_consumes_1
[2026-04-13T23:44:23.430+0000] {logging_mixin.py:190} INFO - [2026-04-13T23:44:23.429+0000] {override.py:1912} INFO - Created Permission View: menu access on DAG Run:dataset_consumes_1
[2026-04-13T23:44:23.461+0000] {logging_mixin.py:190} INFO - [2026-04-13T23:44:23.460+0000] {override.py:1912} INFO - Created Permission View: can read on DAG Run:dataset_consumes_1
[2026-04-13T23:44:23.493+0000] {logging_mixin.py:190} INFO - [2026-04-13T23:44:23.492+0000] {override.py:1912} INFO - Created Permission View: can delete on DAG Run:dataset_consumes_1
[2026-04-13T23:44:23.524+0000] {logging_mixin.py:190} INFO - [2026-04-13T23:44:23.523+0000] {override.py:1912} INFO - Created Permission View: can create on DAG Run:dataset_consumes_1
[2026-04-13T23:44:23.588+0000] {logging_mixin.py:190} INFO - [2026-04-13T23:44:23.587+0000] {override.py:1912} INFO - Created Permission View: can read on DAG:consume_1_and_2_with_dataset_expressions
[2026-04-13T23:44:23.698+0000] {logging_mixin.py:190} INFO - [2026-04-13T23:44:23.696+0000] {override.py:1912} INFO - Created Permission View: can edit on DAG:consume_1_and_2_with_dataset_expressions
[2026-04-13T23:44:23.745+0000] {logging_mixin.py:190} INFO - [2026-04-13T23:44:23.744+0000] {override.py:1912} INFO - Created Permission View: can delete on DAG:consume_1_and_2_with_dataset_expressions
[2026-04-13T23:44:23.800+0000] {logging_mixin.py:190} INFO - [2026-04-13T23:44:23.799+0000] {override.py:1912} INFO - Created Permission View: menu access on DAG Run:consume_1_and_2_with_dataset_expressions
[2026-04-13T23:44:23.835+0000] {logging_mixin.py:190} INFO - [2026-04-13T23:44:23.834+0000] {override.py:1912} INFO - Created Permission View: can read on DAG Run:consume_1_and_2_with_dataset_expressions
[2026-04-13T23:44:23.857+0000] {logging_mixin.py:190} INFO - [2026-04-13T23:44:23.857+0000] {override.py:1912} INFO - Created Permission View: can delete on DAG Run:consume_1_and_2_with_dataset_expressions
[2026-04-13T23:44:23.889+0000] {logging_mixin.py:190} INFO - [2026-04-13T23:44:23.889+0000] {override.py:1912} INFO - Created Permission View: can create on DAG Run:consume_1_and_2_with_dataset_expressions
[2026-04-13T23:44:23.928+0000] {logging_mixin.py:190} INFO - [2026-04-13T23:44:23.928+0000] {override.py:1912} INFO - Created Permission View: can read on DAG:dataset_consumes_1_and_2
[2026-04-13T23:44:23.959+0000] {logging_mixin.py:190} INFO - [2026-04-13T23:44:23.958+0000] {override.py:1912} INFO - Created Permission View: can edit on DAG:dataset_consumes_1_and_2
[2026-04-13T23:44:23.992+0000] {logging_mixin.py:190} INFO - [2026-04-13T23:44:23.991+0000] {override.py:1912} INFO - Created Permission View: can delete on DAG:dataset_consumes_1_and_2
[2026-04-13T23:44:24.022+0000] {logging_mixin.py:190} INFO - [2026-04-13T23:44:24.021+0000] {override.py:1912} INFO - Created Permission View: menu access on DAG Run:dataset_consumes_1_and_2
[2026-04-13T23:44:24.072+0000] {logging_mixin.py:190} INFO - [2026-04-13T23:44:24.071+0000] {override.py:1912} INFO - Created Permission View: can read on DAG Run:dataset_consumes_1_and_2
[2026-04-13T23:44:24.094+0000] {logging_mixin.py:190} INFO - [2026-04-13T23:44:24.093+0000] {override.py:1912} INFO - Created Permission View: can delete on DAG Run:dataset_consumes_1_and_2
[2026-04-13T23:44:24.121+0000] {logging_mixin.py:190} INFO - [2026-04-13T23:44:24.119+0000] {override.py:1912} INFO - Created Permission View: can create on DAG Run:dataset_consumes_1_and_2
[2026-04-13T23:44:24.172+0000] {logging_mixin.py:190} INFO - [2026-04-13T23:44:24.171+0000] {override.py:1912} INFO - Created Permission View: can read on DAG:dataset_consumes_1_never_scheduled
[2026-04-13T23:44:24.197+0000] {logging_mixin.py:190} INFO - [2026-04-13T23:44:24.196+0000] {override.py:1912} INFO - Created Permission View: can edit on DAG:dataset_consumes_1_never_scheduled
[2026-04-13T23:44:24.228+0000] {logging_mixin.py:190} INFO - [2026-04-13T23:44:24.227+0000] {override.py:1912} INFO - Created Permission View: can delete on DAG:dataset_consumes_1_never_scheduled
[2026-04-13T23:44:24.265+0000] {logging_mixin.py:190} INFO - [2026-04-13T23:44:24.264+0000] {override.py:1912} INFO - Created Permission View: menu access on DAG Run:dataset_consumes_1_never_scheduled
[2026-04-13T23:44:24.316+0000] {logging_mixin.py:190} INFO - [2026-04-13T23:44:24.316+0000] {override.py:1912} INFO - Created Permission View: can read on DAG Run:dataset_consumes_1_never_scheduled
[2026-04-13T23:44:24.349+0000] {logging_mixin.py:190} INFO - [2026-04-13T23:44:24.348+0000] {override.py:1912} INFO - Created Permission View: can delete on DAG Run:dataset_consumes_1_never_scheduled
[2026-04-13T23:44:24.373+0000] {logging_mixin.py:190} INFO - [2026-04-13T23:44:24.372+0000] {override.py:1912} INFO - Created Permission View: can create on DAG Run:dataset_consumes_1_never_scheduled
[2026-04-13T23:44:24.402+0000] {logging_mixin.py:190} INFO - [2026-04-13T23:44:24.401+0000] {override.py:1912} INFO - Created Permission View: can read on DAG:consume_1_or_2_with_dataset_expressions
[2026-04-13T23:44:24.421+0000] {logging_mixin.py:190} INFO - [2026-04-13T23:44:24.420+0000] {override.py:1912} INFO - Created Permission View: can edit on DAG:consume_1_or_2_with_dataset_expressions
[2026-04-13T23:44:24.472+0000] {logging_mixin.py:190} INFO - [2026-04-13T23:44:24.471+0000] {override.py:1912} INFO - Created Permission View: can delete on DAG:consume_1_or_2_with_dataset_expressions
[2026-04-13T23:44:24.565+0000] {logging_mixin.py:190} INFO - [2026-04-13T23:44:24.564+0000] {override.py:1912} INFO - Created Permission View: menu access on DAG Run:consume_1_or_2_with_dataset_expressions
[2026-04-13T23:44:24.604+0000] {logging_mixin.py:190} INFO - [2026-04-13T23:44:24.603+0000] {override.py:1912} INFO - Created Permission View: can read on DAG Run:consume_1_or_2_with_dataset_expressions
[2026-04-13T23:44:24.646+0000] {logging_mixin.py:190} INFO - [2026-04-13T23:44:24.645+0000] {override.py:1912} INFO - Created Permission View: can delete on DAG Run:consume_1_or_2_with_dataset_expressions
[2026-04-13T23:44:24.691+0000] {logging_mixin.py:190} INFO - [2026-04-13T23:44:24.690+0000] {override.py:1912} INFO - Created Permission View: can create on DAG Run:consume_1_or_2_with_dataset_expressions
[2026-04-13T23:44:24.800+0000] {logging_mixin.py:190} INFO - [2026-04-13T23:44:24.799+0000] {override.py:1912} INFO - Created Permission View: can read on DAG:dataset_produces_2
[2026-04-13T23:44:24.977+0000] {logging_mixin.py:190} INFO - [2026-04-13T23:44:24.976+0000] {override.py:1912} INFO - Created Permission View: can edit on DAG:dataset_produces_2
[2026-04-13T23:44:25.018+0000] {logging_mixin.py:190} INFO - [2026-04-13T23:44:25.017+0000] {override.py:1912} INFO - Created Permission View: can delete on DAG:dataset_produces_2
[2026-04-13T23:44:25.064+0000] {logging_mixin.py:190} INFO - [2026-04-13T23:44:25.063+0000] {override.py:1912} INFO - Created Permission View: menu access on DAG Run:dataset_produces_2
[2026-04-13T23:44:25.095+0000] {logging_mixin.py:190} INFO - [2026-04-13T23:44:25.094+0000] {override.py:1912} INFO - Created Permission View: can read on DAG Run:dataset_produces_2
[2026-04-13T23:44:25.115+0000] {logging_mixin.py:190} INFO - [2026-04-13T23:44:25.114+0000] {override.py:1912} INFO - Created Permission View: can delete on DAG Run:dataset_produces_2
[2026-04-13T23:44:25.141+0000] {logging_mixin.py:190} INFO - [2026-04-13T23:44:25.141+0000] {override.py:1912} INFO - Created Permission View: can create on DAG Run:dataset_produces_2
[2026-04-13T23:44:25.191+0000] {logging_mixin.py:190} INFO - [2026-04-13T23:44:25.190+0000] {override.py:1912} INFO - Created Permission View: can read on DAG:conditional_dataset_and_time_based_timetable
[2026-04-13T23:44:25.222+0000] {logging_mixin.py:190} INFO - [2026-04-13T23:44:25.221+0000] {override.py:1912} INFO - Created Permission View: can edit on DAG:conditional_dataset_and_time_based_timetable
[2026-04-13T23:44:25.260+0000] {logging_mixin.py:190} INFO - [2026-04-13T23:44:25.259+0000] {override.py:1912} INFO - Created Permission View: can delete on DAG:conditional_dataset_and_time_based_timetable
[2026-04-13T23:44:25.285+0000] {logging_mixin.py:190} INFO - [2026-04-13T23:44:25.284+0000] {override.py:1912} INFO - Created Permission View: menu access on DAG Run:conditional_dataset_and_time_based_timetable
[2026-04-13T23:44:25.310+0000] {logging_mixin.py:190} INFO - [2026-04-13T23:44:25.309+0000] {override.py:1912} INFO - Created Permission View: can read on DAG Run:conditional_dataset_and_time_based_timetable
[2026-04-13T23:44:25.335+0000] {logging_mixin.py:190} INFO - [2026-04-13T23:44:25.334+0000] {override.py:1912} INFO - Created Permission View: can delete on DAG Run:conditional_dataset_and_time_based_timetable
[2026-04-13T23:44:25.359+0000] {logging_mixin.py:190} INFO - [2026-04-13T23:44:25.358+0000] {override.py:1912} INFO - Created Permission View: can create on DAG Run:conditional_dataset_and_time_based_timetable
[2026-04-13T23:44:25.360+0000] {logging_mixin.py:190} INFO - [2026-04-13T23:44:25.360+0000] {dag.py:3239} INFO - Sync 10 DAGs
[2026-04-13T23:44:25.407+0000] {logging_mixin.py:190} INFO - [2026-04-13T23:44:25.406+0000] {dag.py:3262} INFO - Creating ORM DAG for consume_1_and_2_with_dataset_expressions
[2026-04-13T23:44:25.410+0000] {logging_mixin.py:190} INFO - [2026-04-13T23:44:25.409+0000] {dag.py:3262} INFO - Creating ORM DAG for consume_1_or_both_2_and_3_with_dataset_expressions
[2026-04-13T23:44:25.413+0000] {logging_mixin.py:190} INFO - [2026-04-13T23:44:25.412+0000] {dag.py:3262} INFO - Creating ORM DAG for dataset_consumes_unknown_never_scheduled
[2026-04-13T23:44:25.417+0000] {logging_mixin.py:190} INFO - [2026-04-13T23:44:25.417+0000] {dag.py:3262} INFO - Creating ORM DAG for dataset_produces_2
[2026-04-13T23:44:25.420+0000] {logging_mixin.py:190} INFO - [2026-04-13T23:44:25.419+0000] {dag.py:3262} INFO - Creating ORM DAG for dataset_consumes_1_never_scheduled
[2026-04-13T23:44:25.422+0000] {logging_mixin.py:190} INFO - [2026-04-13T23:44:25.421+0000] {dag.py:3262} INFO - Creating ORM DAG for dataset_produces_1
[2026-04-13T23:44:25.424+0000] {logging_mixin.py:190} INFO - [2026-04-13T23:44:25.424+0000] {dag.py:3262} INFO - Creating ORM DAG for dataset_consumes_1_and_2
[2026-04-13T23:44:25.426+0000] {logging_mixin.py:190} INFO - [2026-04-13T23:44:25.426+0000] {dag.py:3262} INFO - Creating ORM DAG for consume_1_or_2_with_dataset_expressions
[2026-04-13T23:44:25.429+0000] {logging_mixin.py:190} INFO - [2026-04-13T23:44:25.428+0000] {dag.py:3262} INFO - Creating ORM DAG for conditional_dataset_and_time_based_timetable
[2026-04-13T23:44:25.434+0000] {logging_mixin.py:190} INFO - [2026-04-13T23:44:25.434+0000] {dag.py:3262} INFO - Creating ORM DAG for dataset_consumes_1
[2026-04-13T23:44:25.493+0000] {logging_mixin.py:190} INFO - [2026-04-13T23:44:25.490+0000] {dag.py:4180} INFO - Setting next_dagrun for conditional_dataset_and_time_based_timetable to 2026-04-08 01:00:00+00:00, run_after=2026-04-08 01:00:00+00:00
[2026-04-13T23:44:25.496+0000] {logging_mixin.py:190} INFO - [2026-04-13T23:44:25.495+0000] {dag.py:4180} INFO - Setting next_dagrun for consume_1_and_2_with_dataset_expressions to None, run_after=None
[2026-04-13T23:44:25.498+0000] {logging_mixin.py:190} INFO - [2026-04-13T23:44:25.498+0000] {dag.py:4180} INFO - Setting next_dagrun for consume_1_or_2_with_dataset_expressions to None, run_after=None
[2026-04-13T23:44:25.500+0000] {logging_mixin.py:190} INFO - [2026-04-13T23:44:25.499+0000] {dag.py:4180} INFO - Setting next_dagrun for consume_1_or_both_2_and_3_with_dataset_expressions to None, run_after=None
[2026-04-13T23:44:25.502+0000] {logging_mixin.py:190} INFO - [2026-04-13T23:44:25.501+0000] {dag.py:4180} INFO - Setting next_dagrun for dataset_consumes_1 to None, run_after=None
[2026-04-13T23:44:25.504+0000] {logging_mixin.py:190} INFO - [2026-04-13T23:44:25.504+0000] {dag.py:4180} INFO - Setting next_dagrun for dataset_consumes_1_and_2 to None, run_after=None
[2026-04-13T23:44:25.508+0000] {logging_mixin.py:190} INFO - [2026-04-13T23:44:25.507+0000] {dag.py:4180} INFO - Setting next_dagrun for dataset_consumes_1_never_scheduled to None, run_after=None
[2026-04-13T23:44:25.510+0000] {logging_mixin.py:190} INFO - [2026-04-13T23:44:25.510+0000] {dag.py:4180} INFO - Setting next_dagrun for dataset_consumes_unknown_never_scheduled to None, run_after=None
[2026-04-13T23:44:25.515+0000] {logging_mixin.py:190} INFO - [2026-04-13T23:44:25.515+0000] {dag.py:4180} INFO - Setting next_dagrun for dataset_produces_1 to 2026-04-12 00:00:00+00:00, run_after=2026-04-13 00:00:00+00:00
[2026-04-13T23:44:25.517+0000] {logging_mixin.py:190} INFO - [2026-04-13T23:44:25.517+0000] {dag.py:4180} INFO - Setting next_dagrun for dataset_produces_2 to None, run_after=None
[2026-04-13T23:44:25.631+0000] {processor.py:208} INFO - Processing /home/airflow/.local/lib/python3.12/site-packages/airflow/example_dags/example_datasets.py took 6.503 seconds
[2026-04-13T23:44:56.510+0000] {processor.py:186} INFO - Started process (PID=183) to work on /home/airflow/.local/lib/python3.12/site-packages/airflow/example_dags/example_datasets.py
[2026-04-13T23:44:56.512+0000] {processor.py:914} INFO - Processing file /home/airflow/.local/lib/python3.12/site-packages/airflow/example_dags/example_datasets.py for tasks to queue
[2026-04-13T23:44:56.520+0000] {logging_mixin.py:190} INFO - [2026-04-13T23:44:56.519+0000] {dagbag.py:588} INFO - Filling up the DagBag from /home/airflow/.local/lib/python3.12/site-packages/airflow/example_dags/example_datasets.py
[2026-04-13T23:44:58.566+0000] {processor.py:925} INFO - DAG(s) 'consume_1_or_2_with_dataset_expressions', 'dataset_consumes_1_never_scheduled', 'consume_1_or_both_2_and_3_with_dataset_expressions', 'conditional_dataset_and_time_based_timetable', 'dataset_produces_1', 'dataset_consumes_1', 'dataset_consumes_unknown_never_scheduled', 'consume_1_and_2_with_dataset_expressions', 'dataset_consumes_1_and_2', 'dataset_produces_2' retrieved from /home/airflow/.local/lib/python3.12/site-packages/airflow/example_dags/example_datasets.py
[2026-04-13T23:44:58.702+0000] {logging_mixin.py:190} INFO - [2026-04-13T23:44:58.701+0000] {dag.py:3239} INFO - Sync 10 DAGs
[2026-04-13T23:44:58.769+0000] {logging_mixin.py:190} INFO - [2026-04-13T23:44:58.768+0000] {dag.py:4180} INFO - Setting next_dagrun for conditional_dataset_and_time_based_timetable to 2026-04-08 01:00:00+00:00, run_after=2026-04-08 01:00:00+00:00
[2026-04-13T23:44:58.779+0000] {logging_mixin.py:190} INFO - [2026-04-13T23:44:58.779+0000] {dag.py:4180} INFO - Setting next_dagrun for consume_1_and_2_with_dataset_expressions to None, run_after=None
[2026-04-13T23:44:58.786+0000] {logging_mixin.py:190} INFO - [2026-04-13T23:44:58.785+0000] {dag.py:4180} INFO - Setting next_dagrun for consume_1_or_2_with_dataset_expressions to None, run_after=None
[2026-04-13T23:44:58.796+0000] {logging_mixin.py:190} INFO - [2026-04-13T23:44:58.795+0000] {dag.py:4180} INFO - Setting next_dagrun for consume_1_or_both_2_and_3_with_dataset_expressions to None, run_after=None
[2026-04-13T23:44:58.810+0000] {logging_mixin.py:190} INFO - [2026-04-13T23:44:58.809+0000] {dag.py:4180} INFO - Setting next_dagrun for dataset_consumes_1 to None, run_after=None
[2026-04-13T23:44:58.826+0000] {logging_mixin.py:190} INFO - [2026-04-13T23:44:58.825+0000] {dag.py:4180} INFO - Setting next_dagrun for dataset_consumes_1_and_2 to None, run_after=None
[2026-04-13T23:44:58.843+0000] {logging_mixin.py:190} INFO - [2026-04-13T23:44:58.843+0000] {dag.py:4180} INFO - Setting next_dagrun for dataset_consumes_1_never_scheduled to None, run_after=None
[2026-04-13T23:44:58.852+0000] {logging_mixin.py:190} INFO - [2026-04-13T23:44:58.850+0000] {dag.py:4180} INFO - Setting next_dagrun for dataset_consumes_unknown_never_scheduled to None, run_after=None
[2026-04-13T23:44:58.888+0000] {logging_mixin.py:190} INFO - [2026-04-13T23:44:58.877+0000] {dag.py:4180} INFO - Setting next_dagrun for dataset_produces_1 to 2026-04-12 00:00:00+00:00, run_after=2026-04-13 00:00:00+00:00
[2026-04-13T23:44:58.900+0000] {logging_mixin.py:190} INFO - [2026-04-13T23:44:58.898+0000] {dag.py:4180} INFO - Setting next_dagrun for dataset_produces_2 to None, run_after=None
[2026-04-13T23:44:59.121+0000] {processor.py:208} INFO - Processing /home/airflow/.local/lib/python3.12/site-packages/airflow/example_dags/example_datasets.py took 2.630 seconds
[2026-04-13T23:45:29.608+0000] {processor.py:186} INFO - Started process (PID=249) to work on /home/airflow/.local/lib/python3.12/site-packages/airflow/example_dags/example_datasets.py
[2026-04-13T23:45:29.611+0000] {processor.py:914} INFO - Processing file /home/airflow/.local/lib/python3.12/site-packages/airflow/example_dags/example_datasets.py for tasks to queue
[2026-04-13T23:45:29.617+0000] {logging_mixin.py:190} INFO - [2026-04-13T23:45:29.616+0000] {dagbag.py:588} INFO - Filling up the DagBag from /home/airflow/.local/lib/python3.12/site-packages/airflow/example_dags/example_datasets.py
[2026-04-13T23:45:30.740+0000] {processor.py:925} INFO - DAG(s) 'dataset_consumes_1_never_scheduled', 'dataset_consumes_1_and_2', 'dataset_produces_2', 'consume_1_or_2_with_dataset_expressions', 'conditional_dataset_and_time_based_timetable', 'dataset_consumes_1', 'dataset_consumes_unknown_never_scheduled', 'consume_1_and_2_with_dataset_expressions', 'dataset_produces_1', 'consume_1_or_both_2_and_3_with_dataset_expressions' retrieved from /home/airflow/.local/lib/python3.12/site-packages/airflow/example_dags/example_datasets.py
[2026-04-13T23:45:30.830+0000] {logging_mixin.py:190} INFO - [2026-04-13T23:45:30.829+0000] {dag.py:3239} INFO - Sync 10 DAGs
[2026-04-13T23:45:30.884+0000] {logging_mixin.py:190} INFO - [2026-04-13T23:45:30.883+0000] {dag.py:4180} INFO - Setting next_dagrun for conditional_dataset_and_time_based_timetable to 2026-04-08 01:00:00+00:00, run_after=2026-04-08 01:00:00+00:00
[2026-04-13T23:45:30.893+0000] {logging_mixin.py:190} INFO - [2026-04-13T23:45:30.892+0000] {dag.py:4180} INFO - Setting next_dagrun for consume_1_and_2_with_dataset_expressions to None, run_after=None
[2026-04-13T23:45:30.898+0000] {logging_mixin.py:190} INFO - [2026-04-13T23:45:30.897+0000] {dag.py:4180} INFO - Setting next_dagrun for consume_1_or_2_with_dataset_expressions to None, run_after=None
[2026-04-13T23:45:30.902+0000] {logging_mixin.py:190} INFO - [2026-04-13T23:45:30.901+0000] {dag.py:4180} INFO - Setting next_dagrun for consume_1_or_both_2_and_3_with_dataset_expressions to None, run_after=None
[2026-04-13T23:45:30.905+0000] {logging_mixin.py:190} INFO - [2026-04-13T23:45:30.904+0000] {dag.py:4180} INFO - Setting next_dagrun for dataset_consumes_1 to None, run_after=None
[2026-04-13T23:45:30.911+0000] {logging_mixin.py:190} INFO - [2026-04-13T23:45:30.910+0000] {dag.py:4180} INFO - Setting next_dagrun for dataset_consumes_1_and_2 to None, run_after=None
[2026-04-13T23:45:30.915+0000] {logging_mixin.py:190} INFO - [2026-04-13T23:45:30.914+0000] {dag.py:4180} INFO - Setting next_dagrun for dataset_consumes_1_never_scheduled to None, run_after=None
[2026-04-13T23:45:30.919+0000] {logging_mixin.py:190} INFO - [2026-04-13T23:45:30.918+0000] {dag.py:4180} INFO - Setting next_dagrun for dataset_consumes_unknown_never_scheduled to None, run_after=None
[2026-04-13T23:45:30.926+0000] {logging_mixin.py:190} INFO - [2026-04-13T23:45:30.925+0000] {dag.py:4180} INFO - Setting next_dagrun for dataset_produces_1 to 2026-04-12 00:00:00+00:00, run_after=2026-04-13 00:00:00+00:00
[2026-04-13T23:45:30.930+0000] {logging_mixin.py:190} INFO - [2026-04-13T23:45:30.929+0000] {dag.py:4180} INFO - Setting next_dagrun for dataset_produces_2 to None, run_after=None
[2026-04-13T23:45:31.097+0000] {processor.py:208} INFO - Processing /home/airflow/.local/lib/python3.12/site-packages/airflow/example_dags/example_datasets.py took 1.508 seconds
[2026-04-13T23:46:16.073+0000] {processor.py:186} INFO - Started process (PID=314) to work on /home/airflow/.local/lib/python3.12/site-packages/airflow/example_dags/example_datasets.py
[2026-04-13T23:46:16.075+0000] {processor.py:914} INFO - Processing file /home/airflow/.local/lib/python3.12/site-packages/airflow/example_dags/example_datasets.py for tasks to queue
[2026-04-13T23:46:16.080+0000] {logging_mixin.py:190} INFO - [2026-04-13T23:46:16.080+0000] {dagbag.py:588} INFO - Filling up the DagBag from /home/airflow/.local/lib/python3.12/site-packages/airflow/example_dags/example_datasets.py
[2026-04-13T23:46:17.641+0000] {processor.py:925} INFO - DAG(s) 'dataset_produces_2', 'dataset_consumes_1', 'consume_1_or_2_with_dataset_expressions', 'dataset_consumes_1_and_2', 'conditional_dataset_and_time_based_timetable', 'dataset_consumes_unknown_never_scheduled', 'dataset_consumes_1_never_scheduled', 'dataset_produces_1', 'consume_1_and_2_with_dataset_expressions', 'consume_1_or_both_2_and_3_with_dataset_expressions' retrieved from /home/airflow/.local/lib/python3.12/site-packages/airflow/example_dags/example_datasets.py
[2026-04-13T23:46:17.730+0000] {logging_mixin.py:190} INFO - [2026-04-13T23:46:17.730+0000] {dag.py:3239} INFO - Sync 10 DAGs
[2026-04-13T23:46:17.793+0000] {logging_mixin.py:190} INFO - [2026-04-13T23:46:17.793+0000] {dag.py:4180} INFO - Setting next_dagrun for conditional_dataset_and_time_based_timetable to 2026-04-08 01:00:00+00:00, run_after=2026-04-08 01:00:00+00:00
[2026-04-13T23:46:17.802+0000] {logging_mixin.py:190} INFO - [2026-04-13T23:46:17.802+0000] {dag.py:4180} INFO - Setting next_dagrun for consume_1_and_2_with_dataset_expressions to None, run_after=None
[2026-04-13T23:46:17.808+0000] {logging_mixin.py:190} INFO - [2026-04-13T23:46:17.808+0000] {dag.py:4180} INFO - Setting next_dagrun for consume_1_or_2_with_dataset_expressions to None, run_after=None
[2026-04-13T23:46:17.812+0000] {logging_mixin.py:190} INFO - [2026-04-13T23:46:17.812+0000] {dag.py:4180} INFO - Setting next_dagrun for consume_1_or_both_2_and_3_with_dataset_expressions to None, run_after=None
[2026-04-13T23:46:17.815+0000] {logging_mixin.py:190} INFO - [2026-04-13T23:46:17.815+0000] {dag.py:4180} INFO - Setting next_dagrun for dataset_consumes_1 to None, run_after=None
[2026-04-13T23:46:17.819+0000] {logging_mixin.py:190} INFO - [2026-04-13T23:46:17.819+0000] {dag.py:4180} INFO - Setting next_dagrun for dataset_consumes_1_and_2 to None, run_after=None
[2026-04-13T23:46:17.823+0000] {logging_mixin.py:190} INFO - [2026-04-13T23:46:17.823+0000] {dag.py:4180} INFO - Setting next_dagrun for dataset_consumes_1_never_scheduled to None, run_after=None
[2026-04-13T23:46:17.826+0000] {logging_mixin.py:190} INFO - [2026-04-13T23:46:17.825+0000] {dag.py:4180} INFO - Setting next_dagrun for dataset_consumes_unknown_never_scheduled to None, run_after=None
[2026-04-13T23:46:17.832+0000] {logging_mixin.py:190} INFO - [2026-04-13T23:46:17.832+0000] {dag.py:4180} INFO - Setting next_dagrun for dataset_produces_1 to 2026-04-12 00:00:00+00:00, run_after=2026-04-13 00:00:00+00:00
[2026-04-13T23:46:17.837+0000] {logging_mixin.py:190} INFO - [2026-04-13T23:46:17.836+0000] {dag.py:4180} INFO - Setting next_dagrun for dataset_produces_2 to None, run_after=None
[2026-04-13T23:46:17.949+0000] {processor.py:208} INFO - Processing /home/airflow/.local/lib/python3.12/site-packages/airflow/example_dags/example_datasets.py took 1.890 seconds
