[2026-04-13T23:44:06.134+0000] {processor.py:186} INFO - Started process (PID=107) to work on /home/airflow/.local/lib/python3.12/site-packages/airflow/example_dags/example_task_group.py
[2026-04-13T23:44:06.138+0000] {processor.py:914} INFO - Processing file /home/airflow/.local/lib/python3.12/site-packages/airflow/example_dags/example_task_group.py for tasks to queue
[2026-04-13T23:44:06.147+0000] {logging_mixin.py:190} INFO - [2026-04-13T23:44:06.146+0000] {dagbag.py:588} INFO - Filling up the DagBag from /home/airflow/.local/lib/python3.12/site-packages/airflow/example_dags/example_task_group.py
[2026-04-13T23:44:06.193+0000] {processor.py:925} INFO - DAG(s) 'example_task_group' retrieved from /home/airflow/.local/lib/python3.12/site-packages/airflow/example_dags/example_task_group.py
[2026-04-13T23:44:07.041+0000] {logging_mixin.py:190} INFO - [2026-04-13T23:44:07.037+0000] {override.py:1912} INFO - Created Permission View: can read on DAG:example_task_group
[2026-04-13T23:44:07.098+0000] {logging_mixin.py:190} INFO - [2026-04-13T23:44:07.097+0000] {override.py:1912} INFO - Created Permission View: can edit on DAG:example_task_group
[2026-04-13T23:44:07.139+0000] {logging_mixin.py:190} INFO - [2026-04-13T23:44:07.138+0000] {override.py:1912} INFO - Created Permission View: can delete on DAG:example_task_group
[2026-04-13T23:44:07.173+0000] {logging_mixin.py:190} INFO - [2026-04-13T23:44:07.172+0000] {override.py:1912} INFO - Created Permission View: menu access on DAG Run:example_task_group
[2026-04-13T23:44:07.199+0000] {logging_mixin.py:190} INFO - [2026-04-13T23:44:07.198+0000] {override.py:1912} INFO - Created Permission View: can read on DAG Run:example_task_group
[2026-04-13T23:44:07.233+0000] {logging_mixin.py:190} INFO - [2026-04-13T23:44:07.232+0000] {override.py:1912} INFO - Created Permission View: can delete on DAG Run:example_task_group
[2026-04-13T23:44:07.268+0000] {logging_mixin.py:190} INFO - [2026-04-13T23:44:07.268+0000] {override.py:1912} INFO - Created Permission View: can create on DAG Run:example_task_group
[2026-04-13T23:44:07.270+0000] {logging_mixin.py:190} INFO - [2026-04-13T23:44:07.270+0000] {dag.py:3239} INFO - Sync 1 DAGs
[2026-04-13T23:44:07.337+0000] {logging_mixin.py:190} INFO - [2026-04-13T23:44:07.336+0000] {dag.py:3262} INFO - Creating ORM DAG for example_task_group
[2026-04-13T23:44:07.341+0000] {logging_mixin.py:190} INFO - [2026-04-13T23:44:07.341+0000] {dag.py:4180} INFO - Setting next_dagrun for example_task_group to None, run_after=None
[2026-04-13T23:44:07.404+0000] {processor.py:208} INFO - Processing /home/airflow/.local/lib/python3.12/site-packages/airflow/example_dags/example_task_group.py took 1.292 seconds
[2026-04-13T23:44:50.553+0000] {processor.py:186} INFO - Started process (PID=170) to work on /home/airflow/.local/lib/python3.12/site-packages/airflow/example_dags/example_task_group.py
[2026-04-13T23:44:50.565+0000] {processor.py:914} INFO - Processing file /home/airflow/.local/lib/python3.12/site-packages/airflow/example_dags/example_task_group.py for tasks to queue
[2026-04-13T23:44:50.576+0000] {logging_mixin.py:190} INFO - [2026-04-13T23:44:50.575+0000] {dagbag.py:588} INFO - Filling up the DagBag from /home/airflow/.local/lib/python3.12/site-packages/airflow/example_dags/example_task_group.py
[2026-04-13T23:44:50.605+0000] {processor.py:925} INFO - DAG(s) 'example_task_group' retrieved from /home/airflow/.local/lib/python3.12/site-packages/airflow/example_dags/example_task_group.py
[2026-04-13T23:44:50.714+0000] {logging_mixin.py:190} INFO - [2026-04-13T23:44:50.713+0000] {dag.py:3239} INFO - Sync 1 DAGs
[2026-04-13T23:44:50.797+0000] {logging_mixin.py:190} INFO - [2026-04-13T23:44:50.792+0000] {dag.py:4180} INFO - Setting next_dagrun for example_task_group to None, run_after=None
[2026-04-13T23:44:50.920+0000] {processor.py:208} INFO - Processing /home/airflow/.local/lib/python3.12/site-packages/airflow/example_dags/example_task_group.py took 0.386 seconds
[2026-04-13T23:45:23.251+0000] {processor.py:186} INFO - Started process (PID=234) to work on /home/airflow/.local/lib/python3.12/site-packages/airflow/example_dags/example_task_group.py
[2026-04-13T23:45:23.255+0000] {processor.py:914} INFO - Processing file /home/airflow/.local/lib/python3.12/site-packages/airflow/example_dags/example_task_group.py for tasks to queue
[2026-04-13T23:45:23.263+0000] {logging_mixin.py:190} INFO - [2026-04-13T23:45:23.262+0000] {dagbag.py:588} INFO - Filling up the DagBag from /home/airflow/.local/lib/python3.12/site-packages/airflow/example_dags/example_task_group.py
[2026-04-13T23:45:23.298+0000] {processor.py:925} INFO - DAG(s) 'example_task_group' retrieved from /home/airflow/.local/lib/python3.12/site-packages/airflow/example_dags/example_task_group.py
[2026-04-13T23:45:23.377+0000] {logging_mixin.py:190} INFO - [2026-04-13T23:45:23.376+0000] {dag.py:3239} INFO - Sync 1 DAGs
[2026-04-13T23:45:23.434+0000] {logging_mixin.py:190} INFO - [2026-04-13T23:45:23.433+0000] {dag.py:4180} INFO - Setting next_dagrun for example_task_group to None, run_after=None
[2026-04-13T23:45:23.551+0000] {processor.py:208} INFO - Processing /home/airflow/.local/lib/python3.12/site-packages/airflow/example_dags/example_task_group.py took 0.327 seconds
[2026-04-13T23:46:12.800+0000] {processor.py:186} INFO - Started process (PID=303) to work on /home/airflow/.local/lib/python3.12/site-packages/airflow/example_dags/example_task_group.py
[2026-04-13T23:46:12.813+0000] {processor.py:914} INFO - Processing file /home/airflow/.local/lib/python3.12/site-packages/airflow/example_dags/example_task_group.py for tasks to queue
[2026-04-13T23:46:12.819+0000] {logging_mixin.py:190} INFO - [2026-04-13T23:46:12.818+0000] {dagbag.py:588} INFO - Filling up the DagBag from /home/airflow/.local/lib/python3.12/site-packages/airflow/example_dags/example_task_group.py
[2026-04-13T23:46:12.866+0000] {processor.py:925} INFO - DAG(s) 'example_task_group' retrieved from /home/airflow/.local/lib/python3.12/site-packages/airflow/example_dags/example_task_group.py
[2026-04-13T23:46:12.981+0000] {logging_mixin.py:190} INFO - [2026-04-13T23:46:12.973+0000] {dag.py:3239} INFO - Sync 1 DAGs
[2026-04-13T23:46:13.069+0000] {logging_mixin.py:190} INFO - [2026-04-13T23:46:13.069+0000] {dag.py:4180} INFO - Setting next_dagrun for example_task_group to None, run_after=None
[2026-04-13T23:46:13.135+0000] {processor.py:208} INFO - Processing /home/airflow/.local/lib/python3.12/site-packages/airflow/example_dags/example_task_group.py took 0.370 seconds
[2026-04-13T23:46:49.259+0000] {processor.py:186} INFO - Started process (PID=368) to work on /home/airflow/.local/lib/python3.12/site-packages/airflow/example_dags/example_task_group.py
[2026-04-13T23:46:49.261+0000] {processor.py:914} INFO - Processing file /home/airflow/.local/lib/python3.12/site-packages/airflow/example_dags/example_task_group.py for tasks to queue
[2026-04-13T23:46:49.266+0000] {logging_mixin.py:190} INFO - [2026-04-13T23:46:49.265+0000] {dagbag.py:588} INFO - Filling up the DagBag from /home/airflow/.local/lib/python3.12/site-packages/airflow/example_dags/example_task_group.py
[2026-04-13T23:46:49.285+0000] {processor.py:925} INFO - DAG(s) 'example_task_group' retrieved from /home/airflow/.local/lib/python3.12/site-packages/airflow/example_dags/example_task_group.py
[2026-04-13T23:46:49.319+0000] {logging_mixin.py:190} INFO - [2026-04-13T23:46:49.319+0000] {dag.py:3239} INFO - Sync 1 DAGs
[2026-04-13T23:46:49.346+0000] {logging_mixin.py:190} INFO - [2026-04-13T23:46:49.344+0000] {dag.py:4180} INFO - Setting next_dagrun for example_task_group to None, run_after=None
[2026-04-13T23:46:49.374+0000] {processor.py:208} INFO - Processing /home/airflow/.local/lib/python3.12/site-packages/airflow/example_dags/example_task_group.py took 0.127 seconds
