[2026-04-13T23:44:42.901+0000] {processor.py:186} INFO - Started process (PID=141) to work on /home/airflow/.local/lib/python3.12/site-packages/airflow/example_dags/example_skip_dag.py
[2026-04-13T23:44:42.904+0000] {processor.py:914} INFO - Processing file /home/airflow/.local/lib/python3.12/site-packages/airflow/example_dags/example_skip_dag.py for tasks to queue
[2026-04-13T23:44:42.915+0000] {logging_mixin.py:190} INFO - [2026-04-13T23:44:42.913+0000] {dagbag.py:588} INFO - Filling up the DagBag from /home/airflow/.local/lib/python3.12/site-packages/airflow/example_dags/example_skip_dag.py
[2026-04-13T23:44:42.945+0000] {processor.py:925} INFO - DAG(s) 'example_skip_dag' retrieved from /home/airflow/.local/lib/python3.12/site-packages/airflow/example_dags/example_skip_dag.py
[2026-04-13T23:44:43.678+0000] {logging_mixin.py:190} INFO - [2026-04-13T23:44:43.677+0000] {override.py:1912} INFO - Created Permission View: can read on DAG:example_skip_dag
[2026-04-13T23:44:43.763+0000] {logging_mixin.py:190} INFO - [2026-04-13T23:44:43.762+0000] {override.py:1912} INFO - Created Permission View: can edit on DAG:example_skip_dag
[2026-04-13T23:44:43.822+0000] {logging_mixin.py:190} INFO - [2026-04-13T23:44:43.821+0000] {override.py:1912} INFO - Created Permission View: can delete on DAG:example_skip_dag
[2026-04-13T23:44:43.844+0000] {logging_mixin.py:190} INFO - [2026-04-13T23:44:43.844+0000] {override.py:1912} INFO - Created Permission View: menu access on DAG Run:example_skip_dag
[2026-04-13T23:44:43.875+0000] {logging_mixin.py:190} INFO - [2026-04-13T23:44:43.874+0000] {override.py:1912} INFO - Created Permission View: can read on DAG Run:example_skip_dag
[2026-04-13T23:44:43.894+0000] {logging_mixin.py:190} INFO - [2026-04-13T23:44:43.893+0000] {override.py:1912} INFO - Created Permission View: can delete on DAG Run:example_skip_dag
[2026-04-13T23:44:43.910+0000] {logging_mixin.py:190} INFO - [2026-04-13T23:44:43.910+0000] {override.py:1912} INFO - Created Permission View: can create on DAG Run:example_skip_dag
[2026-04-13T23:44:43.912+0000] {logging_mixin.py:190} INFO - [2026-04-13T23:44:43.911+0000] {dag.py:3239} INFO - Sync 1 DAGs
[2026-04-13T23:44:43.944+0000] {logging_mixin.py:190} INFO - [2026-04-13T23:44:43.943+0000] {dag.py:3262} INFO - Creating ORM DAG for example_skip_dag
[2026-04-13T23:44:43.972+0000] {logging_mixin.py:190} INFO - [2026-04-13T23:44:43.971+0000] {dag.py:4180} INFO - Setting next_dagrun for example_skip_dag to 2026-04-12 00:00:00+00:00, run_after=2026-04-13 00:00:00+00:00
[2026-04-13T23:44:44.006+0000] {processor.py:208} INFO - Processing /home/airflow/.local/lib/python3.12/site-packages/airflow/example_dags/example_skip_dag.py took 1.128 seconds
[2026-04-13T23:45:15.404+0000] {processor.py:186} INFO - Started process (PID=205) to work on /home/airflow/.local/lib/python3.12/site-packages/airflow/example_dags/example_skip_dag.py
[2026-04-13T23:45:15.415+0000] {processor.py:914} INFO - Processing file /home/airflow/.local/lib/python3.12/site-packages/airflow/example_dags/example_skip_dag.py for tasks to queue
[2026-04-13T23:45:15.443+0000] {logging_mixin.py:190} INFO - [2026-04-13T23:45:15.434+0000] {dagbag.py:588} INFO - Filling up the DagBag from /home/airflow/.local/lib/python3.12/site-packages/airflow/example_dags/example_skip_dag.py
[2026-04-13T23:45:15.680+0000] {processor.py:925} INFO - DAG(s) 'example_skip_dag' retrieved from /home/airflow/.local/lib/python3.12/site-packages/airflow/example_dags/example_skip_dag.py
[2026-04-13T23:45:16.705+0000] {logging_mixin.py:190} INFO - [2026-04-13T23:45:16.704+0000] {dag.py:3239} INFO - Sync 1 DAGs
[2026-04-13T23:45:16.998+0000] {logging_mixin.py:190} INFO - [2026-04-13T23:45:16.997+0000] {dag.py:4180} INFO - Setting next_dagrun for example_skip_dag to 2026-04-12 00:00:00+00:00, run_after=2026-04-13 00:00:00+00:00
[2026-04-13T23:45:17.323+0000] {processor.py:208} INFO - Processing /home/airflow/.local/lib/python3.12/site-packages/airflow/example_dags/example_skip_dag.py took 1.967 seconds
[2026-04-13T23:45:49.086+0000] {processor.py:186} INFO - Started process (PID=270) to work on /home/airflow/.local/lib/python3.12/site-packages/airflow/example_dags/example_skip_dag.py
[2026-04-13T23:45:49.088+0000] {processor.py:914} INFO - Processing file /home/airflow/.local/lib/python3.12/site-packages/airflow/example_dags/example_skip_dag.py for tasks to queue
[2026-04-13T23:45:49.105+0000] {logging_mixin.py:190} INFO - [2026-04-13T23:45:49.104+0000] {dagbag.py:588} INFO - Filling up the DagBag from /home/airflow/.local/lib/python3.12/site-packages/airflow/example_dags/example_skip_dag.py
[2026-04-13T23:45:49.137+0000] {processor.py:925} INFO - DAG(s) 'example_skip_dag' retrieved from /home/airflow/.local/lib/python3.12/site-packages/airflow/example_dags/example_skip_dag.py
[2026-04-13T23:45:49.208+0000] {logging_mixin.py:190} INFO - [2026-04-13T23:45:49.208+0000] {dag.py:3239} INFO - Sync 1 DAGs
[2026-04-13T23:45:49.349+0000] {logging_mixin.py:190} INFO - [2026-04-13T23:45:49.349+0000] {dag.py:4180} INFO - Setting next_dagrun for example_skip_dag to 2026-04-12 00:00:00+00:00, run_after=2026-04-13 00:00:00+00:00
[2026-04-13T23:45:49.451+0000] {processor.py:208} INFO - Processing /home/airflow/.local/lib/python3.12/site-packages/airflow/example_dags/example_skip_dag.py took 0.392 seconds
[2026-04-13T23:46:24.946+0000] {processor.py:186} INFO - Started process (PID=336) to work on /home/airflow/.local/lib/python3.12/site-packages/airflow/example_dags/example_skip_dag.py
[2026-04-13T23:46:24.948+0000] {processor.py:914} INFO - Processing file /home/airflow/.local/lib/python3.12/site-packages/airflow/example_dags/example_skip_dag.py for tasks to queue
[2026-04-13T23:46:24.952+0000] {logging_mixin.py:190} INFO - [2026-04-13T23:46:24.951+0000] {dagbag.py:588} INFO - Filling up the DagBag from /home/airflow/.local/lib/python3.12/site-packages/airflow/example_dags/example_skip_dag.py
[2026-04-13T23:46:24.967+0000] {processor.py:925} INFO - DAG(s) 'example_skip_dag' retrieved from /home/airflow/.local/lib/python3.12/site-packages/airflow/example_dags/example_skip_dag.py
[2026-04-13T23:46:25.013+0000] {logging_mixin.py:190} INFO - [2026-04-13T23:46:25.012+0000] {dag.py:3239} INFO - Sync 1 DAGs
[2026-04-13T23:46:25.063+0000] {logging_mixin.py:190} INFO - [2026-04-13T23:46:25.063+0000] {dag.py:4180} INFO - Setting next_dagrun for example_skip_dag to 2026-04-12 00:00:00+00:00, run_after=2026-04-13 00:00:00+00:00
[2026-04-13T23:46:25.102+0000] {processor.py:208} INFO - Processing /home/airflow/.local/lib/python3.12/site-packages/airflow/example_dags/example_skip_dag.py took 0.167 seconds
