[2026-04-13T23:44:10.005+0000] {processor.py:186} INFO - Started process (PID=110) to work on /home/airflow/.local/lib/python3.12/site-packages/airflow/example_dags/example_branch_datetime_operator.py
[2026-04-13T23:44:10.008+0000] {processor.py:914} INFO - Processing file /home/airflow/.local/lib/python3.12/site-packages/airflow/example_dags/example_branch_datetime_operator.py for tasks to queue
[2026-04-13T23:44:10.015+0000] {logging_mixin.py:190} INFO - [2026-04-13T23:44:10.014+0000] {dagbag.py:588} INFO - Filling up the DagBag from /home/airflow/.local/lib/python3.12/site-packages/airflow/example_dags/example_branch_datetime_operator.py
[2026-04-13T23:44:10.090+0000] {processor.py:925} INFO - DAG(s) 'example_branch_datetime_operator_3', 'example_branch_datetime_operator_2', 'example_branch_datetime_operator' retrieved from /home/airflow/.local/lib/python3.12/site-packages/airflow/example_dags/example_branch_datetime_operator.py
[2026-04-13T23:44:10.768+0000] {logging_mixin.py:190} INFO - [2026-04-13T23:44:10.766+0000] {override.py:1912} INFO - Created Permission View: can read on DAG:example_branch_datetime_operator_3
[2026-04-13T23:44:10.852+0000] {logging_mixin.py:190} INFO - [2026-04-13T23:44:10.852+0000] {override.py:1912} INFO - Created Permission View: can edit on DAG:example_branch_datetime_operator_3
[2026-04-13T23:44:10.973+0000] {logging_mixin.py:190} INFO - [2026-04-13T23:44:10.972+0000] {override.py:1912} INFO - Created Permission View: can delete on DAG:example_branch_datetime_operator_3
[2026-04-13T23:44:11.072+0000] {logging_mixin.py:190} INFO - [2026-04-13T23:44:11.071+0000] {override.py:1912} INFO - Created Permission View: menu access on DAG Run:example_branch_datetime_operator_3
[2026-04-13T23:44:11.120+0000] {logging_mixin.py:190} INFO - [2026-04-13T23:44:11.119+0000] {override.py:1912} INFO - Created Permission View: can read on DAG Run:example_branch_datetime_operator_3
[2026-04-13T23:44:11.180+0000] {logging_mixin.py:190} INFO - [2026-04-13T23:44:11.180+0000] {override.py:1912} INFO - Created Permission View: can delete on DAG Run:example_branch_datetime_operator_3
[2026-04-13T23:44:11.252+0000] {logging_mixin.py:190} INFO - [2026-04-13T23:44:11.251+0000] {override.py:1912} INFO - Created Permission View: can create on DAG Run:example_branch_datetime_operator_3
[2026-04-13T23:44:11.362+0000] {logging_mixin.py:190} INFO - [2026-04-13T23:44:11.360+0000] {override.py:1912} INFO - Created Permission View: can read on DAG:example_branch_datetime_operator_2
[2026-04-13T23:44:11.432+0000] {logging_mixin.py:190} INFO - [2026-04-13T23:44:11.431+0000] {override.py:1912} INFO - Created Permission View: can edit on DAG:example_branch_datetime_operator_2
[2026-04-13T23:44:11.487+0000] {logging_mixin.py:190} INFO - [2026-04-13T23:44:11.486+0000] {override.py:1912} INFO - Created Permission View: can delete on DAG:example_branch_datetime_operator_2
[2026-04-13T23:44:11.746+0000] {logging_mixin.py:190} INFO - [2026-04-13T23:44:11.745+0000] {override.py:1912} INFO - Created Permission View: menu access on DAG Run:example_branch_datetime_operator_2
[2026-04-13T23:44:11.898+0000] {logging_mixin.py:190} INFO - [2026-04-13T23:44:11.897+0000] {override.py:1912} INFO - Created Permission View: can read on DAG Run:example_branch_datetime_operator_2
[2026-04-13T23:44:11.952+0000] {logging_mixin.py:190} INFO - [2026-04-13T23:44:11.951+0000] {override.py:1912} INFO - Created Permission View: can delete on DAG Run:example_branch_datetime_operator_2
[2026-04-13T23:44:12.005+0000] {logging_mixin.py:190} INFO - [2026-04-13T23:44:12.004+0000] {override.py:1912} INFO - Created Permission View: can create on DAG Run:example_branch_datetime_operator_2
[2026-04-13T23:44:12.101+0000] {logging_mixin.py:190} INFO - [2026-04-13T23:44:12.090+0000] {override.py:1912} INFO - Created Permission View: can read on DAG:example_branch_datetime_operator
[2026-04-13T23:44:12.131+0000] {logging_mixin.py:190} INFO - [2026-04-13T23:44:12.131+0000] {override.py:1912} INFO - Created Permission View: can edit on DAG:example_branch_datetime_operator
[2026-04-13T23:44:12.168+0000] {logging_mixin.py:190} INFO - [2026-04-13T23:44:12.167+0000] {override.py:1912} INFO - Created Permission View: can delete on DAG:example_branch_datetime_operator
[2026-04-13T23:44:12.194+0000] {logging_mixin.py:190} INFO - [2026-04-13T23:44:12.193+0000] {override.py:1912} INFO - Created Permission View: menu access on DAG Run:example_branch_datetime_operator
[2026-04-13T23:44:12.272+0000] {logging_mixin.py:190} INFO - [2026-04-13T23:44:12.271+0000] {override.py:1912} INFO - Created Permission View: can read on DAG Run:example_branch_datetime_operator
[2026-04-13T23:44:12.315+0000] {logging_mixin.py:190} INFO - [2026-04-13T23:44:12.314+0000] {override.py:1912} INFO - Created Permission View: can delete on DAG Run:example_branch_datetime_operator
[2026-04-13T23:44:12.355+0000] {logging_mixin.py:190} INFO - [2026-04-13T23:44:12.354+0000] {override.py:1912} INFO - Created Permission View: can create on DAG Run:example_branch_datetime_operator
[2026-04-13T23:44:12.357+0000] {logging_mixin.py:190} INFO - [2026-04-13T23:44:12.357+0000] {dag.py:3239} INFO - Sync 3 DAGs
[2026-04-13T23:44:12.414+0000] {logging_mixin.py:190} INFO - [2026-04-13T23:44:12.414+0000] {dag.py:3262} INFO - Creating ORM DAG for example_branch_datetime_operator_2
[2026-04-13T23:44:12.417+0000] {logging_mixin.py:190} INFO - [2026-04-13T23:44:12.416+0000] {dag.py:3262} INFO - Creating ORM DAG for example_branch_datetime_operator
[2026-04-13T23:44:12.421+0000] {logging_mixin.py:190} INFO - [2026-04-13T23:44:12.420+0000] {dag.py:3262} INFO - Creating ORM DAG for example_branch_datetime_operator_3
[2026-04-13T23:44:12.513+0000] {logging_mixin.py:190} INFO - [2026-04-13T23:44:12.512+0000] {dag.py:4180} INFO - Setting next_dagrun for example_branch_datetime_operator to 2026-04-12 00:00:00+00:00, run_after=2026-04-13 00:00:00+00:00
[2026-04-13T23:44:12.528+0000] {logging_mixin.py:190} INFO - [2026-04-13T23:44:12.527+0000] {dag.py:4180} INFO - Setting next_dagrun for example_branch_datetime_operator_2 to 2026-04-12 00:00:00+00:00, run_after=2026-04-13 00:00:00+00:00
[2026-04-13T23:44:12.546+0000] {logging_mixin.py:190} INFO - [2026-04-13T23:44:12.546+0000] {dag.py:4180} INFO - Setting next_dagrun for example_branch_datetime_operator_3 to 2026-04-12 00:00:00+00:00, run_after=2026-04-13 00:00:00+00:00
[2026-04-13T23:44:12.822+0000] {processor.py:208} INFO - Processing /home/airflow/.local/lib/python3.12/site-packages/airflow/example_dags/example_branch_datetime_operator.py took 2.836 seconds
[2026-04-13T23:44:51.258+0000] {processor.py:186} INFO - Started process (PID=173) to work on /home/airflow/.local/lib/python3.12/site-packages/airflow/example_dags/example_branch_datetime_operator.py
[2026-04-13T23:44:51.271+0000] {processor.py:914} INFO - Processing file /home/airflow/.local/lib/python3.12/site-packages/airflow/example_dags/example_branch_datetime_operator.py for tasks to queue
[2026-04-13T23:44:51.287+0000] {logging_mixin.py:190} INFO - [2026-04-13T23:44:51.285+0000] {dagbag.py:588} INFO - Filling up the DagBag from /home/airflow/.local/lib/python3.12/site-packages/airflow/example_dags/example_branch_datetime_operator.py
[2026-04-13T23:44:51.384+0000] {processor.py:925} INFO - DAG(s) 'example_branch_datetime_operator_3', 'example_branch_datetime_operator_2', 'example_branch_datetime_operator' retrieved from /home/airflow/.local/lib/python3.12/site-packages/airflow/example_dags/example_branch_datetime_operator.py
[2026-04-13T23:44:51.497+0000] {logging_mixin.py:190} INFO - [2026-04-13T23:44:51.496+0000] {dag.py:3239} INFO - Sync 3 DAGs
[2026-04-13T23:44:51.585+0000] {logging_mixin.py:190} INFO - [2026-04-13T23:44:51.584+0000] {dag.py:4180} INFO - Setting next_dagrun for example_branch_datetime_operator to 2026-04-12 00:00:00+00:00, run_after=2026-04-13 00:00:00+00:00
[2026-04-13T23:44:51.601+0000] {logging_mixin.py:190} INFO - [2026-04-13T23:44:51.601+0000] {dag.py:4180} INFO - Setting next_dagrun for example_branch_datetime_operator_2 to 2026-04-12 00:00:00+00:00, run_after=2026-04-13 00:00:00+00:00
[2026-04-13T23:44:51.609+0000] {logging_mixin.py:190} INFO - [2026-04-13T23:44:51.609+0000] {dag.py:4180} INFO - Setting next_dagrun for example_branch_datetime_operator_3 to 2026-04-12 00:00:00+00:00, run_after=2026-04-13 00:00:00+00:00
[2026-04-13T23:44:51.666+0000] {processor.py:208} INFO - Processing /home/airflow/.local/lib/python3.12/site-packages/airflow/example_dags/example_branch_datetime_operator.py took 0.446 seconds
[2026-04-13T23:45:24.163+0000] {processor.py:186} INFO - Started process (PID=237) to work on /home/airflow/.local/lib/python3.12/site-packages/airflow/example_dags/example_branch_datetime_operator.py
[2026-04-13T23:45:24.165+0000] {processor.py:914} INFO - Processing file /home/airflow/.local/lib/python3.12/site-packages/airflow/example_dags/example_branch_datetime_operator.py for tasks to queue
[2026-04-13T23:45:24.170+0000] {logging_mixin.py:190} INFO - [2026-04-13T23:45:24.169+0000] {dagbag.py:588} INFO - Filling up the DagBag from /home/airflow/.local/lib/python3.12/site-packages/airflow/example_dags/example_branch_datetime_operator.py
[2026-04-13T23:45:24.199+0000] {processor.py:925} INFO - DAG(s) 'example_branch_datetime_operator', 'example_branch_datetime_operator_2', 'example_branch_datetime_operator_3' retrieved from /home/airflow/.local/lib/python3.12/site-packages/airflow/example_dags/example_branch_datetime_operator.py
[2026-04-13T23:45:24.263+0000] {logging_mixin.py:190} INFO - [2026-04-13T23:45:24.263+0000] {dag.py:3239} INFO - Sync 3 DAGs
[2026-04-13T23:45:24.324+0000] {logging_mixin.py:190} INFO - [2026-04-13T23:45:24.323+0000] {dag.py:4180} INFO - Setting next_dagrun for example_branch_datetime_operator to 2026-04-12 00:00:00+00:00, run_after=2026-04-13 00:00:00+00:00
[2026-04-13T23:45:24.334+0000] {logging_mixin.py:190} INFO - [2026-04-13T23:45:24.334+0000] {dag.py:4180} INFO - Setting next_dagrun for example_branch_datetime_operator_2 to 2026-04-12 00:00:00+00:00, run_after=2026-04-13 00:00:00+00:00
[2026-04-13T23:45:24.339+0000] {logging_mixin.py:190} INFO - [2026-04-13T23:45:24.338+0000] {dag.py:4180} INFO - Setting next_dagrun for example_branch_datetime_operator_3 to 2026-04-12 00:00:00+00:00, run_after=2026-04-13 00:00:00+00:00
[2026-04-13T23:45:24.384+0000] {processor.py:208} INFO - Processing /home/airflow/.local/lib/python3.12/site-packages/airflow/example_dags/example_branch_datetime_operator.py took 0.237 seconds
[2026-04-13T23:46:14.787+0000] {processor.py:186} INFO - Started process (PID=309) to work on /home/airflow/.local/lib/python3.12/site-packages/airflow/example_dags/example_branch_datetime_operator.py
[2026-04-13T23:46:14.790+0000] {processor.py:914} INFO - Processing file /home/airflow/.local/lib/python3.12/site-packages/airflow/example_dags/example_branch_datetime_operator.py for tasks to queue
[2026-04-13T23:46:14.795+0000] {logging_mixin.py:190} INFO - [2026-04-13T23:46:14.794+0000] {dagbag.py:588} INFO - Filling up the DagBag from /home/airflow/.local/lib/python3.12/site-packages/airflow/example_dags/example_branch_datetime_operator.py
[2026-04-13T23:46:14.827+0000] {processor.py:925} INFO - DAG(s) 'example_branch_datetime_operator_3', 'example_branch_datetime_operator', 'example_branch_datetime_operator_2' retrieved from /home/airflow/.local/lib/python3.12/site-packages/airflow/example_dags/example_branch_datetime_operator.py
[2026-04-13T23:46:14.885+0000] {logging_mixin.py:190} INFO - [2026-04-13T23:46:14.885+0000] {dag.py:3239} INFO - Sync 3 DAGs
[2026-04-13T23:46:14.939+0000] {logging_mixin.py:190} INFO - [2026-04-13T23:46:14.938+0000] {dag.py:4180} INFO - Setting next_dagrun for example_branch_datetime_operator to 2026-04-12 00:00:00+00:00, run_after=2026-04-13 00:00:00+00:00
[2026-04-13T23:46:14.953+0000] {logging_mixin.py:190} INFO - [2026-04-13T23:46:14.952+0000] {dag.py:4180} INFO - Setting next_dagrun for example_branch_datetime_operator_2 to 2026-04-12 00:00:00+00:00, run_after=2026-04-13 00:00:00+00:00
[2026-04-13T23:46:14.959+0000] {logging_mixin.py:190} INFO - [2026-04-13T23:46:14.959+0000] {dag.py:4180} INFO - Setting next_dagrun for example_branch_datetime_operator_3 to 2026-04-12 00:00:00+00:00, run_after=2026-04-13 00:00:00+00:00
[2026-04-13T23:46:15.005+0000] {processor.py:208} INFO - Processing /home/airflow/.local/lib/python3.12/site-packages/airflow/example_dags/example_branch_datetime_operator.py took 0.233 seconds
[2026-04-13T23:46:49.478+0000] {processor.py:186} INFO - Started process (PID=371) to work on /home/airflow/.local/lib/python3.12/site-packages/airflow/example_dags/example_branch_datetime_operator.py
[2026-04-13T23:46:49.480+0000] {processor.py:914} INFO - Processing file /home/airflow/.local/lib/python3.12/site-packages/airflow/example_dags/example_branch_datetime_operator.py for tasks to queue
[2026-04-13T23:46:49.485+0000] {logging_mixin.py:190} INFO - [2026-04-13T23:46:49.484+0000] {dagbag.py:588} INFO - Filling up the DagBag from /home/airflow/.local/lib/python3.12/site-packages/airflow/example_dags/example_branch_datetime_operator.py
[2026-04-13T23:46:49.510+0000] {processor.py:925} INFO - DAG(s) 'example_branch_datetime_operator_3', 'example_branch_datetime_operator_2', 'example_branch_datetime_operator' retrieved from /home/airflow/.local/lib/python3.12/site-packages/airflow/example_dags/example_branch_datetime_operator.py
[2026-04-13T23:46:49.557+0000] {logging_mixin.py:190} INFO - [2026-04-13T23:46:49.557+0000] {dag.py:3239} INFO - Sync 3 DAGs
[2026-04-13T23:46:49.617+0000] {logging_mixin.py:190} INFO - [2026-04-13T23:46:49.617+0000] {dag.py:4180} INFO - Setting next_dagrun for example_branch_datetime_operator to 2026-04-12 00:00:00+00:00, run_after=2026-04-13 00:00:00+00:00
[2026-04-13T23:46:49.629+0000] {logging_mixin.py:190} INFO - [2026-04-13T23:46:49.628+0000] {dag.py:4180} INFO - Setting next_dagrun for example_branch_datetime_operator_2 to 2026-04-12 00:00:00+00:00, run_after=2026-04-13 00:00:00+00:00
[2026-04-13T23:46:49.635+0000] {logging_mixin.py:190} INFO - [2026-04-13T23:46:49.634+0000] {dag.py:4180} INFO - Setting next_dagrun for example_branch_datetime_operator_3 to 2026-04-12 00:00:00+00:00, run_after=2026-04-13 00:00:00+00:00
[2026-04-13T23:46:49.667+0000] {processor.py:208} INFO - Processing /home/airflow/.local/lib/python3.12/site-packages/airflow/example_dags/example_branch_datetime_operator.py took 0.199 seconds
