[2026-04-13T23:44:44.094+0000] {processor.py:186} INFO - Started process (PID=143) to work on /home/airflow/.local/lib/python3.12/site-packages/airflow/example_dags/example_setup_teardown_taskflow.py
[2026-04-13T23:44:44.096+0000] {processor.py:914} INFO - Processing file /home/airflow/.local/lib/python3.12/site-packages/airflow/example_dags/example_setup_teardown_taskflow.py for tasks to queue
[2026-04-13T23:44:44.100+0000] {logging_mixin.py:190} INFO - [2026-04-13T23:44:44.099+0000] {dagbag.py:588} INFO - Filling up the DagBag from /home/airflow/.local/lib/python3.12/site-packages/airflow/example_dags/example_setup_teardown_taskflow.py
[2026-04-13T23:44:44.129+0000] {processor.py:925} INFO - DAG(s) 'example_setup_teardown_taskflow' retrieved from /home/airflow/.local/lib/python3.12/site-packages/airflow/example_dags/example_setup_teardown_taskflow.py
[2026-04-13T23:44:44.360+0000] {logging_mixin.py:190} INFO - [2026-04-13T23:44:44.359+0000] {override.py:1912} INFO - Created Permission View: can read on DAG:example_setup_teardown_taskflow
[2026-04-13T23:44:44.375+0000] {logging_mixin.py:190} INFO - [2026-04-13T23:44:44.375+0000] {override.py:1912} INFO - Created Permission View: can edit on DAG:example_setup_teardown_taskflow
[2026-04-13T23:44:44.387+0000] {logging_mixin.py:190} INFO - [2026-04-13T23:44:44.387+0000] {override.py:1912} INFO - Created Permission View: can delete on DAG:example_setup_teardown_taskflow
[2026-04-13T23:44:44.397+0000] {logging_mixin.py:190} INFO - [2026-04-13T23:44:44.396+0000] {override.py:1912} INFO - Created Permission View: menu access on DAG Run:example_setup_teardown_taskflow
[2026-04-13T23:44:44.409+0000] {logging_mixin.py:190} INFO - [2026-04-13T23:44:44.408+0000] {override.py:1912} INFO - Created Permission View: can read on DAG Run:example_setup_teardown_taskflow
[2026-04-13T23:44:44.426+0000] {logging_mixin.py:190} INFO - [2026-04-13T23:44:44.426+0000] {override.py:1912} INFO - Created Permission View: can delete on DAG Run:example_setup_teardown_taskflow
[2026-04-13T23:44:44.453+0000] {logging_mixin.py:190} INFO - [2026-04-13T23:44:44.452+0000] {override.py:1912} INFO - Created Permission View: can create on DAG Run:example_setup_teardown_taskflow
[2026-04-13T23:44:44.454+0000] {logging_mixin.py:190} INFO - [2026-04-13T23:44:44.454+0000] {dag.py:3239} INFO - Sync 1 DAGs
[2026-04-13T23:44:44.488+0000] {logging_mixin.py:190} INFO - [2026-04-13T23:44:44.488+0000] {dag.py:3262} INFO - Creating ORM DAG for example_setup_teardown_taskflow
[2026-04-13T23:44:44.491+0000] {logging_mixin.py:190} INFO - [2026-04-13T23:44:44.490+0000] {dag.py:4180} INFO - Setting next_dagrun for example_setup_teardown_taskflow to None, run_after=None
[2026-04-13T23:44:44.531+0000] {processor.py:208} INFO - Processing /home/airflow/.local/lib/python3.12/site-packages/airflow/example_dags/example_setup_teardown_taskflow.py took 0.450 seconds
[2026-04-13T23:45:17.460+0000] {processor.py:186} INFO - Started process (PID=206) to work on /home/airflow/.local/lib/python3.12/site-packages/airflow/example_dags/example_setup_teardown_taskflow.py
[2026-04-13T23:45:17.469+0000] {processor.py:914} INFO - Processing file /home/airflow/.local/lib/python3.12/site-packages/airflow/example_dags/example_setup_teardown_taskflow.py for tasks to queue
[2026-04-13T23:45:17.478+0000] {logging_mixin.py:190} INFO - [2026-04-13T23:45:17.477+0000] {dagbag.py:588} INFO - Filling up the DagBag from /home/airflow/.local/lib/python3.12/site-packages/airflow/example_dags/example_setup_teardown_taskflow.py
[2026-04-13T23:45:17.556+0000] {processor.py:925} INFO - DAG(s) 'example_setup_teardown_taskflow' retrieved from /home/airflow/.local/lib/python3.12/site-packages/airflow/example_dags/example_setup_teardown_taskflow.py
[2026-04-13T23:45:17.656+0000] {logging_mixin.py:190} INFO - [2026-04-13T23:45:17.655+0000] {dag.py:3239} INFO - Sync 1 DAGs
[2026-04-13T23:45:17.714+0000] {logging_mixin.py:190} INFO - [2026-04-13T23:45:17.714+0000] {dag.py:4180} INFO - Setting next_dagrun for example_setup_teardown_taskflow to None, run_after=None
[2026-04-13T23:45:17.803+0000] {processor.py:208} INFO - Processing /home/airflow/.local/lib/python3.12/site-packages/airflow/example_dags/example_setup_teardown_taskflow.py took 0.374 seconds
[2026-04-13T23:45:49.596+0000] {processor.py:186} INFO - Started process (PID=271) to work on /home/airflow/.local/lib/python3.12/site-packages/airflow/example_dags/example_setup_teardown_taskflow.py
[2026-04-13T23:45:49.606+0000] {processor.py:914} INFO - Processing file /home/airflow/.local/lib/python3.12/site-packages/airflow/example_dags/example_setup_teardown_taskflow.py for tasks to queue
[2026-04-13T23:45:49.617+0000] {logging_mixin.py:190} INFO - [2026-04-13T23:45:49.615+0000] {dagbag.py:588} INFO - Filling up the DagBag from /home/airflow/.local/lib/python3.12/site-packages/airflow/example_dags/example_setup_teardown_taskflow.py
[2026-04-13T23:45:49.680+0000] {processor.py:925} INFO - DAG(s) 'example_setup_teardown_taskflow' retrieved from /home/airflow/.local/lib/python3.12/site-packages/airflow/example_dags/example_setup_teardown_taskflow.py
[2026-04-13T23:45:49.799+0000] {logging_mixin.py:190} INFO - [2026-04-13T23:45:49.798+0000] {dag.py:3239} INFO - Sync 1 DAGs
[2026-04-13T23:45:49.901+0000] {logging_mixin.py:190} INFO - [2026-04-13T23:45:49.900+0000] {dag.py:4180} INFO - Setting next_dagrun for example_setup_teardown_taskflow to None, run_after=None
[2026-04-13T23:45:50.008+0000] {processor.py:208} INFO - Processing /home/airflow/.local/lib/python3.12/site-packages/airflow/example_dags/example_setup_teardown_taskflow.py took 0.438 seconds
[2026-04-13T23:46:25.171+0000] {processor.py:186} INFO - Started process (PID=338) to work on /home/airflow/.local/lib/python3.12/site-packages/airflow/example_dags/example_setup_teardown_taskflow.py
[2026-04-13T23:46:25.173+0000] {processor.py:914} INFO - Processing file /home/airflow/.local/lib/python3.12/site-packages/airflow/example_dags/example_setup_teardown_taskflow.py for tasks to queue
[2026-04-13T23:46:25.178+0000] {logging_mixin.py:190} INFO - [2026-04-13T23:46:25.178+0000] {dagbag.py:588} INFO - Filling up the DagBag from /home/airflow/.local/lib/python3.12/site-packages/airflow/example_dags/example_setup_teardown_taskflow.py
[2026-04-13T23:46:25.202+0000] {processor.py:925} INFO - DAG(s) 'example_setup_teardown_taskflow' retrieved from /home/airflow/.local/lib/python3.12/site-packages/airflow/example_dags/example_setup_teardown_taskflow.py
[2026-04-13T23:46:25.257+0000] {logging_mixin.py:190} INFO - [2026-04-13T23:46:25.256+0000] {dag.py:3239} INFO - Sync 1 DAGs
[2026-04-13T23:46:25.298+0000] {logging_mixin.py:190} INFO - [2026-04-13T23:46:25.298+0000] {dag.py:4180} INFO - Setting next_dagrun for example_setup_teardown_taskflow to None, run_after=None
[2026-04-13T23:46:25.351+0000] {processor.py:208} INFO - Processing /home/airflow/.local/lib/python3.12/site-packages/airflow/example_dags/example_setup_teardown_taskflow.py took 0.191 seconds
[2026-04-13T23:47:02.472+0000] {processor.py:186} INFO - Started process (PID=404) to work on /home/airflow/.local/lib/python3.12/site-packages/airflow/example_dags/example_setup_teardown_taskflow.py
[2026-04-13T23:47:02.474+0000] {processor.py:914} INFO - Processing file /home/airflow/.local/lib/python3.12/site-packages/airflow/example_dags/example_setup_teardown_taskflow.py for tasks to queue
[2026-04-13T23:47:02.477+0000] {logging_mixin.py:190} INFO - [2026-04-13T23:47:02.477+0000] {dagbag.py:588} INFO - Filling up the DagBag from /home/airflow/.local/lib/python3.12/site-packages/airflow/example_dags/example_setup_teardown_taskflow.py
[2026-04-13T23:47:02.496+0000] {processor.py:925} INFO - DAG(s) 'example_setup_teardown_taskflow' retrieved from /home/airflow/.local/lib/python3.12/site-packages/airflow/example_dags/example_setup_teardown_taskflow.py
[2026-04-13T23:47:02.530+0000] {logging_mixin.py:190} INFO - [2026-04-13T23:47:02.530+0000] {dag.py:3239} INFO - Sync 1 DAGs
[2026-04-13T23:47:02.561+0000] {logging_mixin.py:190} INFO - [2026-04-13T23:47:02.560+0000] {dag.py:4180} INFO - Setting next_dagrun for example_setup_teardown_taskflow to None, run_after=None
[2026-04-13T23:47:02.591+0000] {processor.py:208} INFO - Processing /home/airflow/.local/lib/python3.12/site-packages/airflow/example_dags/example_setup_teardown_taskflow.py took 0.132 seconds
[2026-04-13T23:47:42.770+0000] {processor.py:186} INFO - Started process (PID=468) to work on /home/airflow/.local/lib/python3.12/site-packages/airflow/example_dags/example_setup_teardown_taskflow.py
[2026-04-13T23:47:42.772+0000] {processor.py:914} INFO - Processing file /home/airflow/.local/lib/python3.12/site-packages/airflow/example_dags/example_setup_teardown_taskflow.py for tasks to queue
[2026-04-13T23:47:42.778+0000] {logging_mixin.py:190} INFO - [2026-04-13T23:47:42.777+0000] {dagbag.py:588} INFO - Filling up the DagBag from /home/airflow/.local/lib/python3.12/site-packages/airflow/example_dags/example_setup_teardown_taskflow.py
[2026-04-13T23:47:42.805+0000] {processor.py:925} INFO - DAG(s) 'example_setup_teardown_taskflow' retrieved from /home/airflow/.local/lib/python3.12/site-packages/airflow/example_dags/example_setup_teardown_taskflow.py
[2026-04-13T23:47:42.848+0000] {logging_mixin.py:190} INFO - [2026-04-13T23:47:42.848+0000] {dag.py:3239} INFO - Sync 1 DAGs
[2026-04-13T23:47:42.882+0000] {logging_mixin.py:190} INFO - [2026-04-13T23:47:42.881+0000] {dag.py:4180} INFO - Setting next_dagrun for example_setup_teardown_taskflow to None, run_after=None
[2026-04-13T23:47:42.923+0000] {processor.py:208} INFO - Processing /home/airflow/.local/lib/python3.12/site-packages/airflow/example_dags/example_setup_teardown_taskflow.py took 0.168 seconds
[2026-04-13T23:48:14.894+0000] {processor.py:186} INFO - Started process (PID=532) to work on /home/airflow/.local/lib/python3.12/site-packages/airflow/example_dags/example_setup_teardown_taskflow.py
[2026-04-13T23:48:14.900+0000] {processor.py:914} INFO - Processing file /home/airflow/.local/lib/python3.12/site-packages/airflow/example_dags/example_setup_teardown_taskflow.py for tasks to queue
[2026-04-13T23:48:14.907+0000] {logging_mixin.py:190} INFO - [2026-04-13T23:48:14.906+0000] {dagbag.py:588} INFO - Filling up the DagBag from /home/airflow/.local/lib/python3.12/site-packages/airflow/example_dags/example_setup_teardown_taskflow.py
[2026-04-13T23:48:14.958+0000] {processor.py:925} INFO - DAG(s) 'example_setup_teardown_taskflow' retrieved from /home/airflow/.local/lib/python3.12/site-packages/airflow/example_dags/example_setup_teardown_taskflow.py
[2026-04-13T23:48:15.019+0000] {logging_mixin.py:190} INFO - [2026-04-13T23:48:15.018+0000] {dag.py:3239} INFO - Sync 1 DAGs
[2026-04-13T23:48:15.056+0000] {logging_mixin.py:190} INFO - [2026-04-13T23:48:15.056+0000] {dag.py:4180} INFO - Setting next_dagrun for example_setup_teardown_taskflow to None, run_after=None
[2026-04-13T23:48:15.187+0000] {processor.py:208} INFO - Processing /home/airflow/.local/lib/python3.12/site-packages/airflow/example_dags/example_setup_teardown_taskflow.py took 0.313 seconds
[2026-04-13T23:48:49.896+0000] {processor.py:186} INFO - Started process (PID=602) to work on /home/airflow/.local/lib/python3.12/site-packages/airflow/example_dags/example_setup_teardown_taskflow.py
[2026-04-13T23:48:49.932+0000] {processor.py:914} INFO - Processing file /home/airflow/.local/lib/python3.12/site-packages/airflow/example_dags/example_setup_teardown_taskflow.py for tasks to queue
[2026-04-13T23:48:49.976+0000] {logging_mixin.py:190} INFO - [2026-04-13T23:48:49.975+0000] {dagbag.py:588} INFO - Filling up the DagBag from /home/airflow/.local/lib/python3.12/site-packages/airflow/example_dags/example_setup_teardown_taskflow.py
[2026-04-13T23:48:50.037+0000] {processor.py:925} INFO - DAG(s) 'example_setup_teardown_taskflow' retrieved from /home/airflow/.local/lib/python3.12/site-packages/airflow/example_dags/example_setup_teardown_taskflow.py
[2026-04-13T23:48:50.156+0000] {logging_mixin.py:190} INFO - [2026-04-13T23:48:50.155+0000] {dag.py:3239} INFO - Sync 1 DAGs
[2026-04-13T23:48:50.228+0000] {logging_mixin.py:190} INFO - [2026-04-13T23:48:50.228+0000] {dag.py:4180} INFO - Setting next_dagrun for example_setup_teardown_taskflow to None, run_after=None
[2026-04-13T23:48:50.308+0000] {processor.py:208} INFO - Processing /home/airflow/.local/lib/python3.12/site-packages/airflow/example_dags/example_setup_teardown_taskflow.py took 0.461 seconds
[2026-04-13T23:49:25.771+0000] {processor.py:186} INFO - Started process (PID=666) to work on /home/airflow/.local/lib/python3.12/site-packages/airflow/example_dags/example_setup_teardown_taskflow.py
[2026-04-13T23:49:25.773+0000] {processor.py:914} INFO - Processing file /home/airflow/.local/lib/python3.12/site-packages/airflow/example_dags/example_setup_teardown_taskflow.py for tasks to queue
[2026-04-13T23:49:25.777+0000] {logging_mixin.py:190} INFO - [2026-04-13T23:49:25.776+0000] {dagbag.py:588} INFO - Filling up the DagBag from /home/airflow/.local/lib/python3.12/site-packages/airflow/example_dags/example_setup_teardown_taskflow.py
[2026-04-13T23:49:25.793+0000] {processor.py:925} INFO - DAG(s) 'example_setup_teardown_taskflow' retrieved from /home/airflow/.local/lib/python3.12/site-packages/airflow/example_dags/example_setup_teardown_taskflow.py
[2026-04-13T23:49:25.828+0000] {logging_mixin.py:190} INFO - [2026-04-13T23:49:25.827+0000] {dag.py:3239} INFO - Sync 1 DAGs
[2026-04-13T23:49:25.852+0000] {logging_mixin.py:190} INFO - [2026-04-13T23:49:25.852+0000] {dag.py:4180} INFO - Setting next_dagrun for example_setup_teardown_taskflow to None, run_after=None
[2026-04-13T23:49:25.881+0000] {processor.py:208} INFO - Processing /home/airflow/.local/lib/python3.12/site-packages/airflow/example_dags/example_setup_teardown_taskflow.py took 0.119 seconds
[2026-04-13T23:50:02.327+0000] {processor.py:186} INFO - Started process (PID=744) to work on /home/airflow/.local/lib/python3.12/site-packages/airflow/example_dags/example_setup_teardown_taskflow.py
[2026-04-13T23:50:02.329+0000] {processor.py:914} INFO - Processing file /home/airflow/.local/lib/python3.12/site-packages/airflow/example_dags/example_setup_teardown_taskflow.py for tasks to queue
[2026-04-13T23:50:02.333+0000] {logging_mixin.py:190} INFO - [2026-04-13T23:50:02.333+0000] {dagbag.py:588} INFO - Filling up the DagBag from /home/airflow/.local/lib/python3.12/site-packages/airflow/example_dags/example_setup_teardown_taskflow.py
[2026-04-13T23:50:02.354+0000] {processor.py:925} INFO - DAG(s) 'example_setup_teardown_taskflow' retrieved from /home/airflow/.local/lib/python3.12/site-packages/airflow/example_dags/example_setup_teardown_taskflow.py
[2026-04-13T23:50:02.398+0000] {logging_mixin.py:190} INFO - [2026-04-13T23:50:02.398+0000] {dag.py:3239} INFO - Sync 1 DAGs
[2026-04-13T23:50:02.428+0000] {logging_mixin.py:190} INFO - [2026-04-13T23:50:02.428+0000] {dag.py:4180} INFO - Setting next_dagrun for example_setup_teardown_taskflow to None, run_after=None
[2026-04-13T23:50:02.460+0000] {processor.py:208} INFO - Processing /home/airflow/.local/lib/python3.12/site-packages/airflow/example_dags/example_setup_teardown_taskflow.py took 0.145 seconds
[2026-04-13T23:50:43.561+0000] {processor.py:186} INFO - Started process (PID=815) to work on /home/airflow/.local/lib/python3.12/site-packages/airflow/example_dags/example_setup_teardown_taskflow.py
[2026-04-13T23:50:43.563+0000] {processor.py:914} INFO - Processing file /home/airflow/.local/lib/python3.12/site-packages/airflow/example_dags/example_setup_teardown_taskflow.py for tasks to queue
[2026-04-13T23:50:43.568+0000] {logging_mixin.py:190} INFO - [2026-04-13T23:50:43.567+0000] {dagbag.py:588} INFO - Filling up the DagBag from /home/airflow/.local/lib/python3.12/site-packages/airflow/example_dags/example_setup_teardown_taskflow.py
[2026-04-13T23:50:43.589+0000] {processor.py:925} INFO - DAG(s) 'example_setup_teardown_taskflow' retrieved from /home/airflow/.local/lib/python3.12/site-packages/airflow/example_dags/example_setup_teardown_taskflow.py
[2026-04-13T23:50:43.633+0000] {logging_mixin.py:190} INFO - [2026-04-13T23:50:43.632+0000] {dag.py:3239} INFO - Sync 1 DAGs
[2026-04-13T23:50:43.666+0000] {logging_mixin.py:190} INFO - [2026-04-13T23:50:43.666+0000] {dag.py:4180} INFO - Setting next_dagrun for example_setup_teardown_taskflow to None, run_after=None
[2026-04-13T23:50:43.701+0000] {processor.py:208} INFO - Processing /home/airflow/.local/lib/python3.12/site-packages/airflow/example_dags/example_setup_teardown_taskflow.py took 0.155 seconds
[2026-04-13T23:51:16.255+0000] {processor.py:186} INFO - Started process (PID=882) to work on /home/airflow/.local/lib/python3.12/site-packages/airflow/example_dags/example_setup_teardown_taskflow.py
[2026-04-13T23:51:16.256+0000] {processor.py:914} INFO - Processing file /home/airflow/.local/lib/python3.12/site-packages/airflow/example_dags/example_setup_teardown_taskflow.py for tasks to queue
[2026-04-13T23:51:16.262+0000] {logging_mixin.py:190} INFO - [2026-04-13T23:51:16.261+0000] {dagbag.py:588} INFO - Filling up the DagBag from /home/airflow/.local/lib/python3.12/site-packages/airflow/example_dags/example_setup_teardown_taskflow.py
[2026-04-13T23:51:16.313+0000] {processor.py:925} INFO - DAG(s) 'example_setup_teardown_taskflow' retrieved from /home/airflow/.local/lib/python3.12/site-packages/airflow/example_dags/example_setup_teardown_taskflow.py
[2026-04-13T23:51:16.375+0000] {logging_mixin.py:190} INFO - [2026-04-13T23:51:16.375+0000] {dag.py:3239} INFO - Sync 1 DAGs
[2026-04-13T23:51:16.430+0000] {logging_mixin.py:190} INFO - [2026-04-13T23:51:16.429+0000] {dag.py:4180} INFO - Setting next_dagrun for example_setup_teardown_taskflow to None, run_after=None
[2026-04-13T23:51:16.508+0000] {processor.py:208} INFO - Processing /home/airflow/.local/lib/python3.12/site-packages/airflow/example_dags/example_setup_teardown_taskflow.py took 0.264 seconds
[2026-04-13T23:51:47.181+0000] {processor.py:186} INFO - Started process (PID=946) to work on /home/airflow/.local/lib/python3.12/site-packages/airflow/example_dags/example_setup_teardown_taskflow.py
[2026-04-13T23:51:47.185+0000] {processor.py:914} INFO - Processing file /home/airflow/.local/lib/python3.12/site-packages/airflow/example_dags/example_setup_teardown_taskflow.py for tasks to queue
[2026-04-13T23:51:47.189+0000] {logging_mixin.py:190} INFO - [2026-04-13T23:51:47.188+0000] {dagbag.py:588} INFO - Filling up the DagBag from /home/airflow/.local/lib/python3.12/site-packages/airflow/example_dags/example_setup_teardown_taskflow.py
[2026-04-13T23:51:47.212+0000] {processor.py:925} INFO - DAG(s) 'example_setup_teardown_taskflow' retrieved from /home/airflow/.local/lib/python3.12/site-packages/airflow/example_dags/example_setup_teardown_taskflow.py
[2026-04-13T23:51:47.256+0000] {logging_mixin.py:190} INFO - [2026-04-13T23:51:47.256+0000] {dag.py:3239} INFO - Sync 1 DAGs
[2026-04-13T23:51:47.283+0000] {logging_mixin.py:190} INFO - [2026-04-13T23:51:47.282+0000] {dag.py:4180} INFO - Setting next_dagrun for example_setup_teardown_taskflow to None, run_after=None
[2026-04-13T23:51:47.315+0000] {processor.py:208} INFO - Processing /home/airflow/.local/lib/python3.12/site-packages/airflow/example_dags/example_setup_teardown_taskflow.py took 0.147 seconds
[2026-04-13T23:52:17.808+0000] {processor.py:186} INFO - Started process (PID=1010) to work on /home/airflow/.local/lib/python3.12/site-packages/airflow/example_dags/example_setup_teardown_taskflow.py
[2026-04-13T23:52:17.810+0000] {processor.py:914} INFO - Processing file /home/airflow/.local/lib/python3.12/site-packages/airflow/example_dags/example_setup_teardown_taskflow.py for tasks to queue
[2026-04-13T23:52:17.814+0000] {logging_mixin.py:190} INFO - [2026-04-13T23:52:17.813+0000] {dagbag.py:588} INFO - Filling up the DagBag from /home/airflow/.local/lib/python3.12/site-packages/airflow/example_dags/example_setup_teardown_taskflow.py
[2026-04-13T23:52:17.832+0000] {processor.py:925} INFO - DAG(s) 'example_setup_teardown_taskflow' retrieved from /home/airflow/.local/lib/python3.12/site-packages/airflow/example_dags/example_setup_teardown_taskflow.py
[2026-04-13T23:52:17.870+0000] {logging_mixin.py:190} INFO - [2026-04-13T23:52:17.870+0000] {dag.py:3239} INFO - Sync 1 DAGs
[2026-04-13T23:52:17.895+0000] {logging_mixin.py:190} INFO - [2026-04-13T23:52:17.894+0000] {dag.py:4180} INFO - Setting next_dagrun for example_setup_teardown_taskflow to None, run_after=None
[2026-04-13T23:52:17.929+0000] {processor.py:208} INFO - Processing /home/airflow/.local/lib/python3.12/site-packages/airflow/example_dags/example_setup_teardown_taskflow.py took 0.132 seconds
[2026-04-13T23:52:51.747+0000] {processor.py:186} INFO - Started process (PID=1080) to work on /home/airflow/.local/lib/python3.12/site-packages/airflow/example_dags/example_setup_teardown_taskflow.py
[2026-04-13T23:52:51.749+0000] {processor.py:914} INFO - Processing file /home/airflow/.local/lib/python3.12/site-packages/airflow/example_dags/example_setup_teardown_taskflow.py for tasks to queue
[2026-04-13T23:52:51.754+0000] {logging_mixin.py:190} INFO - [2026-04-13T23:52:51.754+0000] {dagbag.py:588} INFO - Filling up the DagBag from /home/airflow/.local/lib/python3.12/site-packages/airflow/example_dags/example_setup_teardown_taskflow.py
[2026-04-13T23:52:51.777+0000] {processor.py:925} INFO - DAG(s) 'example_setup_teardown_taskflow' retrieved from /home/airflow/.local/lib/python3.12/site-packages/airflow/example_dags/example_setup_teardown_taskflow.py
[2026-04-13T23:52:51.826+0000] {logging_mixin.py:190} INFO - [2026-04-13T23:52:51.826+0000] {dag.py:3239} INFO - Sync 1 DAGs
[2026-04-13T23:52:51.864+0000] {logging_mixin.py:190} INFO - [2026-04-13T23:52:51.864+0000] {dag.py:4180} INFO - Setting next_dagrun for example_setup_teardown_taskflow to None, run_after=None
[2026-04-13T23:52:51.921+0000] {processor.py:208} INFO - Processing /home/airflow/.local/lib/python3.12/site-packages/airflow/example_dags/example_setup_teardown_taskflow.py took 0.189 seconds
[2026-04-13T23:53:22.301+0000] {processor.py:186} INFO - Started process (PID=1143) to work on /home/airflow/.local/lib/python3.12/site-packages/airflow/example_dags/example_setup_teardown_taskflow.py
[2026-04-13T23:53:22.304+0000] {processor.py:914} INFO - Processing file /home/airflow/.local/lib/python3.12/site-packages/airflow/example_dags/example_setup_teardown_taskflow.py for tasks to queue
[2026-04-13T23:53:22.309+0000] {logging_mixin.py:190} INFO - [2026-04-13T23:53:22.309+0000] {dagbag.py:588} INFO - Filling up the DagBag from /home/airflow/.local/lib/python3.12/site-packages/airflow/example_dags/example_setup_teardown_taskflow.py
[2026-04-13T23:53:22.338+0000] {processor.py:925} INFO - DAG(s) 'example_setup_teardown_taskflow' retrieved from /home/airflow/.local/lib/python3.12/site-packages/airflow/example_dags/example_setup_teardown_taskflow.py
[2026-04-13T23:53:22.399+0000] {logging_mixin.py:190} INFO - [2026-04-13T23:53:22.398+0000] {dag.py:3239} INFO - Sync 1 DAGs
[2026-04-13T23:53:22.441+0000] {logging_mixin.py:190} INFO - [2026-04-13T23:53:22.441+0000] {dag.py:4180} INFO - Setting next_dagrun for example_setup_teardown_taskflow to None, run_after=None
[2026-04-13T23:53:22.480+0000] {processor.py:208} INFO - Processing /home/airflow/.local/lib/python3.12/site-packages/airflow/example_dags/example_setup_teardown_taskflow.py took 0.191 seconds
