[2026-04-13T23:43:57.470+0000] {processor.py:186} INFO - Started process (PID=99) to work on /home/airflow/.local/lib/python3.12/site-packages/airflow/example_dags/example_xcomargs.py
[2026-04-13T23:43:57.473+0000] {processor.py:914} INFO - Processing file /home/airflow/.local/lib/python3.12/site-packages/airflow/example_dags/example_xcomargs.py for tasks to queue
[2026-04-13T23:43:57.484+0000] {logging_mixin.py:190} INFO - [2026-04-13T23:43:57.481+0000] {dagbag.py:588} INFO - Filling up the DagBag from /home/airflow/.local/lib/python3.12/site-packages/airflow/example_dags/example_xcomargs.py
[2026-04-13T23:43:57.802+0000] {processor.py:925} INFO - DAG(s) 'example_xcom_args', 'example_xcom_args_with_operators' retrieved from /home/airflow/.local/lib/python3.12/site-packages/airflow/example_dags/example_xcomargs.py
[2026-04-13T23:43:58.251+0000] {logging_mixin.py:190} INFO - [2026-04-13T23:43:58.248+0000] {override.py:1912} INFO - Created Permission View: can read on DAG:example_xcom_args
[2026-04-13T23:43:58.425+0000] {logging_mixin.py:190} INFO - [2026-04-13T23:43:58.424+0000] {override.py:1912} INFO - Created Permission View: can edit on DAG:example_xcom_args
[2026-04-13T23:43:58.452+0000] {logging_mixin.py:190} INFO - [2026-04-13T23:43:58.451+0000] {override.py:1912} INFO - Created Permission View: can delete on DAG:example_xcom_args
[2026-04-13T23:43:58.480+0000] {logging_mixin.py:190} INFO - [2026-04-13T23:43:58.479+0000] {override.py:1912} INFO - Created Permission View: menu access on DAG Run:example_xcom_args
[2026-04-13T23:43:58.796+0000] {logging_mixin.py:190} INFO - [2026-04-13T23:43:58.795+0000] {override.py:1912} INFO - Created Permission View: can read on DAG Run:example_xcom_args
[2026-04-13T23:43:58.842+0000] {logging_mixin.py:190} INFO - [2026-04-13T23:43:58.841+0000] {override.py:1912} INFO - Created Permission View: can delete on DAG Run:example_xcom_args
[2026-04-13T23:43:59.334+0000] {logging_mixin.py:190} INFO - [2026-04-13T23:43:59.333+0000] {override.py:1912} INFO - Created Permission View: can create on DAG Run:example_xcom_args
[2026-04-13T23:43:59.410+0000] {logging_mixin.py:190} INFO - [2026-04-13T23:43:59.409+0000] {override.py:1912} INFO - Created Permission View: can read on DAG:example_xcom_args_with_operators
[2026-04-13T23:43:59.443+0000] {logging_mixin.py:190} INFO - [2026-04-13T23:43:59.442+0000] {override.py:1912} INFO - Created Permission View: can edit on DAG:example_xcom_args_with_operators
[2026-04-13T23:43:59.476+0000] {logging_mixin.py:190} INFO - [2026-04-13T23:43:59.473+0000] {override.py:1912} INFO - Created Permission View: can delete on DAG:example_xcom_args_with_operators
[2026-04-13T23:43:59.501+0000] {logging_mixin.py:190} INFO - [2026-04-13T23:43:59.498+0000] {override.py:1912} INFO - Created Permission View: menu access on DAG Run:example_xcom_args_with_operators
[2026-04-13T23:43:59.527+0000] {logging_mixin.py:190} INFO - [2026-04-13T23:43:59.526+0000] {override.py:1912} INFO - Created Permission View: can read on DAG Run:example_xcom_args_with_operators
[2026-04-13T23:43:59.560+0000] {logging_mixin.py:190} INFO - [2026-04-13T23:43:59.559+0000] {override.py:1912} INFO - Created Permission View: can delete on DAG Run:example_xcom_args_with_operators
[2026-04-13T23:43:59.709+0000] {logging_mixin.py:190} INFO - [2026-04-13T23:43:59.708+0000] {override.py:1912} INFO - Created Permission View: can create on DAG Run:example_xcom_args_with_operators
[2026-04-13T23:43:59.711+0000] {logging_mixin.py:190} INFO - [2026-04-13T23:43:59.710+0000] {dag.py:3239} INFO - Sync 2 DAGs
[2026-04-13T23:43:59.778+0000] {logging_mixin.py:190} INFO - [2026-04-13T23:43:59.777+0000] {dag.py:3262} INFO - Creating ORM DAG for example_xcom_args_with_operators
[2026-04-13T23:43:59.785+0000] {logging_mixin.py:190} INFO - [2026-04-13T23:43:59.784+0000] {dag.py:3262} INFO - Creating ORM DAG for example_xcom_args
[2026-04-13T23:43:59.790+0000] {logging_mixin.py:190} INFO - [2026-04-13T23:43:59.789+0000] {dag.py:4180} INFO - Setting next_dagrun for example_xcom_args to None, run_after=None
[2026-04-13T23:43:59.795+0000] {logging_mixin.py:190} INFO - [2026-04-13T23:43:59.794+0000] {dag.py:4180} INFO - Setting next_dagrun for example_xcom_args_with_operators to None, run_after=None
[2026-04-13T23:43:59.901+0000] {processor.py:208} INFO - Processing /home/airflow/.local/lib/python3.12/site-packages/airflow/example_dags/example_xcomargs.py took 2.454 seconds
[2026-04-13T23:44:50.229+0000] {processor.py:186} INFO - Started process (PID=168) to work on /home/airflow/.local/lib/python3.12/site-packages/airflow/example_dags/example_xcomargs.py
[2026-04-13T23:44:50.238+0000] {processor.py:914} INFO - Processing file /home/airflow/.local/lib/python3.12/site-packages/airflow/example_dags/example_xcomargs.py for tasks to queue
[2026-04-13T23:44:50.243+0000] {logging_mixin.py:190} INFO - [2026-04-13T23:44:50.242+0000] {dagbag.py:588} INFO - Filling up the DagBag from /home/airflow/.local/lib/python3.12/site-packages/airflow/example_dags/example_xcomargs.py
[2026-04-13T23:44:50.276+0000] {processor.py:925} INFO - DAG(s) 'example_xcom_args', 'example_xcom_args_with_operators' retrieved from /home/airflow/.local/lib/python3.12/site-packages/airflow/example_dags/example_xcomargs.py
[2026-04-13T23:44:50.353+0000] {logging_mixin.py:190} INFO - [2026-04-13T23:44:50.353+0000] {dag.py:3239} INFO - Sync 2 DAGs
[2026-04-13T23:44:50.391+0000] {logging_mixin.py:190} INFO - [2026-04-13T23:44:50.391+0000] {dag.py:4180} INFO - Setting next_dagrun for example_xcom_args to None, run_after=None
[2026-04-13T23:44:50.401+0000] {logging_mixin.py:190} INFO - [2026-04-13T23:44:50.400+0000] {dag.py:4180} INFO - Setting next_dagrun for example_xcom_args_with_operators to None, run_after=None
[2026-04-13T23:44:50.482+0000] {processor.py:208} INFO - Processing /home/airflow/.local/lib/python3.12/site-packages/airflow/example_dags/example_xcomargs.py took 0.271 seconds
[2026-04-13T23:45:22.954+0000] {processor.py:186} INFO - Started process (PID=232) to work on /home/airflow/.local/lib/python3.12/site-packages/airflow/example_dags/example_xcomargs.py
[2026-04-13T23:45:22.958+0000] {processor.py:914} INFO - Processing file /home/airflow/.local/lib/python3.12/site-packages/airflow/example_dags/example_xcomargs.py for tasks to queue
[2026-04-13T23:45:22.966+0000] {logging_mixin.py:190} INFO - [2026-04-13T23:45:22.965+0000] {dagbag.py:588} INFO - Filling up the DagBag from /home/airflow/.local/lib/python3.12/site-packages/airflow/example_dags/example_xcomargs.py
[2026-04-13T23:45:22.995+0000] {processor.py:925} INFO - DAG(s) 'example_xcom_args', 'example_xcom_args_with_operators' retrieved from /home/airflow/.local/lib/python3.12/site-packages/airflow/example_dags/example_xcomargs.py
[2026-04-13T23:45:23.051+0000] {logging_mixin.py:190} INFO - [2026-04-13T23:45:23.050+0000] {dag.py:3239} INFO - Sync 2 DAGs
[2026-04-13T23:45:23.089+0000] {logging_mixin.py:190} INFO - [2026-04-13T23:45:23.088+0000] {dag.py:4180} INFO - Setting next_dagrun for example_xcom_args to None, run_after=None
[2026-04-13T23:45:23.099+0000] {logging_mixin.py:190} INFO - [2026-04-13T23:45:23.098+0000] {dag.py:4180} INFO - Setting next_dagrun for example_xcom_args_with_operators to None, run_after=None
[2026-04-13T23:45:23.141+0000] {processor.py:208} INFO - Processing /home/airflow/.local/lib/python3.12/site-packages/airflow/example_dags/example_xcomargs.py took 0.201 seconds
[2026-04-13T23:46:12.258+0000] {processor.py:186} INFO - Started process (PID=301) to work on /home/airflow/.local/lib/python3.12/site-packages/airflow/example_dags/example_xcomargs.py
[2026-04-13T23:46:12.270+0000] {processor.py:914} INFO - Processing file /home/airflow/.local/lib/python3.12/site-packages/airflow/example_dags/example_xcomargs.py for tasks to queue
[2026-04-13T23:46:12.279+0000] {logging_mixin.py:190} INFO - [2026-04-13T23:46:12.277+0000] {dagbag.py:588} INFO - Filling up the DagBag from /home/airflow/.local/lib/python3.12/site-packages/airflow/example_dags/example_xcomargs.py
[2026-04-13T23:46:12.325+0000] {processor.py:925} INFO - DAG(s) 'example_xcom_args', 'example_xcom_args_with_operators' retrieved from /home/airflow/.local/lib/python3.12/site-packages/airflow/example_dags/example_xcomargs.py
[2026-04-13T23:46:12.440+0000] {logging_mixin.py:190} INFO - [2026-04-13T23:46:12.440+0000] {dag.py:3239} INFO - Sync 2 DAGs
[2026-04-13T23:46:12.514+0000] {logging_mixin.py:190} INFO - [2026-04-13T23:46:12.513+0000] {dag.py:4180} INFO - Setting next_dagrun for example_xcom_args to None, run_after=None
[2026-04-13T23:46:12.532+0000] {logging_mixin.py:190} INFO - [2026-04-13T23:46:12.532+0000] {dag.py:4180} INFO - Setting next_dagrun for example_xcom_args_with_operators to None, run_after=None
[2026-04-13T23:46:12.658+0000] {processor.py:208} INFO - Processing /home/airflow/.local/lib/python3.12/site-packages/airflow/example_dags/example_xcomargs.py took 0.436 seconds
[2026-04-13T23:46:49.053+0000] {processor.py:186} INFO - Started process (PID=366) to work on /home/airflow/.local/lib/python3.12/site-packages/airflow/example_dags/example_xcomargs.py
[2026-04-13T23:46:49.055+0000] {processor.py:914} INFO - Processing file /home/airflow/.local/lib/python3.12/site-packages/airflow/example_dags/example_xcomargs.py for tasks to queue
[2026-04-13T23:46:49.059+0000] {logging_mixin.py:190} INFO - [2026-04-13T23:46:49.059+0000] {dagbag.py:588} INFO - Filling up the DagBag from /home/airflow/.local/lib/python3.12/site-packages/airflow/example_dags/example_xcomargs.py
[2026-04-13T23:46:49.081+0000] {processor.py:925} INFO - DAG(s) 'example_xcom_args', 'example_xcom_args_with_operators' retrieved from /home/airflow/.local/lib/python3.12/site-packages/airflow/example_dags/example_xcomargs.py
[2026-04-13T23:46:49.127+0000] {logging_mixin.py:190} INFO - [2026-04-13T23:46:49.126+0000] {dag.py:3239} INFO - Sync 2 DAGs
[2026-04-13T23:46:49.163+0000] {logging_mixin.py:190} INFO - [2026-04-13T23:46:49.162+0000] {dag.py:4180} INFO - Setting next_dagrun for example_xcom_args to None, run_after=None
[2026-04-13T23:46:49.172+0000] {logging_mixin.py:190} INFO - [2026-04-13T23:46:49.171+0000] {dag.py:4180} INFO - Setting next_dagrun for example_xcom_args_with_operators to None, run_after=None
[2026-04-13T23:46:49.204+0000] {processor.py:208} INFO - Processing /home/airflow/.local/lib/python3.12/site-packages/airflow/example_dags/example_xcomargs.py took 0.164 seconds
