[2026-04-13T23:44:16.311+0000] {processor.py:186} INFO - Started process (PID=113) to work on /home/airflow/.local/lib/python3.12/site-packages/airflow/example_dags/example_subdag_operator.py
[2026-04-13T23:44:16.326+0000] {processor.py:914} INFO - Processing file /home/airflow/.local/lib/python3.12/site-packages/airflow/example_dags/example_subdag_operator.py for tasks to queue
[2026-04-13T23:44:16.334+0000] {logging_mixin.py:190} INFO - [2026-04-13T23:44:16.333+0000] {dagbag.py:588} INFO - Filling up the DagBag from /home/airflow/.local/lib/python3.12/site-packages/airflow/example_dags/example_subdag_operator.py
[2026-04-13T23:44:16.546+0000] {processor.py:925} INFO - DAG(s) 'example_subdag_operator.section-1', 'example_subdag_operator.section-2', 'example_subdag_operator' retrieved from /home/airflow/.local/lib/python3.12/site-packages/airflow/example_dags/example_subdag_operator.py
[2026-04-13T23:44:17.436+0000] {logging_mixin.py:190} INFO - [2026-04-13T23:44:17.434+0000] {override.py:1912} INFO - Created Permission View: can read on DAG:example_subdag_operator
[2026-04-13T23:44:17.559+0000] {logging_mixin.py:190} INFO - [2026-04-13T23:44:17.558+0000] {override.py:1912} INFO - Created Permission View: can edit on DAG:example_subdag_operator
[2026-04-13T23:44:17.671+0000] {logging_mixin.py:190} INFO - [2026-04-13T23:44:17.670+0000] {override.py:1912} INFO - Created Permission View: can delete on DAG:example_subdag_operator
[2026-04-13T23:44:17.713+0000] {logging_mixin.py:190} INFO - [2026-04-13T23:44:17.712+0000] {override.py:1912} INFO - Created Permission View: menu access on DAG Run:example_subdag_operator
[2026-04-13T23:44:17.798+0000] {logging_mixin.py:190} INFO - [2026-04-13T23:44:17.797+0000] {override.py:1912} INFO - Created Permission View: can read on DAG Run:example_subdag_operator
[2026-04-13T23:44:17.852+0000] {logging_mixin.py:190} INFO - [2026-04-13T23:44:17.849+0000] {override.py:1912} INFO - Created Permission View: can delete on DAG Run:example_subdag_operator
[2026-04-13T23:44:17.885+0000] {logging_mixin.py:190} INFO - [2026-04-13T23:44:17.884+0000] {override.py:1912} INFO - Created Permission View: can create on DAG Run:example_subdag_operator
[2026-04-13T23:44:17.891+0000] {logging_mixin.py:190} INFO - [2026-04-13T23:44:17.890+0000] {dag.py:3239} INFO - Sync 3 DAGs
[2026-04-13T23:44:18.008+0000] {logging_mixin.py:190} INFO - [2026-04-13T23:44:18.007+0000] {dag.py:3262} INFO - Creating ORM DAG for example_subdag_operator.section-2
[2026-04-13T23:44:18.012+0000] {logging_mixin.py:190} INFO - [2026-04-13T23:44:18.011+0000] {dag.py:3262} INFO - Creating ORM DAG for example_subdag_operator.section-1
[2026-04-13T23:44:18.039+0000] {logging_mixin.py:190} INFO - [2026-04-13T23:44:18.037+0000] {dag.py:3262} INFO - Creating ORM DAG for example_subdag_operator
[2026-04-13T23:44:18.079+0000] {logging_mixin.py:190} INFO - [2026-04-13T23:44:18.078+0000] {dag.py:4180} INFO - Setting next_dagrun for example_subdag_operator to 2022-01-01 00:00:00+00:00, run_after=2022-01-01 00:00:00+00:00
[2026-04-13T23:44:18.082+0000] {logging_mixin.py:190} INFO - [2026-04-13T23:44:18.082+0000] {dag.py:4180} INFO - Setting next_dagrun for example_subdag_operator.section-1 to None, run_after=None
[2026-04-13T23:44:18.094+0000] {logging_mixin.py:190} INFO - [2026-04-13T23:44:18.084+0000] {dag.py:4180} INFO - Setting next_dagrun for example_subdag_operator.section-2 to None, run_after=None
[2026-04-13T23:44:18.140+0000] {logging_mixin.py:190} INFO - [2026-04-13T23:44:18.139+0000] {dag.py:3239} INFO - Sync 2 DAGs
[2026-04-13T23:44:18.175+0000] {logging_mixin.py:190} INFO - [2026-04-13T23:44:18.175+0000] {dag.py:4180} INFO - Setting next_dagrun for example_subdag_operator.section-1 to None, run_after=None
[2026-04-13T23:44:18.196+0000] {logging_mixin.py:190} INFO - [2026-04-13T23:44:18.192+0000] {dag.py:4180} INFO - Setting next_dagrun for example_subdag_operator.section-2 to None, run_after=None
[2026-04-13T23:44:18.292+0000] {processor.py:208} INFO - Processing /home/airflow/.local/lib/python3.12/site-packages/airflow/example_dags/example_subdag_operator.py took 2.012 seconds
[2026-04-13T23:44:52.061+0000] {processor.py:186} INFO - Started process (PID=177) to work on /home/airflow/.local/lib/python3.12/site-packages/airflow/example_dags/example_subdag_operator.py
[2026-04-13T23:44:52.065+0000] {processor.py:914} INFO - Processing file /home/airflow/.local/lib/python3.12/site-packages/airflow/example_dags/example_subdag_operator.py for tasks to queue
[2026-04-13T23:44:52.071+0000] {logging_mixin.py:190} INFO - [2026-04-13T23:44:52.070+0000] {dagbag.py:588} INFO - Filling up the DagBag from /home/airflow/.local/lib/python3.12/site-packages/airflow/example_dags/example_subdag_operator.py
[2026-04-13T23:44:52.155+0000] {processor.py:925} INFO - DAG(s) 'example_subdag_operator.section-1', 'example_subdag_operator.section-2', 'example_subdag_operator' retrieved from /home/airflow/.local/lib/python3.12/site-packages/airflow/example_dags/example_subdag_operator.py
[2026-04-13T23:44:52.201+0000] {logging_mixin.py:190} INFO - [2026-04-13T23:44:52.201+0000] {dag.py:3239} INFO - Sync 3 DAGs
[2026-04-13T23:44:52.270+0000] {logging_mixin.py:190} INFO - [2026-04-13T23:44:52.269+0000] {dag.py:4180} INFO - Setting next_dagrun for example_subdag_operator to 2022-01-01 00:00:00+00:00, run_after=2022-01-01 00:00:00+00:00
[2026-04-13T23:44:52.280+0000] {logging_mixin.py:190} INFO - [2026-04-13T23:44:52.279+0000] {dag.py:4180} INFO - Setting next_dagrun for example_subdag_operator.section-1 to None, run_after=None
[2026-04-13T23:44:52.284+0000] {logging_mixin.py:190} INFO - [2026-04-13T23:44:52.283+0000] {dag.py:4180} INFO - Setting next_dagrun for example_subdag_operator.section-2 to None, run_after=None
[2026-04-13T23:44:52.308+0000] {logging_mixin.py:190} INFO - [2026-04-13T23:44:52.308+0000] {dag.py:3239} INFO - Sync 2 DAGs
[2026-04-13T23:44:52.320+0000] {logging_mixin.py:190} INFO - [2026-04-13T23:44:52.320+0000] {dag.py:4180} INFO - Setting next_dagrun for example_subdag_operator.section-1 to None, run_after=None
[2026-04-13T23:44:52.322+0000] {logging_mixin.py:190} INFO - [2026-04-13T23:44:52.321+0000] {dag.py:4180} INFO - Setting next_dagrun for example_subdag_operator.section-2 to None, run_after=None
[2026-04-13T23:44:52.361+0000] {processor.py:208} INFO - Processing /home/airflow/.local/lib/python3.12/site-packages/airflow/example_dags/example_subdag_operator.py took 0.317 seconds
[2026-04-13T23:45:24.810+0000] {processor.py:186} INFO - Started process (PID=240) to work on /home/airflow/.local/lib/python3.12/site-packages/airflow/example_dags/example_subdag_operator.py
[2026-04-13T23:45:24.842+0000] {processor.py:914} INFO - Processing file /home/airflow/.local/lib/python3.12/site-packages/airflow/example_dags/example_subdag_operator.py for tasks to queue
[2026-04-13T23:45:24.853+0000] {logging_mixin.py:190} INFO - [2026-04-13T23:45:24.852+0000] {dagbag.py:588} INFO - Filling up the DagBag from /home/airflow/.local/lib/python3.12/site-packages/airflow/example_dags/example_subdag_operator.py
[2026-04-13T23:45:24.948+0000] {processor.py:925} INFO - DAG(s) 'example_subdag_operator.section-1', 'example_subdag_operator.section-2', 'example_subdag_operator' retrieved from /home/airflow/.local/lib/python3.12/site-packages/airflow/example_dags/example_subdag_operator.py
[2026-04-13T23:45:25.026+0000] {logging_mixin.py:190} INFO - [2026-04-13T23:45:25.025+0000] {dag.py:3239} INFO - Sync 3 DAGs
[2026-04-13T23:45:25.121+0000] {logging_mixin.py:190} INFO - [2026-04-13T23:45:25.121+0000] {dag.py:4180} INFO - Setting next_dagrun for example_subdag_operator to 2022-01-01 00:00:00+00:00, run_after=2022-01-01 00:00:00+00:00
[2026-04-13T23:45:25.134+0000] {logging_mixin.py:190} INFO - [2026-04-13T23:45:25.134+0000] {dag.py:4180} INFO - Setting next_dagrun for example_subdag_operator.section-1 to None, run_after=None
[2026-04-13T23:45:25.139+0000] {logging_mixin.py:190} INFO - [2026-04-13T23:45:25.138+0000] {dag.py:4180} INFO - Setting next_dagrun for example_subdag_operator.section-2 to None, run_after=None
[2026-04-13T23:45:25.162+0000] {logging_mixin.py:190} INFO - [2026-04-13T23:45:25.161+0000] {dag.py:3239} INFO - Sync 2 DAGs
[2026-04-13T23:45:25.189+0000] {logging_mixin.py:190} INFO - [2026-04-13T23:45:25.188+0000] {dag.py:4180} INFO - Setting next_dagrun for example_subdag_operator.section-1 to None, run_after=None
[2026-04-13T23:45:25.191+0000] {logging_mixin.py:190} INFO - [2026-04-13T23:45:25.190+0000] {dag.py:4180} INFO - Setting next_dagrun for example_subdag_operator.section-2 to None, run_after=None
[2026-04-13T23:45:25.219+0000] {processor.py:208} INFO - Processing /home/airflow/.local/lib/python3.12/site-packages/airflow/example_dags/example_subdag_operator.py took 0.429 seconds
[2026-04-13T23:46:15.582+0000] {processor.py:186} INFO - Started process (PID=312) to work on /home/airflow/.local/lib/python3.12/site-packages/airflow/example_dags/example_subdag_operator.py
[2026-04-13T23:46:15.583+0000] {processor.py:914} INFO - Processing file /home/airflow/.local/lib/python3.12/site-packages/airflow/example_dags/example_subdag_operator.py for tasks to queue
[2026-04-13T23:46:15.589+0000] {logging_mixin.py:190} INFO - [2026-04-13T23:46:15.588+0000] {dagbag.py:588} INFO - Filling up the DagBag from /home/airflow/.local/lib/python3.12/site-packages/airflow/example_dags/example_subdag_operator.py
[2026-04-13T23:46:15.640+0000] {processor.py:925} INFO - DAG(s) 'example_subdag_operator.section-1', 'example_subdag_operator.section-2', 'example_subdag_operator' retrieved from /home/airflow/.local/lib/python3.12/site-packages/airflow/example_dags/example_subdag_operator.py
[2026-04-13T23:46:15.672+0000] {logging_mixin.py:190} INFO - [2026-04-13T23:46:15.672+0000] {dag.py:3239} INFO - Sync 3 DAGs
[2026-04-13T23:46:15.723+0000] {logging_mixin.py:190} INFO - [2026-04-13T23:46:15.723+0000] {dag.py:4180} INFO - Setting next_dagrun for example_subdag_operator to 2022-01-01 00:00:00+00:00, run_after=2022-01-01 00:00:00+00:00
[2026-04-13T23:46:15.730+0000] {logging_mixin.py:190} INFO - [2026-04-13T23:46:15.729+0000] {dag.py:4180} INFO - Setting next_dagrun for example_subdag_operator.section-1 to None, run_after=None
[2026-04-13T23:46:15.733+0000] {logging_mixin.py:190} INFO - [2026-04-13T23:46:15.732+0000] {dag.py:4180} INFO - Setting next_dagrun for example_subdag_operator.section-2 to None, run_after=None
[2026-04-13T23:46:15.748+0000] {logging_mixin.py:190} INFO - [2026-04-13T23:46:15.748+0000] {dag.py:3239} INFO - Sync 2 DAGs
[2026-04-13T23:46:15.760+0000] {logging_mixin.py:190} INFO - [2026-04-13T23:46:15.759+0000] {dag.py:4180} INFO - Setting next_dagrun for example_subdag_operator.section-1 to None, run_after=None
[2026-04-13T23:46:15.761+0000] {logging_mixin.py:190} INFO - [2026-04-13T23:46:15.761+0000] {dag.py:4180} INFO - Setting next_dagrun for example_subdag_operator.section-2 to None, run_after=None
[2026-04-13T23:46:15.809+0000] {processor.py:208} INFO - Processing /home/airflow/.local/lib/python3.12/site-packages/airflow/example_dags/example_subdag_operator.py took 0.239 seconds
[2026-04-13T23:46:49.940+0000] {processor.py:186} INFO - Started process (PID=374) to work on /home/airflow/.local/lib/python3.12/site-packages/airflow/example_dags/example_subdag_operator.py
[2026-04-13T23:46:49.943+0000] {processor.py:914} INFO - Processing file /home/airflow/.local/lib/python3.12/site-packages/airflow/example_dags/example_subdag_operator.py for tasks to queue
[2026-04-13T23:46:49.951+0000] {logging_mixin.py:190} INFO - [2026-04-13T23:46:49.950+0000] {dagbag.py:588} INFO - Filling up the DagBag from /home/airflow/.local/lib/python3.12/site-packages/airflow/example_dags/example_subdag_operator.py
[2026-04-13T23:46:50.046+0000] {processor.py:925} INFO - DAG(s) 'example_subdag_operator.section-1', 'example_subdag_operator.section-2', 'example_subdag_operator' retrieved from /home/airflow/.local/lib/python3.12/site-packages/airflow/example_dags/example_subdag_operator.py
[2026-04-13T23:46:50.097+0000] {logging_mixin.py:190} INFO - [2026-04-13T23:46:50.096+0000] {dag.py:3239} INFO - Sync 3 DAGs
[2026-04-13T23:46:50.175+0000] {logging_mixin.py:190} INFO - [2026-04-13T23:46:50.174+0000] {dag.py:4180} INFO - Setting next_dagrun for example_subdag_operator to 2022-01-01 00:00:00+00:00, run_after=2022-01-01 00:00:00+00:00
[2026-04-13T23:46:50.187+0000] {logging_mixin.py:190} INFO - [2026-04-13T23:46:50.186+0000] {dag.py:4180} INFO - Setting next_dagrun for example_subdag_operator.section-1 to None, run_after=None
[2026-04-13T23:46:50.193+0000] {logging_mixin.py:190} INFO - [2026-04-13T23:46:50.192+0000] {dag.py:4180} INFO - Setting next_dagrun for example_subdag_operator.section-2 to None, run_after=None
[2026-04-13T23:46:50.220+0000] {logging_mixin.py:190} INFO - [2026-04-13T23:46:50.220+0000] {dag.py:3239} INFO - Sync 2 DAGs
[2026-04-13T23:46:50.241+0000] {logging_mixin.py:190} INFO - [2026-04-13T23:46:50.240+0000] {dag.py:4180} INFO - Setting next_dagrun for example_subdag_operator.section-1 to None, run_after=None
[2026-04-13T23:46:50.242+0000] {logging_mixin.py:190} INFO - [2026-04-13T23:46:50.242+0000] {dag.py:4180} INFO - Setting next_dagrun for example_subdag_operator.section-2 to None, run_after=None
[2026-04-13T23:46:50.288+0000] {processor.py:208} INFO - Processing /home/airflow/.local/lib/python3.12/site-packages/airflow/example_dags/example_subdag_operator.py took 0.368 seconds
