[2026-04-13T23:44:45.576+0000] {processor.py:186} INFO - Started process (PID=147) to work on /home/airflow/.local/lib/python3.12/site-packages/airflow/example_dags/example_branch_day_of_week_operator.py
[2026-04-13T23:44:45.578+0000] {processor.py:914} INFO - Processing file /home/airflow/.local/lib/python3.12/site-packages/airflow/example_dags/example_branch_day_of_week_operator.py for tasks to queue
[2026-04-13T23:44:45.590+0000] {logging_mixin.py:190} INFO - [2026-04-13T23:44:45.587+0000] {dagbag.py:588} INFO - Filling up the DagBag from /home/airflow/.local/lib/python3.12/site-packages/airflow/example_dags/example_branch_day_of_week_operator.py
[2026-04-13T23:44:45.630+0000] {processor.py:925} INFO - DAG(s) 'example_weekday_branch_operator' retrieved from /home/airflow/.local/lib/python3.12/site-packages/airflow/example_dags/example_branch_day_of_week_operator.py
[2026-04-13T23:44:46.085+0000] {logging_mixin.py:190} INFO - [2026-04-13T23:44:46.084+0000] {override.py:1912} INFO - Created Permission View: can read on DAG:example_weekday_branch_operator
[2026-04-13T23:44:46.120+0000] {logging_mixin.py:190} INFO - [2026-04-13T23:44:46.119+0000] {override.py:1912} INFO - Created Permission View: can edit on DAG:example_weekday_branch_operator
[2026-04-13T23:44:46.149+0000] {logging_mixin.py:190} INFO - [2026-04-13T23:44:46.148+0000] {override.py:1912} INFO - Created Permission View: can delete on DAG:example_weekday_branch_operator
[2026-04-13T23:44:46.174+0000] {logging_mixin.py:190} INFO - [2026-04-13T23:44:46.173+0000] {override.py:1912} INFO - Created Permission View: menu access on DAG Run:example_weekday_branch_operator
[2026-04-13T23:44:46.195+0000] {logging_mixin.py:190} INFO - [2026-04-13T23:44:46.195+0000] {override.py:1912} INFO - Created Permission View: can read on DAG Run:example_weekday_branch_operator
[2026-04-13T23:44:46.219+0000] {logging_mixin.py:190} INFO - [2026-04-13T23:44:46.218+0000] {override.py:1912} INFO - Created Permission View: can delete on DAG Run:example_weekday_branch_operator
[2026-04-13T23:44:46.239+0000] {logging_mixin.py:190} INFO - [2026-04-13T23:44:46.238+0000] {override.py:1912} INFO - Created Permission View: can create on DAG Run:example_weekday_branch_operator
[2026-04-13T23:44:46.241+0000] {logging_mixin.py:190} INFO - [2026-04-13T23:44:46.240+0000] {dag.py:3239} INFO - Sync 1 DAGs
[2026-04-13T23:44:46.290+0000] {logging_mixin.py:190} INFO - [2026-04-13T23:44:46.289+0000] {dag.py:3262} INFO - Creating ORM DAG for example_weekday_branch_operator
[2026-04-13T23:44:46.333+0000] {logging_mixin.py:190} INFO - [2026-04-13T23:44:46.333+0000] {dag.py:4180} INFO - Setting next_dagrun for example_weekday_branch_operator to 2026-04-12 00:00:00+00:00, run_after=2026-04-13 00:00:00+00:00
[2026-04-13T23:44:46.381+0000] {processor.py:208} INFO - Processing /home/airflow/.local/lib/python3.12/site-packages/airflow/example_dags/example_branch_day_of_week_operator.py took 0.825 seconds
[2026-04-13T23:45:18.930+0000] {processor.py:186} INFO - Started process (PID=213) to work on /home/airflow/.local/lib/python3.12/site-packages/airflow/example_dags/example_branch_day_of_week_operator.py
[2026-04-13T23:45:18.933+0000] {processor.py:914} INFO - Processing file /home/airflow/.local/lib/python3.12/site-packages/airflow/example_dags/example_branch_day_of_week_operator.py for tasks to queue
[2026-04-13T23:45:18.946+0000] {logging_mixin.py:190} INFO - [2026-04-13T23:45:18.945+0000] {dagbag.py:588} INFO - Filling up the DagBag from /home/airflow/.local/lib/python3.12/site-packages/airflow/example_dags/example_branch_day_of_week_operator.py
[2026-04-13T23:45:18.989+0000] {processor.py:925} INFO - DAG(s) 'example_weekday_branch_operator' retrieved from /home/airflow/.local/lib/python3.12/site-packages/airflow/example_dags/example_branch_day_of_week_operator.py
[2026-04-13T23:45:19.056+0000] {logging_mixin.py:190} INFO - [2026-04-13T23:45:19.054+0000] {dag.py:3239} INFO - Sync 1 DAGs
[2026-04-13T23:45:19.162+0000] {logging_mixin.py:190} INFO - [2026-04-13T23:45:19.161+0000] {dag.py:4180} INFO - Setting next_dagrun for example_weekday_branch_operator to 2026-04-12 00:00:00+00:00, run_after=2026-04-13 00:00:00+00:00
[2026-04-13T23:45:19.301+0000] {processor.py:208} INFO - Processing /home/airflow/.local/lib/python3.12/site-packages/airflow/example_dags/example_branch_day_of_week_operator.py took 0.389 seconds
[2026-04-13T23:45:51.945+0000] {processor.py:186} INFO - Started process (PID=277) to work on /home/airflow/.local/lib/python3.12/site-packages/airflow/example_dags/example_branch_day_of_week_operator.py
[2026-04-13T23:45:51.955+0000] {processor.py:914} INFO - Processing file /home/airflow/.local/lib/python3.12/site-packages/airflow/example_dags/example_branch_day_of_week_operator.py for tasks to queue
[2026-04-13T23:45:51.972+0000] {logging_mixin.py:190} INFO - [2026-04-13T23:45:51.964+0000] {dagbag.py:588} INFO - Filling up the DagBag from /home/airflow/.local/lib/python3.12/site-packages/airflow/example_dags/example_branch_day_of_week_operator.py
[2026-04-13T23:45:52.031+0000] {processor.py:925} INFO - DAG(s) 'example_weekday_branch_operator' retrieved from /home/airflow/.local/lib/python3.12/site-packages/airflow/example_dags/example_branch_day_of_week_operator.py
[2026-04-13T23:45:52.151+0000] {logging_mixin.py:190} INFO - [2026-04-13T23:45:52.150+0000] {dag.py:3239} INFO - Sync 1 DAGs
[2026-04-13T23:45:52.592+0000] {logging_mixin.py:190} INFO - [2026-04-13T23:45:52.591+0000] {dag.py:4180} INFO - Setting next_dagrun for example_weekday_branch_operator to 2026-04-12 00:00:00+00:00, run_after=2026-04-13 00:00:00+00:00
[2026-04-13T23:45:53.040+0000] {processor.py:208} INFO - Processing /home/airflow/.local/lib/python3.12/site-packages/airflow/example_dags/example_branch_day_of_week_operator.py took 1.123 seconds
[2026-04-13T23:46:25.933+0000] {processor.py:186} INFO - Started process (PID=343) to work on /home/airflow/.local/lib/python3.12/site-packages/airflow/example_dags/example_branch_day_of_week_operator.py
[2026-04-13T23:46:25.935+0000] {processor.py:914} INFO - Processing file /home/airflow/.local/lib/python3.12/site-packages/airflow/example_dags/example_branch_day_of_week_operator.py for tasks to queue
[2026-04-13T23:46:25.943+0000] {logging_mixin.py:190} INFO - [2026-04-13T23:46:25.942+0000] {dagbag.py:588} INFO - Filling up the DagBag from /home/airflow/.local/lib/python3.12/site-packages/airflow/example_dags/example_branch_day_of_week_operator.py
[2026-04-13T23:46:25.977+0000] {processor.py:925} INFO - DAG(s) 'example_weekday_branch_operator' retrieved from /home/airflow/.local/lib/python3.12/site-packages/airflow/example_dags/example_branch_day_of_week_operator.py
[2026-04-13T23:46:26.056+0000] {logging_mixin.py:190} INFO - [2026-04-13T23:46:26.055+0000] {dag.py:3239} INFO - Sync 1 DAGs
[2026-04-13T23:46:26.145+0000] {logging_mixin.py:190} INFO - [2026-04-13T23:46:26.144+0000] {dag.py:4180} INFO - Setting next_dagrun for example_weekday_branch_operator to 2026-04-12 00:00:00+00:00, run_after=2026-04-13 00:00:00+00:00
[2026-04-13T23:46:26.226+0000] {processor.py:208} INFO - Processing /home/airflow/.local/lib/python3.12/site-packages/airflow/example_dags/example_branch_day_of_week_operator.py took 0.310 seconds
[2026-04-13T23:47:03.030+0000] {processor.py:186} INFO - Started process (PID=408) to work on /home/airflow/.local/lib/python3.12/site-packages/airflow/example_dags/example_branch_day_of_week_operator.py
[2026-04-13T23:47:03.032+0000] {processor.py:914} INFO - Processing file /home/airflow/.local/lib/python3.12/site-packages/airflow/example_dags/example_branch_day_of_week_operator.py for tasks to queue
[2026-04-13T23:47:03.039+0000] {logging_mixin.py:190} INFO - [2026-04-13T23:47:03.039+0000] {dagbag.py:588} INFO - Filling up the DagBag from /home/airflow/.local/lib/python3.12/site-packages/airflow/example_dags/example_branch_day_of_week_operator.py
[2026-04-13T23:47:03.060+0000] {processor.py:925} INFO - DAG(s) 'example_weekday_branch_operator' retrieved from /home/airflow/.local/lib/python3.12/site-packages/airflow/example_dags/example_branch_day_of_week_operator.py
[2026-04-13T23:47:03.094+0000] {logging_mixin.py:190} INFO - [2026-04-13T23:47:03.094+0000] {dag.py:3239} INFO - Sync 1 DAGs
[2026-04-13T23:47:03.140+0000] {logging_mixin.py:190} INFO - [2026-04-13T23:47:03.140+0000] {dag.py:4180} INFO - Setting next_dagrun for example_weekday_branch_operator to 2026-04-12 00:00:00+00:00, run_after=2026-04-13 00:00:00+00:00
[2026-04-13T23:47:03.177+0000] {processor.py:208} INFO - Processing /home/airflow/.local/lib/python3.12/site-packages/airflow/example_dags/example_branch_day_of_week_operator.py took 0.156 seconds
[2026-04-13T23:47:43.378+0000] {processor.py:186} INFO - Started process (PID=472) to work on /home/airflow/.local/lib/python3.12/site-packages/airflow/example_dags/example_branch_day_of_week_operator.py
[2026-04-13T23:47:43.380+0000] {processor.py:914} INFO - Processing file /home/airflow/.local/lib/python3.12/site-packages/airflow/example_dags/example_branch_day_of_week_operator.py for tasks to queue
[2026-04-13T23:47:43.383+0000] {logging_mixin.py:190} INFO - [2026-04-13T23:47:43.383+0000] {dagbag.py:588} INFO - Filling up the DagBag from /home/airflow/.local/lib/python3.12/site-packages/airflow/example_dags/example_branch_day_of_week_operator.py
[2026-04-13T23:47:43.402+0000] {processor.py:925} INFO - DAG(s) 'example_weekday_branch_operator' retrieved from /home/airflow/.local/lib/python3.12/site-packages/airflow/example_dags/example_branch_day_of_week_operator.py
[2026-04-13T23:47:43.432+0000] {logging_mixin.py:190} INFO - [2026-04-13T23:47:43.432+0000] {dag.py:3239} INFO - Sync 1 DAGs
[2026-04-13T23:47:43.483+0000] {logging_mixin.py:190} INFO - [2026-04-13T23:47:43.482+0000] {dag.py:4180} INFO - Setting next_dagrun for example_weekday_branch_operator to 2026-04-12 00:00:00+00:00, run_after=2026-04-13 00:00:00+00:00
[2026-04-13T23:47:43.530+0000] {processor.py:208} INFO - Processing /home/airflow/.local/lib/python3.12/site-packages/airflow/example_dags/example_branch_day_of_week_operator.py took 0.162 seconds
[2026-04-13T23:48:15.875+0000] {processor.py:186} INFO - Started process (PID=536) to work on /home/airflow/.local/lib/python3.12/site-packages/airflow/example_dags/example_branch_day_of_week_operator.py
[2026-04-13T23:48:15.877+0000] {processor.py:914} INFO - Processing file /home/airflow/.local/lib/python3.12/site-packages/airflow/example_dags/example_branch_day_of_week_operator.py for tasks to queue
[2026-04-13T23:48:15.885+0000] {logging_mixin.py:190} INFO - [2026-04-13T23:48:15.884+0000] {dagbag.py:588} INFO - Filling up the DagBag from /home/airflow/.local/lib/python3.12/site-packages/airflow/example_dags/example_branch_day_of_week_operator.py
[2026-04-13T23:48:15.905+0000] {processor.py:925} INFO - DAG(s) 'example_weekday_branch_operator' retrieved from /home/airflow/.local/lib/python3.12/site-packages/airflow/example_dags/example_branch_day_of_week_operator.py
[2026-04-13T23:48:15.949+0000] {logging_mixin.py:190} INFO - [2026-04-13T23:48:15.948+0000] {dag.py:3239} INFO - Sync 1 DAGs
[2026-04-13T23:48:15.996+0000] {logging_mixin.py:190} INFO - [2026-04-13T23:48:15.995+0000] {dag.py:4180} INFO - Setting next_dagrun for example_weekday_branch_operator to 2026-04-12 00:00:00+00:00, run_after=2026-04-13 00:00:00+00:00
[2026-04-13T23:48:16.027+0000] {processor.py:208} INFO - Processing /home/airflow/.local/lib/python3.12/site-packages/airflow/example_dags/example_branch_day_of_week_operator.py took 0.161 seconds
[2026-04-13T23:48:50.813+0000] {processor.py:186} INFO - Started process (PID=606) to work on /home/airflow/.local/lib/python3.12/site-packages/airflow/example_dags/example_branch_day_of_week_operator.py
[2026-04-13T23:48:50.815+0000] {processor.py:914} INFO - Processing file /home/airflow/.local/lib/python3.12/site-packages/airflow/example_dags/example_branch_day_of_week_operator.py for tasks to queue
[2026-04-13T23:48:50.821+0000] {logging_mixin.py:190} INFO - [2026-04-13T23:48:50.820+0000] {dagbag.py:588} INFO - Filling up the DagBag from /home/airflow/.local/lib/python3.12/site-packages/airflow/example_dags/example_branch_day_of_week_operator.py
[2026-04-13T23:48:50.844+0000] {processor.py:925} INFO - DAG(s) 'example_weekday_branch_operator' retrieved from /home/airflow/.local/lib/python3.12/site-packages/airflow/example_dags/example_branch_day_of_week_operator.py
[2026-04-13T23:48:50.883+0000] {logging_mixin.py:190} INFO - [2026-04-13T23:48:50.882+0000] {dag.py:3239} INFO - Sync 1 DAGs
[2026-04-13T23:48:50.933+0000] {logging_mixin.py:190} INFO - [2026-04-13T23:48:50.933+0000] {dag.py:4180} INFO - Setting next_dagrun for example_weekday_branch_operator to 2026-04-12 00:00:00+00:00, run_after=2026-04-13 00:00:00+00:00
[2026-04-13T23:48:50.971+0000] {processor.py:208} INFO - Processing /home/airflow/.local/lib/python3.12/site-packages/airflow/example_dags/example_branch_day_of_week_operator.py took 0.170 seconds
[2026-04-13T23:49:26.199+0000] {processor.py:186} INFO - Started process (PID=670) to work on /home/airflow/.local/lib/python3.12/site-packages/airflow/example_dags/example_branch_day_of_week_operator.py
[2026-04-13T23:49:26.201+0000] {processor.py:914} INFO - Processing file /home/airflow/.local/lib/python3.12/site-packages/airflow/example_dags/example_branch_day_of_week_operator.py for tasks to queue
[2026-04-13T23:49:26.208+0000] {logging_mixin.py:190} INFO - [2026-04-13T23:49:26.207+0000] {dagbag.py:588} INFO - Filling up the DagBag from /home/airflow/.local/lib/python3.12/site-packages/airflow/example_dags/example_branch_day_of_week_operator.py
[2026-04-13T23:49:26.234+0000] {processor.py:925} INFO - DAG(s) 'example_weekday_branch_operator' retrieved from /home/airflow/.local/lib/python3.12/site-packages/airflow/example_dags/example_branch_day_of_week_operator.py
[2026-04-13T23:49:26.283+0000] {logging_mixin.py:190} INFO - [2026-04-13T23:49:26.282+0000] {dag.py:3239} INFO - Sync 1 DAGs
[2026-04-13T23:49:26.375+0000] {logging_mixin.py:190} INFO - [2026-04-13T23:49:26.375+0000] {dag.py:4180} INFO - Setting next_dagrun for example_weekday_branch_operator to 2026-04-12 00:00:00+00:00, run_after=2026-04-13 00:00:00+00:00
[2026-04-13T23:49:26.430+0000] {processor.py:208} INFO - Processing /home/airflow/.local/lib/python3.12/site-packages/airflow/example_dags/example_branch_day_of_week_operator.py took 0.245 seconds
[2026-04-13T23:50:02.707+0000] {processor.py:186} INFO - Started process (PID=748) to work on /home/airflow/.local/lib/python3.12/site-packages/airflow/example_dags/example_branch_day_of_week_operator.py
[2026-04-13T23:50:02.709+0000] {processor.py:914} INFO - Processing file /home/airflow/.local/lib/python3.12/site-packages/airflow/example_dags/example_branch_day_of_week_operator.py for tasks to queue
[2026-04-13T23:50:02.713+0000] {logging_mixin.py:190} INFO - [2026-04-13T23:50:02.712+0000] {dagbag.py:588} INFO - Filling up the DagBag from /home/airflow/.local/lib/python3.12/site-packages/airflow/example_dags/example_branch_day_of_week_operator.py
[2026-04-13T23:50:02.730+0000] {processor.py:925} INFO - DAG(s) 'example_weekday_branch_operator' retrieved from /home/airflow/.local/lib/python3.12/site-packages/airflow/example_dags/example_branch_day_of_week_operator.py
[2026-04-13T23:50:02.767+0000] {logging_mixin.py:190} INFO - [2026-04-13T23:50:02.766+0000] {dag.py:3239} INFO - Sync 1 DAGs
[2026-04-13T23:50:02.815+0000] {logging_mixin.py:190} INFO - [2026-04-13T23:50:02.814+0000] {dag.py:4180} INFO - Setting next_dagrun for example_weekday_branch_operator to 2026-04-12 00:00:00+00:00, run_after=2026-04-13 00:00:00+00:00
[2026-04-13T23:50:02.844+0000] {processor.py:208} INFO - Processing /home/airflow/.local/lib/python3.12/site-packages/airflow/example_dags/example_branch_day_of_week_operator.py took 0.146 seconds
[2026-04-13T23:50:44.015+0000] {processor.py:186} INFO - Started process (PID=819) to work on /home/airflow/.local/lib/python3.12/site-packages/airflow/example_dags/example_branch_day_of_week_operator.py
[2026-04-13T23:50:44.017+0000] {processor.py:914} INFO - Processing file /home/airflow/.local/lib/python3.12/site-packages/airflow/example_dags/example_branch_day_of_week_operator.py for tasks to queue
[2026-04-13T23:50:44.022+0000] {logging_mixin.py:190} INFO - [2026-04-13T23:50:44.021+0000] {dagbag.py:588} INFO - Filling up the DagBag from /home/airflow/.local/lib/python3.12/site-packages/airflow/example_dags/example_branch_day_of_week_operator.py
[2026-04-13T23:50:44.045+0000] {processor.py:925} INFO - DAG(s) 'example_weekday_branch_operator' retrieved from /home/airflow/.local/lib/python3.12/site-packages/airflow/example_dags/example_branch_day_of_week_operator.py
[2026-04-13T23:50:44.086+0000] {logging_mixin.py:190} INFO - [2026-04-13T23:50:44.085+0000] {dag.py:3239} INFO - Sync 1 DAGs
[2026-04-13T23:50:44.142+0000] {logging_mixin.py:190} INFO - [2026-04-13T23:50:44.141+0000] {dag.py:4180} INFO - Setting next_dagrun for example_weekday_branch_operator to 2026-04-12 00:00:00+00:00, run_after=2026-04-13 00:00:00+00:00
[2026-04-13T23:50:44.186+0000] {processor.py:208} INFO - Processing /home/airflow/.local/lib/python3.12/site-packages/airflow/example_dags/example_branch_day_of_week_operator.py took 0.182 seconds
[2026-04-13T23:51:16.904+0000] {processor.py:186} INFO - Started process (PID=886) to work on /home/airflow/.local/lib/python3.12/site-packages/airflow/example_dags/example_branch_day_of_week_operator.py
[2026-04-13T23:51:16.907+0000] {processor.py:914} INFO - Processing file /home/airflow/.local/lib/python3.12/site-packages/airflow/example_dags/example_branch_day_of_week_operator.py for tasks to queue
[2026-04-13T23:51:16.913+0000] {logging_mixin.py:190} INFO - [2026-04-13T23:51:16.912+0000] {dagbag.py:588} INFO - Filling up the DagBag from /home/airflow/.local/lib/python3.12/site-packages/airflow/example_dags/example_branch_day_of_week_operator.py
[2026-04-13T23:51:16.942+0000] {processor.py:925} INFO - DAG(s) 'example_weekday_branch_operator' retrieved from /home/airflow/.local/lib/python3.12/site-packages/airflow/example_dags/example_branch_day_of_week_operator.py
[2026-04-13T23:51:17.006+0000] {logging_mixin.py:190} INFO - [2026-04-13T23:51:17.005+0000] {dag.py:3239} INFO - Sync 1 DAGs
[2026-04-13T23:51:17.088+0000] {logging_mixin.py:190} INFO - [2026-04-13T23:51:17.088+0000] {dag.py:4180} INFO - Setting next_dagrun for example_weekday_branch_operator to 2026-04-12 00:00:00+00:00, run_after=2026-04-13 00:00:00+00:00
[2026-04-13T23:51:17.143+0000] {processor.py:208} INFO - Processing /home/airflow/.local/lib/python3.12/site-packages/airflow/example_dags/example_branch_day_of_week_operator.py took 0.253 seconds
[2026-04-13T23:51:47.587+0000] {processor.py:186} INFO - Started process (PID=950) to work on /home/airflow/.local/lib/python3.12/site-packages/airflow/example_dags/example_branch_day_of_week_operator.py
[2026-04-13T23:51:47.589+0000] {processor.py:914} INFO - Processing file /home/airflow/.local/lib/python3.12/site-packages/airflow/example_dags/example_branch_day_of_week_operator.py for tasks to queue
[2026-04-13T23:51:47.593+0000] {logging_mixin.py:190} INFO - [2026-04-13T23:51:47.593+0000] {dagbag.py:588} INFO - Filling up the DagBag from /home/airflow/.local/lib/python3.12/site-packages/airflow/example_dags/example_branch_day_of_week_operator.py
[2026-04-13T23:51:47.615+0000] {processor.py:925} INFO - DAG(s) 'example_weekday_branch_operator' retrieved from /home/airflow/.local/lib/python3.12/site-packages/airflow/example_dags/example_branch_day_of_week_operator.py
[2026-04-13T23:51:47.664+0000] {logging_mixin.py:190} INFO - [2026-04-13T23:51:47.663+0000] {dag.py:3239} INFO - Sync 1 DAGs
[2026-04-13T23:51:47.755+0000] {logging_mixin.py:190} INFO - [2026-04-13T23:51:47.754+0000] {dag.py:4180} INFO - Setting next_dagrun for example_weekday_branch_operator to 2026-04-12 00:00:00+00:00, run_after=2026-04-13 00:00:00+00:00
[2026-04-13T23:51:47.798+0000] {processor.py:208} INFO - Processing /home/airflow/.local/lib/python3.12/site-packages/airflow/example_dags/example_branch_day_of_week_operator.py took 0.224 seconds
[2026-04-13T23:52:18.788+0000] {processor.py:186} INFO - Started process (PID=1014) to work on /home/airflow/.local/lib/python3.12/site-packages/airflow/example_dags/example_branch_day_of_week_operator.py
[2026-04-13T23:52:18.789+0000] {processor.py:914} INFO - Processing file /home/airflow/.local/lib/python3.12/site-packages/airflow/example_dags/example_branch_day_of_week_operator.py for tasks to queue
[2026-04-13T23:52:18.793+0000] {logging_mixin.py:190} INFO - [2026-04-13T23:52:18.793+0000] {dagbag.py:588} INFO - Filling up the DagBag from /home/airflow/.local/lib/python3.12/site-packages/airflow/example_dags/example_branch_day_of_week_operator.py
[2026-04-13T23:52:18.811+0000] {processor.py:925} INFO - DAG(s) 'example_weekday_branch_operator' retrieved from /home/airflow/.local/lib/python3.12/site-packages/airflow/example_dags/example_branch_day_of_week_operator.py
[2026-04-13T23:52:18.840+0000] {logging_mixin.py:190} INFO - [2026-04-13T23:52:18.840+0000] {dag.py:3239} INFO - Sync 1 DAGs
[2026-04-13T23:52:18.883+0000] {logging_mixin.py:190} INFO - [2026-04-13T23:52:18.882+0000] {dag.py:4180} INFO - Setting next_dagrun for example_weekday_branch_operator to 2026-04-12 00:00:00+00:00, run_after=2026-04-13 00:00:00+00:00
[2026-04-13T23:52:18.910+0000] {processor.py:208} INFO - Processing /home/airflow/.local/lib/python3.12/site-packages/airflow/example_dags/example_branch_day_of_week_operator.py took 0.132 seconds
[2026-04-13T23:52:52.320+0000] {processor.py:186} INFO - Started process (PID=1084) to work on /home/airflow/.local/lib/python3.12/site-packages/airflow/example_dags/example_branch_day_of_week_operator.py
[2026-04-13T23:52:52.322+0000] {processor.py:914} INFO - Processing file /home/airflow/.local/lib/python3.12/site-packages/airflow/example_dags/example_branch_day_of_week_operator.py for tasks to queue
[2026-04-13T23:52:52.327+0000] {logging_mixin.py:190} INFO - [2026-04-13T23:52:52.326+0000] {dagbag.py:588} INFO - Filling up the DagBag from /home/airflow/.local/lib/python3.12/site-packages/airflow/example_dags/example_branch_day_of_week_operator.py
[2026-04-13T23:52:52.356+0000] {processor.py:925} INFO - DAG(s) 'example_weekday_branch_operator' retrieved from /home/airflow/.local/lib/python3.12/site-packages/airflow/example_dags/example_branch_day_of_week_operator.py
[2026-04-13T23:52:52.397+0000] {logging_mixin.py:190} INFO - [2026-04-13T23:52:52.396+0000] {dag.py:3239} INFO - Sync 1 DAGs
[2026-04-13T23:52:52.468+0000] {logging_mixin.py:190} INFO - [2026-04-13T23:52:52.467+0000] {dag.py:4180} INFO - Setting next_dagrun for example_weekday_branch_operator to 2026-04-12 00:00:00+00:00, run_after=2026-04-13 00:00:00+00:00
[2026-04-13T23:52:52.512+0000] {processor.py:208} INFO - Processing /home/airflow/.local/lib/python3.12/site-packages/airflow/example_dags/example_branch_day_of_week_operator.py took 0.204 seconds
[2026-04-13T23:53:23.089+0000] {processor.py:186} INFO - Started process (PID=1147) to work on /home/airflow/.local/lib/python3.12/site-packages/airflow/example_dags/example_branch_day_of_week_operator.py
[2026-04-13T23:53:23.090+0000] {processor.py:914} INFO - Processing file /home/airflow/.local/lib/python3.12/site-packages/airflow/example_dags/example_branch_day_of_week_operator.py for tasks to queue
[2026-04-13T23:53:23.094+0000] {logging_mixin.py:190} INFO - [2026-04-13T23:53:23.093+0000] {dagbag.py:588} INFO - Filling up the DagBag from /home/airflow/.local/lib/python3.12/site-packages/airflow/example_dags/example_branch_day_of_week_operator.py
[2026-04-13T23:53:23.110+0000] {processor.py:925} INFO - DAG(s) 'example_weekday_branch_operator' retrieved from /home/airflow/.local/lib/python3.12/site-packages/airflow/example_dags/example_branch_day_of_week_operator.py
[2026-04-13T23:53:23.145+0000] {logging_mixin.py:190} INFO - [2026-04-13T23:53:23.144+0000] {dag.py:3239} INFO - Sync 1 DAGs
[2026-04-13T23:53:23.189+0000] {logging_mixin.py:190} INFO - [2026-04-13T23:53:23.189+0000] {dag.py:4180} INFO - Setting next_dagrun for example_weekday_branch_operator to 2026-04-12 00:00:00+00:00, run_after=2026-04-13 00:00:00+00:00
[2026-04-13T23:53:23.221+0000] {processor.py:208} INFO - Processing /home/airflow/.local/lib/python3.12/site-packages/airflow/example_dags/example_branch_day_of_week_operator.py took 0.142 seconds
