[2026-04-13T23:44:44.093+0000] {processor.py:186} INFO - Started process (PID=142) to work on /home/airflow/.local/lib/python3.12/site-packages/airflow/example_dags/example_branch_operator.py
[2026-04-13T23:44:44.094+0000] {processor.py:914} INFO - Processing file /home/airflow/.local/lib/python3.12/site-packages/airflow/example_dags/example_branch_operator.py for tasks to queue
[2026-04-13T23:44:44.100+0000] {logging_mixin.py:190} INFO - [2026-04-13T23:44:44.099+0000] {dagbag.py:588} INFO - Filling up the DagBag from /home/airflow/.local/lib/python3.12/site-packages/airflow/example_dags/example_branch_operator.py
[2026-04-13T23:44:44.145+0000] {processor.py:925} INFO - DAG(s) 'example_branch_operator' retrieved from /home/airflow/.local/lib/python3.12/site-packages/airflow/example_dags/example_branch_operator.py
[2026-04-13T23:44:44.385+0000] {logging_mixin.py:190} INFO - [2026-04-13T23:44:44.384+0000] {override.py:1912} INFO - Created Permission View: can read on DAG:example_branch_operator
[2026-04-13T23:44:44.400+0000] {logging_mixin.py:190} INFO - [2026-04-13T23:44:44.399+0000] {override.py:1912} INFO - Created Permission View: can edit on DAG:example_branch_operator
[2026-04-13T23:44:44.415+0000] {logging_mixin.py:190} INFO - [2026-04-13T23:44:44.414+0000] {override.py:1912} INFO - Created Permission View: can delete on DAG:example_branch_operator
[2026-04-13T23:44:44.435+0000] {logging_mixin.py:190} INFO - [2026-04-13T23:44:44.434+0000] {override.py:1912} INFO - Created Permission View: menu access on DAG Run:example_branch_operator
[2026-04-13T23:44:44.460+0000] {logging_mixin.py:190} INFO - [2026-04-13T23:44:44.459+0000] {override.py:1912} INFO - Created Permission View: can read on DAG Run:example_branch_operator
[2026-04-13T23:44:44.474+0000] {logging_mixin.py:190} INFO - [2026-04-13T23:44:44.473+0000] {override.py:1912} INFO - Created Permission View: can delete on DAG Run:example_branch_operator
[2026-04-13T23:44:44.495+0000] {logging_mixin.py:190} INFO - [2026-04-13T23:44:44.494+0000] {override.py:1912} INFO - Created Permission View: can create on DAG Run:example_branch_operator
[2026-04-13T23:44:44.497+0000] {logging_mixin.py:190} INFO - [2026-04-13T23:44:44.496+0000] {dag.py:3239} INFO - Sync 1 DAGs
[2026-04-13T23:44:44.527+0000] {logging_mixin.py:190} INFO - [2026-04-13T23:44:44.527+0000] {dag.py:3262} INFO - Creating ORM DAG for example_branch_operator
[2026-04-13T23:44:44.555+0000] {logging_mixin.py:190} INFO - [2026-04-13T23:44:44.554+0000] {dag.py:4180} INFO - Setting next_dagrun for example_branch_operator to 2026-04-12 00:00:00+00:00, run_after=2026-04-13 00:00:00+00:00
[2026-04-13T23:44:44.667+0000] {processor.py:208} INFO - Processing /home/airflow/.local/lib/python3.12/site-packages/airflow/example_dags/example_branch_operator.py took 0.588 seconds
[2026-04-13T23:45:17.986+0000] {processor.py:186} INFO - Started process (PID=209) to work on /home/airflow/.local/lib/python3.12/site-packages/airflow/example_dags/example_branch_operator.py
[2026-04-13T23:45:17.988+0000] {processor.py:914} INFO - Processing file /home/airflow/.local/lib/python3.12/site-packages/airflow/example_dags/example_branch_operator.py for tasks to queue
[2026-04-13T23:45:17.998+0000] {logging_mixin.py:190} INFO - [2026-04-13T23:45:17.996+0000] {dagbag.py:588} INFO - Filling up the DagBag from /home/airflow/.local/lib/python3.12/site-packages/airflow/example_dags/example_branch_operator.py
[2026-04-13T23:45:18.059+0000] {processor.py:925} INFO - DAG(s) 'example_branch_operator' retrieved from /home/airflow/.local/lib/python3.12/site-packages/airflow/example_dags/example_branch_operator.py
[2026-04-13T23:45:18.177+0000] {logging_mixin.py:190} INFO - [2026-04-13T23:45:18.176+0000] {dag.py:3239} INFO - Sync 1 DAGs
[2026-04-13T23:45:18.327+0000] {logging_mixin.py:190} INFO - [2026-04-13T23:45:18.327+0000] {dag.py:4180} INFO - Setting next_dagrun for example_branch_operator to 2026-04-12 00:00:00+00:00, run_after=2026-04-13 00:00:00+00:00
[2026-04-13T23:45:18.431+0000] {processor.py:208} INFO - Processing /home/airflow/.local/lib/python3.12/site-packages/airflow/example_dags/example_branch_operator.py took 0.472 seconds
[2026-04-13T23:45:50.162+0000] {processor.py:186} INFO - Started process (PID=273) to work on /home/airflow/.local/lib/python3.12/site-packages/airflow/example_dags/example_branch_operator.py
[2026-04-13T23:45:50.170+0000] {processor.py:914} INFO - Processing file /home/airflow/.local/lib/python3.12/site-packages/airflow/example_dags/example_branch_operator.py for tasks to queue
[2026-04-13T23:45:50.187+0000] {logging_mixin.py:190} INFO - [2026-04-13T23:45:50.185+0000] {dagbag.py:588} INFO - Filling up the DagBag from /home/airflow/.local/lib/python3.12/site-packages/airflow/example_dags/example_branch_operator.py
[2026-04-13T23:45:50.307+0000] {processor.py:925} INFO - DAG(s) 'example_branch_operator' retrieved from /home/airflow/.local/lib/python3.12/site-packages/airflow/example_dags/example_branch_operator.py
[2026-04-13T23:45:50.463+0000] {logging_mixin.py:190} INFO - [2026-04-13T23:45:50.462+0000] {dag.py:3239} INFO - Sync 1 DAGs
[2026-04-13T23:45:50.624+0000] {logging_mixin.py:190} INFO - [2026-04-13T23:45:50.624+0000] {dag.py:4180} INFO - Setting next_dagrun for example_branch_operator to 2026-04-12 00:00:00+00:00, run_after=2026-04-13 00:00:00+00:00
[2026-04-13T23:45:50.811+0000] {processor.py:208} INFO - Processing /home/airflow/.local/lib/python3.12/site-packages/airflow/example_dags/example_branch_operator.py took 0.684 seconds
[2026-04-13T23:46:25.171+0000] {processor.py:186} INFO - Started process (PID=337) to work on /home/airflow/.local/lib/python3.12/site-packages/airflow/example_dags/example_branch_operator.py
[2026-04-13T23:46:25.173+0000] {processor.py:914} INFO - Processing file /home/airflow/.local/lib/python3.12/site-packages/airflow/example_dags/example_branch_operator.py for tasks to queue
[2026-04-13T23:46:25.178+0000] {logging_mixin.py:190} INFO - [2026-04-13T23:46:25.178+0000] {dagbag.py:588} INFO - Filling up the DagBag from /home/airflow/.local/lib/python3.12/site-packages/airflow/example_dags/example_branch_operator.py
[2026-04-13T23:46:25.217+0000] {processor.py:925} INFO - DAG(s) 'example_branch_operator' retrieved from /home/airflow/.local/lib/python3.12/site-packages/airflow/example_dags/example_branch_operator.py
[2026-04-13T23:46:25.299+0000] {logging_mixin.py:190} INFO - [2026-04-13T23:46:25.298+0000] {dag.py:3239} INFO - Sync 1 DAGs
[2026-04-13T23:46:25.391+0000] {logging_mixin.py:190} INFO - [2026-04-13T23:46:25.390+0000] {dag.py:4180} INFO - Setting next_dagrun for example_branch_operator to 2026-04-12 00:00:00+00:00, run_after=2026-04-13 00:00:00+00:00
[2026-04-13T23:46:25.437+0000] {processor.py:208} INFO - Processing /home/airflow/.local/lib/python3.12/site-packages/airflow/example_dags/example_branch_operator.py took 0.278 seconds
