[2026-04-13T23:44:14.950+0000] {processor.py:186} INFO - Started process (PID=112) to work on /home/airflow/.local/lib/python3.12/site-packages/airflow/example_dags/example_trigger_controller_dag.py
[2026-04-13T23:44:15.015+0000] {processor.py:914} INFO - Processing file /home/airflow/.local/lib/python3.12/site-packages/airflow/example_dags/example_trigger_controller_dag.py for tasks to queue
[2026-04-13T23:44:15.065+0000] {logging_mixin.py:190} INFO - [2026-04-13T23:44:15.064+0000] {dagbag.py:588} INFO - Filling up the DagBag from /home/airflow/.local/lib/python3.12/site-packages/airflow/example_dags/example_trigger_controller_dag.py
[2026-04-13T23:44:15.091+0000] {processor.py:925} INFO - DAG(s) 'example_trigger_controller_dag' retrieved from /home/airflow/.local/lib/python3.12/site-packages/airflow/example_dags/example_trigger_controller_dag.py
[2026-04-13T23:44:15.614+0000] {logging_mixin.py:190} INFO - [2026-04-13T23:44:15.611+0000] {override.py:1912} INFO - Created Permission View: can read on DAG:example_trigger_controller_dag
[2026-04-13T23:44:15.691+0000] {logging_mixin.py:190} INFO - [2026-04-13T23:44:15.690+0000] {override.py:1912} INFO - Created Permission View: can edit on DAG:example_trigger_controller_dag
[2026-04-13T23:44:15.723+0000] {logging_mixin.py:190} INFO - [2026-04-13T23:44:15.722+0000] {override.py:1912} INFO - Created Permission View: can delete on DAG:example_trigger_controller_dag
[2026-04-13T23:44:15.753+0000] {logging_mixin.py:190} INFO - [2026-04-13T23:44:15.752+0000] {override.py:1912} INFO - Created Permission View: menu access on DAG Run:example_trigger_controller_dag
[2026-04-13T23:44:15.784+0000] {logging_mixin.py:190} INFO - [2026-04-13T23:44:15.783+0000] {override.py:1912} INFO - Created Permission View: can read on DAG Run:example_trigger_controller_dag
[2026-04-13T23:44:15.823+0000] {logging_mixin.py:190} INFO - [2026-04-13T23:44:15.822+0000] {override.py:1912} INFO - Created Permission View: can delete on DAG Run:example_trigger_controller_dag
[2026-04-13T23:44:15.865+0000] {logging_mixin.py:190} INFO - [2026-04-13T23:44:15.864+0000] {override.py:1912} INFO - Created Permission View: can create on DAG Run:example_trigger_controller_dag
[2026-04-13T23:44:15.877+0000] {logging_mixin.py:190} INFO - [2026-04-13T23:44:15.876+0000] {dag.py:3239} INFO - Sync 1 DAGs
[2026-04-13T23:44:15.940+0000] {logging_mixin.py:190} INFO - [2026-04-13T23:44:15.937+0000] {dag.py:3262} INFO - Creating ORM DAG for example_trigger_controller_dag
[2026-04-13T23:44:15.986+0000] {logging_mixin.py:190} INFO - [2026-04-13T23:44:15.985+0000] {dag.py:4180} INFO - Setting next_dagrun for example_trigger_controller_dag to 2021-01-01 00:00:00+00:00, run_after=2021-01-01 00:00:00+00:00
[2026-04-13T23:44:16.062+0000] {processor.py:208} INFO - Processing /home/airflow/.local/lib/python3.12/site-packages/airflow/example_dags/example_trigger_controller_dag.py took 1.149 seconds
[2026-04-13T23:44:51.761+0000] {processor.py:186} INFO - Started process (PID=175) to work on /home/airflow/.local/lib/python3.12/site-packages/airflow/example_dags/example_trigger_controller_dag.py
[2026-04-13T23:44:51.765+0000] {processor.py:914} INFO - Processing file /home/airflow/.local/lib/python3.12/site-packages/airflow/example_dags/example_trigger_controller_dag.py for tasks to queue
[2026-04-13T23:44:51.771+0000] {logging_mixin.py:190} INFO - [2026-04-13T23:44:51.770+0000] {dagbag.py:588} INFO - Filling up the DagBag from /home/airflow/.local/lib/python3.12/site-packages/airflow/example_dags/example_trigger_controller_dag.py
[2026-04-13T23:44:51.798+0000] {processor.py:925} INFO - DAG(s) 'example_trigger_controller_dag' retrieved from /home/airflow/.local/lib/python3.12/site-packages/airflow/example_dags/example_trigger_controller_dag.py
[2026-04-13T23:44:51.847+0000] {logging_mixin.py:190} INFO - [2026-04-13T23:44:51.847+0000] {dag.py:3239} INFO - Sync 1 DAGs
[2026-04-13T23:44:51.915+0000] {logging_mixin.py:190} INFO - [2026-04-13T23:44:51.914+0000] {dag.py:4180} INFO - Setting next_dagrun for example_trigger_controller_dag to 2021-01-01 00:00:00+00:00, run_after=2021-01-01 00:00:00+00:00
[2026-04-13T23:44:51.972+0000] {processor.py:208} INFO - Processing /home/airflow/.local/lib/python3.12/site-packages/airflow/example_dags/example_trigger_controller_dag.py took 0.229 seconds
[2026-04-13T23:45:24.432+0000] {processor.py:186} INFO - Started process (PID=239) to work on /home/airflow/.local/lib/python3.12/site-packages/airflow/example_dags/example_trigger_controller_dag.py
[2026-04-13T23:45:24.434+0000] {processor.py:914} INFO - Processing file /home/airflow/.local/lib/python3.12/site-packages/airflow/example_dags/example_trigger_controller_dag.py for tasks to queue
[2026-04-13T23:45:24.437+0000] {logging_mixin.py:190} INFO - [2026-04-13T23:45:24.437+0000] {dagbag.py:588} INFO - Filling up the DagBag from /home/airflow/.local/lib/python3.12/site-packages/airflow/example_dags/example_trigger_controller_dag.py
[2026-04-13T23:45:24.450+0000] {processor.py:925} INFO - DAG(s) 'example_trigger_controller_dag' retrieved from /home/airflow/.local/lib/python3.12/site-packages/airflow/example_dags/example_trigger_controller_dag.py
[2026-04-13T23:45:24.481+0000] {logging_mixin.py:190} INFO - [2026-04-13T23:45:24.481+0000] {dag.py:3239} INFO - Sync 1 DAGs
[2026-04-13T23:45:24.516+0000] {logging_mixin.py:190} INFO - [2026-04-13T23:45:24.516+0000] {dag.py:4180} INFO - Setting next_dagrun for example_trigger_controller_dag to 2021-01-01 00:00:00+00:00, run_after=2021-01-01 00:00:00+00:00
[2026-04-13T23:45:24.718+0000] {processor.py:208} INFO - Processing /home/airflow/.local/lib/python3.12/site-packages/airflow/example_dags/example_trigger_controller_dag.py took 0.296 seconds
[2026-04-13T23:46:15.355+0000] {processor.py:186} INFO - Started process (PID=311) to work on /home/airflow/.local/lib/python3.12/site-packages/airflow/example_dags/example_trigger_controller_dag.py
[2026-04-13T23:46:15.356+0000] {processor.py:914} INFO - Processing file /home/airflow/.local/lib/python3.12/site-packages/airflow/example_dags/example_trigger_controller_dag.py for tasks to queue
[2026-04-13T23:46:15.363+0000] {logging_mixin.py:190} INFO - [2026-04-13T23:46:15.362+0000] {dagbag.py:588} INFO - Filling up the DagBag from /home/airflow/.local/lib/python3.12/site-packages/airflow/example_dags/example_trigger_controller_dag.py
[2026-04-13T23:46:15.381+0000] {processor.py:925} INFO - DAG(s) 'example_trigger_controller_dag' retrieved from /home/airflow/.local/lib/python3.12/site-packages/airflow/example_dags/example_trigger_controller_dag.py
[2026-04-13T23:46:15.421+0000] {logging_mixin.py:190} INFO - [2026-04-13T23:46:15.420+0000] {dag.py:3239} INFO - Sync 1 DAGs
[2026-04-13T23:46:15.480+0000] {logging_mixin.py:190} INFO - [2026-04-13T23:46:15.480+0000] {dag.py:4180} INFO - Setting next_dagrun for example_trigger_controller_dag to 2021-01-01 00:00:00+00:00, run_after=2021-01-01 00:00:00+00:00
[2026-04-13T23:46:15.523+0000] {processor.py:208} INFO - Processing /home/airflow/.local/lib/python3.12/site-packages/airflow/example_dags/example_trigger_controller_dag.py took 0.182 seconds
[2026-04-13T23:46:49.726+0000] {processor.py:186} INFO - Started process (PID=373) to work on /home/airflow/.local/lib/python3.12/site-packages/airflow/example_dags/example_trigger_controller_dag.py
[2026-04-13T23:46:49.727+0000] {processor.py:914} INFO - Processing file /home/airflow/.local/lib/python3.12/site-packages/airflow/example_dags/example_trigger_controller_dag.py for tasks to queue
[2026-04-13T23:46:49.732+0000] {logging_mixin.py:190} INFO - [2026-04-13T23:46:49.731+0000] {dagbag.py:588} INFO - Filling up the DagBag from /home/airflow/.local/lib/python3.12/site-packages/airflow/example_dags/example_trigger_controller_dag.py
[2026-04-13T23:46:49.744+0000] {processor.py:925} INFO - DAG(s) 'example_trigger_controller_dag' retrieved from /home/airflow/.local/lib/python3.12/site-packages/airflow/example_dags/example_trigger_controller_dag.py
[2026-04-13T23:46:49.794+0000] {logging_mixin.py:190} INFO - [2026-04-13T23:46:49.794+0000] {dag.py:3239} INFO - Sync 1 DAGs
[2026-04-13T23:46:49.886+0000] {logging_mixin.py:190} INFO - [2026-04-13T23:46:49.881+0000] {dag.py:4180} INFO - Setting next_dagrun for example_trigger_controller_dag to 2021-01-01 00:00:00+00:00, run_after=2021-01-01 00:00:00+00:00
[2026-04-13T23:46:49.962+0000] {processor.py:208} INFO - Processing /home/airflow/.local/lib/python3.12/site-packages/airflow/example_dags/example_trigger_controller_dag.py took 0.250 seconds
