[2026-04-13T23:44:39.363+0000] {processor.py:186} INFO - Started process (PID=138) to work on /home/airflow/.local/lib/python3.12/site-packages/airflow/example_dags/example_bash_decorator.py
[2026-04-13T23:44:39.369+0000] {processor.py:914} INFO - Processing file /home/airflow/.local/lib/python3.12/site-packages/airflow/example_dags/example_bash_decorator.py for tasks to queue
[2026-04-13T23:44:39.376+0000] {logging_mixin.py:190} INFO - [2026-04-13T23:44:39.375+0000] {dagbag.py:588} INFO - Filling up the DagBag from /home/airflow/.local/lib/python3.12/site-packages/airflow/example_dags/example_bash_decorator.py
[2026-04-13T23:44:39.488+0000] {processor.py:925} INFO - DAG(s) 'example_bash_decorator' retrieved from /home/airflow/.local/lib/python3.12/site-packages/airflow/example_dags/example_bash_decorator.py
[2026-04-13T23:44:40.666+0000] {logging_mixin.py:190} INFO - [2026-04-13T23:44:40.664+0000] {override.py:1912} INFO - Created Permission View: can read on DAG:example_bash_decorator
[2026-04-13T23:44:40.751+0000] {logging_mixin.py:190} INFO - [2026-04-13T23:44:40.750+0000] {override.py:1912} INFO - Created Permission View: can edit on DAG:example_bash_decorator
[2026-04-13T23:44:40.953+0000] {logging_mixin.py:190} INFO - [2026-04-13T23:44:40.952+0000] {override.py:1912} INFO - Created Permission View: can delete on DAG:example_bash_decorator
[2026-04-13T23:44:41.107+0000] {logging_mixin.py:190} INFO - [2026-04-13T23:44:41.107+0000] {override.py:1912} INFO - Created Permission View: menu access on DAG Run:example_bash_decorator
[2026-04-13T23:44:41.193+0000] {logging_mixin.py:190} INFO - [2026-04-13T23:44:41.192+0000] {override.py:1912} INFO - Created Permission View: can read on DAG Run:example_bash_decorator
[2026-04-13T23:44:41.324+0000] {logging_mixin.py:190} INFO - [2026-04-13T23:44:41.323+0000] {override.py:1912} INFO - Created Permission View: can delete on DAG Run:example_bash_decorator
[2026-04-13T23:44:41.390+0000] {logging_mixin.py:190} INFO - [2026-04-13T23:44:41.389+0000] {override.py:1912} INFO - Created Permission View: can create on DAG Run:example_bash_decorator
[2026-04-13T23:44:41.397+0000] {logging_mixin.py:190} INFO - [2026-04-13T23:44:41.395+0000] {dag.py:3239} INFO - Sync 1 DAGs
[2026-04-13T23:44:41.483+0000] {logging_mixin.py:190} INFO - [2026-04-13T23:44:41.483+0000] {dag.py:3262} INFO - Creating ORM DAG for example_bash_decorator
[2026-04-13T23:44:41.488+0000] {logging_mixin.py:190} INFO - [2026-04-13T23:44:41.488+0000] {dag.py:4180} INFO - Setting next_dagrun for example_bash_decorator to None, run_after=None
[2026-04-13T23:44:41.589+0000] {processor.py:208} INFO - Processing /home/airflow/.local/lib/python3.12/site-packages/airflow/example_dags/example_bash_decorator.py took 2.261 seconds
[2026-04-13T23:45:12.161+0000] {processor.py:186} INFO - Started process (PID=202) to work on /home/airflow/.local/lib/python3.12/site-packages/airflow/example_dags/example_bash_decorator.py
[2026-04-13T23:45:12.163+0000] {processor.py:914} INFO - Processing file /home/airflow/.local/lib/python3.12/site-packages/airflow/example_dags/example_bash_decorator.py for tasks to queue
[2026-04-13T23:45:12.169+0000] {logging_mixin.py:190} INFO - [2026-04-13T23:45:12.168+0000] {dagbag.py:588} INFO - Filling up the DagBag from /home/airflow/.local/lib/python3.12/site-packages/airflow/example_dags/example_bash_decorator.py
[2026-04-13T23:45:12.208+0000] {processor.py:925} INFO - DAG(s) 'example_bash_decorator' retrieved from /home/airflow/.local/lib/python3.12/site-packages/airflow/example_dags/example_bash_decorator.py
[2026-04-13T23:45:12.275+0000] {logging_mixin.py:190} INFO - [2026-04-13T23:45:12.275+0000] {dag.py:3239} INFO - Sync 1 DAGs
[2026-04-13T23:45:12.366+0000] {logging_mixin.py:190} INFO - [2026-04-13T23:45:12.365+0000] {dag.py:4180} INFO - Setting next_dagrun for example_bash_decorator to None, run_after=None
[2026-04-13T23:45:12.609+0000] {processor.py:208} INFO - Processing /home/airflow/.local/lib/python3.12/site-packages/airflow/example_dags/example_bash_decorator.py took 0.459 seconds
[2026-04-13T23:45:44.385+0000] {processor.py:186} INFO - Started process (PID=266) to work on /home/airflow/.local/lib/python3.12/site-packages/airflow/example_dags/example_bash_decorator.py
[2026-04-13T23:45:44.454+0000] {processor.py:914} INFO - Processing file /home/airflow/.local/lib/python3.12/site-packages/airflow/example_dags/example_bash_decorator.py for tasks to queue
[2026-04-13T23:45:44.473+0000] {logging_mixin.py:190} INFO - [2026-04-13T23:45:44.471+0000] {dagbag.py:588} INFO - Filling up the DagBag from /home/airflow/.local/lib/python3.12/site-packages/airflow/example_dags/example_bash_decorator.py
[2026-04-13T23:45:44.535+0000] {processor.py:925} INFO - DAG(s) 'example_bash_decorator' retrieved from /home/airflow/.local/lib/python3.12/site-packages/airflow/example_dags/example_bash_decorator.py
[2026-04-13T23:45:45.049+0000] {logging_mixin.py:190} INFO - [2026-04-13T23:45:45.049+0000] {dag.py:3239} INFO - Sync 1 DAGs
[2026-04-13T23:45:45.146+0000] {logging_mixin.py:190} INFO - [2026-04-13T23:45:45.144+0000] {dag.py:4180} INFO - Setting next_dagrun for example_bash_decorator to None, run_after=None
[2026-04-13T23:45:45.271+0000] {processor.py:208} INFO - Processing /home/airflow/.local/lib/python3.12/site-packages/airflow/example_dags/example_bash_decorator.py took 0.921 seconds
[2026-04-13T23:46:23.205+0000] {processor.py:186} INFO - Started process (PID=333) to work on /home/airflow/.local/lib/python3.12/site-packages/airflow/example_dags/example_bash_decorator.py
[2026-04-13T23:46:23.208+0000] {processor.py:914} INFO - Processing file /home/airflow/.local/lib/python3.12/site-packages/airflow/example_dags/example_bash_decorator.py for tasks to queue
[2026-04-13T23:46:23.213+0000] {logging_mixin.py:190} INFO - [2026-04-13T23:46:23.213+0000] {dagbag.py:588} INFO - Filling up the DagBag from /home/airflow/.local/lib/python3.12/site-packages/airflow/example_dags/example_bash_decorator.py
[2026-04-13T23:46:23.264+0000] {processor.py:925} INFO - DAG(s) 'example_bash_decorator' retrieved from /home/airflow/.local/lib/python3.12/site-packages/airflow/example_dags/example_bash_decorator.py
[2026-04-13T23:46:23.331+0000] {logging_mixin.py:190} INFO - [2026-04-13T23:46:23.330+0000] {dag.py:3239} INFO - Sync 1 DAGs
[2026-04-13T23:46:23.374+0000] {logging_mixin.py:190} INFO - [2026-04-13T23:46:23.374+0000] {dag.py:4180} INFO - Setting next_dagrun for example_bash_decorator to None, run_after=None
[2026-04-13T23:46:23.416+0000] {processor.py:208} INFO - Processing /home/airflow/.local/lib/python3.12/site-packages/airflow/example_dags/example_bash_decorator.py took 0.222 seconds
