[2026-04-13T23:44:44.739+0000] {processor.py:186} INFO - Started process (PID=145) to work on /home/airflow/.local/lib/python3.12/site-packages/airflow/example_dags/example_complex.py
[2026-04-13T23:44:44.741+0000] {processor.py:914} INFO - Processing file /home/airflow/.local/lib/python3.12/site-packages/airflow/example_dags/example_complex.py for tasks to queue
[2026-04-13T23:44:44.752+0000] {logging_mixin.py:190} INFO - [2026-04-13T23:44:44.750+0000] {dagbag.py:588} INFO - Filling up the DagBag from /home/airflow/.local/lib/python3.12/site-packages/airflow/example_dags/example_complex.py
[2026-04-13T23:44:44.797+0000] {processor.py:925} INFO - DAG(s) 'example_complex' retrieved from /home/airflow/.local/lib/python3.12/site-packages/airflow/example_dags/example_complex.py
[2026-04-13T23:44:45.113+0000] {logging_mixin.py:190} INFO - [2026-04-13T23:44:45.111+0000] {override.py:1912} INFO - Created Permission View: can read on DAG:example_complex
[2026-04-13T23:44:45.138+0000] {logging_mixin.py:190} INFO - [2026-04-13T23:44:45.137+0000] {override.py:1912} INFO - Created Permission View: can edit on DAG:example_complex
[2026-04-13T23:44:45.160+0000] {logging_mixin.py:190} INFO - [2026-04-13T23:44:45.160+0000] {override.py:1912} INFO - Created Permission View: can delete on DAG:example_complex
[2026-04-13T23:44:45.184+0000] {logging_mixin.py:190} INFO - [2026-04-13T23:44:45.183+0000] {override.py:1912} INFO - Created Permission View: menu access on DAG Run:example_complex
[2026-04-13T23:44:45.215+0000] {logging_mixin.py:190} INFO - [2026-04-13T23:44:45.214+0000] {override.py:1912} INFO - Created Permission View: can read on DAG Run:example_complex
[2026-04-13T23:44:45.247+0000] {logging_mixin.py:190} INFO - [2026-04-13T23:44:45.246+0000] {override.py:1912} INFO - Created Permission View: can delete on DAG Run:example_complex
[2026-04-13T23:44:45.274+0000] {logging_mixin.py:190} INFO - [2026-04-13T23:44:45.272+0000] {override.py:1912} INFO - Created Permission View: can create on DAG Run:example_complex
[2026-04-13T23:44:45.276+0000] {logging_mixin.py:190} INFO - [2026-04-13T23:44:45.275+0000] {dag.py:3239} INFO - Sync 1 DAGs
[2026-04-13T23:44:45.349+0000] {logging_mixin.py:190} INFO - [2026-04-13T23:44:45.348+0000] {dag.py:3262} INFO - Creating ORM DAG for example_complex
[2026-04-13T23:44:45.352+0000] {logging_mixin.py:190} INFO - [2026-04-13T23:44:45.351+0000] {dag.py:4180} INFO - Setting next_dagrun for example_complex to None, run_after=None
[2026-04-13T23:44:45.414+0000] {processor.py:208} INFO - Processing /home/airflow/.local/lib/python3.12/site-packages/airflow/example_dags/example_complex.py took 0.688 seconds
[2026-04-13T23:45:18.541+0000] {processor.py:186} INFO - Started process (PID=211) to work on /home/airflow/.local/lib/python3.12/site-packages/airflow/example_dags/example_complex.py
[2026-04-13T23:45:18.543+0000] {processor.py:914} INFO - Processing file /home/airflow/.local/lib/python3.12/site-packages/airflow/example_dags/example_complex.py for tasks to queue
[2026-04-13T23:45:18.550+0000] {logging_mixin.py:190} INFO - [2026-04-13T23:45:18.549+0000] {dagbag.py:588} INFO - Filling up the DagBag from /home/airflow/.local/lib/python3.12/site-packages/airflow/example_dags/example_complex.py
[2026-04-13T23:45:18.585+0000] {processor.py:925} INFO - DAG(s) 'example_complex' retrieved from /home/airflow/.local/lib/python3.12/site-packages/airflow/example_dags/example_complex.py
[2026-04-13T23:45:18.689+0000] {logging_mixin.py:190} INFO - [2026-04-13T23:45:18.688+0000] {dag.py:3239} INFO - Sync 1 DAGs
[2026-04-13T23:45:18.755+0000] {logging_mixin.py:190} INFO - [2026-04-13T23:45:18.754+0000] {dag.py:4180} INFO - Setting next_dagrun for example_complex to None, run_after=None
[2026-04-13T23:45:18.815+0000] {processor.py:208} INFO - Processing /home/airflow/.local/lib/python3.12/site-packages/airflow/example_dags/example_complex.py took 0.288 seconds
[2026-04-13T23:45:51.004+0000] {processor.py:186} INFO - Started process (PID=275) to work on /home/airflow/.local/lib/python3.12/site-packages/airflow/example_dags/example_complex.py
[2026-04-13T23:45:51.007+0000] {processor.py:914} INFO - Processing file /home/airflow/.local/lib/python3.12/site-packages/airflow/example_dags/example_complex.py for tasks to queue
[2026-04-13T23:45:51.015+0000] {logging_mixin.py:190} INFO - [2026-04-13T23:45:51.013+0000] {dagbag.py:588} INFO - Filling up the DagBag from /home/airflow/.local/lib/python3.12/site-packages/airflow/example_dags/example_complex.py
[2026-04-13T23:45:51.104+0000] {processor.py:925} INFO - DAG(s) 'example_complex' retrieved from /home/airflow/.local/lib/python3.12/site-packages/airflow/example_dags/example_complex.py
[2026-04-13T23:45:51.320+0000] {logging_mixin.py:190} INFO - [2026-04-13T23:45:51.319+0000] {dag.py:3239} INFO - Sync 1 DAGs
[2026-04-13T23:45:51.393+0000] {logging_mixin.py:190} INFO - [2026-04-13T23:45:51.393+0000] {dag.py:4180} INFO - Setting next_dagrun for example_complex to None, run_after=None
[2026-04-13T23:45:51.515+0000] {processor.py:208} INFO - Processing /home/airflow/.local/lib/python3.12/site-packages/airflow/example_dags/example_complex.py took 0.549 seconds
[2026-04-13T23:46:25.528+0000] {processor.py:186} INFO - Started process (PID=340) to work on /home/airflow/.local/lib/python3.12/site-packages/airflow/example_dags/example_complex.py
[2026-04-13T23:46:25.530+0000] {processor.py:914} INFO - Processing file /home/airflow/.local/lib/python3.12/site-packages/airflow/example_dags/example_complex.py for tasks to queue
[2026-04-13T23:46:25.535+0000] {logging_mixin.py:190} INFO - [2026-04-13T23:46:25.534+0000] {dagbag.py:588} INFO - Filling up the DagBag from /home/airflow/.local/lib/python3.12/site-packages/airflow/example_dags/example_complex.py
[2026-04-13T23:46:25.577+0000] {processor.py:925} INFO - DAG(s) 'example_complex' retrieved from /home/airflow/.local/lib/python3.12/site-packages/airflow/example_dags/example_complex.py
[2026-04-13T23:46:25.677+0000] {logging_mixin.py:190} INFO - [2026-04-13T23:46:25.676+0000] {dag.py:3239} INFO - Sync 1 DAGs
[2026-04-13T23:46:25.713+0000] {logging_mixin.py:190} INFO - [2026-04-13T23:46:25.713+0000] {dag.py:4180} INFO - Setting next_dagrun for example_complex to None, run_after=None
[2026-04-13T23:46:25.760+0000] {processor.py:208} INFO - Processing /home/airflow/.local/lib/python3.12/site-packages/airflow/example_dags/example_complex.py took 0.246 seconds
[2026-04-13T23:47:02.848+0000] {processor.py:186} INFO - Started process (PID=406) to work on /home/airflow/.local/lib/python3.12/site-packages/airflow/example_dags/example_complex.py
[2026-04-13T23:47:02.850+0000] {processor.py:914} INFO - Processing file /home/airflow/.local/lib/python3.12/site-packages/airflow/example_dags/example_complex.py for tasks to queue
[2026-04-13T23:47:02.855+0000] {logging_mixin.py:190} INFO - [2026-04-13T23:47:02.855+0000] {dagbag.py:588} INFO - Filling up the DagBag from /home/airflow/.local/lib/python3.12/site-packages/airflow/example_dags/example_complex.py
[2026-04-13T23:47:02.875+0000] {processor.py:925} INFO - DAG(s) 'example_complex' retrieved from /home/airflow/.local/lib/python3.12/site-packages/airflow/example_dags/example_complex.py
[2026-04-13T23:47:02.935+0000] {logging_mixin.py:190} INFO - [2026-04-13T23:47:02.934+0000] {dag.py:3239} INFO - Sync 1 DAGs
[2026-04-13T23:47:02.967+0000] {logging_mixin.py:190} INFO - [2026-04-13T23:47:02.966+0000] {dag.py:4180} INFO - Setting next_dagrun for example_complex to None, run_after=None
[2026-04-13T23:47:03.009+0000] {processor.py:208} INFO - Processing /home/airflow/.local/lib/python3.12/site-packages/airflow/example_dags/example_complex.py took 0.169 seconds
[2026-04-13T23:47:43.194+0000] {processor.py:186} INFO - Started process (PID=470) to work on /home/airflow/.local/lib/python3.12/site-packages/airflow/example_dags/example_complex.py
[2026-04-13T23:47:43.197+0000] {processor.py:914} INFO - Processing file /home/airflow/.local/lib/python3.12/site-packages/airflow/example_dags/example_complex.py for tasks to queue
[2026-04-13T23:47:43.202+0000] {logging_mixin.py:190} INFO - [2026-04-13T23:47:43.202+0000] {dagbag.py:588} INFO - Filling up the DagBag from /home/airflow/.local/lib/python3.12/site-packages/airflow/example_dags/example_complex.py
[2026-04-13T23:47:43.230+0000] {processor.py:925} INFO - DAG(s) 'example_complex' retrieved from /home/airflow/.local/lib/python3.12/site-packages/airflow/example_dags/example_complex.py
[2026-04-13T23:47:43.291+0000] {logging_mixin.py:190} INFO - [2026-04-13T23:47:43.291+0000] {dag.py:3239} INFO - Sync 1 DAGs
[2026-04-13T23:47:43.323+0000] {logging_mixin.py:190} INFO - [2026-04-13T23:47:43.322+0000] {dag.py:4180} INFO - Setting next_dagrun for example_complex to None, run_after=None
[2026-04-13T23:47:43.358+0000] {processor.py:208} INFO - Processing /home/airflow/.local/lib/python3.12/site-packages/airflow/example_dags/example_complex.py took 0.180 seconds
[2026-04-13T23:48:15.669+0000] {processor.py:186} INFO - Started process (PID=534) to work on /home/airflow/.local/lib/python3.12/site-packages/airflow/example_dags/example_complex.py
[2026-04-13T23:48:15.671+0000] {processor.py:914} INFO - Processing file /home/airflow/.local/lib/python3.12/site-packages/airflow/example_dags/example_complex.py for tasks to queue
[2026-04-13T23:48:15.675+0000] {logging_mixin.py:190} INFO - [2026-04-13T23:48:15.675+0000] {dagbag.py:588} INFO - Filling up the DagBag from /home/airflow/.local/lib/python3.12/site-packages/airflow/example_dags/example_complex.py
[2026-04-13T23:48:15.699+0000] {processor.py:925} INFO - DAG(s) 'example_complex' retrieved from /home/airflow/.local/lib/python3.12/site-packages/airflow/example_dags/example_complex.py
[2026-04-13T23:48:15.754+0000] {logging_mixin.py:190} INFO - [2026-04-13T23:48:15.753+0000] {dag.py:3239} INFO - Sync 1 DAGs
[2026-04-13T23:48:15.781+0000] {logging_mixin.py:190} INFO - [2026-04-13T23:48:15.780+0000] {dag.py:4180} INFO - Setting next_dagrun for example_complex to None, run_after=None
[2026-04-13T23:48:15.810+0000] {processor.py:208} INFO - Processing /home/airflow/.local/lib/python3.12/site-packages/airflow/example_dags/example_complex.py took 0.155 seconds
[2026-04-13T23:48:50.381+0000] {processor.py:186} INFO - Started process (PID=604) to work on /home/airflow/.local/lib/python3.12/site-packages/airflow/example_dags/example_complex.py
[2026-04-13T23:48:50.383+0000] {processor.py:914} INFO - Processing file /home/airflow/.local/lib/python3.12/site-packages/airflow/example_dags/example_complex.py for tasks to queue
[2026-04-13T23:48:50.390+0000] {logging_mixin.py:190} INFO - [2026-04-13T23:48:50.389+0000] {dagbag.py:588} INFO - Filling up the DagBag from /home/airflow/.local/lib/python3.12/site-packages/airflow/example_dags/example_complex.py
[2026-04-13T23:48:50.441+0000] {processor.py:925} INFO - DAG(s) 'example_complex' retrieved from /home/airflow/.local/lib/python3.12/site-packages/airflow/example_dags/example_complex.py
[2026-04-13T23:48:50.581+0000] {logging_mixin.py:190} INFO - [2026-04-13T23:48:50.581+0000] {dag.py:3239} INFO - Sync 1 DAGs
[2026-04-13T23:48:50.663+0000] {logging_mixin.py:190} INFO - [2026-04-13T23:48:50.663+0000] {dag.py:4180} INFO - Setting next_dagrun for example_complex to None, run_after=None
[2026-04-13T23:48:50.734+0000] {processor.py:208} INFO - Processing /home/airflow/.local/lib/python3.12/site-packages/airflow/example_dags/example_complex.py took 0.368 seconds
[2026-04-13T23:49:25.942+0000] {processor.py:186} INFO - Started process (PID=668) to work on /home/airflow/.local/lib/python3.12/site-packages/airflow/example_dags/example_complex.py
[2026-04-13T23:49:25.943+0000] {processor.py:914} INFO - Processing file /home/airflow/.local/lib/python3.12/site-packages/airflow/example_dags/example_complex.py for tasks to queue
[2026-04-13T23:49:25.947+0000] {logging_mixin.py:190} INFO - [2026-04-13T23:49:25.946+0000] {dagbag.py:588} INFO - Filling up the DagBag from /home/airflow/.local/lib/python3.12/site-packages/airflow/example_dags/example_complex.py
[2026-04-13T23:49:25.970+0000] {processor.py:925} INFO - DAG(s) 'example_complex' retrieved from /home/airflow/.local/lib/python3.12/site-packages/airflow/example_dags/example_complex.py
[2026-04-13T23:49:26.033+0000] {logging_mixin.py:190} INFO - [2026-04-13T23:49:26.033+0000] {dag.py:3239} INFO - Sync 1 DAGs
[2026-04-13T23:49:26.062+0000] {logging_mixin.py:190} INFO - [2026-04-13T23:49:26.062+0000] {dag.py:4180} INFO - Setting next_dagrun for example_complex to None, run_after=None
[2026-04-13T23:49:26.109+0000] {processor.py:208} INFO - Processing /home/airflow/.local/lib/python3.12/site-packages/airflow/example_dags/example_complex.py took 0.177 seconds
[2026-04-13T23:50:02.514+0000] {processor.py:186} INFO - Started process (PID=746) to work on /home/airflow/.local/lib/python3.12/site-packages/airflow/example_dags/example_complex.py
[2026-04-13T23:50:02.516+0000] {processor.py:914} INFO - Processing file /home/airflow/.local/lib/python3.12/site-packages/airflow/example_dags/example_complex.py for tasks to queue
[2026-04-13T23:50:02.520+0000] {logging_mixin.py:190} INFO - [2026-04-13T23:50:02.519+0000] {dagbag.py:588} INFO - Filling up the DagBag from /home/airflow/.local/lib/python3.12/site-packages/airflow/example_dags/example_complex.py
[2026-04-13T23:50:02.539+0000] {processor.py:925} INFO - DAG(s) 'example_complex' retrieved from /home/airflow/.local/lib/python3.12/site-packages/airflow/example_dags/example_complex.py
[2026-04-13T23:50:02.594+0000] {logging_mixin.py:190} INFO - [2026-04-13T23:50:02.593+0000] {dag.py:3239} INFO - Sync 1 DAGs
[2026-04-13T23:50:02.619+0000] {logging_mixin.py:190} INFO - [2026-04-13T23:50:02.619+0000] {dag.py:4180} INFO - Setting next_dagrun for example_complex to None, run_after=None
[2026-04-13T23:50:02.652+0000] {processor.py:208} INFO - Processing /home/airflow/.local/lib/python3.12/site-packages/airflow/example_dags/example_complex.py took 0.147 seconds
[2026-04-13T23:50:43.773+0000] {processor.py:186} INFO - Started process (PID=817) to work on /home/airflow/.local/lib/python3.12/site-packages/airflow/example_dags/example_complex.py
[2026-04-13T23:50:43.775+0000] {processor.py:914} INFO - Processing file /home/airflow/.local/lib/python3.12/site-packages/airflow/example_dags/example_complex.py for tasks to queue
[2026-04-13T23:50:43.779+0000] {logging_mixin.py:190} INFO - [2026-04-13T23:50:43.778+0000] {dagbag.py:588} INFO - Filling up the DagBag from /home/airflow/.local/lib/python3.12/site-packages/airflow/example_dags/example_complex.py
[2026-04-13T23:50:43.806+0000] {processor.py:925} INFO - DAG(s) 'example_complex' retrieved from /home/airflow/.local/lib/python3.12/site-packages/airflow/example_dags/example_complex.py
[2026-04-13T23:50:43.877+0000] {logging_mixin.py:190} INFO - [2026-04-13T23:50:43.876+0000] {dag.py:3239} INFO - Sync 1 DAGs
[2026-04-13T23:50:43.905+0000] {logging_mixin.py:190} INFO - [2026-04-13T23:50:43.904+0000] {dag.py:4180} INFO - Setting next_dagrun for example_complex to None, run_after=None
[2026-04-13T23:50:43.943+0000] {processor.py:208} INFO - Processing /home/airflow/.local/lib/python3.12/site-packages/airflow/example_dags/example_complex.py took 0.182 seconds
[2026-04-13T23:51:16.592+0000] {processor.py:186} INFO - Started process (PID=884) to work on /home/airflow/.local/lib/python3.12/site-packages/airflow/example_dags/example_complex.py
[2026-04-13T23:51:16.594+0000] {processor.py:914} INFO - Processing file /home/airflow/.local/lib/python3.12/site-packages/airflow/example_dags/example_complex.py for tasks to queue
[2026-04-13T23:51:16.600+0000] {logging_mixin.py:190} INFO - [2026-04-13T23:51:16.599+0000] {dagbag.py:588} INFO - Filling up the DagBag from /home/airflow/.local/lib/python3.12/site-packages/airflow/example_dags/example_complex.py
[2026-04-13T23:51:16.632+0000] {processor.py:925} INFO - DAG(s) 'example_complex' retrieved from /home/airflow/.local/lib/python3.12/site-packages/airflow/example_dags/example_complex.py
[2026-04-13T23:51:16.716+0000] {logging_mixin.py:190} INFO - [2026-04-13T23:51:16.716+0000] {dag.py:3239} INFO - Sync 1 DAGs
[2026-04-13T23:51:16.760+0000] {logging_mixin.py:190} INFO - [2026-04-13T23:51:16.760+0000] {dag.py:4180} INFO - Setting next_dagrun for example_complex to None, run_after=None
[2026-04-13T23:51:16.814+0000] {processor.py:208} INFO - Processing /home/airflow/.local/lib/python3.12/site-packages/airflow/example_dags/example_complex.py took 0.237 seconds
[2026-04-13T23:51:47.376+0000] {processor.py:186} INFO - Started process (PID=948) to work on /home/airflow/.local/lib/python3.12/site-packages/airflow/example_dags/example_complex.py
[2026-04-13T23:51:47.377+0000] {processor.py:914} INFO - Processing file /home/airflow/.local/lib/python3.12/site-packages/airflow/example_dags/example_complex.py for tasks to queue
[2026-04-13T23:51:47.382+0000] {logging_mixin.py:190} INFO - [2026-04-13T23:51:47.381+0000] {dagbag.py:588} INFO - Filling up the DagBag from /home/airflow/.local/lib/python3.12/site-packages/airflow/example_dags/example_complex.py
[2026-04-13T23:51:47.406+0000] {processor.py:925} INFO - DAG(s) 'example_complex' retrieved from /home/airflow/.local/lib/python3.12/site-packages/airflow/example_dags/example_complex.py
[2026-04-13T23:51:47.462+0000] {logging_mixin.py:190} INFO - [2026-04-13T23:51:47.461+0000] {dag.py:3239} INFO - Sync 1 DAGs
[2026-04-13T23:51:47.490+0000] {logging_mixin.py:190} INFO - [2026-04-13T23:51:47.490+0000] {dag.py:4180} INFO - Setting next_dagrun for example_complex to None, run_after=None
[2026-04-13T23:51:47.526+0000] {processor.py:208} INFO - Processing /home/airflow/.local/lib/python3.12/site-packages/airflow/example_dags/example_complex.py took 0.165 seconds
[2026-04-13T23:52:18.292+0000] {processor.py:186} INFO - Started process (PID=1012) to work on /home/airflow/.local/lib/python3.12/site-packages/airflow/example_dags/example_complex.py
[2026-04-13T23:52:18.300+0000] {processor.py:914} INFO - Processing file /home/airflow/.local/lib/python3.12/site-packages/airflow/example_dags/example_complex.py for tasks to queue
[2026-04-13T23:52:18.309+0000] {logging_mixin.py:190} INFO - [2026-04-13T23:52:18.307+0000] {dagbag.py:588} INFO - Filling up the DagBag from /home/airflow/.local/lib/python3.12/site-packages/airflow/example_dags/example_complex.py
[2026-04-13T23:52:18.395+0000] {processor.py:925} INFO - DAG(s) 'example_complex' retrieved from /home/airflow/.local/lib/python3.12/site-packages/airflow/example_dags/example_complex.py
[2026-04-13T23:52:18.631+0000] {logging_mixin.py:190} INFO - [2026-04-13T23:52:18.631+0000] {dag.py:3239} INFO - Sync 1 DAGs
[2026-04-13T23:52:18.725+0000] {logging_mixin.py:190} INFO - [2026-04-13T23:52:18.723+0000] {dag.py:4180} INFO - Setting next_dagrun for example_complex to None, run_after=None
[2026-04-13T23:52:18.766+0000] {processor.py:208} INFO - Processing /home/airflow/.local/lib/python3.12/site-packages/airflow/example_dags/example_complex.py took 0.507 seconds
[2026-04-13T23:52:52.041+0000] {processor.py:186} INFO - Started process (PID=1082) to work on /home/airflow/.local/lib/python3.12/site-packages/airflow/example_dags/example_complex.py
[2026-04-13T23:52:52.044+0000] {processor.py:914} INFO - Processing file /home/airflow/.local/lib/python3.12/site-packages/airflow/example_dags/example_complex.py for tasks to queue
[2026-04-13T23:52:52.050+0000] {logging_mixin.py:190} INFO - [2026-04-13T23:52:52.049+0000] {dagbag.py:588} INFO - Filling up the DagBag from /home/airflow/.local/lib/python3.12/site-packages/airflow/example_dags/example_complex.py
[2026-04-13T23:52:52.079+0000] {processor.py:925} INFO - DAG(s) 'example_complex' retrieved from /home/airflow/.local/lib/python3.12/site-packages/airflow/example_dags/example_complex.py
[2026-04-13T23:52:52.150+0000] {logging_mixin.py:190} INFO - [2026-04-13T23:52:52.149+0000] {dag.py:3239} INFO - Sync 1 DAGs
[2026-04-13T23:52:52.186+0000] {logging_mixin.py:190} INFO - [2026-04-13T23:52:52.186+0000] {dag.py:4180} INFO - Setting next_dagrun for example_complex to None, run_after=None
[2026-04-13T23:52:52.239+0000] {processor.py:208} INFO - Processing /home/airflow/.local/lib/python3.12/site-packages/airflow/example_dags/example_complex.py took 0.213 seconds
[2026-04-13T23:53:22.724+0000] {processor.py:186} INFO - Started process (PID=1145) to work on /home/airflow/.local/lib/python3.12/site-packages/airflow/example_dags/example_complex.py
[2026-04-13T23:53:22.726+0000] {processor.py:914} INFO - Processing file /home/airflow/.local/lib/python3.12/site-packages/airflow/example_dags/example_complex.py for tasks to queue
[2026-04-13T23:53:22.730+0000] {logging_mixin.py:190} INFO - [2026-04-13T23:53:22.729+0000] {dagbag.py:588} INFO - Filling up the DagBag from /home/airflow/.local/lib/python3.12/site-packages/airflow/example_dags/example_complex.py
[2026-04-13T23:53:22.755+0000] {processor.py:925} INFO - DAG(s) 'example_complex' retrieved from /home/airflow/.local/lib/python3.12/site-packages/airflow/example_dags/example_complex.py
[2026-04-13T23:53:22.806+0000] {logging_mixin.py:190} INFO - [2026-04-13T23:53:22.806+0000] {dag.py:3239} INFO - Sync 1 DAGs
[2026-04-13T23:53:22.831+0000] {logging_mixin.py:190} INFO - [2026-04-13T23:53:22.830+0000] {dag.py:4180} INFO - Setting next_dagrun for example_complex to None, run_after=None
[2026-04-13T23:53:22.861+0000] {processor.py:208} INFO - Processing /home/airflow/.local/lib/python3.12/site-packages/airflow/example_dags/example_complex.py took 0.149 seconds
