[2026-04-13T23:44:28.038+0000] {processor.py:186} INFO - Started process (PID=123) to work on /home/airflow/.local/lib/python3.12/site-packages/airflow/example_dags/example_task_group_decorator.py
[2026-04-13T23:44:28.043+0000] {processor.py:914} INFO - Processing file /home/airflow/.local/lib/python3.12/site-packages/airflow/example_dags/example_task_group_decorator.py for tasks to queue
[2026-04-13T23:44:28.058+0000] {logging_mixin.py:190} INFO - [2026-04-13T23:44:28.057+0000] {dagbag.py:588} INFO - Filling up the DagBag from /home/airflow/.local/lib/python3.12/site-packages/airflow/example_dags/example_task_group_decorator.py
[2026-04-13T23:44:28.210+0000] {processor.py:925} INFO - DAG(s) 'example_task_group_decorator' retrieved from /home/airflow/.local/lib/python3.12/site-packages/airflow/example_dags/example_task_group_decorator.py
[2026-04-13T23:44:29.570+0000] {logging_mixin.py:190} INFO - [2026-04-13T23:44:29.567+0000] {override.py:1912} INFO - Created Permission View: can read on DAG:example_task_group_decorator
[2026-04-13T23:44:29.651+0000] {logging_mixin.py:190} INFO - [2026-04-13T23:44:29.650+0000] {override.py:1912} INFO - Created Permission View: can edit on DAG:example_task_group_decorator
[2026-04-13T23:44:30.855+0000] {logging_mixin.py:190} INFO - [2026-04-13T23:44:30.854+0000] {override.py:1912} INFO - Created Permission View: can delete on DAG:example_task_group_decorator
[2026-04-13T23:44:31.254+0000] {logging_mixin.py:190} INFO - [2026-04-13T23:44:31.253+0000] {override.py:1912} INFO - Created Permission View: menu access on DAG Run:example_task_group_decorator
[2026-04-13T23:44:31.284+0000] {logging_mixin.py:190} INFO - [2026-04-13T23:44:31.283+0000] {override.py:1912} INFO - Created Permission View: can read on DAG Run:example_task_group_decorator
[2026-04-13T23:44:31.356+0000] {logging_mixin.py:190} INFO - [2026-04-13T23:44:31.356+0000] {override.py:1912} INFO - Created Permission View: can delete on DAG Run:example_task_group_decorator
[2026-04-13T23:44:31.445+0000] {logging_mixin.py:190} INFO - [2026-04-13T23:44:31.444+0000] {override.py:1912} INFO - Created Permission View: can create on DAG Run:example_task_group_decorator
[2026-04-13T23:44:31.446+0000] {logging_mixin.py:190} INFO - [2026-04-13T23:44:31.445+0000] {dag.py:3239} INFO - Sync 1 DAGs
[2026-04-13T23:44:31.473+0000] {logging_mixin.py:190} INFO - [2026-04-13T23:44:31.473+0000] {dag.py:3262} INFO - Creating ORM DAG for example_task_group_decorator
[2026-04-13T23:44:31.475+0000] {logging_mixin.py:190} INFO - [2026-04-13T23:44:31.475+0000] {dag.py:4180} INFO - Setting next_dagrun for example_task_group_decorator to None, run_after=None
[2026-04-13T23:44:31.545+0000] {processor.py:208} INFO - Processing /home/airflow/.local/lib/python3.12/site-packages/airflow/example_dags/example_task_group_decorator.py took 3.548 seconds
[2026-04-13T23:45:02.022+0000] {processor.py:186} INFO - Started process (PID=187) to work on /home/airflow/.local/lib/python3.12/site-packages/airflow/example_dags/example_task_group_decorator.py
[2026-04-13T23:45:02.024+0000] {processor.py:914} INFO - Processing file /home/airflow/.local/lib/python3.12/site-packages/airflow/example_dags/example_task_group_decorator.py for tasks to queue
[2026-04-13T23:45:02.030+0000] {logging_mixin.py:190} INFO - [2026-04-13T23:45:02.029+0000] {dagbag.py:588} INFO - Filling up the DagBag from /home/airflow/.local/lib/python3.12/site-packages/airflow/example_dags/example_task_group_decorator.py
[2026-04-13T23:45:02.069+0000] {processor.py:925} INFO - DAG(s) 'example_task_group_decorator' retrieved from /home/airflow/.local/lib/python3.12/site-packages/airflow/example_dags/example_task_group_decorator.py
[2026-04-13T23:45:02.135+0000] {logging_mixin.py:190} INFO - [2026-04-13T23:45:02.135+0000] {dag.py:3239} INFO - Sync 1 DAGs
[2026-04-13T23:45:02.166+0000] {logging_mixin.py:190} INFO - [2026-04-13T23:45:02.166+0000] {dag.py:4180} INFO - Setting next_dagrun for example_task_group_decorator to None, run_after=None
[2026-04-13T23:45:02.208+0000] {processor.py:208} INFO - Processing /home/airflow/.local/lib/python3.12/site-packages/airflow/example_dags/example_task_group_decorator.py took 0.200 seconds
[2026-04-13T23:45:32.622+0000] {processor.py:186} INFO - Started process (PID=250) to work on /home/airflow/.local/lib/python3.12/site-packages/airflow/example_dags/example_task_group_decorator.py
[2026-04-13T23:45:32.623+0000] {processor.py:914} INFO - Processing file /home/airflow/.local/lib/python3.12/site-packages/airflow/example_dags/example_task_group_decorator.py for tasks to queue
[2026-04-13T23:45:32.628+0000] {logging_mixin.py:190} INFO - [2026-04-13T23:45:32.627+0000] {dagbag.py:588} INFO - Filling up the DagBag from /home/airflow/.local/lib/python3.12/site-packages/airflow/example_dags/example_task_group_decorator.py
[2026-04-13T23:45:32.654+0000] {processor.py:925} INFO - DAG(s) 'example_task_group_decorator' retrieved from /home/airflow/.local/lib/python3.12/site-packages/airflow/example_dags/example_task_group_decorator.py
[2026-04-13T23:45:32.697+0000] {logging_mixin.py:190} INFO - [2026-04-13T23:45:32.697+0000] {dag.py:3239} INFO - Sync 1 DAGs
[2026-04-13T23:45:32.721+0000] {logging_mixin.py:190} INFO - [2026-04-13T23:45:32.721+0000] {dag.py:4180} INFO - Setting next_dagrun for example_task_group_decorator to None, run_after=None
[2026-04-13T23:45:32.754+0000] {processor.py:208} INFO - Processing /home/airflow/.local/lib/python3.12/site-packages/airflow/example_dags/example_task_group_decorator.py took 0.140 seconds
[2026-04-13T23:46:18.359+0000] {processor.py:186} INFO - Started process (PID=322) to work on /home/airflow/.local/lib/python3.12/site-packages/airflow/example_dags/example_task_group_decorator.py
[2026-04-13T23:46:18.361+0000] {processor.py:914} INFO - Processing file /home/airflow/.local/lib/python3.12/site-packages/airflow/example_dags/example_task_group_decorator.py for tasks to queue
[2026-04-13T23:46:18.366+0000] {logging_mixin.py:190} INFO - [2026-04-13T23:46:18.365+0000] {dagbag.py:588} INFO - Filling up the DagBag from /home/airflow/.local/lib/python3.12/site-packages/airflow/example_dags/example_task_group_decorator.py
[2026-04-13T23:46:18.405+0000] {processor.py:925} INFO - DAG(s) 'example_task_group_decorator' retrieved from /home/airflow/.local/lib/python3.12/site-packages/airflow/example_dags/example_task_group_decorator.py
[2026-04-13T23:46:18.457+0000] {logging_mixin.py:190} INFO - [2026-04-13T23:46:18.456+0000] {dag.py:3239} INFO - Sync 1 DAGs
[2026-04-13T23:46:18.489+0000] {logging_mixin.py:190} INFO - [2026-04-13T23:46:18.488+0000] {dag.py:4180} INFO - Setting next_dagrun for example_task_group_decorator to None, run_after=None
[2026-04-13T23:46:18.537+0000] {processor.py:208} INFO - Processing /home/airflow/.local/lib/python3.12/site-packages/airflow/example_dags/example_task_group_decorator.py took 0.192 seconds
