[2026-04-13T23:44:44.595+0000] {processor.py:186} INFO - Started process (PID=144) to work on /home/airflow/.local/lib/python3.12/site-packages/airflow/example_dags/example_trigger_target_dag.py
[2026-04-13T23:44:44.596+0000] {processor.py:914} INFO - Processing file /home/airflow/.local/lib/python3.12/site-packages/airflow/example_dags/example_trigger_target_dag.py for tasks to queue
[2026-04-13T23:44:44.601+0000] {logging_mixin.py:190} INFO - [2026-04-13T23:44:44.600+0000] {dagbag.py:588} INFO - Filling up the DagBag from /home/airflow/.local/lib/python3.12/site-packages/airflow/example_dags/example_trigger_target_dag.py
[2026-04-13T23:44:44.723+0000] {processor.py:925} INFO - DAG(s) 'example_trigger_target_dag' retrieved from /home/airflow/.local/lib/python3.12/site-packages/airflow/example_dags/example_trigger_target_dag.py
[2026-04-13T23:44:45.003+0000] {logging_mixin.py:190} INFO - [2026-04-13T23:44:45.001+0000] {override.py:1912} INFO - Created Permission View: can read on DAG:example_trigger_target_dag
[2026-04-13T23:44:45.030+0000] {logging_mixin.py:190} INFO - [2026-04-13T23:44:45.029+0000] {override.py:1912} INFO - Created Permission View: can edit on DAG:example_trigger_target_dag
[2026-04-13T23:44:45.047+0000] {logging_mixin.py:190} INFO - [2026-04-13T23:44:45.046+0000] {override.py:1912} INFO - Created Permission View: can delete on DAG:example_trigger_target_dag
[2026-04-13T23:44:45.064+0000] {logging_mixin.py:190} INFO - [2026-04-13T23:44:45.064+0000] {override.py:1912} INFO - Created Permission View: menu access on DAG Run:example_trigger_target_dag
[2026-04-13T23:44:45.079+0000] {logging_mixin.py:190} INFO - [2026-04-13T23:44:45.078+0000] {override.py:1912} INFO - Created Permission View: can read on DAG Run:example_trigger_target_dag
[2026-04-13T23:44:45.094+0000] {logging_mixin.py:190} INFO - [2026-04-13T23:44:45.093+0000] {override.py:1912} INFO - Created Permission View: can delete on DAG Run:example_trigger_target_dag
[2026-04-13T23:44:45.116+0000] {logging_mixin.py:190} INFO - [2026-04-13T23:44:45.115+0000] {override.py:1912} INFO - Created Permission View: can create on DAG Run:example_trigger_target_dag
[2026-04-13T23:44:45.117+0000] {logging_mixin.py:190} INFO - [2026-04-13T23:44:45.117+0000] {dag.py:3239} INFO - Sync 1 DAGs
[2026-04-13T23:44:45.162+0000] {logging_mixin.py:190} INFO - [2026-04-13T23:44:45.161+0000] {dag.py:3262} INFO - Creating ORM DAG for example_trigger_target_dag
[2026-04-13T23:44:45.164+0000] {logging_mixin.py:190} INFO - [2026-04-13T23:44:45.164+0000] {dag.py:4180} INFO - Setting next_dagrun for example_trigger_target_dag to None, run_after=None
[2026-04-13T23:44:45.240+0000] {processor.py:208} INFO - Processing /home/airflow/.local/lib/python3.12/site-packages/airflow/example_dags/example_trigger_target_dag.py took 0.657 seconds
[2026-04-13T23:45:18.402+0000] {processor.py:186} INFO - Started process (PID=210) to work on /home/airflow/.local/lib/python3.12/site-packages/airflow/example_dags/example_trigger_target_dag.py
[2026-04-13T23:45:18.406+0000] {processor.py:914} INFO - Processing file /home/airflow/.local/lib/python3.12/site-packages/airflow/example_dags/example_trigger_target_dag.py for tasks to queue
[2026-04-13T23:45:18.424+0000] {logging_mixin.py:190} INFO - [2026-04-13T23:45:18.423+0000] {dagbag.py:588} INFO - Filling up the DagBag from /home/airflow/.local/lib/python3.12/site-packages/airflow/example_dags/example_trigger_target_dag.py
[2026-04-13T23:45:18.456+0000] {processor.py:925} INFO - DAG(s) 'example_trigger_target_dag' retrieved from /home/airflow/.local/lib/python3.12/site-packages/airflow/example_dags/example_trigger_target_dag.py
[2026-04-13T23:45:18.529+0000] {logging_mixin.py:190} INFO - [2026-04-13T23:45:18.529+0000] {dag.py:3239} INFO - Sync 1 DAGs
[2026-04-13T23:45:18.576+0000] {logging_mixin.py:190} INFO - [2026-04-13T23:45:18.575+0000] {dag.py:4180} INFO - Setting next_dagrun for example_trigger_target_dag to None, run_after=None
[2026-04-13T23:45:18.642+0000] {processor.py:208} INFO - Processing /home/airflow/.local/lib/python3.12/site-packages/airflow/example_dags/example_trigger_target_dag.py took 0.273 seconds
[2026-04-13T23:45:50.609+0000] {processor.py:186} INFO - Started process (PID=274) to work on /home/airflow/.local/lib/python3.12/site-packages/airflow/example_dags/example_trigger_target_dag.py
[2026-04-13T23:45:50.632+0000] {processor.py:914} INFO - Processing file /home/airflow/.local/lib/python3.12/site-packages/airflow/example_dags/example_trigger_target_dag.py for tasks to queue
[2026-04-13T23:45:50.649+0000] {logging_mixin.py:190} INFO - [2026-04-13T23:45:50.648+0000] {dagbag.py:588} INFO - Filling up the DagBag from /home/airflow/.local/lib/python3.12/site-packages/airflow/example_dags/example_trigger_target_dag.py
[2026-04-13T23:45:50.723+0000] {processor.py:925} INFO - DAG(s) 'example_trigger_target_dag' retrieved from /home/airflow/.local/lib/python3.12/site-packages/airflow/example_dags/example_trigger_target_dag.py
[2026-04-13T23:45:50.897+0000] {logging_mixin.py:190} INFO - [2026-04-13T23:45:50.896+0000] {dag.py:3239} INFO - Sync 1 DAGs
[2026-04-13T23:45:50.984+0000] {logging_mixin.py:190} INFO - [2026-04-13T23:45:50.983+0000] {dag.py:4180} INFO - Setting next_dagrun for example_trigger_target_dag to None, run_after=None
[2026-04-13T23:45:51.112+0000] {processor.py:208} INFO - Processing /home/airflow/.local/lib/python3.12/site-packages/airflow/example_dags/example_trigger_target_dag.py took 0.533 seconds
[2026-04-13T23:46:25.436+0000] {processor.py:186} INFO - Started process (PID=339) to work on /home/airflow/.local/lib/python3.12/site-packages/airflow/example_dags/example_trigger_target_dag.py
[2026-04-13T23:46:25.439+0000] {processor.py:914} INFO - Processing file /home/airflow/.local/lib/python3.12/site-packages/airflow/example_dags/example_trigger_target_dag.py for tasks to queue
[2026-04-13T23:46:25.445+0000] {logging_mixin.py:190} INFO - [2026-04-13T23:46:25.443+0000] {dagbag.py:588} INFO - Filling up the DagBag from /home/airflow/.local/lib/python3.12/site-packages/airflow/example_dags/example_trigger_target_dag.py
[2026-04-13T23:46:25.467+0000] {processor.py:925} INFO - DAG(s) 'example_trigger_target_dag' retrieved from /home/airflow/.local/lib/python3.12/site-packages/airflow/example_dags/example_trigger_target_dag.py
[2026-04-13T23:46:25.518+0000] {logging_mixin.py:190} INFO - [2026-04-13T23:46:25.518+0000] {dag.py:3239} INFO - Sync 1 DAGs
[2026-04-13T23:46:25.555+0000] {logging_mixin.py:190} INFO - [2026-04-13T23:46:25.554+0000] {dag.py:4180} INFO - Setting next_dagrun for example_trigger_target_dag to None, run_after=None
[2026-04-13T23:46:25.617+0000] {processor.py:208} INFO - Processing /home/airflow/.local/lib/python3.12/site-packages/airflow/example_dags/example_trigger_target_dag.py took 0.196 seconds
[2026-04-13T23:47:02.651+0000] {processor.py:186} INFO - Started process (PID=405) to work on /home/airflow/.local/lib/python3.12/site-packages/airflow/example_dags/example_trigger_target_dag.py
[2026-04-13T23:47:02.653+0000] {processor.py:914} INFO - Processing file /home/airflow/.local/lib/python3.12/site-packages/airflow/example_dags/example_trigger_target_dag.py for tasks to queue
[2026-04-13T23:47:02.657+0000] {logging_mixin.py:190} INFO - [2026-04-13T23:47:02.656+0000] {dagbag.py:588} INFO - Filling up the DagBag from /home/airflow/.local/lib/python3.12/site-packages/airflow/example_dags/example_trigger_target_dag.py
[2026-04-13T23:47:02.668+0000] {processor.py:925} INFO - DAG(s) 'example_trigger_target_dag' retrieved from /home/airflow/.local/lib/python3.12/site-packages/airflow/example_dags/example_trigger_target_dag.py
[2026-04-13T23:47:02.696+0000] {logging_mixin.py:190} INFO - [2026-04-13T23:47:02.696+0000] {dag.py:3239} INFO - Sync 1 DAGs
[2026-04-13T23:47:02.719+0000] {logging_mixin.py:190} INFO - [2026-04-13T23:47:02.719+0000] {dag.py:4180} INFO - Setting next_dagrun for example_trigger_target_dag to None, run_after=None
[2026-04-13T23:47:02.794+0000] {processor.py:208} INFO - Processing /home/airflow/.local/lib/python3.12/site-packages/airflow/example_dags/example_trigger_target_dag.py took 0.151 seconds
[2026-04-13T23:47:42.981+0000] {processor.py:186} INFO - Started process (PID=469) to work on /home/airflow/.local/lib/python3.12/site-packages/airflow/example_dags/example_trigger_target_dag.py
[2026-04-13T23:47:42.984+0000] {processor.py:914} INFO - Processing file /home/airflow/.local/lib/python3.12/site-packages/airflow/example_dags/example_trigger_target_dag.py for tasks to queue
[2026-04-13T23:47:42.989+0000] {logging_mixin.py:190} INFO - [2026-04-13T23:47:42.989+0000] {dagbag.py:588} INFO - Filling up the DagBag from /home/airflow/.local/lib/python3.12/site-packages/airflow/example_dags/example_trigger_target_dag.py
[2026-04-13T23:47:43.005+0000] {processor.py:925} INFO - DAG(s) 'example_trigger_target_dag' retrieved from /home/airflow/.local/lib/python3.12/site-packages/airflow/example_dags/example_trigger_target_dag.py
[2026-04-13T23:47:43.052+0000] {logging_mixin.py:190} INFO - [2026-04-13T23:47:43.052+0000] {dag.py:3239} INFO - Sync 1 DAGs
[2026-04-13T23:47:43.080+0000] {logging_mixin.py:190} INFO - [2026-04-13T23:47:43.080+0000] {dag.py:4180} INFO - Setting next_dagrun for example_trigger_target_dag to None, run_after=None
[2026-04-13T23:47:43.118+0000] {processor.py:208} INFO - Processing /home/airflow/.local/lib/python3.12/site-packages/airflow/example_dags/example_trigger_target_dag.py took 0.148 seconds
[2026-04-13T23:48:15.326+0000] {processor.py:186} INFO - Started process (PID=533) to work on /home/airflow/.local/lib/python3.12/site-packages/airflow/example_dags/example_trigger_target_dag.py
[2026-04-13T23:48:15.333+0000] {processor.py:914} INFO - Processing file /home/airflow/.local/lib/python3.12/site-packages/airflow/example_dags/example_trigger_target_dag.py for tasks to queue
[2026-04-13T23:48:15.342+0000] {logging_mixin.py:190} INFO - [2026-04-13T23:48:15.341+0000] {dagbag.py:588} INFO - Filling up the DagBag from /home/airflow/.local/lib/python3.12/site-packages/airflow/example_dags/example_trigger_target_dag.py
[2026-04-13T23:48:15.383+0000] {processor.py:925} INFO - DAG(s) 'example_trigger_target_dag' retrieved from /home/airflow/.local/lib/python3.12/site-packages/airflow/example_dags/example_trigger_target_dag.py
[2026-04-13T23:48:15.447+0000] {logging_mixin.py:190} INFO - [2026-04-13T23:48:15.446+0000] {dag.py:3239} INFO - Sync 1 DAGs
[2026-04-13T23:48:15.502+0000] {logging_mixin.py:190} INFO - [2026-04-13T23:48:15.501+0000] {dag.py:4180} INFO - Setting next_dagrun for example_trigger_target_dag to None, run_after=None
[2026-04-13T23:48:15.554+0000] {processor.py:208} INFO - Processing /home/airflow/.local/lib/python3.12/site-packages/airflow/example_dags/example_trigger_target_dag.py took 0.261 seconds
[2026-04-13T23:48:50.098+0000] {processor.py:186} INFO - Started process (PID=603) to work on /home/airflow/.local/lib/python3.12/site-packages/airflow/example_dags/example_trigger_target_dag.py
[2026-04-13T23:48:50.125+0000] {processor.py:914} INFO - Processing file /home/airflow/.local/lib/python3.12/site-packages/airflow/example_dags/example_trigger_target_dag.py for tasks to queue
[2026-04-13T23:48:50.178+0000] {logging_mixin.py:190} INFO - [2026-04-13T23:48:50.176+0000] {dagbag.py:588} INFO - Filling up the DagBag from /home/airflow/.local/lib/python3.12/site-packages/airflow/example_dags/example_trigger_target_dag.py
[2026-04-13T23:48:50.213+0000] {processor.py:925} INFO - DAG(s) 'example_trigger_target_dag' retrieved from /home/airflow/.local/lib/python3.12/site-packages/airflow/example_dags/example_trigger_target_dag.py
[2026-04-13T23:48:50.260+0000] {logging_mixin.py:190} INFO - [2026-04-13T23:48:50.260+0000] {dag.py:3239} INFO - Sync 1 DAGs
[2026-04-13T23:48:50.294+0000] {logging_mixin.py:190} INFO - [2026-04-13T23:48:50.293+0000] {dag.py:4180} INFO - Setting next_dagrun for example_trigger_target_dag to None, run_after=None
[2026-04-13T23:48:50.359+0000] {processor.py:208} INFO - Processing /home/airflow/.local/lib/python3.12/site-packages/airflow/example_dags/example_trigger_target_dag.py took 0.286 seconds
[2026-04-13T23:49:25.859+0000] {processor.py:186} INFO - Started process (PID=667) to work on /home/airflow/.local/lib/python3.12/site-packages/airflow/example_dags/example_trigger_target_dag.py
[2026-04-13T23:49:25.860+0000] {processor.py:914} INFO - Processing file /home/airflow/.local/lib/python3.12/site-packages/airflow/example_dags/example_trigger_target_dag.py for tasks to queue
[2026-04-13T23:49:25.864+0000] {logging_mixin.py:190} INFO - [2026-04-13T23:49:25.863+0000] {dagbag.py:588} INFO - Filling up the DagBag from /home/airflow/.local/lib/python3.12/site-packages/airflow/example_dags/example_trigger_target_dag.py
[2026-04-13T23:49:25.877+0000] {processor.py:925} INFO - DAG(s) 'example_trigger_target_dag' retrieved from /home/airflow/.local/lib/python3.12/site-packages/airflow/example_dags/example_trigger_target_dag.py
[2026-04-13T23:49:25.911+0000] {logging_mixin.py:190} INFO - [2026-04-13T23:49:25.910+0000] {dag.py:3239} INFO - Sync 1 DAGs
[2026-04-13T23:49:25.941+0000] {logging_mixin.py:190} INFO - [2026-04-13T23:49:25.940+0000] {dag.py:4180} INFO - Setting next_dagrun for example_trigger_target_dag to None, run_after=None
[2026-04-13T23:49:25.974+0000] {processor.py:208} INFO - Processing /home/airflow/.local/lib/python3.12/site-packages/airflow/example_dags/example_trigger_target_dag.py took 0.124 seconds
[2026-04-13T23:50:02.460+0000] {processor.py:186} INFO - Started process (PID=745) to work on /home/airflow/.local/lib/python3.12/site-packages/airflow/example_dags/example_trigger_target_dag.py
[2026-04-13T23:50:02.461+0000] {processor.py:914} INFO - Processing file /home/airflow/.local/lib/python3.12/site-packages/airflow/example_dags/example_trigger_target_dag.py for tasks to queue
[2026-04-13T23:50:02.465+0000] {logging_mixin.py:190} INFO - [2026-04-13T23:50:02.465+0000] {dagbag.py:588} INFO - Filling up the DagBag from /home/airflow/.local/lib/python3.12/site-packages/airflow/example_dags/example_trigger_target_dag.py
[2026-04-13T23:50:02.479+0000] {processor.py:925} INFO - DAG(s) 'example_trigger_target_dag' retrieved from /home/airflow/.local/lib/python3.12/site-packages/airflow/example_dags/example_trigger_target_dag.py
[2026-04-13T23:50:02.507+0000] {logging_mixin.py:190} INFO - [2026-04-13T23:50:02.507+0000] {dag.py:3239} INFO - Sync 1 DAGs
[2026-04-13T23:50:02.532+0000] {logging_mixin.py:190} INFO - [2026-04-13T23:50:02.532+0000] {dag.py:4180} INFO - Setting next_dagrun for example_trigger_target_dag to None, run_after=None
[2026-04-13T23:50:02.560+0000] {processor.py:208} INFO - Processing /home/airflow/.local/lib/python3.12/site-packages/airflow/example_dags/example_trigger_target_dag.py took 0.110 seconds
[2026-04-13T23:50:43.564+0000] {processor.py:186} INFO - Started process (PID=816) to work on /home/airflow/.local/lib/python3.12/site-packages/airflow/example_dags/example_trigger_target_dag.py
[2026-04-13T23:50:43.566+0000] {processor.py:914} INFO - Processing file /home/airflow/.local/lib/python3.12/site-packages/airflow/example_dags/example_trigger_target_dag.py for tasks to queue
[2026-04-13T23:50:43.572+0000] {logging_mixin.py:190} INFO - [2026-04-13T23:50:43.571+0000] {dagbag.py:588} INFO - Filling up the DagBag from /home/airflow/.local/lib/python3.12/site-packages/airflow/example_dags/example_trigger_target_dag.py
[2026-04-13T23:50:43.589+0000] {processor.py:925} INFO - DAG(s) 'example_trigger_target_dag' retrieved from /home/airflow/.local/lib/python3.12/site-packages/airflow/example_dags/example_trigger_target_dag.py
[2026-04-13T23:50:43.628+0000] {logging_mixin.py:190} INFO - [2026-04-13T23:50:43.627+0000] {dag.py:3239} INFO - Sync 1 DAGs
[2026-04-13T23:50:43.662+0000] {logging_mixin.py:190} INFO - [2026-04-13T23:50:43.662+0000] {dag.py:4180} INFO - Setting next_dagrun for example_trigger_target_dag to None, run_after=None
[2026-04-13T23:50:43.701+0000] {processor.py:208} INFO - Processing /home/airflow/.local/lib/python3.12/site-packages/airflow/example_dags/example_trigger_target_dag.py took 0.151 seconds
[2026-04-13T23:51:16.569+0000] {processor.py:186} INFO - Started process (PID=883) to work on /home/airflow/.local/lib/python3.12/site-packages/airflow/example_dags/example_trigger_target_dag.py
[2026-04-13T23:51:16.571+0000] {processor.py:914} INFO - Processing file /home/airflow/.local/lib/python3.12/site-packages/airflow/example_dags/example_trigger_target_dag.py for tasks to queue
[2026-04-13T23:51:16.577+0000] {logging_mixin.py:190} INFO - [2026-04-13T23:51:16.577+0000] {dagbag.py:588} INFO - Filling up the DagBag from /home/airflow/.local/lib/python3.12/site-packages/airflow/example_dags/example_trigger_target_dag.py
[2026-04-13T23:51:16.597+0000] {processor.py:925} INFO - DAG(s) 'example_trigger_target_dag' retrieved from /home/airflow/.local/lib/python3.12/site-packages/airflow/example_dags/example_trigger_target_dag.py
[2026-04-13T23:51:16.637+0000] {logging_mixin.py:190} INFO - [2026-04-13T23:51:16.636+0000] {dag.py:3239} INFO - Sync 1 DAGs
[2026-04-13T23:51:16.675+0000] {logging_mixin.py:190} INFO - [2026-04-13T23:51:16.675+0000] {dag.py:4180} INFO - Setting next_dagrun for example_trigger_target_dag to None, run_after=None
[2026-04-13T23:51:16.723+0000] {processor.py:208} INFO - Processing /home/airflow/.local/lib/python3.12/site-packages/airflow/example_dags/example_trigger_target_dag.py took 0.166 seconds
[2026-04-13T23:51:47.250+0000] {processor.py:186} INFO - Started process (PID=947) to work on /home/airflow/.local/lib/python3.12/site-packages/airflow/example_dags/example_trigger_target_dag.py
[2026-04-13T23:51:47.252+0000] {processor.py:914} INFO - Processing file /home/airflow/.local/lib/python3.12/site-packages/airflow/example_dags/example_trigger_target_dag.py for tasks to queue
[2026-04-13T23:51:47.256+0000] {logging_mixin.py:190} INFO - [2026-04-13T23:51:47.256+0000] {dagbag.py:588} INFO - Filling up the DagBag from /home/airflow/.local/lib/python3.12/site-packages/airflow/example_dags/example_trigger_target_dag.py
[2026-04-13T23:51:47.270+0000] {processor.py:925} INFO - DAG(s) 'example_trigger_target_dag' retrieved from /home/airflow/.local/lib/python3.12/site-packages/airflow/example_dags/example_trigger_target_dag.py
[2026-04-13T23:51:47.302+0000] {logging_mixin.py:190} INFO - [2026-04-13T23:51:47.302+0000] {dag.py:3239} INFO - Sync 1 DAGs
[2026-04-13T23:51:47.332+0000] {logging_mixin.py:190} INFO - [2026-04-13T23:51:47.332+0000] {dag.py:4180} INFO - Setting next_dagrun for example_trigger_target_dag to None, run_after=None
[2026-04-13T23:51:47.369+0000] {processor.py:208} INFO - Processing /home/airflow/.local/lib/python3.12/site-packages/airflow/example_dags/example_trigger_target_dag.py took 0.129 seconds
[2026-04-13T23:52:17.993+0000] {processor.py:186} INFO - Started process (PID=1011) to work on /home/airflow/.local/lib/python3.12/site-packages/airflow/example_dags/example_trigger_target_dag.py
[2026-04-13T23:52:17.995+0000] {processor.py:914} INFO - Processing file /home/airflow/.local/lib/python3.12/site-packages/airflow/example_dags/example_trigger_target_dag.py for tasks to queue
[2026-04-13T23:52:17.999+0000] {logging_mixin.py:190} INFO - [2026-04-13T23:52:17.999+0000] {dagbag.py:588} INFO - Filling up the DagBag from /home/airflow/.local/lib/python3.12/site-packages/airflow/example_dags/example_trigger_target_dag.py
[2026-04-13T23:52:18.014+0000] {processor.py:925} INFO - DAG(s) 'example_trigger_target_dag' retrieved from /home/airflow/.local/lib/python3.12/site-packages/airflow/example_dags/example_trigger_target_dag.py
[2026-04-13T23:52:18.047+0000] {logging_mixin.py:190} INFO - [2026-04-13T23:52:18.046+0000] {dag.py:3239} INFO - Sync 1 DAGs
[2026-04-13T23:52:18.086+0000] {logging_mixin.py:190} INFO - [2026-04-13T23:52:18.085+0000] {dag.py:4180} INFO - Setting next_dagrun for example_trigger_target_dag to None, run_after=None
[2026-04-13T23:52:18.157+0000] {processor.py:208} INFO - Processing /home/airflow/.local/lib/python3.12/site-packages/airflow/example_dags/example_trigger_target_dag.py took 0.175 seconds
[2026-04-13T23:52:51.992+0000] {processor.py:186} INFO - Started process (PID=1081) to work on /home/airflow/.local/lib/python3.12/site-packages/airflow/example_dags/example_trigger_target_dag.py
[2026-04-13T23:52:52.005+0000] {processor.py:914} INFO - Processing file /home/airflow/.local/lib/python3.12/site-packages/airflow/example_dags/example_trigger_target_dag.py for tasks to queue
[2026-04-13T23:52:52.020+0000] {logging_mixin.py:190} INFO - [2026-04-13T23:52:52.018+0000] {dagbag.py:588} INFO - Filling up the DagBag from /home/airflow/.local/lib/python3.12/site-packages/airflow/example_dags/example_trigger_target_dag.py
[2026-04-13T23:52:52.046+0000] {processor.py:925} INFO - DAG(s) 'example_trigger_target_dag' retrieved from /home/airflow/.local/lib/python3.12/site-packages/airflow/example_dags/example_trigger_target_dag.py
[2026-04-13T23:52:52.085+0000] {logging_mixin.py:190} INFO - [2026-04-13T23:52:52.084+0000] {dag.py:3239} INFO - Sync 1 DAGs
[2026-04-13T23:52:52.117+0000] {logging_mixin.py:190} INFO - [2026-04-13T23:52:52.116+0000] {dag.py:4180} INFO - Setting next_dagrun for example_trigger_target_dag to None, run_after=None
[2026-04-13T23:52:52.162+0000] {processor.py:208} INFO - Processing /home/airflow/.local/lib/python3.12/site-packages/airflow/example_dags/example_trigger_target_dag.py took 0.190 seconds
[2026-04-13T23:53:22.543+0000] {processor.py:186} INFO - Started process (PID=1144) to work on /home/airflow/.local/lib/python3.12/site-packages/airflow/example_dags/example_trigger_target_dag.py
[2026-04-13T23:53:22.546+0000] {processor.py:914} INFO - Processing file /home/airflow/.local/lib/python3.12/site-packages/airflow/example_dags/example_trigger_target_dag.py for tasks to queue
[2026-04-13T23:53:22.551+0000] {logging_mixin.py:190} INFO - [2026-04-13T23:53:22.550+0000] {dagbag.py:588} INFO - Filling up the DagBag from /home/airflow/.local/lib/python3.12/site-packages/airflow/example_dags/example_trigger_target_dag.py
[2026-04-13T23:53:22.567+0000] {processor.py:925} INFO - DAG(s) 'example_trigger_target_dag' retrieved from /home/airflow/.local/lib/python3.12/site-packages/airflow/example_dags/example_trigger_target_dag.py
[2026-04-13T23:53:22.604+0000] {logging_mixin.py:190} INFO - [2026-04-13T23:53:22.603+0000] {dag.py:3239} INFO - Sync 1 DAGs
[2026-04-13T23:53:22.634+0000] {logging_mixin.py:190} INFO - [2026-04-13T23:53:22.634+0000] {dag.py:4180} INFO - Setting next_dagrun for example_trigger_target_dag to None, run_after=None
[2026-04-13T23:53:22.674+0000] {processor.py:208} INFO - Processing /home/airflow/.local/lib/python3.12/site-packages/airflow/example_dags/example_trigger_target_dag.py took 0.148 seconds
