[2026-04-13T23:44:41.269+0000] {processor.py:186} INFO - Started process (PID=139) to work on /home/airflow/.local/lib/python3.12/site-packages/airflow/example_dags/example_dag_decorator.py
[2026-04-13T23:44:41.285+0000] {processor.py:914} INFO - Processing file /home/airflow/.local/lib/python3.12/site-packages/airflow/example_dags/example_dag_decorator.py for tasks to queue
[2026-04-13T23:44:41.346+0000] {logging_mixin.py:190} INFO - [2026-04-13T23:44:41.345+0000] {dagbag.py:588} INFO - Filling up the DagBag from /home/airflow/.local/lib/python3.12/site-packages/airflow/example_dags/example_dag_decorator.py
[2026-04-13T23:44:43.371+0000] {processor.py:925} INFO - DAG(s) 'example_dag_decorator' retrieved from /home/airflow/.local/lib/python3.12/site-packages/airflow/example_dags/example_dag_decorator.py
[2026-04-13T23:44:43.730+0000] {logging_mixin.py:190} INFO - [2026-04-13T23:44:43.729+0000] {override.py:1912} INFO - Created Permission View: can read on DAG:example_dag_decorator
[2026-04-13T23:44:43.819+0000] {logging_mixin.py:190} INFO - [2026-04-13T23:44:43.818+0000] {override.py:1912} INFO - Created Permission View: can edit on DAG:example_dag_decorator
[2026-04-13T23:44:43.847+0000] {logging_mixin.py:190} INFO - [2026-04-13T23:44:43.846+0000] {override.py:1912} INFO - Created Permission View: can delete on DAG:example_dag_decorator
[2026-04-13T23:44:43.879+0000] {logging_mixin.py:190} INFO - [2026-04-13T23:44:43.879+0000] {override.py:1912} INFO - Created Permission View: menu access on DAG Run:example_dag_decorator
[2026-04-13T23:44:43.900+0000] {logging_mixin.py:190} INFO - [2026-04-13T23:44:43.899+0000] {override.py:1912} INFO - Created Permission View: can read on DAG Run:example_dag_decorator
[2026-04-13T23:44:43.916+0000] {logging_mixin.py:190} INFO - [2026-04-13T23:44:43.916+0000] {override.py:1912} INFO - Created Permission View: can delete on DAG Run:example_dag_decorator
[2026-04-13T23:44:43.932+0000] {logging_mixin.py:190} INFO - [2026-04-13T23:44:43.931+0000] {override.py:1912} INFO - Created Permission View: can create on DAG Run:example_dag_decorator
[2026-04-13T23:44:43.933+0000] {logging_mixin.py:190} INFO - [2026-04-13T23:44:43.933+0000] {dag.py:3239} INFO - Sync 1 DAGs
[2026-04-13T23:44:43.964+0000] {logging_mixin.py:190} INFO - [2026-04-13T23:44:43.964+0000] {dag.py:3262} INFO - Creating ORM DAG for example_dag_decorator
[2026-04-13T23:44:43.965+0000] {logging_mixin.py:190} INFO - [2026-04-13T23:44:43.965+0000] {dag.py:4180} INFO - Setting next_dagrun for example_dag_decorator to None, run_after=None
[2026-04-13T23:44:44.002+0000] {processor.py:208} INFO - Processing /home/airflow/.local/lib/python3.12/site-packages/airflow/example_dags/example_dag_decorator.py took 2.792 seconds
[2026-04-13T23:45:15.021+0000] {processor.py:186} INFO - Started process (PID=204) to work on /home/airflow/.local/lib/python3.12/site-packages/airflow/example_dags/example_dag_decorator.py
[2026-04-13T23:45:15.028+0000] {processor.py:914} INFO - Processing file /home/airflow/.local/lib/python3.12/site-packages/airflow/example_dags/example_dag_decorator.py for tasks to queue
[2026-04-13T23:45:15.046+0000] {logging_mixin.py:190} INFO - [2026-04-13T23:45:15.045+0000] {dagbag.py:588} INFO - Filling up the DagBag from /home/airflow/.local/lib/python3.12/site-packages/airflow/example_dags/example_dag_decorator.py
[2026-04-13T23:45:16.107+0000] {processor.py:925} INFO - DAG(s) 'example_dag_decorator' retrieved from /home/airflow/.local/lib/python3.12/site-packages/airflow/example_dags/example_dag_decorator.py
[2026-04-13T23:45:17.414+0000] {logging_mixin.py:190} INFO - [2026-04-13T23:45:17.412+0000] {dag.py:3239} INFO - Sync 1 DAGs
[2026-04-13T23:45:17.486+0000] {logging_mixin.py:190} INFO - [2026-04-13T23:45:17.486+0000] {dag.py:4180} INFO - Setting next_dagrun for example_dag_decorator to None, run_after=None
[2026-04-13T23:45:17.585+0000] {processor.py:208} INFO - Processing /home/airflow/.local/lib/python3.12/site-packages/airflow/example_dags/example_dag_decorator.py took 2.704 seconds
[2026-04-13T23:45:48.291+0000] {processor.py:186} INFO - Started process (PID=269) to work on /home/airflow/.local/lib/python3.12/site-packages/airflow/example_dags/example_dag_decorator.py
[2026-04-13T23:45:48.296+0000] {processor.py:914} INFO - Processing file /home/airflow/.local/lib/python3.12/site-packages/airflow/example_dags/example_dag_decorator.py for tasks to queue
[2026-04-13T23:45:48.311+0000] {logging_mixin.py:190} INFO - [2026-04-13T23:45:48.309+0000] {dagbag.py:588} INFO - Filling up the DagBag from /home/airflow/.local/lib/python3.12/site-packages/airflow/example_dags/example_dag_decorator.py
[2026-04-13T23:45:48.980+0000] {processor.py:925} INFO - DAG(s) 'example_dag_decorator' retrieved from /home/airflow/.local/lib/python3.12/site-packages/airflow/example_dags/example_dag_decorator.py
[2026-04-13T23:45:49.572+0000] {logging_mixin.py:190} INFO - [2026-04-13T23:45:49.572+0000] {dag.py:3239} INFO - Sync 1 DAGs
[2026-04-13T23:45:49.633+0000] {logging_mixin.py:190} INFO - [2026-04-13T23:45:49.633+0000] {dag.py:4180} INFO - Setting next_dagrun for example_dag_decorator to None, run_after=None
[2026-04-13T23:45:49.735+0000] {processor.py:208} INFO - Processing /home/airflow/.local/lib/python3.12/site-packages/airflow/example_dags/example_dag_decorator.py took 1.483 seconds
[2026-04-13T23:46:23.479+0000] {processor.py:186} INFO - Started process (PID=334) to work on /home/airflow/.local/lib/python3.12/site-packages/airflow/example_dags/example_dag_decorator.py
[2026-04-13T23:46:23.481+0000] {processor.py:914} INFO - Processing file /home/airflow/.local/lib/python3.12/site-packages/airflow/example_dags/example_dag_decorator.py for tasks to queue
[2026-04-13T23:46:23.486+0000] {logging_mixin.py:190} INFO - [2026-04-13T23:46:23.485+0000] {dagbag.py:588} INFO - Filling up the DagBag from /home/airflow/.local/lib/python3.12/site-packages/airflow/example_dags/example_dag_decorator.py
[2026-04-13T23:46:23.902+0000] {processor.py:925} INFO - DAG(s) 'example_dag_decorator' retrieved from /home/airflow/.local/lib/python3.12/site-packages/airflow/example_dags/example_dag_decorator.py
[2026-04-13T23:46:24.477+0000] {logging_mixin.py:190} INFO - [2026-04-13T23:46:24.476+0000] {dag.py:3239} INFO - Sync 1 DAGs
[2026-04-13T23:46:24.515+0000] {logging_mixin.py:190} INFO - [2026-04-13T23:46:24.514+0000] {dag.py:4180} INFO - Setting next_dagrun for example_dag_decorator to None, run_after=None
[2026-04-13T23:46:24.562+0000] {processor.py:208} INFO - Processing /home/airflow/.local/lib/python3.12/site-packages/airflow/example_dags/example_dag_decorator.py took 1.094 seconds
