[2026-04-13T23:43:17.593+0000] {processor.py:186} INFO - Started process (PID=86) to work on /home/airflow/.local/lib/python3.12/site-packages/airflow/example_dags/example_external_task_marker_dag.py
[2026-04-13T23:43:17.632+0000] {processor.py:914} INFO - Processing file /home/airflow/.local/lib/python3.12/site-packages/airflow/example_dags/example_external_task_marker_dag.py for tasks to queue
[2026-04-13T23:43:17.733+0000] {logging_mixin.py:190} INFO - [2026-04-13T23:43:17.732+0000] {dagbag.py:588} INFO - Filling up the DagBag from /home/airflow/.local/lib/python3.12/site-packages/airflow/example_dags/example_external_task_marker_dag.py
[2026-04-13T23:43:17.950+0000] {processor.py:925} INFO - DAG(s) 'example_external_task_marker_child', 'example_external_task_marker_parent' retrieved from /home/airflow/.local/lib/python3.12/site-packages/airflow/example_dags/example_external_task_marker_dag.py
[2026-04-13T23:43:19.130+0000] {logging_mixin.py:190} INFO - [2026-04-13T23:43:19.127+0000] {override.py:1912} INFO - Created Permission View: can read on DAG:example_external_task_marker_child
[2026-04-13T23:43:19.332+0000] {logging_mixin.py:190} INFO - [2026-04-13T23:43:19.332+0000] {override.py:1912} INFO - Created Permission View: can edit on DAG:example_external_task_marker_child
[2026-04-13T23:43:19.359+0000] {logging_mixin.py:190} INFO - [2026-04-13T23:43:19.359+0000] {override.py:1912} INFO - Created Permission View: can delete on DAG:example_external_task_marker_child
[2026-04-13T23:43:19.393+0000] {logging_mixin.py:190} INFO - [2026-04-13T23:43:19.392+0000] {override.py:1912} INFO - Created Permission View: menu access on DAG Run:example_external_task_marker_child
[2026-04-13T23:43:19.411+0000] {logging_mixin.py:190} INFO - [2026-04-13T23:43:19.409+0000] {override.py:1912} INFO - Created Permission View: can read on DAG Run:example_external_task_marker_child
[2026-04-13T23:43:19.448+0000] {logging_mixin.py:190} INFO - [2026-04-13T23:43:19.448+0000] {override.py:1912} INFO - Created Permission View: can delete on DAG Run:example_external_task_marker_child
[2026-04-13T23:43:19.465+0000] {logging_mixin.py:190} INFO - [2026-04-13T23:43:19.465+0000] {override.py:1912} INFO - Created Permission View: can create on DAG Run:example_external_task_marker_child
[2026-04-13T23:43:19.537+0000] {logging_mixin.py:190} INFO - [2026-04-13T23:43:19.536+0000] {override.py:1912} INFO - Created Permission View: can read on DAG:example_external_task_marker_parent
[2026-04-13T23:43:19.558+0000] {logging_mixin.py:190} INFO - [2026-04-13T23:43:19.557+0000] {override.py:1912} INFO - Created Permission View: can edit on DAG:example_external_task_marker_parent
[2026-04-13T23:43:19.584+0000] {logging_mixin.py:190} INFO - [2026-04-13T23:43:19.580+0000] {override.py:1912} INFO - Created Permission View: can delete on DAG:example_external_task_marker_parent
[2026-04-13T23:43:19.609+0000] {logging_mixin.py:190} INFO - [2026-04-13T23:43:19.609+0000] {override.py:1912} INFO - Created Permission View: menu access on DAG Run:example_external_task_marker_parent
[2026-04-13T23:43:19.653+0000] {logging_mixin.py:190} INFO - [2026-04-13T23:43:19.648+0000] {override.py:1912} INFO - Created Permission View: can read on DAG Run:example_external_task_marker_parent
[2026-04-13T23:43:19.685+0000] {logging_mixin.py:190} INFO - [2026-04-13T23:43:19.684+0000] {override.py:1912} INFO - Created Permission View: can delete on DAG Run:example_external_task_marker_parent
[2026-04-13T23:43:19.719+0000] {logging_mixin.py:190} INFO - [2026-04-13T23:43:19.718+0000] {override.py:1912} INFO - Created Permission View: can create on DAG Run:example_external_task_marker_parent
[2026-04-13T23:43:19.726+0000] {logging_mixin.py:190} INFO - [2026-04-13T23:43:19.724+0000] {dag.py:3239} INFO - Sync 2 DAGs
[2026-04-13T23:43:19.911+0000] {logging_mixin.py:190} INFO - [2026-04-13T23:43:19.910+0000] {dag.py:3262} INFO - Creating ORM DAG for example_external_task_marker_child
[2026-04-13T23:43:19.916+0000] {logging_mixin.py:190} INFO - [2026-04-13T23:43:19.916+0000] {dag.py:3262} INFO - Creating ORM DAG for example_external_task_marker_parent
[2026-04-13T23:43:19.920+0000] {logging_mixin.py:190} INFO - [2026-04-13T23:43:19.919+0000] {dag.py:4180} INFO - Setting next_dagrun for example_external_task_marker_child to None, run_after=None
[2026-04-13T23:43:19.928+0000] {logging_mixin.py:190} INFO - [2026-04-13T23:43:19.925+0000] {dag.py:4180} INFO - Setting next_dagrun for example_external_task_marker_parent to None, run_after=None
[2026-04-13T23:43:20.346+0000] {processor.py:208} INFO - Processing /home/airflow/.local/lib/python3.12/site-packages/airflow/example_dags/example_external_task_marker_dag.py took 2.789 seconds
[2026-04-13T23:44:48.407+0000] {processor.py:186} INFO - Started process (PID=160) to work on /home/airflow/.local/lib/python3.12/site-packages/airflow/example_dags/example_external_task_marker_dag.py
[2026-04-13T23:44:48.410+0000] {processor.py:914} INFO - Processing file /home/airflow/.local/lib/python3.12/site-packages/airflow/example_dags/example_external_task_marker_dag.py for tasks to queue
[2026-04-13T23:44:48.418+0000] {logging_mixin.py:190} INFO - [2026-04-13T23:44:48.417+0000] {dagbag.py:588} INFO - Filling up the DagBag from /home/airflow/.local/lib/python3.12/site-packages/airflow/example_dags/example_external_task_marker_dag.py
[2026-04-13T23:44:48.437+0000] {processor.py:925} INFO - DAG(s) 'example_external_task_marker_child', 'example_external_task_marker_parent' retrieved from /home/airflow/.local/lib/python3.12/site-packages/airflow/example_dags/example_external_task_marker_dag.py
[2026-04-13T23:44:48.497+0000] {logging_mixin.py:190} INFO - [2026-04-13T23:44:48.497+0000] {dag.py:3239} INFO - Sync 2 DAGs
[2026-04-13T23:44:48.557+0000] {logging_mixin.py:190} INFO - [2026-04-13T23:44:48.556+0000] {dag.py:4180} INFO - Setting next_dagrun for example_external_task_marker_child to None, run_after=None
[2026-04-13T23:44:48.569+0000] {logging_mixin.py:190} INFO - [2026-04-13T23:44:48.568+0000] {dag.py:4180} INFO - Setting next_dagrun for example_external_task_marker_parent to None, run_after=None
[2026-04-13T23:44:48.613+0000] {processor.py:208} INFO - Processing /home/airflow/.local/lib/python3.12/site-packages/airflow/example_dags/example_external_task_marker_dag.py took 0.219 seconds
[2026-04-13T23:45:21.024+0000] {processor.py:186} INFO - Started process (PID=224) to work on /home/airflow/.local/lib/python3.12/site-packages/airflow/example_dags/example_external_task_marker_dag.py
[2026-04-13T23:45:21.027+0000] {processor.py:914} INFO - Processing file /home/airflow/.local/lib/python3.12/site-packages/airflow/example_dags/example_external_task_marker_dag.py for tasks to queue
[2026-04-13T23:45:21.035+0000] {logging_mixin.py:190} INFO - [2026-04-13T23:45:21.034+0000] {dagbag.py:588} INFO - Filling up the DagBag from /home/airflow/.local/lib/python3.12/site-packages/airflow/example_dags/example_external_task_marker_dag.py
[2026-04-13T23:45:21.066+0000] {processor.py:925} INFO - DAG(s) 'example_external_task_marker_child', 'example_external_task_marker_parent' retrieved from /home/airflow/.local/lib/python3.12/site-packages/airflow/example_dags/example_external_task_marker_dag.py
[2026-04-13T23:45:21.180+0000] {logging_mixin.py:190} INFO - [2026-04-13T23:45:21.176+0000] {dag.py:3239} INFO - Sync 2 DAGs
[2026-04-13T23:45:21.279+0000] {logging_mixin.py:190} INFO - [2026-04-13T23:45:21.278+0000] {dag.py:4180} INFO - Setting next_dagrun for example_external_task_marker_child to None, run_after=None
[2026-04-13T23:45:21.297+0000] {logging_mixin.py:190} INFO - [2026-04-13T23:45:21.296+0000] {dag.py:4180} INFO - Setting next_dagrun for example_external_task_marker_parent to None, run_after=None
[2026-04-13T23:45:21.353+0000] {processor.py:208} INFO - Processing /home/airflow/.local/lib/python3.12/site-packages/airflow/example_dags/example_external_task_marker_dag.py took 0.347 seconds
[2026-04-13T23:46:08.041+0000] {processor.py:186} INFO - Started process (PID=286) to work on /home/airflow/.local/lib/python3.12/site-packages/airflow/example_dags/example_external_task_marker_dag.py
[2026-04-13T23:46:08.044+0000] {processor.py:914} INFO - Processing file /home/airflow/.local/lib/python3.12/site-packages/airflow/example_dags/example_external_task_marker_dag.py for tasks to queue
[2026-04-13T23:46:08.050+0000] {logging_mixin.py:190} INFO - [2026-04-13T23:46:08.049+0000] {dagbag.py:588} INFO - Filling up the DagBag from /home/airflow/.local/lib/python3.12/site-packages/airflow/example_dags/example_external_task_marker_dag.py
[2026-04-13T23:46:08.078+0000] {processor.py:925} INFO - DAG(s) 'example_external_task_marker_parent', 'example_external_task_marker_child' retrieved from /home/airflow/.local/lib/python3.12/site-packages/airflow/example_dags/example_external_task_marker_dag.py
[2026-04-13T23:46:08.240+0000] {logging_mixin.py:190} INFO - [2026-04-13T23:46:08.240+0000] {dag.py:3239} INFO - Sync 2 DAGs
[2026-04-13T23:46:08.319+0000] {logging_mixin.py:190} INFO - [2026-04-13T23:46:08.318+0000] {dag.py:4180} INFO - Setting next_dagrun for example_external_task_marker_child to None, run_after=None
[2026-04-13T23:46:08.333+0000] {logging_mixin.py:190} INFO - [2026-04-13T23:46:08.332+0000] {dag.py:4180} INFO - Setting next_dagrun for example_external_task_marker_parent to None, run_after=None
[2026-04-13T23:46:08.384+0000] {processor.py:208} INFO - Processing /home/airflow/.local/lib/python3.12/site-packages/airflow/example_dags/example_external_task_marker_dag.py took 0.358 seconds
[2026-04-13T23:46:46.108+0000] {processor.py:186} INFO - Started process (PID=357) to work on /home/airflow/.local/lib/python3.12/site-packages/airflow/example_dags/example_external_task_marker_dag.py
[2026-04-13T23:46:46.112+0000] {processor.py:914} INFO - Processing file /home/airflow/.local/lib/python3.12/site-packages/airflow/example_dags/example_external_task_marker_dag.py for tasks to queue
[2026-04-13T23:46:46.118+0000] {logging_mixin.py:190} INFO - [2026-04-13T23:46:46.118+0000] {dagbag.py:588} INFO - Filling up the DagBag from /home/airflow/.local/lib/python3.12/site-packages/airflow/example_dags/example_external_task_marker_dag.py
[2026-04-13T23:46:46.154+0000] {processor.py:925} INFO - DAG(s) 'example_external_task_marker_parent', 'example_external_task_marker_child' retrieved from /home/airflow/.local/lib/python3.12/site-packages/airflow/example_dags/example_external_task_marker_dag.py
[2026-04-13T23:46:46.242+0000] {logging_mixin.py:190} INFO - [2026-04-13T23:46:46.241+0000] {dag.py:3239} INFO - Sync 2 DAGs
[2026-04-13T23:46:46.280+0000] {logging_mixin.py:190} INFO - [2026-04-13T23:46:46.280+0000] {dag.py:4180} INFO - Setting next_dagrun for example_external_task_marker_child to None, run_after=None
[2026-04-13T23:46:46.289+0000] {logging_mixin.py:190} INFO - [2026-04-13T23:46:46.288+0000] {dag.py:4180} INFO - Setting next_dagrun for example_external_task_marker_parent to None, run_after=None
[2026-04-13T23:46:46.326+0000] {processor.py:208} INFO - Processing /home/airflow/.local/lib/python3.12/site-packages/airflow/example_dags/example_external_task_marker_dag.py took 0.228 seconds
