[2026-04-13T23:43:49.190+0000] {processor.py:186} INFO - Started process (PID=94) to work on /home/airflow/.local/lib/python3.12/site-packages/airflow/example_dags/example_params_ui_tutorial.py
[2026-04-13T23:43:49.234+0000] {processor.py:914} INFO - Processing file /home/airflow/.local/lib/python3.12/site-packages/airflow/example_dags/example_params_ui_tutorial.py for tasks to queue
[2026-04-13T23:43:49.283+0000] {logging_mixin.py:190} INFO - [2026-04-13T23:43:49.277+0000] {dagbag.py:588} INFO - Filling up the DagBag from /home/airflow/.local/lib/python3.12/site-packages/airflow/example_dags/example_params_ui_tutorial.py
[2026-04-13T23:43:49.640+0000] {processor.py:925} INFO - DAG(s) 'example_params_ui_tutorial' retrieved from /home/airflow/.local/lib/python3.12/site-packages/airflow/example_dags/example_params_ui_tutorial.py
[2026-04-13T23:43:53.048+0000] {logging_mixin.py:190} INFO - [2026-04-13T23:43:53.045+0000] {override.py:1912} INFO - Created Permission View: can read on DAG:example_params_ui_tutorial
[2026-04-13T23:43:53.109+0000] {logging_mixin.py:190} INFO - [2026-04-13T23:43:53.107+0000] {override.py:1912} INFO - Created Permission View: can edit on DAG:example_params_ui_tutorial
[2026-04-13T23:43:53.139+0000] {logging_mixin.py:190} INFO - [2026-04-13T23:43:53.139+0000] {override.py:1912} INFO - Created Permission View: can delete on DAG:example_params_ui_tutorial
[2026-04-13T23:43:53.187+0000] {logging_mixin.py:190} INFO - [2026-04-13T23:43:53.186+0000] {override.py:1912} INFO - Created Permission View: menu access on DAG Run:example_params_ui_tutorial
[2026-04-13T23:43:53.284+0000] {logging_mixin.py:190} INFO - [2026-04-13T23:43:53.283+0000] {override.py:1912} INFO - Created Permission View: can read on DAG Run:example_params_ui_tutorial
[2026-04-13T23:43:53.309+0000] {logging_mixin.py:190} INFO - [2026-04-13T23:43:53.308+0000] {override.py:1912} INFO - Created Permission View: can delete on DAG Run:example_params_ui_tutorial
[2026-04-13T23:43:53.356+0000] {logging_mixin.py:190} INFO - [2026-04-13T23:43:53.355+0000] {override.py:1912} INFO - Created Permission View: can create on DAG Run:example_params_ui_tutorial
[2026-04-13T23:43:53.358+0000] {logging_mixin.py:190} INFO - [2026-04-13T23:43:53.357+0000] {dag.py:3239} INFO - Sync 1 DAGs
[2026-04-13T23:43:53.576+0000] {logging_mixin.py:190} INFO - [2026-04-13T23:43:53.576+0000] {dag.py:3262} INFO - Creating ORM DAG for example_params_ui_tutorial
[2026-04-13T23:43:53.591+0000] {logging_mixin.py:190} INFO - [2026-04-13T23:43:53.580+0000] {dag.py:4180} INFO - Setting next_dagrun for example_params_ui_tutorial to None, run_after=None
[2026-04-13T23:43:53.764+0000] {processor.py:208} INFO - Processing /home/airflow/.local/lib/python3.12/site-packages/airflow/example_dags/example_params_ui_tutorial.py took 4.685 seconds
[2026-04-13T23:44:49.382+0000] {processor.py:186} INFO - Started process (PID=163) to work on /home/airflow/.local/lib/python3.12/site-packages/airflow/example_dags/example_params_ui_tutorial.py
[2026-04-13T23:44:49.384+0000] {processor.py:914} INFO - Processing file /home/airflow/.local/lib/python3.12/site-packages/airflow/example_dags/example_params_ui_tutorial.py for tasks to queue
[2026-04-13T23:44:49.389+0000] {logging_mixin.py:190} INFO - [2026-04-13T23:44:49.388+0000] {dagbag.py:588} INFO - Filling up the DagBag from /home/airflow/.local/lib/python3.12/site-packages/airflow/example_dags/example_params_ui_tutorial.py
[2026-04-13T23:44:49.419+0000] {processor.py:925} INFO - DAG(s) 'example_params_ui_tutorial' retrieved from /home/airflow/.local/lib/python3.12/site-packages/airflow/example_dags/example_params_ui_tutorial.py
[2026-04-13T23:44:49.520+0000] {logging_mixin.py:190} INFO - [2026-04-13T23:44:49.520+0000] {dag.py:3239} INFO - Sync 1 DAGs
[2026-04-13T23:44:49.550+0000] {logging_mixin.py:190} INFO - [2026-04-13T23:44:49.550+0000] {dag.py:4180} INFO - Setting next_dagrun for example_params_ui_tutorial to None, run_after=None
[2026-04-13T23:44:49.587+0000] {processor.py:208} INFO - Processing /home/airflow/.local/lib/python3.12/site-packages/airflow/example_dags/example_params_ui_tutorial.py took 0.218 seconds
[2026-04-13T23:45:22.098+0000] {processor.py:186} INFO - Started process (PID=227) to work on /home/airflow/.local/lib/python3.12/site-packages/airflow/example_dags/example_params_ui_tutorial.py
[2026-04-13T23:45:22.100+0000] {processor.py:914} INFO - Processing file /home/airflow/.local/lib/python3.12/site-packages/airflow/example_dags/example_params_ui_tutorial.py for tasks to queue
[2026-04-13T23:45:22.105+0000] {logging_mixin.py:190} INFO - [2026-04-13T23:45:22.104+0000] {dagbag.py:588} INFO - Filling up the DagBag from /home/airflow/.local/lib/python3.12/site-packages/airflow/example_dags/example_params_ui_tutorial.py
[2026-04-13T23:45:22.133+0000] {processor.py:925} INFO - DAG(s) 'example_params_ui_tutorial' retrieved from /home/airflow/.local/lib/python3.12/site-packages/airflow/example_dags/example_params_ui_tutorial.py
[2026-04-13T23:45:22.318+0000] {logging_mixin.py:190} INFO - [2026-04-13T23:45:22.317+0000] {dag.py:3239} INFO - Sync 1 DAGs
[2026-04-13T23:45:22.381+0000] {logging_mixin.py:190} INFO - [2026-04-13T23:45:22.380+0000] {dag.py:4180} INFO - Setting next_dagrun for example_params_ui_tutorial to None, run_after=None
[2026-04-13T23:45:22.462+0000] {processor.py:208} INFO - Processing /home/airflow/.local/lib/python3.12/site-packages/airflow/example_dags/example_params_ui_tutorial.py took 0.380 seconds
[2026-04-13T23:46:09.824+0000] {processor.py:186} INFO - Started process (PID=289) to work on /home/airflow/.local/lib/python3.12/site-packages/airflow/example_dags/example_params_ui_tutorial.py
[2026-04-13T23:46:09.826+0000] {processor.py:914} INFO - Processing file /home/airflow/.local/lib/python3.12/site-packages/airflow/example_dags/example_params_ui_tutorial.py for tasks to queue
[2026-04-13T23:46:09.832+0000] {logging_mixin.py:190} INFO - [2026-04-13T23:46:09.831+0000] {dagbag.py:588} INFO - Filling up the DagBag from /home/airflow/.local/lib/python3.12/site-packages/airflow/example_dags/example_params_ui_tutorial.py
[2026-04-13T23:46:09.857+0000] {processor.py:925} INFO - DAG(s) 'example_params_ui_tutorial' retrieved from /home/airflow/.local/lib/python3.12/site-packages/airflow/example_dags/example_params_ui_tutorial.py
[2026-04-13T23:46:10.065+0000] {logging_mixin.py:190} INFO - [2026-04-13T23:46:10.064+0000] {dag.py:3239} INFO - Sync 1 DAGs
[2026-04-13T23:46:10.218+0000] {logging_mixin.py:190} INFO - [2026-04-13T23:46:10.218+0000] {dag.py:4180} INFO - Setting next_dagrun for example_params_ui_tutorial to None, run_after=None
[2026-04-13T23:46:10.323+0000] {processor.py:208} INFO - Processing /home/airflow/.local/lib/python3.12/site-packages/airflow/example_dags/example_params_ui_tutorial.py took 0.516 seconds
[2026-04-13T23:46:47.978+0000] {processor.py:186} INFO - Started process (PID=361) to work on /home/airflow/.local/lib/python3.12/site-packages/airflow/example_dags/example_params_ui_tutorial.py
[2026-04-13T23:46:47.981+0000] {processor.py:914} INFO - Processing file /home/airflow/.local/lib/python3.12/site-packages/airflow/example_dags/example_params_ui_tutorial.py for tasks to queue
[2026-04-13T23:46:47.987+0000] {logging_mixin.py:190} INFO - [2026-04-13T23:46:47.986+0000] {dagbag.py:588} INFO - Filling up the DagBag from /home/airflow/.local/lib/python3.12/site-packages/airflow/example_dags/example_params_ui_tutorial.py
[2026-04-13T23:46:48.021+0000] {processor.py:925} INFO - DAG(s) 'example_params_ui_tutorial' retrieved from /home/airflow/.local/lib/python3.12/site-packages/airflow/example_dags/example_params_ui_tutorial.py
[2026-04-13T23:46:48.156+0000] {logging_mixin.py:190} INFO - [2026-04-13T23:46:48.155+0000] {dag.py:3239} INFO - Sync 1 DAGs
[2026-04-13T23:46:48.200+0000] {logging_mixin.py:190} INFO - [2026-04-13T23:46:48.199+0000] {dag.py:4180} INFO - Setting next_dagrun for example_params_ui_tutorial to None, run_after=None
[2026-04-13T23:46:48.245+0000] {processor.py:208} INFO - Processing /home/airflow/.local/lib/python3.12/site-packages/airflow/example_dags/example_params_ui_tutorial.py took 0.281 seconds
[2026-04-13T23:47:20.204+0000] {processor.py:186} INFO - Started process (PID=425) to work on /home/airflow/.local/lib/python3.12/site-packages/airflow/example_dags/example_params_ui_tutorial.py
[2026-04-13T23:47:20.207+0000] {processor.py:914} INFO - Processing file /home/airflow/.local/lib/python3.12/site-packages/airflow/example_dags/example_params_ui_tutorial.py for tasks to queue
[2026-04-13T23:47:20.221+0000] {logging_mixin.py:190} INFO - [2026-04-13T23:47:20.220+0000] {dagbag.py:588} INFO - Filling up the DagBag from /home/airflow/.local/lib/python3.12/site-packages/airflow/example_dags/example_params_ui_tutorial.py
[2026-04-13T23:47:20.264+0000] {processor.py:925} INFO - DAG(s) 'example_params_ui_tutorial' retrieved from /home/airflow/.local/lib/python3.12/site-packages/airflow/example_dags/example_params_ui_tutorial.py
[2026-04-13T23:47:20.491+0000] {logging_mixin.py:190} INFO - [2026-04-13T23:47:20.491+0000] {dag.py:3239} INFO - Sync 1 DAGs
[2026-04-13T23:47:20.535+0000] {logging_mixin.py:190} INFO - [2026-04-13T23:47:20.534+0000] {dag.py:4180} INFO - Setting next_dagrun for example_params_ui_tutorial to None, run_after=None
[2026-04-13T23:47:20.597+0000] {processor.py:208} INFO - Processing /home/airflow/.local/lib/python3.12/site-packages/airflow/example_dags/example_params_ui_tutorial.py took 0.420 seconds
[2026-04-13T23:47:51.484+0000] {processor.py:186} INFO - Started process (PID=488) to work on /home/airflow/.local/lib/python3.12/site-packages/airflow/example_dags/example_params_ui_tutorial.py
[2026-04-13T23:47:51.489+0000] {processor.py:914} INFO - Processing file /home/airflow/.local/lib/python3.12/site-packages/airflow/example_dags/example_params_ui_tutorial.py for tasks to queue
[2026-04-13T23:47:51.509+0000] {logging_mixin.py:190} INFO - [2026-04-13T23:47:51.504+0000] {dagbag.py:588} INFO - Filling up the DagBag from /home/airflow/.local/lib/python3.12/site-packages/airflow/example_dags/example_params_ui_tutorial.py
[2026-04-13T23:47:51.579+0000] {processor.py:925} INFO - DAG(s) 'example_params_ui_tutorial' retrieved from /home/airflow/.local/lib/python3.12/site-packages/airflow/example_dags/example_params_ui_tutorial.py
[2026-04-13T23:47:51.925+0000] {logging_mixin.py:190} INFO - [2026-04-13T23:47:51.922+0000] {dag.py:3239} INFO - Sync 1 DAGs
[2026-04-13T23:47:52.109+0000] {logging_mixin.py:190} INFO - [2026-04-13T23:47:52.108+0000] {dag.py:4180} INFO - Setting next_dagrun for example_params_ui_tutorial to None, run_after=None
[2026-04-13T23:47:52.264+0000] {processor.py:208} INFO - Processing /home/airflow/.local/lib/python3.12/site-packages/airflow/example_dags/example_params_ui_tutorial.py took 0.811 seconds
[2026-04-13T23:48:22.914+0000] {processor.py:186} INFO - Started process (PID=552) to work on /home/airflow/.local/lib/python3.12/site-packages/airflow/example_dags/example_params_ui_tutorial.py
[2026-04-13T23:48:22.926+0000] {processor.py:914} INFO - Processing file /home/airflow/.local/lib/python3.12/site-packages/airflow/example_dags/example_params_ui_tutorial.py for tasks to queue
[2026-04-13T23:48:22.940+0000] {logging_mixin.py:190} INFO - [2026-04-13T23:48:22.938+0000] {dagbag.py:588} INFO - Filling up the DagBag from /home/airflow/.local/lib/python3.12/site-packages/airflow/example_dags/example_params_ui_tutorial.py
[2026-04-13T23:48:23.016+0000] {processor.py:925} INFO - DAG(s) 'example_params_ui_tutorial' retrieved from /home/airflow/.local/lib/python3.12/site-packages/airflow/example_dags/example_params_ui_tutorial.py
[2026-04-13T23:48:23.361+0000] {logging_mixin.py:190} INFO - [2026-04-13T23:48:23.360+0000] {dag.py:3239} INFO - Sync 1 DAGs
[2026-04-13T23:48:23.441+0000] {logging_mixin.py:190} INFO - [2026-04-13T23:48:23.440+0000] {dag.py:4180} INFO - Setting next_dagrun for example_params_ui_tutorial to None, run_after=None
[2026-04-13T23:48:23.544+0000] {processor.py:208} INFO - Processing /home/airflow/.local/lib/python3.12/site-packages/airflow/example_dags/example_params_ui_tutorial.py took 0.670 seconds
[2026-04-13T23:48:53.920+0000] {processor.py:186} INFO - Started process (PID=616) to work on /home/airflow/.local/lib/python3.12/site-packages/airflow/example_dags/example_params_ui_tutorial.py
[2026-04-13T23:48:53.923+0000] {processor.py:914} INFO - Processing file /home/airflow/.local/lib/python3.12/site-packages/airflow/example_dags/example_params_ui_tutorial.py for tasks to queue
[2026-04-13T23:48:53.929+0000] {logging_mixin.py:190} INFO - [2026-04-13T23:48:53.928+0000] {dagbag.py:588} INFO - Filling up the DagBag from /home/airflow/.local/lib/python3.12/site-packages/airflow/example_dags/example_params_ui_tutorial.py
[2026-04-13T23:48:53.950+0000] {processor.py:925} INFO - DAG(s) 'example_params_ui_tutorial' retrieved from /home/airflow/.local/lib/python3.12/site-packages/airflow/example_dags/example_params_ui_tutorial.py
[2026-04-13T23:48:54.167+0000] {logging_mixin.py:190} INFO - [2026-04-13T23:48:54.166+0000] {dag.py:3239} INFO - Sync 1 DAGs
[2026-04-13T23:48:54.283+0000] {logging_mixin.py:190} INFO - [2026-04-13T23:48:54.283+0000] {dag.py:4180} INFO - Setting next_dagrun for example_params_ui_tutorial to None, run_after=None
[2026-04-13T23:48:54.332+0000] {processor.py:208} INFO - Processing /home/airflow/.local/lib/python3.12/site-packages/airflow/example_dags/example_params_ui_tutorial.py took 0.427 seconds
[2026-04-13T23:49:27.241+0000] {processor.py:186} INFO - Started process (PID=680) to work on /home/airflow/.local/lib/python3.12/site-packages/airflow/example_dags/example_params_ui_tutorial.py
[2026-04-13T23:49:27.243+0000] {processor.py:914} INFO - Processing file /home/airflow/.local/lib/python3.12/site-packages/airflow/example_dags/example_params_ui_tutorial.py for tasks to queue
[2026-04-13T23:49:27.247+0000] {logging_mixin.py:190} INFO - [2026-04-13T23:49:27.246+0000] {dagbag.py:588} INFO - Filling up the DagBag from /home/airflow/.local/lib/python3.12/site-packages/airflow/example_dags/example_params_ui_tutorial.py
[2026-04-13T23:49:27.262+0000] {processor.py:925} INFO - DAG(s) 'example_params_ui_tutorial' retrieved from /home/airflow/.local/lib/python3.12/site-packages/airflow/example_dags/example_params_ui_tutorial.py
[2026-04-13T23:49:27.327+0000] {logging_mixin.py:190} INFO - [2026-04-13T23:49:27.326+0000] {dag.py:3239} INFO - Sync 1 DAGs
[2026-04-13T23:49:27.351+0000] {logging_mixin.py:190} INFO - [2026-04-13T23:49:27.350+0000] {dag.py:4180} INFO - Setting next_dagrun for example_params_ui_tutorial to None, run_after=None
[2026-04-13T23:49:27.378+0000] {processor.py:208} INFO - Processing /home/airflow/.local/lib/python3.12/site-packages/airflow/example_dags/example_params_ui_tutorial.py took 0.145 seconds
[2026-04-13T23:50:00.640+0000] {processor.py:186} INFO - Started process (PID=731) to work on /home/airflow/.local/lib/python3.12/site-packages/airflow/example_dags/example_params_ui_tutorial.py
[2026-04-13T23:50:00.642+0000] {processor.py:914} INFO - Processing file /home/airflow/.local/lib/python3.12/site-packages/airflow/example_dags/example_params_ui_tutorial.py for tasks to queue
[2026-04-13T23:50:00.647+0000] {logging_mixin.py:190} INFO - [2026-04-13T23:50:00.646+0000] {dagbag.py:588} INFO - Filling up the DagBag from /home/airflow/.local/lib/python3.12/site-packages/airflow/example_dags/example_params_ui_tutorial.py
[2026-04-13T23:50:00.664+0000] {processor.py:925} INFO - DAG(s) 'example_params_ui_tutorial' retrieved from /home/airflow/.local/lib/python3.12/site-packages/airflow/example_dags/example_params_ui_tutorial.py
[2026-04-13T23:50:00.756+0000] {logging_mixin.py:190} INFO - [2026-04-13T23:50:00.756+0000] {dag.py:3239} INFO - Sync 1 DAGs
[2026-04-13T23:50:00.786+0000] {logging_mixin.py:190} INFO - [2026-04-13T23:50:00.786+0000] {dag.py:4180} INFO - Setting next_dagrun for example_params_ui_tutorial to None, run_after=None
[2026-04-13T23:50:00.833+0000] {processor.py:208} INFO - Processing /home/airflow/.local/lib/python3.12/site-packages/airflow/example_dags/example_params_ui_tutorial.py took 0.202 seconds
[2026-04-13T23:50:33.638+0000] {processor.py:186} INFO - Started process (PID=790) to work on /home/airflow/.local/lib/python3.12/site-packages/airflow/example_dags/example_params_ui_tutorial.py
[2026-04-13T23:50:33.645+0000] {processor.py:914} INFO - Processing file /home/airflow/.local/lib/python3.12/site-packages/airflow/example_dags/example_params_ui_tutorial.py for tasks to queue
[2026-04-13T23:50:33.653+0000] {logging_mixin.py:190} INFO - [2026-04-13T23:50:33.652+0000] {dagbag.py:588} INFO - Filling up the DagBag from /home/airflow/.local/lib/python3.12/site-packages/airflow/example_dags/example_params_ui_tutorial.py
[2026-04-13T23:50:33.716+0000] {processor.py:925} INFO - DAG(s) 'example_params_ui_tutorial' retrieved from /home/airflow/.local/lib/python3.12/site-packages/airflow/example_dags/example_params_ui_tutorial.py
[2026-04-13T23:50:34.124+0000] {logging_mixin.py:190} INFO - [2026-04-13T23:50:34.123+0000] {dag.py:3239} INFO - Sync 1 DAGs
[2026-04-13T23:50:34.294+0000] {logging_mixin.py:190} INFO - [2026-04-13T23:50:34.293+0000] {dag.py:4180} INFO - Setting next_dagrun for example_params_ui_tutorial to None, run_after=None
[2026-04-13T23:50:34.449+0000] {processor.py:208} INFO - Processing /home/airflow/.local/lib/python3.12/site-packages/airflow/example_dags/example_params_ui_tutorial.py took 0.839 seconds
[2026-04-13T23:51:05.467+0000] {processor.py:186} INFO - Started process (PID=854) to work on /home/airflow/.local/lib/python3.12/site-packages/airflow/example_dags/example_params_ui_tutorial.py
[2026-04-13T23:51:05.475+0000] {processor.py:914} INFO - Processing file /home/airflow/.local/lib/python3.12/site-packages/airflow/example_dags/example_params_ui_tutorial.py for tasks to queue
[2026-04-13T23:51:05.479+0000] {logging_mixin.py:190} INFO - [2026-04-13T23:51:05.478+0000] {dagbag.py:588} INFO - Filling up the DagBag from /home/airflow/.local/lib/python3.12/site-packages/airflow/example_dags/example_params_ui_tutorial.py
[2026-04-13T23:51:05.493+0000] {processor.py:925} INFO - DAG(s) 'example_params_ui_tutorial' retrieved from /home/airflow/.local/lib/python3.12/site-packages/airflow/example_dags/example_params_ui_tutorial.py
[2026-04-13T23:51:05.572+0000] {logging_mixin.py:190} INFO - [2026-04-13T23:51:05.571+0000] {dag.py:3239} INFO - Sync 1 DAGs
[2026-04-13T23:51:05.601+0000] {logging_mixin.py:190} INFO - [2026-04-13T23:51:05.601+0000] {dag.py:4180} INFO - Setting next_dagrun for example_params_ui_tutorial to None, run_after=None
[2026-04-13T23:51:05.639+0000] {processor.py:208} INFO - Processing /home/airflow/.local/lib/python3.12/site-packages/airflow/example_dags/example_params_ui_tutorial.py took 0.183 seconds
[2026-04-13T23:51:36.474+0000] {processor.py:186} INFO - Started process (PID=918) to work on /home/airflow/.local/lib/python3.12/site-packages/airflow/example_dags/example_params_ui_tutorial.py
[2026-04-13T23:51:36.475+0000] {processor.py:914} INFO - Processing file /home/airflow/.local/lib/python3.12/site-packages/airflow/example_dags/example_params_ui_tutorial.py for tasks to queue
[2026-04-13T23:51:36.479+0000] {logging_mixin.py:190} INFO - [2026-04-13T23:51:36.478+0000] {dagbag.py:588} INFO - Filling up the DagBag from /home/airflow/.local/lib/python3.12/site-packages/airflow/example_dags/example_params_ui_tutorial.py
[2026-04-13T23:51:36.491+0000] {processor.py:925} INFO - DAG(s) 'example_params_ui_tutorial' retrieved from /home/airflow/.local/lib/python3.12/site-packages/airflow/example_dags/example_params_ui_tutorial.py
[2026-04-13T23:51:36.554+0000] {logging_mixin.py:190} INFO - [2026-04-13T23:51:36.554+0000] {dag.py:3239} INFO - Sync 1 DAGs
[2026-04-13T23:51:36.578+0000] {logging_mixin.py:190} INFO - [2026-04-13T23:51:36.576+0000] {dag.py:4180} INFO - Setting next_dagrun for example_params_ui_tutorial to None, run_after=None
[2026-04-13T23:51:36.607+0000] {processor.py:208} INFO - Processing /home/airflow/.local/lib/python3.12/site-packages/airflow/example_dags/example_params_ui_tutorial.py took 0.142 seconds
[2026-04-13T23:52:07.361+0000] {processor.py:186} INFO - Started process (PID=982) to work on /home/airflow/.local/lib/python3.12/site-packages/airflow/example_dags/example_params_ui_tutorial.py
[2026-04-13T23:52:07.362+0000] {processor.py:914} INFO - Processing file /home/airflow/.local/lib/python3.12/site-packages/airflow/example_dags/example_params_ui_tutorial.py for tasks to queue
[2026-04-13T23:52:07.366+0000] {logging_mixin.py:190} INFO - [2026-04-13T23:52:07.366+0000] {dagbag.py:588} INFO - Filling up the DagBag from /home/airflow/.local/lib/python3.12/site-packages/airflow/example_dags/example_params_ui_tutorial.py
[2026-04-13T23:52:07.380+0000] {processor.py:925} INFO - DAG(s) 'example_params_ui_tutorial' retrieved from /home/airflow/.local/lib/python3.12/site-packages/airflow/example_dags/example_params_ui_tutorial.py
[2026-04-13T23:52:07.449+0000] {logging_mixin.py:190} INFO - [2026-04-13T23:52:07.448+0000] {dag.py:3239} INFO - Sync 1 DAGs
[2026-04-13T23:52:07.473+0000] {logging_mixin.py:190} INFO - [2026-04-13T23:52:07.472+0000] {dag.py:4180} INFO - Setting next_dagrun for example_params_ui_tutorial to None, run_after=None
[2026-04-13T23:52:07.514+0000] {processor.py:208} INFO - Processing /home/airflow/.local/lib/python3.12/site-packages/airflow/example_dags/example_params_ui_tutorial.py took 0.162 seconds
[2026-04-13T23:52:46.171+0000] {processor.py:186} INFO - Started process (PID=1046) to work on /home/airflow/.local/lib/python3.12/site-packages/airflow/example_dags/example_params_ui_tutorial.py
[2026-04-13T23:52:46.173+0000] {processor.py:914} INFO - Processing file /home/airflow/.local/lib/python3.12/site-packages/airflow/example_dags/example_params_ui_tutorial.py for tasks to queue
[2026-04-13T23:52:46.178+0000] {logging_mixin.py:190} INFO - [2026-04-13T23:52:46.177+0000] {dagbag.py:588} INFO - Filling up the DagBag from /home/airflow/.local/lib/python3.12/site-packages/airflow/example_dags/example_params_ui_tutorial.py
[2026-04-13T23:52:46.202+0000] {processor.py:925} INFO - DAG(s) 'example_params_ui_tutorial' retrieved from /home/airflow/.local/lib/python3.12/site-packages/airflow/example_dags/example_params_ui_tutorial.py
[2026-04-13T23:52:46.298+0000] {logging_mixin.py:190} INFO - [2026-04-13T23:52:46.297+0000] {dag.py:3239} INFO - Sync 1 DAGs
[2026-04-13T23:52:46.339+0000] {logging_mixin.py:190} INFO - [2026-04-13T23:52:46.339+0000] {dag.py:4180} INFO - Setting next_dagrun for example_params_ui_tutorial to None, run_after=None
[2026-04-13T23:52:46.413+0000] {processor.py:208} INFO - Processing /home/airflow/.local/lib/python3.12/site-packages/airflow/example_dags/example_params_ui_tutorial.py took 0.252 seconds
[2026-04-13T23:53:17.566+0000] {processor.py:186} INFO - Started process (PID=1110) to work on /home/airflow/.local/lib/python3.12/site-packages/airflow/example_dags/example_params_ui_tutorial.py
[2026-04-13T23:53:17.568+0000] {processor.py:914} INFO - Processing file /home/airflow/.local/lib/python3.12/site-packages/airflow/example_dags/example_params_ui_tutorial.py for tasks to queue
[2026-04-13T23:53:17.572+0000] {logging_mixin.py:190} INFO - [2026-04-13T23:53:17.572+0000] {dagbag.py:588} INFO - Filling up the DagBag from /home/airflow/.local/lib/python3.12/site-packages/airflow/example_dags/example_params_ui_tutorial.py
[2026-04-13T23:53:17.589+0000] {processor.py:925} INFO - DAG(s) 'example_params_ui_tutorial' retrieved from /home/airflow/.local/lib/python3.12/site-packages/airflow/example_dags/example_params_ui_tutorial.py
[2026-04-13T23:53:17.667+0000] {logging_mixin.py:190} INFO - [2026-04-13T23:53:17.667+0000] {dag.py:3239} INFO - Sync 1 DAGs
[2026-04-13T23:53:17.701+0000] {logging_mixin.py:190} INFO - [2026-04-13T23:53:17.701+0000] {dag.py:4180} INFO - Setting next_dagrun for example_params_ui_tutorial to None, run_after=None
[2026-04-13T23:53:17.747+0000] {processor.py:208} INFO - Processing /home/airflow/.local/lib/python3.12/site-packages/airflow/example_dags/example_params_ui_tutorial.py took 0.193 seconds
