[2026-04-13T23:44:25.760+0000] {processor.py:186} INFO - Started process (PID=122) to work on /home/airflow/.local/lib/python3.12/site-packages/airflow/example_dags/example_sensors.py
[2026-04-13T23:44:25.762+0000] {processor.py:914} INFO - Processing file /home/airflow/.local/lib/python3.12/site-packages/airflow/example_dags/example_sensors.py for tasks to queue
[2026-04-13T23:44:25.769+0000] {logging_mixin.py:190} INFO - [2026-04-13T23:44:25.768+0000] {dagbag.py:588} INFO - Filling up the DagBag from /home/airflow/.local/lib/python3.12/site-packages/airflow/example_dags/example_sensors.py
[2026-04-13T23:44:25.807+0000] {processor.py:925} INFO - DAG(s) 'example_sensors' retrieved from /home/airflow/.local/lib/python3.12/site-packages/airflow/example_dags/example_sensors.py
[2026-04-13T23:44:26.637+0000] {logging_mixin.py:190} INFO - [2026-04-13T23:44:26.633+0000] {override.py:1912} INFO - Created Permission View: can read on DAG:example_sensors
[2026-04-13T23:44:26.733+0000] {logging_mixin.py:190} INFO - [2026-04-13T23:44:26.732+0000] {override.py:1912} INFO - Created Permission View: can edit on DAG:example_sensors
[2026-04-13T23:44:26.880+0000] {logging_mixin.py:190} INFO - [2026-04-13T23:44:26.878+0000] {override.py:1912} INFO - Created Permission View: can delete on DAG:example_sensors
[2026-04-13T23:44:27.011+0000] {logging_mixin.py:190} INFO - [2026-04-13T23:44:27.009+0000] {override.py:1912} INFO - Created Permission View: menu access on DAG Run:example_sensors
[2026-04-13T23:44:27.079+0000] {logging_mixin.py:190} INFO - [2026-04-13T23:44:27.078+0000] {override.py:1912} INFO - Created Permission View: can read on DAG Run:example_sensors
[2026-04-13T23:44:27.136+0000] {logging_mixin.py:190} INFO - [2026-04-13T23:44:27.136+0000] {override.py:1912} INFO - Created Permission View: can delete on DAG Run:example_sensors
[2026-04-13T23:44:27.198+0000] {logging_mixin.py:190} INFO - [2026-04-13T23:44:27.197+0000] {override.py:1912} INFO - Created Permission View: can create on DAG Run:example_sensors
[2026-04-13T23:44:27.207+0000] {logging_mixin.py:190} INFO - [2026-04-13T23:44:27.206+0000] {dag.py:3239} INFO - Sync 1 DAGs
[2026-04-13T23:44:27.335+0000] {logging_mixin.py:190} INFO - [2026-04-13T23:44:27.323+0000] {dag.py:3262} INFO - Creating ORM DAG for example_sensors
[2026-04-13T23:44:27.342+0000] {logging_mixin.py:190} INFO - [2026-04-13T23:44:27.341+0000] {dag.py:4180} INFO - Setting next_dagrun for example_sensors to None, run_after=None
[2026-04-13T23:44:27.460+0000] {processor.py:208} INFO - Processing /home/airflow/.local/lib/python3.12/site-packages/airflow/example_dags/example_sensors.py took 1.716 seconds
[2026-04-13T23:44:57.653+0000] {processor.py:186} INFO - Started process (PID=185) to work on /home/airflow/.local/lib/python3.12/site-packages/airflow/example_dags/example_sensors.py
[2026-04-13T23:44:57.674+0000] {processor.py:914} INFO - Processing file /home/airflow/.local/lib/python3.12/site-packages/airflow/example_dags/example_sensors.py for tasks to queue
[2026-04-13T23:44:57.693+0000] {logging_mixin.py:190} INFO - [2026-04-13T23:44:57.692+0000] {dagbag.py:588} INFO - Filling up the DagBag from /home/airflow/.local/lib/python3.12/site-packages/airflow/example_dags/example_sensors.py
[2026-04-13T23:44:57.723+0000] {processor.py:925} INFO - DAG(s) 'example_sensors' retrieved from /home/airflow/.local/lib/python3.12/site-packages/airflow/example_dags/example_sensors.py
[2026-04-13T23:44:57.779+0000] {logging_mixin.py:190} INFO - [2026-04-13T23:44:57.779+0000] {dag.py:3239} INFO - Sync 1 DAGs
[2026-04-13T23:44:57.822+0000] {logging_mixin.py:190} INFO - [2026-04-13T23:44:57.821+0000] {dag.py:4180} INFO - Setting next_dagrun for example_sensors to None, run_after=None
[2026-04-13T23:44:57.868+0000] {processor.py:208} INFO - Processing /home/airflow/.local/lib/python3.12/site-packages/airflow/example_dags/example_sensors.py took 0.276 seconds
[2026-04-13T23:45:28.237+0000] {processor.py:186} INFO - Started process (PID=248) to work on /home/airflow/.local/lib/python3.12/site-packages/airflow/example_dags/example_sensors.py
[2026-04-13T23:45:28.240+0000] {processor.py:914} INFO - Processing file /home/airflow/.local/lib/python3.12/site-packages/airflow/example_dags/example_sensors.py for tasks to queue
[2026-04-13T23:45:28.250+0000] {logging_mixin.py:190} INFO - [2026-04-13T23:45:28.248+0000] {dagbag.py:588} INFO - Filling up the DagBag from /home/airflow/.local/lib/python3.12/site-packages/airflow/example_dags/example_sensors.py
[2026-04-13T23:45:28.279+0000] {processor.py:925} INFO - DAG(s) 'example_sensors' retrieved from /home/airflow/.local/lib/python3.12/site-packages/airflow/example_dags/example_sensors.py
[2026-04-13T23:45:28.359+0000] {logging_mixin.py:190} INFO - [2026-04-13T23:45:28.358+0000] {dag.py:3239} INFO - Sync 1 DAGs
[2026-04-13T23:45:28.397+0000] {logging_mixin.py:190} INFO - [2026-04-13T23:45:28.396+0000] {dag.py:4180} INFO - Setting next_dagrun for example_sensors to None, run_after=None
[2026-04-13T23:45:28.464+0000] {processor.py:208} INFO - Processing /home/airflow/.local/lib/python3.12/site-packages/airflow/example_dags/example_sensors.py took 0.247 seconds
[2026-04-13T23:46:18.094+0000] {processor.py:186} INFO - Started process (PID=321) to work on /home/airflow/.local/lib/python3.12/site-packages/airflow/example_dags/example_sensors.py
[2026-04-13T23:46:18.096+0000] {processor.py:914} INFO - Processing file /home/airflow/.local/lib/python3.12/site-packages/airflow/example_dags/example_sensors.py for tasks to queue
[2026-04-13T23:46:18.102+0000] {logging_mixin.py:190} INFO - [2026-04-13T23:46:18.101+0000] {dagbag.py:588} INFO - Filling up the DagBag from /home/airflow/.local/lib/python3.12/site-packages/airflow/example_dags/example_sensors.py
[2026-04-13T23:46:18.130+0000] {processor.py:925} INFO - DAG(s) 'example_sensors' retrieved from /home/airflow/.local/lib/python3.12/site-packages/airflow/example_dags/example_sensors.py
[2026-04-13T23:46:18.185+0000] {logging_mixin.py:190} INFO - [2026-04-13T23:46:18.185+0000] {dag.py:3239} INFO - Sync 1 DAGs
[2026-04-13T23:46:18.228+0000] {logging_mixin.py:190} INFO - [2026-04-13T23:46:18.228+0000] {dag.py:4180} INFO - Setting next_dagrun for example_sensors to None, run_after=None
[2026-04-13T23:46:18.278+0000] {processor.py:208} INFO - Processing /home/airflow/.local/lib/python3.12/site-packages/airflow/example_dags/example_sensors.py took 0.194 seconds
