[2026-04-13T23:44:31.896+0000] {processor.py:186} INFO - Started process (PID=125) to work on /home/airflow/.local/lib/python3.12/site-packages/airflow/example_dags/example_short_circuit_decorator.py
[2026-04-13T23:44:31.899+0000] {processor.py:914} INFO - Processing file /home/airflow/.local/lib/python3.12/site-packages/airflow/example_dags/example_short_circuit_decorator.py for tasks to queue
[2026-04-13T23:44:31.905+0000] {logging_mixin.py:190} INFO - [2026-04-13T23:44:31.904+0000] {dagbag.py:588} INFO - Filling up the DagBag from /home/airflow/.local/lib/python3.12/site-packages/airflow/example_dags/example_short_circuit_decorator.py
[2026-04-13T23:44:31.939+0000] {processor.py:925} INFO - DAG(s) 'example_short_circuit_decorator' retrieved from /home/airflow/.local/lib/python3.12/site-packages/airflow/example_dags/example_short_circuit_decorator.py
[2026-04-13T23:44:32.194+0000] {logging_mixin.py:190} INFO - [2026-04-13T23:44:32.193+0000] {override.py:1912} INFO - Created Permission View: can read on DAG:example_short_circuit_decorator
[2026-04-13T23:44:32.220+0000] {logging_mixin.py:190} INFO - [2026-04-13T23:44:32.219+0000] {override.py:1912} INFO - Created Permission View: can edit on DAG:example_short_circuit_decorator
[2026-04-13T23:44:32.237+0000] {logging_mixin.py:190} INFO - [2026-04-13T23:44:32.236+0000] {override.py:1912} INFO - Created Permission View: can delete on DAG:example_short_circuit_decorator
[2026-04-13T23:44:32.254+0000] {logging_mixin.py:190} INFO - [2026-04-13T23:44:32.253+0000] {override.py:1912} INFO - Created Permission View: menu access on DAG Run:example_short_circuit_decorator
[2026-04-13T23:44:32.266+0000] {logging_mixin.py:190} INFO - [2026-04-13T23:44:32.265+0000] {override.py:1912} INFO - Created Permission View: can read on DAG Run:example_short_circuit_decorator
[2026-04-13T23:44:32.288+0000] {logging_mixin.py:190} INFO - [2026-04-13T23:44:32.287+0000] {override.py:1912} INFO - Created Permission View: can delete on DAG Run:example_short_circuit_decorator
[2026-04-13T23:44:32.381+0000] {logging_mixin.py:190} INFO - [2026-04-13T23:44:32.380+0000] {override.py:1912} INFO - Created Permission View: can create on DAG Run:example_short_circuit_decorator
[2026-04-13T23:44:32.418+0000] {logging_mixin.py:190} INFO - [2026-04-13T23:44:32.416+0000] {dag.py:3239} INFO - Sync 1 DAGs
[2026-04-13T23:44:32.619+0000] {logging_mixin.py:190} INFO - [2026-04-13T23:44:32.618+0000] {dag.py:3262} INFO - Creating ORM DAG for example_short_circuit_decorator
[2026-04-13T23:44:32.665+0000] {logging_mixin.py:190} INFO - [2026-04-13T23:44:32.663+0000] {dag.py:4180} INFO - Setting next_dagrun for example_short_circuit_decorator to None, run_after=None
[2026-04-13T23:44:32.762+0000] {processor.py:208} INFO - Processing /home/airflow/.local/lib/python3.12/site-packages/airflow/example_dags/example_short_circuit_decorator.py took 0.880 seconds
[2026-04-13T23:45:03.324+0000] {processor.py:186} INFO - Started process (PID=189) to work on /home/airflow/.local/lib/python3.12/site-packages/airflow/example_dags/example_short_circuit_decorator.py
[2026-04-13T23:45:03.326+0000] {processor.py:914} INFO - Processing file /home/airflow/.local/lib/python3.12/site-packages/airflow/example_dags/example_short_circuit_decorator.py for tasks to queue
[2026-04-13T23:45:03.333+0000] {logging_mixin.py:190} INFO - [2026-04-13T23:45:03.332+0000] {dagbag.py:588} INFO - Filling up the DagBag from /home/airflow/.local/lib/python3.12/site-packages/airflow/example_dags/example_short_circuit_decorator.py
[2026-04-13T23:45:03.364+0000] {processor.py:925} INFO - DAG(s) 'example_short_circuit_decorator' retrieved from /home/airflow/.local/lib/python3.12/site-packages/airflow/example_dags/example_short_circuit_decorator.py
[2026-04-13T23:45:03.429+0000] {logging_mixin.py:190} INFO - [2026-04-13T23:45:03.428+0000] {dag.py:3239} INFO - Sync 1 DAGs
[2026-04-13T23:45:03.463+0000] {logging_mixin.py:190} INFO - [2026-04-13T23:45:03.463+0000] {dag.py:4180} INFO - Setting next_dagrun for example_short_circuit_decorator to None, run_after=None
[2026-04-13T23:45:03.529+0000] {processor.py:208} INFO - Processing /home/airflow/.local/lib/python3.12/site-packages/airflow/example_dags/example_short_circuit_decorator.py took 0.222 seconds
[2026-04-13T23:45:33.667+0000] {processor.py:186} INFO - Started process (PID=252) to work on /home/airflow/.local/lib/python3.12/site-packages/airflow/example_dags/example_short_circuit_decorator.py
[2026-04-13T23:45:33.669+0000] {processor.py:914} INFO - Processing file /home/airflow/.local/lib/python3.12/site-packages/airflow/example_dags/example_short_circuit_decorator.py for tasks to queue
[2026-04-13T23:45:33.672+0000] {logging_mixin.py:190} INFO - [2026-04-13T23:45:33.672+0000] {dagbag.py:588} INFO - Filling up the DagBag from /home/airflow/.local/lib/python3.12/site-packages/airflow/example_dags/example_short_circuit_decorator.py
[2026-04-13T23:45:33.690+0000] {processor.py:925} INFO - DAG(s) 'example_short_circuit_decorator' retrieved from /home/airflow/.local/lib/python3.12/site-packages/airflow/example_dags/example_short_circuit_decorator.py
[2026-04-13T23:45:33.755+0000] {logging_mixin.py:190} INFO - [2026-04-13T23:45:33.754+0000] {dag.py:3239} INFO - Sync 1 DAGs
[2026-04-13T23:45:33.814+0000] {logging_mixin.py:190} INFO - [2026-04-13T23:45:33.813+0000] {dag.py:4180} INFO - Setting next_dagrun for example_short_circuit_decorator to None, run_after=None
[2026-04-13T23:45:33.861+0000] {processor.py:208} INFO - Processing /home/airflow/.local/lib/python3.12/site-packages/airflow/example_dags/example_short_circuit_decorator.py took 0.204 seconds
[2026-04-13T23:46:19.017+0000] {processor.py:186} INFO - Started process (PID=324) to work on /home/airflow/.local/lib/python3.12/site-packages/airflow/example_dags/example_short_circuit_decorator.py
[2026-04-13T23:46:19.023+0000] {processor.py:914} INFO - Processing file /home/airflow/.local/lib/python3.12/site-packages/airflow/example_dags/example_short_circuit_decorator.py for tasks to queue
[2026-04-13T23:46:19.036+0000] {logging_mixin.py:190} INFO - [2026-04-13T23:46:19.035+0000] {dagbag.py:588} INFO - Filling up the DagBag from /home/airflow/.local/lib/python3.12/site-packages/airflow/example_dags/example_short_circuit_decorator.py
[2026-04-13T23:46:19.095+0000] {processor.py:925} INFO - DAG(s) 'example_short_circuit_decorator' retrieved from /home/airflow/.local/lib/python3.12/site-packages/airflow/example_dags/example_short_circuit_decorator.py
[2026-04-13T23:46:19.253+0000] {logging_mixin.py:190} INFO - [2026-04-13T23:46:19.252+0000] {dag.py:3239} INFO - Sync 1 DAGs
[2026-04-13T23:46:19.413+0000] {logging_mixin.py:190} INFO - [2026-04-13T23:46:19.413+0000] {dag.py:4180} INFO - Setting next_dagrun for example_short_circuit_decorator to None, run_after=None
[2026-04-13T23:46:20.460+0000] {processor.py:208} INFO - Processing /home/airflow/.local/lib/python3.12/site-packages/airflow/example_dags/example_short_circuit_decorator.py took 1.464 seconds
