[2026-04-13T23:43:54.169+0000] {processor.py:186} INFO - Started process (PID=96) to work on /home/airflow/.local/lib/python3.12/site-packages/airflow/example_dags/example_sla_dag.py
[2026-04-13T23:43:54.174+0000] {processor.py:914} INFO - Processing file /home/airflow/.local/lib/python3.12/site-packages/airflow/example_dags/example_sla_dag.py for tasks to queue
[2026-04-13T23:43:54.190+0000] {logging_mixin.py:190} INFO - [2026-04-13T23:43:54.189+0000] {dagbag.py:588} INFO - Filling up the DagBag from /home/airflow/.local/lib/python3.12/site-packages/airflow/example_dags/example_sla_dag.py
[2026-04-13T23:43:54.296+0000] {processor.py:925} INFO - DAG(s) 'example_sla_dag' retrieved from /home/airflow/.local/lib/python3.12/site-packages/airflow/example_dags/example_sla_dag.py
[2026-04-13T23:43:55.095+0000] {logging_mixin.py:190} INFO - [2026-04-13T23:43:55.094+0000] {override.py:1912} INFO - Created Permission View: can read on DAG:example_sla_dag
[2026-04-13T23:43:55.266+0000] {logging_mixin.py:190} INFO - [2026-04-13T23:43:55.265+0000] {override.py:1912} INFO - Created Permission View: can edit on DAG:example_sla_dag
[2026-04-13T23:43:55.288+0000] {logging_mixin.py:190} INFO - [2026-04-13T23:43:55.287+0000] {override.py:1912} INFO - Created Permission View: can delete on DAG:example_sla_dag
[2026-04-13T23:43:55.858+0000] {logging_mixin.py:190} INFO - [2026-04-13T23:43:55.857+0000] {override.py:1912} INFO - Created Permission View: menu access on DAG Run:example_sla_dag
[2026-04-13T23:43:55.886+0000] {logging_mixin.py:190} INFO - [2026-04-13T23:43:55.885+0000] {override.py:1912} INFO - Created Permission View: can read on DAG Run:example_sla_dag
[2026-04-13T23:43:56.112+0000] {logging_mixin.py:190} INFO - [2026-04-13T23:43:56.111+0000] {override.py:1912} INFO - Created Permission View: can delete on DAG Run:example_sla_dag
[2026-04-13T23:43:56.141+0000] {logging_mixin.py:190} INFO - [2026-04-13T23:43:56.140+0000] {override.py:1912} INFO - Created Permission View: can create on DAG Run:example_sla_dag
[2026-04-13T23:43:56.143+0000] {logging_mixin.py:190} INFO - [2026-04-13T23:43:56.142+0000] {dag.py:3239} INFO - Sync 1 DAGs
[2026-04-13T23:43:56.237+0000] {logging_mixin.py:190} INFO - [2026-04-13T23:43:56.236+0000] {dag.py:3262} INFO - Creating ORM DAG for example_sla_dag
[2026-04-13T23:43:56.526+0000] {logging_mixin.py:190} INFO - [2026-04-13T23:43:56.525+0000] {dag.py:4180} INFO - Setting next_dagrun for example_sla_dag to 2026-04-13 23:40:00+00:00, run_after=2026-04-13 23:42:00+00:00
[2026-04-13T23:43:56.781+0000] {processor.py:208} INFO - Processing /home/airflow/.local/lib/python3.12/site-packages/airflow/example_dags/example_sla_dag.py took 2.646 seconds
[2026-04-13T23:44:49.658+0000] {processor.py:186} INFO - Started process (PID=165) to work on /home/airflow/.local/lib/python3.12/site-packages/airflow/example_dags/example_sla_dag.py
[2026-04-13T23:44:49.662+0000] {processor.py:914} INFO - Processing file /home/airflow/.local/lib/python3.12/site-packages/airflow/example_dags/example_sla_dag.py for tasks to queue
[2026-04-13T23:44:49.668+0000] {logging_mixin.py:190} INFO - [2026-04-13T23:44:49.668+0000] {dagbag.py:588} INFO - Filling up the DagBag from /home/airflow/.local/lib/python3.12/site-packages/airflow/example_dags/example_sla_dag.py
[2026-04-13T23:44:49.698+0000] {processor.py:925} INFO - DAG(s) 'example_sla_dag' retrieved from /home/airflow/.local/lib/python3.12/site-packages/airflow/example_dags/example_sla_dag.py
[2026-04-13T23:44:49.754+0000] {logging_mixin.py:190} INFO - [2026-04-13T23:44:49.753+0000] {dag.py:3239} INFO - Sync 1 DAGs
[2026-04-13T23:44:49.834+0000] {logging_mixin.py:190} INFO - [2026-04-13T23:44:49.833+0000] {dag.py:4180} INFO - Setting next_dagrun for example_sla_dag to 2026-04-13 23:42:00+00:00, run_after=2026-04-13 23:44:00+00:00
[2026-04-13T23:44:49.902+0000] {processor.py:208} INFO - Processing /home/airflow/.local/lib/python3.12/site-packages/airflow/example_dags/example_sla_dag.py took 0.257 seconds
[2026-04-13T23:45:22.571+0000] {processor.py:186} INFO - Started process (PID=229) to work on /home/airflow/.local/lib/python3.12/site-packages/airflow/example_dags/example_sla_dag.py
[2026-04-13T23:45:22.577+0000] {processor.py:914} INFO - Processing file /home/airflow/.local/lib/python3.12/site-packages/airflow/example_dags/example_sla_dag.py for tasks to queue
[2026-04-13T23:45:22.592+0000] {logging_mixin.py:190} INFO - [2026-04-13T23:45:22.589+0000] {dagbag.py:588} INFO - Filling up the DagBag from /home/airflow/.local/lib/python3.12/site-packages/airflow/example_dags/example_sla_dag.py
[2026-04-13T23:45:22.633+0000] {processor.py:925} INFO - DAG(s) 'example_sla_dag' retrieved from /home/airflow/.local/lib/python3.12/site-packages/airflow/example_dags/example_sla_dag.py
[2026-04-13T23:45:22.700+0000] {logging_mixin.py:190} INFO - [2026-04-13T23:45:22.699+0000] {dag.py:3239} INFO - Sync 1 DAGs
[2026-04-13T23:45:22.776+0000] {logging_mixin.py:190} INFO - [2026-04-13T23:45:22.776+0000] {dag.py:4180} INFO - Setting next_dagrun for example_sla_dag to 2026-04-13 23:42:00+00:00, run_after=2026-04-13 23:44:00+00:00
[2026-04-13T23:45:22.819+0000] {processor.py:208} INFO - Processing /home/airflow/.local/lib/python3.12/site-packages/airflow/example_dags/example_sla_dag.py took 0.273 seconds
[2026-04-13T23:46:11.418+0000] {processor.py:186} INFO - Started process (PID=298) to work on /home/airflow/.local/lib/python3.12/site-packages/airflow/example_dags/example_sla_dag.py
[2026-04-13T23:46:11.427+0000] {processor.py:914} INFO - Processing file /home/airflow/.local/lib/python3.12/site-packages/airflow/example_dags/example_sla_dag.py for tasks to queue
[2026-04-13T23:46:11.438+0000] {logging_mixin.py:190} INFO - [2026-04-13T23:46:11.437+0000] {dagbag.py:588} INFO - Filling up the DagBag from /home/airflow/.local/lib/python3.12/site-packages/airflow/example_dags/example_sla_dag.py
[2026-04-13T23:46:11.475+0000] {processor.py:925} INFO - DAG(s) 'example_sla_dag' retrieved from /home/airflow/.local/lib/python3.12/site-packages/airflow/example_dags/example_sla_dag.py
[2026-04-13T23:46:11.532+0000] {logging_mixin.py:190} INFO - [2026-04-13T23:46:11.532+0000] {dag.py:3239} INFO - Sync 1 DAGs
[2026-04-13T23:46:11.638+0000] {logging_mixin.py:190} INFO - [2026-04-13T23:46:11.637+0000] {dag.py:4180} INFO - Setting next_dagrun for example_sla_dag to 2026-04-13 23:44:00+00:00, run_after=2026-04-13 23:46:00+00:00
[2026-04-13T23:46:11.704+0000] {processor.py:208} INFO - Processing /home/airflow/.local/lib/python3.12/site-packages/airflow/example_dags/example_sla_dag.py took 0.310 seconds
[2026-04-13T23:46:48.568+0000] {processor.py:186} INFO - Started process (PID=363) to work on /home/airflow/.local/lib/python3.12/site-packages/airflow/example_dags/example_sla_dag.py
[2026-04-13T23:46:48.570+0000] {processor.py:914} INFO - Processing file /home/airflow/.local/lib/python3.12/site-packages/airflow/example_dags/example_sla_dag.py for tasks to queue
[2026-04-13T23:46:48.575+0000] {logging_mixin.py:190} INFO - [2026-04-13T23:46:48.574+0000] {dagbag.py:588} INFO - Filling up the DagBag from /home/airflow/.local/lib/python3.12/site-packages/airflow/example_dags/example_sla_dag.py
[2026-04-13T23:46:48.598+0000] {processor.py:925} INFO - DAG(s) 'example_sla_dag' retrieved from /home/airflow/.local/lib/python3.12/site-packages/airflow/example_dags/example_sla_dag.py
[2026-04-13T23:46:48.650+0000] {logging_mixin.py:190} INFO - [2026-04-13T23:46:48.649+0000] {dag.py:3239} INFO - Sync 1 DAGs
[2026-04-13T23:46:48.722+0000] {logging_mixin.py:190} INFO - [2026-04-13T23:46:48.721+0000] {dag.py:4180} INFO - Setting next_dagrun for example_sla_dag to 2026-04-13 23:44:00+00:00, run_after=2026-04-13 23:46:00+00:00
[2026-04-13T23:46:48.765+0000] {processor.py:208} INFO - Processing /home/airflow/.local/lib/python3.12/site-packages/airflow/example_dags/example_sla_dag.py took 0.212 seconds
[2026-04-13T23:47:21.150+0000] {processor.py:186} INFO - Started process (PID=427) to work on /home/airflow/.local/lib/python3.12/site-packages/airflow/example_dags/example_sla_dag.py
[2026-04-13T23:47:21.164+0000] {processor.py:914} INFO - Processing file /home/airflow/.local/lib/python3.12/site-packages/airflow/example_dags/example_sla_dag.py for tasks to queue
[2026-04-13T23:47:21.212+0000] {logging_mixin.py:190} INFO - [2026-04-13T23:47:21.206+0000] {dagbag.py:588} INFO - Filling up the DagBag from /home/airflow/.local/lib/python3.12/site-packages/airflow/example_dags/example_sla_dag.py
[2026-04-13T23:47:21.343+0000] {processor.py:925} INFO - DAG(s) 'example_sla_dag' retrieved from /home/airflow/.local/lib/python3.12/site-packages/airflow/example_dags/example_sla_dag.py
[2026-04-13T23:47:21.460+0000] {logging_mixin.py:190} INFO - [2026-04-13T23:47:21.459+0000] {dag.py:3239} INFO - Sync 1 DAGs
[2026-04-13T23:47:21.605+0000] {logging_mixin.py:190} INFO - [2026-04-13T23:47:21.605+0000] {dag.py:4180} INFO - Setting next_dagrun for example_sla_dag to 2026-04-13 23:44:00+00:00, run_after=2026-04-13 23:46:00+00:00
[2026-04-13T23:47:21.706+0000] {processor.py:208} INFO - Processing /home/airflow/.local/lib/python3.12/site-packages/airflow/example_dags/example_sla_dag.py took 0.595 seconds
[2026-04-13T23:47:52.255+0000] {processor.py:186} INFO - Started process (PID=490) to work on /home/airflow/.local/lib/python3.12/site-packages/airflow/example_dags/example_sla_dag.py
[2026-04-13T23:47:52.279+0000] {processor.py:914} INFO - Processing file /home/airflow/.local/lib/python3.12/site-packages/airflow/example_dags/example_sla_dag.py for tasks to queue
[2026-04-13T23:47:52.323+0000] {logging_mixin.py:190} INFO - [2026-04-13T23:47:52.294+0000] {dagbag.py:588} INFO - Filling up the DagBag from /home/airflow/.local/lib/python3.12/site-packages/airflow/example_dags/example_sla_dag.py
[2026-04-13T23:47:52.395+0000] {processor.py:925} INFO - DAG(s) 'example_sla_dag' retrieved from /home/airflow/.local/lib/python3.12/site-packages/airflow/example_dags/example_sla_dag.py
[2026-04-13T23:47:52.507+0000] {logging_mixin.py:190} INFO - [2026-04-13T23:47:52.506+0000] {dag.py:3239} INFO - Sync 1 DAGs
[2026-04-13T23:47:52.642+0000] {logging_mixin.py:190} INFO - [2026-04-13T23:47:52.642+0000] {dag.py:4180} INFO - Setting next_dagrun for example_sla_dag to 2026-04-13 23:44:00+00:00, run_after=2026-04-13 23:46:00+00:00
[2026-04-13T23:47:52.726+0000] {processor.py:208} INFO - Processing /home/airflow/.local/lib/python3.12/site-packages/airflow/example_dags/example_sla_dag.py took 0.516 seconds
[2026-04-13T23:48:23.571+0000] {processor.py:186} INFO - Started process (PID=554) to work on /home/airflow/.local/lib/python3.12/site-packages/airflow/example_dags/example_sla_dag.py
[2026-04-13T23:48:23.574+0000] {processor.py:914} INFO - Processing file /home/airflow/.local/lib/python3.12/site-packages/airflow/example_dags/example_sla_dag.py for tasks to queue
[2026-04-13T23:48:23.579+0000] {logging_mixin.py:190} INFO - [2026-04-13T23:48:23.578+0000] {dagbag.py:588} INFO - Filling up the DagBag from /home/airflow/.local/lib/python3.12/site-packages/airflow/example_dags/example_sla_dag.py
[2026-04-13T23:48:23.607+0000] {processor.py:925} INFO - DAG(s) 'example_sla_dag' retrieved from /home/airflow/.local/lib/python3.12/site-packages/airflow/example_dags/example_sla_dag.py
[2026-04-13T23:48:23.645+0000] {logging_mixin.py:190} INFO - [2026-04-13T23:48:23.644+0000] {dag.py:3239} INFO - Sync 1 DAGs
[2026-04-13T23:48:23.721+0000] {logging_mixin.py:190} INFO - [2026-04-13T23:48:23.720+0000] {dag.py:4180} INFO - Setting next_dagrun for example_sla_dag to 2026-04-13 23:46:00+00:00, run_after=2026-04-13 23:48:00+00:00
[2026-04-13T23:48:23.809+0000] {processor.py:208} INFO - Processing /home/airflow/.local/lib/python3.12/site-packages/airflow/example_dags/example_sla_dag.py took 0.253 seconds
[2026-04-13T23:48:54.315+0000] {processor.py:186} INFO - Started process (PID=618) to work on /home/airflow/.local/lib/python3.12/site-packages/airflow/example_dags/example_sla_dag.py
[2026-04-13T23:48:54.317+0000] {processor.py:914} INFO - Processing file /home/airflow/.local/lib/python3.12/site-packages/airflow/example_dags/example_sla_dag.py for tasks to queue
[2026-04-13T23:48:54.324+0000] {logging_mixin.py:190} INFO - [2026-04-13T23:48:54.324+0000] {dagbag.py:588} INFO - Filling up the DagBag from /home/airflow/.local/lib/python3.12/site-packages/airflow/example_dags/example_sla_dag.py
[2026-04-13T23:48:54.362+0000] {processor.py:925} INFO - DAG(s) 'example_sla_dag' retrieved from /home/airflow/.local/lib/python3.12/site-packages/airflow/example_dags/example_sla_dag.py
[2026-04-13T23:48:54.445+0000] {logging_mixin.py:190} INFO - [2026-04-13T23:48:54.445+0000] {dag.py:3239} INFO - Sync 1 DAGs
[2026-04-13T23:48:54.509+0000] {logging_mixin.py:190} INFO - [2026-04-13T23:48:54.508+0000] {dag.py:4180} INFO - Setting next_dagrun for example_sla_dag to 2026-04-13 23:46:00+00:00, run_after=2026-04-13 23:48:00+00:00
[2026-04-13T23:48:54.541+0000] {processor.py:208} INFO - Processing /home/airflow/.local/lib/python3.12/site-packages/airflow/example_dags/example_sla_dag.py took 0.243 seconds
[2026-04-13T23:49:27.423+0000] {processor.py:186} INFO - Started process (PID=682) to work on /home/airflow/.local/lib/python3.12/site-packages/airflow/example_dags/example_sla_dag.py
[2026-04-13T23:49:27.424+0000] {processor.py:914} INFO - Processing file /home/airflow/.local/lib/python3.12/site-packages/airflow/example_dags/example_sla_dag.py for tasks to queue
[2026-04-13T23:49:27.427+0000] {logging_mixin.py:190} INFO - [2026-04-13T23:49:27.427+0000] {dagbag.py:588} INFO - Filling up the DagBag from /home/airflow/.local/lib/python3.12/site-packages/airflow/example_dags/example_sla_dag.py
[2026-04-13T23:49:27.442+0000] {processor.py:925} INFO - DAG(s) 'example_sla_dag' retrieved from /home/airflow/.local/lib/python3.12/site-packages/airflow/example_dags/example_sla_dag.py
[2026-04-13T23:49:27.468+0000] {logging_mixin.py:190} INFO - [2026-04-13T23:49:27.468+0000] {dag.py:3239} INFO - Sync 1 DAGs
[2026-04-13T23:49:27.506+0000] {logging_mixin.py:190} INFO - [2026-04-13T23:49:27.505+0000] {dag.py:4180} INFO - Setting next_dagrun for example_sla_dag to 2026-04-13 23:46:00+00:00, run_after=2026-04-13 23:48:00+00:00
[2026-04-13T23:49:27.529+0000] {processor.py:208} INFO - Processing /home/airflow/.local/lib/python3.12/site-packages/airflow/example_dags/example_sla_dag.py took 0.115 seconds
[2026-04-13T23:50:00.892+0000] {processor.py:186} INFO - Started process (PID=733) to work on /home/airflow/.local/lib/python3.12/site-packages/airflow/example_dags/example_sla_dag.py
[2026-04-13T23:50:00.893+0000] {processor.py:914} INFO - Processing file /home/airflow/.local/lib/python3.12/site-packages/airflow/example_dags/example_sla_dag.py for tasks to queue
[2026-04-13T23:50:00.898+0000] {logging_mixin.py:190} INFO - [2026-04-13T23:50:00.897+0000] {dagbag.py:588} INFO - Filling up the DagBag from /home/airflow/.local/lib/python3.12/site-packages/airflow/example_dags/example_sla_dag.py
[2026-04-13T23:50:00.923+0000] {processor.py:925} INFO - DAG(s) 'example_sla_dag' retrieved from /home/airflow/.local/lib/python3.12/site-packages/airflow/example_dags/example_sla_dag.py
[2026-04-13T23:50:00.966+0000] {logging_mixin.py:190} INFO - [2026-04-13T23:50:00.966+0000] {dag.py:3239} INFO - Sync 1 DAGs
[2026-04-13T23:50:01.032+0000] {logging_mixin.py:190} INFO - [2026-04-13T23:50:01.031+0000] {dag.py:4180} INFO - Setting next_dagrun for example_sla_dag to 2026-04-13 23:48:00+00:00, run_after=2026-04-13 23:50:00+00:00
[2026-04-13T23:50:01.072+0000] {processor.py:208} INFO - Processing /home/airflow/.local/lib/python3.12/site-packages/airflow/example_dags/example_sla_dag.py took 0.191 seconds
[2026-04-13T23:50:34.670+0000] {processor.py:186} INFO - Started process (PID=792) to work on /home/airflow/.local/lib/python3.12/site-packages/airflow/example_dags/example_sla_dag.py
[2026-04-13T23:50:34.684+0000] {processor.py:914} INFO - Processing file /home/airflow/.local/lib/python3.12/site-packages/airflow/example_dags/example_sla_dag.py for tasks to queue
[2026-04-13T23:50:34.732+0000] {logging_mixin.py:190} INFO - [2026-04-13T23:50:34.731+0000] {dagbag.py:588} INFO - Filling up the DagBag from /home/airflow/.local/lib/python3.12/site-packages/airflow/example_dags/example_sla_dag.py
[2026-04-13T23:50:34.861+0000] {processor.py:925} INFO - DAG(s) 'example_sla_dag' retrieved from /home/airflow/.local/lib/python3.12/site-packages/airflow/example_dags/example_sla_dag.py
[2026-04-13T23:50:35.038+0000] {logging_mixin.py:190} INFO - [2026-04-13T23:50:35.034+0000] {dag.py:3239} INFO - Sync 1 DAGs
[2026-04-13T23:50:35.191+0000] {logging_mixin.py:190} INFO - [2026-04-13T23:50:35.190+0000] {dag.py:4180} INFO - Setting next_dagrun for example_sla_dag to 2026-04-13 23:48:00+00:00, run_after=2026-04-13 23:50:00+00:00
[2026-04-13T23:50:35.300+0000] {processor.py:208} INFO - Processing /home/airflow/.local/lib/python3.12/site-packages/airflow/example_dags/example_sla_dag.py took 0.675 seconds
[2026-04-13T23:51:05.635+0000] {processor.py:186} INFO - Started process (PID=856) to work on /home/airflow/.local/lib/python3.12/site-packages/airflow/example_dags/example_sla_dag.py
[2026-04-13T23:51:05.637+0000] {processor.py:914} INFO - Processing file /home/airflow/.local/lib/python3.12/site-packages/airflow/example_dags/example_sla_dag.py for tasks to queue
[2026-04-13T23:51:05.642+0000] {logging_mixin.py:190} INFO - [2026-04-13T23:51:05.641+0000] {dagbag.py:588} INFO - Filling up the DagBag from /home/airflow/.local/lib/python3.12/site-packages/airflow/example_dags/example_sla_dag.py
[2026-04-13T23:51:05.665+0000] {processor.py:925} INFO - DAG(s) 'example_sla_dag' retrieved from /home/airflow/.local/lib/python3.12/site-packages/airflow/example_dags/example_sla_dag.py
[2026-04-13T23:51:05.695+0000] {logging_mixin.py:190} INFO - [2026-04-13T23:51:05.695+0000] {dag.py:3239} INFO - Sync 1 DAGs
[2026-04-13T23:51:05.741+0000] {logging_mixin.py:190} INFO - [2026-04-13T23:51:05.741+0000] {dag.py:4180} INFO - Setting next_dagrun for example_sla_dag to 2026-04-13 23:48:00+00:00, run_after=2026-04-13 23:50:00+00:00
[2026-04-13T23:51:05.772+0000] {processor.py:208} INFO - Processing /home/airflow/.local/lib/python3.12/site-packages/airflow/example_dags/example_sla_dag.py took 0.153 seconds
[2026-04-13T23:51:36.624+0000] {processor.py:186} INFO - Started process (PID=920) to work on /home/airflow/.local/lib/python3.12/site-packages/airflow/example_dags/example_sla_dag.py
[2026-04-13T23:51:36.625+0000] {processor.py:914} INFO - Processing file /home/airflow/.local/lib/python3.12/site-packages/airflow/example_dags/example_sla_dag.py for tasks to queue
[2026-04-13T23:51:36.629+0000] {logging_mixin.py:190} INFO - [2026-04-13T23:51:36.629+0000] {dagbag.py:588} INFO - Filling up the DagBag from /home/airflow/.local/lib/python3.12/site-packages/airflow/example_dags/example_sla_dag.py
[2026-04-13T23:51:36.644+0000] {processor.py:925} INFO - DAG(s) 'example_sla_dag' retrieved from /home/airflow/.local/lib/python3.12/site-packages/airflow/example_dags/example_sla_dag.py
[2026-04-13T23:51:36.668+0000] {logging_mixin.py:190} INFO - [2026-04-13T23:51:36.667+0000] {dag.py:3239} INFO - Sync 1 DAGs
[2026-04-13T23:51:36.704+0000] {logging_mixin.py:190} INFO - [2026-04-13T23:51:36.704+0000] {dag.py:4180} INFO - Setting next_dagrun for example_sla_dag to 2026-04-13 23:48:00+00:00, run_after=2026-04-13 23:50:00+00:00
[2026-04-13T23:51:36.730+0000] {processor.py:208} INFO - Processing /home/airflow/.local/lib/python3.12/site-packages/airflow/example_dags/example_sla_dag.py took 0.115 seconds
[2026-04-13T23:52:07.538+0000] {processor.py:186} INFO - Started process (PID=984) to work on /home/airflow/.local/lib/python3.12/site-packages/airflow/example_dags/example_sla_dag.py
[2026-04-13T23:52:07.539+0000] {processor.py:914} INFO - Processing file /home/airflow/.local/lib/python3.12/site-packages/airflow/example_dags/example_sla_dag.py for tasks to queue
[2026-04-13T23:52:07.543+0000] {logging_mixin.py:190} INFO - [2026-04-13T23:52:07.543+0000] {dagbag.py:588} INFO - Filling up the DagBag from /home/airflow/.local/lib/python3.12/site-packages/airflow/example_dags/example_sla_dag.py
[2026-04-13T23:52:07.560+0000] {processor.py:925} INFO - DAG(s) 'example_sla_dag' retrieved from /home/airflow/.local/lib/python3.12/site-packages/airflow/example_dags/example_sla_dag.py
[2026-04-13T23:52:07.592+0000] {logging_mixin.py:190} INFO - [2026-04-13T23:52:07.592+0000] {dag.py:3239} INFO - Sync 1 DAGs
[2026-04-13T23:52:07.640+0000] {logging_mixin.py:190} INFO - [2026-04-13T23:52:07.640+0000] {dag.py:4180} INFO - Setting next_dagrun for example_sla_dag to 2026-04-13 23:50:00+00:00, run_after=2026-04-13 23:52:00+00:00
[2026-04-13T23:52:07.673+0000] {processor.py:208} INFO - Processing /home/airflow/.local/lib/python3.12/site-packages/airflow/example_dags/example_sla_dag.py took 0.147 seconds
[2026-04-13T23:52:46.599+0000] {processor.py:186} INFO - Started process (PID=1048) to work on /home/airflow/.local/lib/python3.12/site-packages/airflow/example_dags/example_sla_dag.py
[2026-04-13T23:52:46.601+0000] {processor.py:914} INFO - Processing file /home/airflow/.local/lib/python3.12/site-packages/airflow/example_dags/example_sla_dag.py for tasks to queue
[2026-04-13T23:52:46.605+0000] {logging_mixin.py:190} INFO - [2026-04-13T23:52:46.605+0000] {dagbag.py:588} INFO - Filling up the DagBag from /home/airflow/.local/lib/python3.12/site-packages/airflow/example_dags/example_sla_dag.py
[2026-04-13T23:52:46.634+0000] {processor.py:925} INFO - DAG(s) 'example_sla_dag' retrieved from /home/airflow/.local/lib/python3.12/site-packages/airflow/example_dags/example_sla_dag.py
[2026-04-13T23:52:46.674+0000] {logging_mixin.py:190} INFO - [2026-04-13T23:52:46.673+0000] {dag.py:3239} INFO - Sync 1 DAGs
[2026-04-13T23:52:46.740+0000] {logging_mixin.py:190} INFO - [2026-04-13T23:52:46.740+0000] {dag.py:4180} INFO - Setting next_dagrun for example_sla_dag to 2026-04-13 23:50:00+00:00, run_after=2026-04-13 23:52:00+00:00
[2026-04-13T23:52:46.782+0000] {processor.py:208} INFO - Processing /home/airflow/.local/lib/python3.12/site-packages/airflow/example_dags/example_sla_dag.py took 0.195 seconds
[2026-04-13T23:53:17.805+0000] {processor.py:186} INFO - Started process (PID=1112) to work on /home/airflow/.local/lib/python3.12/site-packages/airflow/example_dags/example_sla_dag.py
[2026-04-13T23:53:17.806+0000] {processor.py:914} INFO - Processing file /home/airflow/.local/lib/python3.12/site-packages/airflow/example_dags/example_sla_dag.py for tasks to queue
[2026-04-13T23:53:17.811+0000] {logging_mixin.py:190} INFO - [2026-04-13T23:53:17.810+0000] {dagbag.py:588} INFO - Filling up the DagBag from /home/airflow/.local/lib/python3.12/site-packages/airflow/example_dags/example_sla_dag.py
[2026-04-13T23:53:17.829+0000] {processor.py:925} INFO - DAG(s) 'example_sla_dag' retrieved from /home/airflow/.local/lib/python3.12/site-packages/airflow/example_dags/example_sla_dag.py
[2026-04-13T23:53:17.861+0000] {logging_mixin.py:190} INFO - [2026-04-13T23:53:17.860+0000] {dag.py:3239} INFO - Sync 1 DAGs
[2026-04-13T23:53:17.910+0000] {logging_mixin.py:190} INFO - [2026-04-13T23:53:17.910+0000] {dag.py:4180} INFO - Setting next_dagrun for example_sla_dag to 2026-04-13 23:50:00+00:00, run_after=2026-04-13 23:52:00+00:00
[2026-04-13T23:53:17.942+0000] {processor.py:208} INFO - Processing /home/airflow/.local/lib/python3.12/site-packages/airflow/example_dags/example_sla_dag.py took 0.147 seconds
