[2026-04-13T23:44:32.184+0000] {processor.py:186} INFO - Started process (PID=126) to work on /home/airflow/.local/lib/python3.12/site-packages/airflow/example_dags/example_dataset_alias_with_no_taskflow.py
[2026-04-13T23:44:32.187+0000] {processor.py:914} INFO - Processing file /home/airflow/.local/lib/python3.12/site-packages/airflow/example_dags/example_dataset_alias_with_no_taskflow.py for tasks to queue
[2026-04-13T23:44:32.192+0000] {logging_mixin.py:190} INFO - [2026-04-13T23:44:32.191+0000] {dagbag.py:588} INFO - Filling up the DagBag from /home/airflow/.local/lib/python3.12/site-packages/airflow/example_dags/example_dataset_alias_with_no_taskflow.py
[2026-04-13T23:44:34.352+0000] {processor.py:925} INFO - DAG(s) 'dataset_alias_example_alias_producer_with_no_taskflow', 'dataset_alias_example_alias_consumer_with_no_taskflow', 'dataset_s3_bucket_producer_with_no_taskflow', 'dataset_s3_bucket_consumer_with_no_taskflow' retrieved from /home/airflow/.local/lib/python3.12/site-packages/airflow/example_dags/example_dataset_alias_with_no_taskflow.py
[2026-04-13T23:44:34.604+0000] {logging_mixin.py:190} INFO - [2026-04-13T23:44:34.603+0000] {override.py:1912} INFO - Created Permission View: can read on DAG:dataset_alias_example_alias_producer_with_no_taskflow
[2026-04-13T23:44:34.627+0000] {logging_mixin.py:190} INFO - [2026-04-13T23:44:34.627+0000] {override.py:1912} INFO - Created Permission View: can edit on DAG:dataset_alias_example_alias_producer_with_no_taskflow
[2026-04-13T23:44:34.645+0000] {logging_mixin.py:190} INFO - [2026-04-13T23:44:34.644+0000] {override.py:1912} INFO - Created Permission View: can delete on DAG:dataset_alias_example_alias_producer_with_no_taskflow
[2026-04-13T23:44:34.663+0000] {logging_mixin.py:190} INFO - [2026-04-13T23:44:34.662+0000] {override.py:1912} INFO - Created Permission View: menu access on DAG Run:dataset_alias_example_alias_producer_with_no_taskflow
[2026-04-13T23:44:34.680+0000] {logging_mixin.py:190} INFO - [2026-04-13T23:44:34.679+0000] {override.py:1912} INFO - Created Permission View: can read on DAG Run:dataset_alias_example_alias_producer_with_no_taskflow
[2026-04-13T23:44:34.700+0000] {logging_mixin.py:190} INFO - [2026-04-13T23:44:34.699+0000] {override.py:1912} INFO - Created Permission View: can delete on DAG Run:dataset_alias_example_alias_producer_with_no_taskflow
[2026-04-13T23:44:34.715+0000] {logging_mixin.py:190} INFO - [2026-04-13T23:44:34.714+0000] {override.py:1912} INFO - Created Permission View: can create on DAG Run:dataset_alias_example_alias_producer_with_no_taskflow
[2026-04-13T23:44:34.746+0000] {logging_mixin.py:190} INFO - [2026-04-13T23:44:34.745+0000] {override.py:1912} INFO - Created Permission View: can read on DAG:dataset_alias_example_alias_consumer_with_no_taskflow
[2026-04-13T23:44:34.767+0000] {logging_mixin.py:190} INFO - [2026-04-13T23:44:34.766+0000] {override.py:1912} INFO - Created Permission View: can edit on DAG:dataset_alias_example_alias_consumer_with_no_taskflow
[2026-04-13T23:44:34.788+0000] {logging_mixin.py:190} INFO - [2026-04-13T23:44:34.787+0000] {override.py:1912} INFO - Created Permission View: can delete on DAG:dataset_alias_example_alias_consumer_with_no_taskflow
[2026-04-13T23:44:34.813+0000] {logging_mixin.py:190} INFO - [2026-04-13T23:44:34.812+0000] {override.py:1912} INFO - Created Permission View: menu access on DAG Run:dataset_alias_example_alias_consumer_with_no_taskflow
[2026-04-13T23:44:34.832+0000] {logging_mixin.py:190} INFO - [2026-04-13T23:44:34.832+0000] {override.py:1912} INFO - Created Permission View: can read on DAG Run:dataset_alias_example_alias_consumer_with_no_taskflow
[2026-04-13T23:44:34.848+0000] {logging_mixin.py:190} INFO - [2026-04-13T23:44:34.847+0000] {override.py:1912} INFO - Created Permission View: can delete on DAG Run:dataset_alias_example_alias_consumer_with_no_taskflow
[2026-04-13T23:44:34.865+0000] {logging_mixin.py:190} INFO - [2026-04-13T23:44:34.864+0000] {override.py:1912} INFO - Created Permission View: can create on DAG Run:dataset_alias_example_alias_consumer_with_no_taskflow
[2026-04-13T23:44:34.917+0000] {logging_mixin.py:190} INFO - [2026-04-13T23:44:34.916+0000] {override.py:1912} INFO - Created Permission View: can read on DAG:dataset_s3_bucket_producer_with_no_taskflow
[2026-04-13T23:44:34.951+0000] {logging_mixin.py:190} INFO - [2026-04-13T23:44:34.950+0000] {override.py:1912} INFO - Created Permission View: can edit on DAG:dataset_s3_bucket_producer_with_no_taskflow
[2026-04-13T23:44:34.979+0000] {logging_mixin.py:190} INFO - [2026-04-13T23:44:34.978+0000] {override.py:1912} INFO - Created Permission View: can delete on DAG:dataset_s3_bucket_producer_with_no_taskflow
[2026-04-13T23:44:35.003+0000] {logging_mixin.py:190} INFO - [2026-04-13T23:44:35.002+0000] {override.py:1912} INFO - Created Permission View: menu access on DAG Run:dataset_s3_bucket_producer_with_no_taskflow
[2026-04-13T23:44:35.026+0000] {logging_mixin.py:190} INFO - [2026-04-13T23:44:35.025+0000] {override.py:1912} INFO - Created Permission View: can read on DAG Run:dataset_s3_bucket_producer_with_no_taskflow
[2026-04-13T23:44:35.050+0000] {logging_mixin.py:190} INFO - [2026-04-13T23:44:35.049+0000] {override.py:1912} INFO - Created Permission View: can delete on DAG Run:dataset_s3_bucket_producer_with_no_taskflow
[2026-04-13T23:44:35.070+0000] {logging_mixin.py:190} INFO - [2026-04-13T23:44:35.069+0000] {override.py:1912} INFO - Created Permission View: can create on DAG Run:dataset_s3_bucket_producer_with_no_taskflow
[2026-04-13T23:44:35.109+0000] {logging_mixin.py:190} INFO - [2026-04-13T23:44:35.108+0000] {override.py:1912} INFO - Created Permission View: can read on DAG:dataset_s3_bucket_consumer_with_no_taskflow
[2026-04-13T23:44:35.128+0000] {logging_mixin.py:190} INFO - [2026-04-13T23:44:35.127+0000] {override.py:1912} INFO - Created Permission View: can edit on DAG:dataset_s3_bucket_consumer_with_no_taskflow
[2026-04-13T23:44:35.148+0000] {logging_mixin.py:190} INFO - [2026-04-13T23:44:35.147+0000] {override.py:1912} INFO - Created Permission View: can delete on DAG:dataset_s3_bucket_consumer_with_no_taskflow
[2026-04-13T23:44:35.186+0000] {logging_mixin.py:190} INFO - [2026-04-13T23:44:35.185+0000] {override.py:1912} INFO - Created Permission View: menu access on DAG Run:dataset_s3_bucket_consumer_with_no_taskflow
[2026-04-13T23:44:35.204+0000] {logging_mixin.py:190} INFO - [2026-04-13T23:44:35.203+0000] {override.py:1912} INFO - Created Permission View: can read on DAG Run:dataset_s3_bucket_consumer_with_no_taskflow
[2026-04-13T23:44:35.222+0000] {logging_mixin.py:190} INFO - [2026-04-13T23:44:35.222+0000] {override.py:1912} INFO - Created Permission View: can delete on DAG Run:dataset_s3_bucket_consumer_with_no_taskflow
[2026-04-13T23:44:35.241+0000] {logging_mixin.py:190} INFO - [2026-04-13T23:44:35.241+0000] {override.py:1912} INFO - Created Permission View: can create on DAG Run:dataset_s3_bucket_consumer_with_no_taskflow
[2026-04-13T23:44:35.243+0000] {logging_mixin.py:190} INFO - [2026-04-13T23:44:35.242+0000] {dag.py:3239} INFO - Sync 4 DAGs
[2026-04-13T23:44:35.275+0000] {logging_mixin.py:190} INFO - [2026-04-13T23:44:35.274+0000] {dag.py:3262} INFO - Creating ORM DAG for dataset_alias_example_alias_consumer_with_no_taskflow
[2026-04-13T23:44:35.278+0000] {logging_mixin.py:190} INFO - [2026-04-13T23:44:35.278+0000] {dag.py:3262} INFO - Creating ORM DAG for dataset_alias_example_alias_producer_with_no_taskflow
[2026-04-13T23:44:35.281+0000] {logging_mixin.py:190} INFO - [2026-04-13T23:44:35.280+0000] {dag.py:3262} INFO - Creating ORM DAG for dataset_s3_bucket_producer_with_no_taskflow
[2026-04-13T23:44:35.284+0000] {logging_mixin.py:190} INFO - [2026-04-13T23:44:35.283+0000] {dag.py:3262} INFO - Creating ORM DAG for dataset_s3_bucket_consumer_with_no_taskflow
[2026-04-13T23:44:35.312+0000] {logging_mixin.py:190} INFO - [2026-04-13T23:44:35.311+0000] {dag.py:4180} INFO - Setting next_dagrun for dataset_alias_example_alias_consumer_with_no_taskflow to None, run_after=None
[2026-04-13T23:44:35.318+0000] {logging_mixin.py:190} INFO - [2026-04-13T23:44:35.317+0000] {dag.py:4180} INFO - Setting next_dagrun for dataset_alias_example_alias_producer_with_no_taskflow to None, run_after=None
[2026-04-13T23:44:35.320+0000] {logging_mixin.py:190} INFO - [2026-04-13T23:44:35.320+0000] {dag.py:4180} INFO - Setting next_dagrun for dataset_s3_bucket_consumer_with_no_taskflow to None, run_after=None
[2026-04-13T23:44:35.323+0000] {logging_mixin.py:190} INFO - [2026-04-13T23:44:35.322+0000] {dag.py:4180} INFO - Setting next_dagrun for dataset_s3_bucket_producer_with_no_taskflow to None, run_after=None
[2026-04-13T23:44:35.500+0000] {processor.py:208} INFO - Processing /home/airflow/.local/lib/python3.12/site-packages/airflow/example_dags/example_dataset_alias_with_no_taskflow.py took 3.327 seconds
[2026-04-13T23:45:06.244+0000] {processor.py:186} INFO - Started process (PID=193) to work on /home/airflow/.local/lib/python3.12/site-packages/airflow/example_dags/example_dataset_alias_with_no_taskflow.py
[2026-04-13T23:45:06.255+0000] {processor.py:914} INFO - Processing file /home/airflow/.local/lib/python3.12/site-packages/airflow/example_dags/example_dataset_alias_with_no_taskflow.py for tasks to queue
[2026-04-13T23:45:06.300+0000] {logging_mixin.py:190} INFO - [2026-04-13T23:45:06.299+0000] {dagbag.py:588} INFO - Filling up the DagBag from /home/airflow/.local/lib/python3.12/site-packages/airflow/example_dags/example_dataset_alias_with_no_taskflow.py
[2026-04-13T23:45:09.713+0000] {processor.py:925} INFO - DAG(s) 'dataset_s3_bucket_producer_with_no_taskflow', 'dataset_alias_example_alias_consumer_with_no_taskflow', 'dataset_alias_example_alias_producer_with_no_taskflow', 'dataset_s3_bucket_consumer_with_no_taskflow' retrieved from /home/airflow/.local/lib/python3.12/site-packages/airflow/example_dags/example_dataset_alias_with_no_taskflow.py
[2026-04-13T23:45:09.814+0000] {logging_mixin.py:190} INFO - [2026-04-13T23:45:09.812+0000] {dag.py:3239} INFO - Sync 4 DAGs
[2026-04-13T23:45:09.909+0000] {logging_mixin.py:190} INFO - [2026-04-13T23:45:09.908+0000] {dag.py:4180} INFO - Setting next_dagrun for dataset_alias_example_alias_consumer_with_no_taskflow to None, run_after=None
[2026-04-13T23:45:09.918+0000] {logging_mixin.py:190} INFO - [2026-04-13T23:45:09.917+0000] {dag.py:4180} INFO - Setting next_dagrun for dataset_alias_example_alias_producer_with_no_taskflow to None, run_after=None
[2026-04-13T23:45:09.926+0000] {logging_mixin.py:190} INFO - [2026-04-13T23:45:09.925+0000] {dag.py:4180} INFO - Setting next_dagrun for dataset_s3_bucket_consumer_with_no_taskflow to None, run_after=None
[2026-04-13T23:45:09.934+0000] {logging_mixin.py:190} INFO - [2026-04-13T23:45:09.933+0000] {dag.py:4180} INFO - Setting next_dagrun for dataset_s3_bucket_producer_with_no_taskflow to None, run_after=None
[2026-04-13T23:45:10.003+0000] {processor.py:208} INFO - Processing /home/airflow/.local/lib/python3.12/site-packages/airflow/example_dags/example_dataset_alias_with_no_taskflow.py took 3.796 seconds
[2026-04-13T23:45:40.435+0000] {processor.py:186} INFO - Started process (PID=264) to work on /home/airflow/.local/lib/python3.12/site-packages/airflow/example_dags/example_dataset_alias_with_no_taskflow.py
[2026-04-13T23:45:40.436+0000] {processor.py:914} INFO - Processing file /home/airflow/.local/lib/python3.12/site-packages/airflow/example_dags/example_dataset_alias_with_no_taskflow.py for tasks to queue
[2026-04-13T23:45:40.443+0000] {logging_mixin.py:190} INFO - [2026-04-13T23:45:40.443+0000] {dagbag.py:588} INFO - Filling up the DagBag from /home/airflow/.local/lib/python3.12/site-packages/airflow/example_dags/example_dataset_alias_with_no_taskflow.py
[2026-04-13T23:45:45.183+0000] {processor.py:925} INFO - DAG(s) 'dataset_s3_bucket_producer_with_no_taskflow', 'dataset_alias_example_alias_producer_with_no_taskflow', 'dataset_s3_bucket_consumer_with_no_taskflow', 'dataset_alias_example_alias_consumer_with_no_taskflow' retrieved from /home/airflow/.local/lib/python3.12/site-packages/airflow/example_dags/example_dataset_alias_with_no_taskflow.py
[2026-04-13T23:45:45.426+0000] {logging_mixin.py:190} INFO - [2026-04-13T23:45:45.421+0000] {dag.py:3239} INFO - Sync 4 DAGs
[2026-04-13T23:45:45.586+0000] {logging_mixin.py:190} INFO - [2026-04-13T23:45:45.585+0000] {dag.py:4180} INFO - Setting next_dagrun for dataset_alias_example_alias_consumer_with_no_taskflow to None, run_after=None
[2026-04-13T23:45:45.604+0000] {logging_mixin.py:190} INFO - [2026-04-13T23:45:45.603+0000] {dag.py:4180} INFO - Setting next_dagrun for dataset_alias_example_alias_producer_with_no_taskflow to None, run_after=None
[2026-04-13T23:45:45.614+0000] {logging_mixin.py:190} INFO - [2026-04-13T23:45:45.614+0000] {dag.py:4180} INFO - Setting next_dagrun for dataset_s3_bucket_consumer_with_no_taskflow to None, run_after=None
[2026-04-13T23:45:45.628+0000] {logging_mixin.py:190} INFO - [2026-04-13T23:45:45.628+0000] {dag.py:4180} INFO - Setting next_dagrun for dataset_s3_bucket_producer_with_no_taskflow to None, run_after=None
[2026-04-13T23:45:45.771+0000] {processor.py:208} INFO - Processing /home/airflow/.local/lib/python3.12/site-packages/airflow/example_dags/example_dataset_alias_with_no_taskflow.py took 5.352 seconds
[2026-04-13T23:46:22.741+0000] {processor.py:186} INFO - Started process (PID=331) to work on /home/airflow/.local/lib/python3.12/site-packages/airflow/example_dags/example_dataset_alias_with_no_taskflow.py
[2026-04-13T23:46:22.744+0000] {processor.py:914} INFO - Processing file /home/airflow/.local/lib/python3.12/site-packages/airflow/example_dags/example_dataset_alias_with_no_taskflow.py for tasks to queue
[2026-04-13T23:46:22.753+0000] {logging_mixin.py:190} INFO - [2026-04-13T23:46:22.751+0000] {dagbag.py:588} INFO - Filling up the DagBag from /home/airflow/.local/lib/python3.12/site-packages/airflow/example_dags/example_dataset_alias_with_no_taskflow.py
[2026-04-13T23:46:24.582+0000] {processor.py:925} INFO - DAG(s) 'dataset_alias_example_alias_consumer_with_no_taskflow', 'dataset_s3_bucket_consumer_with_no_taskflow', 'dataset_alias_example_alias_producer_with_no_taskflow', 'dataset_s3_bucket_producer_with_no_taskflow' retrieved from /home/airflow/.local/lib/python3.12/site-packages/airflow/example_dags/example_dataset_alias_with_no_taskflow.py
[2026-04-13T23:46:24.639+0000] {logging_mixin.py:190} INFO - [2026-04-13T23:46:24.638+0000] {dag.py:3239} INFO - Sync 4 DAGs
[2026-04-13T23:46:24.697+0000] {logging_mixin.py:190} INFO - [2026-04-13T23:46:24.696+0000] {dag.py:4180} INFO - Setting next_dagrun for dataset_alias_example_alias_consumer_with_no_taskflow to None, run_after=None
[2026-04-13T23:46:24.704+0000] {logging_mixin.py:190} INFO - [2026-04-13T23:46:24.703+0000] {dag.py:4180} INFO - Setting next_dagrun for dataset_alias_example_alias_producer_with_no_taskflow to None, run_after=None
[2026-04-13T23:46:24.709+0000] {logging_mixin.py:190} INFO - [2026-04-13T23:46:24.708+0000] {dag.py:4180} INFO - Setting next_dagrun for dataset_s3_bucket_consumer_with_no_taskflow to None, run_after=None
[2026-04-13T23:46:24.712+0000] {logging_mixin.py:190} INFO - [2026-04-13T23:46:24.711+0000] {dag.py:4180} INFO - Setting next_dagrun for dataset_s3_bucket_producer_with_no_taskflow to None, run_after=None
[2026-04-13T23:46:24.860+0000] {processor.py:208} INFO - Processing /home/airflow/.local/lib/python3.12/site-packages/airflow/example_dags/example_dataset_alias_with_no_taskflow.py took 2.153 seconds
[2026-04-13T23:47:00.215+0000] {processor.py:186} INFO - Started process (PID=393) to work on /home/airflow/.local/lib/python3.12/site-packages/airflow/example_dags/example_dataset_alias_with_no_taskflow.py
[2026-04-13T23:47:00.221+0000] {processor.py:914} INFO - Processing file /home/airflow/.local/lib/python3.12/site-packages/airflow/example_dags/example_dataset_alias_with_no_taskflow.py for tasks to queue
[2026-04-13T23:47:00.227+0000] {logging_mixin.py:190} INFO - [2026-04-13T23:47:00.227+0000] {dagbag.py:588} INFO - Filling up the DagBag from /home/airflow/.local/lib/python3.12/site-packages/airflow/example_dags/example_dataset_alias_with_no_taskflow.py
[2026-04-13T23:47:01.820+0000] {processor.py:925} INFO - DAG(s) 'dataset_alias_example_alias_producer_with_no_taskflow', 'dataset_s3_bucket_consumer_with_no_taskflow', 'dataset_s3_bucket_producer_with_no_taskflow', 'dataset_alias_example_alias_consumer_with_no_taskflow' retrieved from /home/airflow/.local/lib/python3.12/site-packages/airflow/example_dags/example_dataset_alias_with_no_taskflow.py
[2026-04-13T23:47:01.887+0000] {logging_mixin.py:190} INFO - [2026-04-13T23:47:01.885+0000] {dag.py:3239} INFO - Sync 4 DAGs
[2026-04-13T23:47:01.935+0000] {logging_mixin.py:190} INFO - [2026-04-13T23:47:01.934+0000] {dag.py:4180} INFO - Setting next_dagrun for dataset_alias_example_alias_consumer_with_no_taskflow to None, run_after=None
[2026-04-13T23:47:01.939+0000] {logging_mixin.py:190} INFO - [2026-04-13T23:47:01.939+0000] {dag.py:4180} INFO - Setting next_dagrun for dataset_alias_example_alias_producer_with_no_taskflow to None, run_after=None
[2026-04-13T23:47:01.945+0000] {logging_mixin.py:190} INFO - [2026-04-13T23:47:01.944+0000] {dag.py:4180} INFO - Setting next_dagrun for dataset_s3_bucket_consumer_with_no_taskflow to None, run_after=None
[2026-04-13T23:47:01.950+0000] {logging_mixin.py:190} INFO - [2026-04-13T23:47:01.949+0000] {dag.py:4180} INFO - Setting next_dagrun for dataset_s3_bucket_producer_with_no_taskflow to None, run_after=None
[2026-04-13T23:47:01.985+0000] {processor.py:208} INFO - Processing /home/airflow/.local/lib/python3.12/site-packages/airflow/example_dags/example_dataset_alias_with_no_taskflow.py took 1.785 seconds
[2026-04-13T23:47:40.084+0000] {processor.py:186} INFO - Started process (PID=457) to work on /home/airflow/.local/lib/python3.12/site-packages/airflow/example_dags/example_dataset_alias_with_no_taskflow.py
[2026-04-13T23:47:40.088+0000] {processor.py:914} INFO - Processing file /home/airflow/.local/lib/python3.12/site-packages/airflow/example_dags/example_dataset_alias_with_no_taskflow.py for tasks to queue
[2026-04-13T23:47:40.092+0000] {logging_mixin.py:190} INFO - [2026-04-13T23:47:40.092+0000] {dagbag.py:588} INFO - Filling up the DagBag from /home/airflow/.local/lib/python3.12/site-packages/airflow/example_dags/example_dataset_alias_with_no_taskflow.py
[2026-04-13T23:47:41.449+0000] {processor.py:925} INFO - DAG(s) 'dataset_alias_example_alias_consumer_with_no_taskflow', 'dataset_s3_bucket_producer_with_no_taskflow', 'dataset_s3_bucket_consumer_with_no_taskflow', 'dataset_alias_example_alias_producer_with_no_taskflow' retrieved from /home/airflow/.local/lib/python3.12/site-packages/airflow/example_dags/example_dataset_alias_with_no_taskflow.py
[2026-04-13T23:47:41.551+0000] {logging_mixin.py:190} INFO - [2026-04-13T23:47:41.545+0000] {dag.py:3239} INFO - Sync 4 DAGs
[2026-04-13T23:47:41.665+0000] {logging_mixin.py:190} INFO - [2026-04-13T23:47:41.663+0000] {dag.py:4180} INFO - Setting next_dagrun for dataset_alias_example_alias_consumer_with_no_taskflow to None, run_after=None
[2026-04-13T23:47:41.684+0000] {logging_mixin.py:190} INFO - [2026-04-13T23:47:41.681+0000] {dag.py:4180} INFO - Setting next_dagrun for dataset_alias_example_alias_producer_with_no_taskflow to None, run_after=None
[2026-04-13T23:47:41.695+0000] {logging_mixin.py:190} INFO - [2026-04-13T23:47:41.694+0000] {dag.py:4180} INFO - Setting next_dagrun for dataset_s3_bucket_consumer_with_no_taskflow to None, run_after=None
[2026-04-13T23:47:41.708+0000] {logging_mixin.py:190} INFO - [2026-04-13T23:47:41.705+0000] {dag.py:4180} INFO - Setting next_dagrun for dataset_s3_bucket_producer_with_no_taskflow to None, run_after=None
[2026-04-13T23:47:41.822+0000] {processor.py:208} INFO - Processing /home/airflow/.local/lib/python3.12/site-packages/airflow/example_dags/example_dataset_alias_with_no_taskflow.py took 1.752 seconds
[2026-04-13T23:48:12.749+0000] {processor.py:186} INFO - Started process (PID=523) to work on /home/airflow/.local/lib/python3.12/site-packages/airflow/example_dags/example_dataset_alias_with_no_taskflow.py
[2026-04-13T23:48:12.751+0000] {processor.py:914} INFO - Processing file /home/airflow/.local/lib/python3.12/site-packages/airflow/example_dags/example_dataset_alias_with_no_taskflow.py for tasks to queue
[2026-04-13T23:48:12.756+0000] {logging_mixin.py:190} INFO - [2026-04-13T23:48:12.755+0000] {dagbag.py:588} INFO - Filling up the DagBag from /home/airflow/.local/lib/python3.12/site-packages/airflow/example_dags/example_dataset_alias_with_no_taskflow.py
[2026-04-13T23:48:13.916+0000] {processor.py:925} INFO - DAG(s) 'dataset_alias_example_alias_producer_with_no_taskflow', 'dataset_s3_bucket_consumer_with_no_taskflow', 'dataset_s3_bucket_producer_with_no_taskflow', 'dataset_alias_example_alias_consumer_with_no_taskflow' retrieved from /home/airflow/.local/lib/python3.12/site-packages/airflow/example_dags/example_dataset_alias_with_no_taskflow.py
[2026-04-13T23:48:14.007+0000] {logging_mixin.py:190} INFO - [2026-04-13T23:48:14.006+0000] {dag.py:3239} INFO - Sync 4 DAGs
[2026-04-13T23:48:14.106+0000] {logging_mixin.py:190} INFO - [2026-04-13T23:48:14.104+0000] {dag.py:4180} INFO - Setting next_dagrun for dataset_alias_example_alias_consumer_with_no_taskflow to None, run_after=None
[2026-04-13T23:48:14.121+0000] {logging_mixin.py:190} INFO - [2026-04-13T23:48:14.120+0000] {dag.py:4180} INFO - Setting next_dagrun for dataset_alias_example_alias_producer_with_no_taskflow to None, run_after=None
[2026-04-13T23:48:14.132+0000] {logging_mixin.py:190} INFO - [2026-04-13T23:48:14.131+0000] {dag.py:4180} INFO - Setting next_dagrun for dataset_s3_bucket_consumer_with_no_taskflow to None, run_after=None
[2026-04-13T23:48:14.154+0000] {logging_mixin.py:190} INFO - [2026-04-13T23:48:14.153+0000] {dag.py:4180} INFO - Setting next_dagrun for dataset_s3_bucket_producer_with_no_taskflow to None, run_after=None
[2026-04-13T23:48:14.288+0000] {processor.py:208} INFO - Processing /home/airflow/.local/lib/python3.12/site-packages/airflow/example_dags/example_dataset_alias_with_no_taskflow.py took 1.550 seconds
[2026-04-13T23:48:46.703+0000] {processor.py:186} INFO - Started process (PID=594) to work on /home/airflow/.local/lib/python3.12/site-packages/airflow/example_dags/example_dataset_alias_with_no_taskflow.py
[2026-04-13T23:48:46.715+0000] {processor.py:914} INFO - Processing file /home/airflow/.local/lib/python3.12/site-packages/airflow/example_dags/example_dataset_alias_with_no_taskflow.py for tasks to queue
[2026-04-13T23:48:46.728+0000] {logging_mixin.py:190} INFO - [2026-04-13T23:48:46.726+0000] {dagbag.py:588} INFO - Filling up the DagBag from /home/airflow/.local/lib/python3.12/site-packages/airflow/example_dags/example_dataset_alias_with_no_taskflow.py
[2026-04-13T23:48:48.755+0000] {processor.py:925} INFO - DAG(s) 'dataset_alias_example_alias_consumer_with_no_taskflow', 'dataset_s3_bucket_consumer_with_no_taskflow', 'dataset_s3_bucket_producer_with_no_taskflow', 'dataset_alias_example_alias_producer_with_no_taskflow' retrieved from /home/airflow/.local/lib/python3.12/site-packages/airflow/example_dags/example_dataset_alias_with_no_taskflow.py
[2026-04-13T23:48:48.808+0000] {logging_mixin.py:190} INFO - [2026-04-13T23:48:48.806+0000] {dag.py:3239} INFO - Sync 4 DAGs
[2026-04-13T23:48:48.878+0000] {logging_mixin.py:190} INFO - [2026-04-13T23:48:48.878+0000] {dag.py:4180} INFO - Setting next_dagrun for dataset_alias_example_alias_consumer_with_no_taskflow to None, run_after=None
[2026-04-13T23:48:48.887+0000] {logging_mixin.py:190} INFO - [2026-04-13T23:48:48.886+0000] {dag.py:4180} INFO - Setting next_dagrun for dataset_alias_example_alias_producer_with_no_taskflow to None, run_after=None
[2026-04-13T23:48:48.894+0000] {logging_mixin.py:190} INFO - [2026-04-13T23:48:48.893+0000] {dag.py:4180} INFO - Setting next_dagrun for dataset_s3_bucket_consumer_with_no_taskflow to None, run_after=None
[2026-04-13T23:48:48.897+0000] {logging_mixin.py:190} INFO - [2026-04-13T23:48:48.896+0000] {dag.py:4180} INFO - Setting next_dagrun for dataset_s3_bucket_producer_with_no_taskflow to None, run_after=None
[2026-04-13T23:48:48.958+0000] {processor.py:208} INFO - Processing /home/airflow/.local/lib/python3.12/site-packages/airflow/example_dags/example_dataset_alias_with_no_taskflow.py took 2.296 seconds
[2026-04-13T23:49:23.744+0000] {processor.py:186} INFO - Started process (PID=655) to work on /home/airflow/.local/lib/python3.12/site-packages/airflow/example_dags/example_dataset_alias_with_no_taskflow.py
[2026-04-13T23:49:23.747+0000] {processor.py:914} INFO - Processing file /home/airflow/.local/lib/python3.12/site-packages/airflow/example_dags/example_dataset_alias_with_no_taskflow.py for tasks to queue
[2026-04-13T23:49:23.755+0000] {logging_mixin.py:190} INFO - [2026-04-13T23:49:23.754+0000] {dagbag.py:588} INFO - Filling up the DagBag from /home/airflow/.local/lib/python3.12/site-packages/airflow/example_dags/example_dataset_alias_with_no_taskflow.py
[2026-04-13T23:49:24.983+0000] {processor.py:925} INFO - DAG(s) 'dataset_s3_bucket_producer_with_no_taskflow', 'dataset_s3_bucket_consumer_with_no_taskflow', 'dataset_alias_example_alias_consumer_with_no_taskflow', 'dataset_alias_example_alias_producer_with_no_taskflow' retrieved from /home/airflow/.local/lib/python3.12/site-packages/airflow/example_dags/example_dataset_alias_with_no_taskflow.py
[2026-04-13T23:49:25.019+0000] {logging_mixin.py:190} INFO - [2026-04-13T23:49:25.018+0000] {dag.py:3239} INFO - Sync 4 DAGs
[2026-04-13T23:49:25.057+0000] {logging_mixin.py:190} INFO - [2026-04-13T23:49:25.057+0000] {dag.py:4180} INFO - Setting next_dagrun for dataset_alias_example_alias_consumer_with_no_taskflow to None, run_after=None
[2026-04-13T23:49:25.062+0000] {logging_mixin.py:190} INFO - [2026-04-13T23:49:25.061+0000] {dag.py:4180} INFO - Setting next_dagrun for dataset_alias_example_alias_producer_with_no_taskflow to None, run_after=None
[2026-04-13T23:49:25.064+0000] {logging_mixin.py:190} INFO - [2026-04-13T23:49:25.064+0000] {dag.py:4180} INFO - Setting next_dagrun for dataset_s3_bucket_consumer_with_no_taskflow to None, run_after=None
[2026-04-13T23:49:25.066+0000] {logging_mixin.py:190} INFO - [2026-04-13T23:49:25.066+0000] {dag.py:4180} INFO - Setting next_dagrun for dataset_s3_bucket_producer_with_no_taskflow to None, run_after=None
[2026-04-13T23:49:25.107+0000] {processor.py:208} INFO - Processing /home/airflow/.local/lib/python3.12/site-packages/airflow/example_dags/example_dataset_alias_with_no_taskflow.py took 1.380 seconds
[2026-04-13T23:49:55.386+0000] {processor.py:186} INFO - Started process (PID=719) to work on /home/airflow/.local/lib/python3.12/site-packages/airflow/example_dags/example_dataset_alias_with_no_taskflow.py
[2026-04-13T23:49:55.388+0000] {processor.py:914} INFO - Processing file /home/airflow/.local/lib/python3.12/site-packages/airflow/example_dags/example_dataset_alias_with_no_taskflow.py for tasks to queue
[2026-04-13T23:49:55.392+0000] {logging_mixin.py:190} INFO - [2026-04-13T23:49:55.392+0000] {dagbag.py:588} INFO - Filling up the DagBag from /home/airflow/.local/lib/python3.12/site-packages/airflow/example_dags/example_dataset_alias_with_no_taskflow.py
[2026-04-13T23:49:58.833+0000] {processor.py:925} INFO - DAG(s) 'dataset_s3_bucket_consumer_with_no_taskflow', 'dataset_alias_example_alias_producer_with_no_taskflow', 'dataset_alias_example_alias_consumer_with_no_taskflow', 'dataset_s3_bucket_producer_with_no_taskflow' retrieved from /home/airflow/.local/lib/python3.12/site-packages/airflow/example_dags/example_dataset_alias_with_no_taskflow.py
[2026-04-13T23:49:58.919+0000] {logging_mixin.py:190} INFO - [2026-04-13T23:49:58.917+0000] {dag.py:3239} INFO - Sync 4 DAGs
[2026-04-13T23:49:59.018+0000] {logging_mixin.py:190} INFO - [2026-04-13T23:49:59.017+0000] {dag.py:4180} INFO - Setting next_dagrun for dataset_alias_example_alias_consumer_with_no_taskflow to None, run_after=None
[2026-04-13T23:49:59.027+0000] {logging_mixin.py:190} INFO - [2026-04-13T23:49:59.027+0000] {dag.py:4180} INFO - Setting next_dagrun for dataset_alias_example_alias_producer_with_no_taskflow to None, run_after=None
[2026-04-13T23:49:59.034+0000] {logging_mixin.py:190} INFO - [2026-04-13T23:49:59.034+0000] {dag.py:4180} INFO - Setting next_dagrun for dataset_s3_bucket_consumer_with_no_taskflow to None, run_after=None
[2026-04-13T23:49:59.039+0000] {logging_mixin.py:190} INFO - [2026-04-13T23:49:59.038+0000] {dag.py:4180} INFO - Setting next_dagrun for dataset_s3_bucket_producer_with_no_taskflow to None, run_after=None
[2026-04-13T23:49:59.123+0000] {processor.py:208} INFO - Processing /home/airflow/.local/lib/python3.12/site-packages/airflow/example_dags/example_dataset_alias_with_no_taskflow.py took 3.751 seconds
[2026-04-13T23:50:29.468+0000] {processor.py:186} INFO - Started process (PID=783) to work on /home/airflow/.local/lib/python3.12/site-packages/airflow/example_dags/example_dataset_alias_with_no_taskflow.py
[2026-04-13T23:50:29.470+0000] {processor.py:914} INFO - Processing file /home/airflow/.local/lib/python3.12/site-packages/airflow/example_dags/example_dataset_alias_with_no_taskflow.py for tasks to queue
[2026-04-13T23:50:29.475+0000] {logging_mixin.py:190} INFO - [2026-04-13T23:50:29.474+0000] {dagbag.py:588} INFO - Filling up the DagBag from /home/airflow/.local/lib/python3.12/site-packages/airflow/example_dags/example_dataset_alias_with_no_taskflow.py
[2026-04-13T23:50:31.247+0000] {processor.py:925} INFO - DAG(s) 'dataset_s3_bucket_producer_with_no_taskflow', 'dataset_alias_example_alias_producer_with_no_taskflow', 'dataset_alias_example_alias_consumer_with_no_taskflow', 'dataset_s3_bucket_consumer_with_no_taskflow' retrieved from /home/airflow/.local/lib/python3.12/site-packages/airflow/example_dags/example_dataset_alias_with_no_taskflow.py
[2026-04-13T23:50:31.351+0000] {logging_mixin.py:190} INFO - [2026-04-13T23:50:31.349+0000] {dag.py:3239} INFO - Sync 4 DAGs
[2026-04-13T23:50:31.452+0000] {logging_mixin.py:190} INFO - [2026-04-13T23:50:31.452+0000] {dag.py:4180} INFO - Setting next_dagrun for dataset_alias_example_alias_consumer_with_no_taskflow to None, run_after=None
[2026-04-13T23:50:31.459+0000] {logging_mixin.py:190} INFO - [2026-04-13T23:50:31.459+0000] {dag.py:4180} INFO - Setting next_dagrun for dataset_alias_example_alias_producer_with_no_taskflow to None, run_after=None
[2026-04-13T23:50:31.464+0000] {logging_mixin.py:190} INFO - [2026-04-13T23:50:31.463+0000] {dag.py:4180} INFO - Setting next_dagrun for dataset_s3_bucket_consumer_with_no_taskflow to None, run_after=None
[2026-04-13T23:50:31.468+0000] {logging_mixin.py:190} INFO - [2026-04-13T23:50:31.468+0000] {dag.py:4180} INFO - Setting next_dagrun for dataset_s3_bucket_producer_with_no_taskflow to None, run_after=None
[2026-04-13T23:50:31.550+0000] {processor.py:208} INFO - Processing /home/airflow/.local/lib/python3.12/site-packages/airflow/example_dags/example_dataset_alias_with_no_taskflow.py took 2.091 seconds
[2026-04-13T23:51:01.836+0000] {processor.py:186} INFO - Started process (PID=847) to work on /home/airflow/.local/lib/python3.12/site-packages/airflow/example_dags/example_dataset_alias_with_no_taskflow.py
[2026-04-13T23:51:01.837+0000] {processor.py:914} INFO - Processing file /home/airflow/.local/lib/python3.12/site-packages/airflow/example_dags/example_dataset_alias_with_no_taskflow.py for tasks to queue
[2026-04-13T23:51:01.841+0000] {logging_mixin.py:190} INFO - [2026-04-13T23:51:01.840+0000] {dagbag.py:588} INFO - Filling up the DagBag from /home/airflow/.local/lib/python3.12/site-packages/airflow/example_dags/example_dataset_alias_with_no_taskflow.py
[2026-04-13T23:51:02.574+0000] {processor.py:925} INFO - DAG(s) 'dataset_alias_example_alias_consumer_with_no_taskflow', 'dataset_s3_bucket_consumer_with_no_taskflow', 'dataset_s3_bucket_producer_with_no_taskflow', 'dataset_alias_example_alias_producer_with_no_taskflow' retrieved from /home/airflow/.local/lib/python3.12/site-packages/airflow/example_dags/example_dataset_alias_with_no_taskflow.py
[2026-04-13T23:51:02.615+0000] {logging_mixin.py:190} INFO - [2026-04-13T23:51:02.614+0000] {dag.py:3239} INFO - Sync 4 DAGs
[2026-04-13T23:51:02.655+0000] {logging_mixin.py:190} INFO - [2026-04-13T23:51:02.655+0000] {dag.py:4180} INFO - Setting next_dagrun for dataset_alias_example_alias_consumer_with_no_taskflow to None, run_after=None
[2026-04-13T23:51:02.660+0000] {logging_mixin.py:190} INFO - [2026-04-13T23:51:02.660+0000] {dag.py:4180} INFO - Setting next_dagrun for dataset_alias_example_alias_producer_with_no_taskflow to None, run_after=None
[2026-04-13T23:51:02.665+0000] {logging_mixin.py:190} INFO - [2026-04-13T23:51:02.664+0000] {dag.py:4180} INFO - Setting next_dagrun for dataset_s3_bucket_consumer_with_no_taskflow to None, run_after=None
[2026-04-13T23:51:02.667+0000] {logging_mixin.py:190} INFO - [2026-04-13T23:51:02.667+0000] {dag.py:4180} INFO - Setting next_dagrun for dataset_s3_bucket_producer_with_no_taskflow to None, run_after=None
[2026-04-13T23:51:02.714+0000] {processor.py:208} INFO - Processing /home/airflow/.local/lib/python3.12/site-packages/airflow/example_dags/example_dataset_alias_with_no_taskflow.py took 0.884 seconds
[2026-04-13T23:51:32.895+0000] {processor.py:186} INFO - Started process (PID=911) to work on /home/airflow/.local/lib/python3.12/site-packages/airflow/example_dags/example_dataset_alias_with_no_taskflow.py
[2026-04-13T23:51:32.896+0000] {processor.py:914} INFO - Processing file /home/airflow/.local/lib/python3.12/site-packages/airflow/example_dags/example_dataset_alias_with_no_taskflow.py for tasks to queue
[2026-04-13T23:51:32.899+0000] {logging_mixin.py:190} INFO - [2026-04-13T23:51:32.899+0000] {dagbag.py:588} INFO - Filling up the DagBag from /home/airflow/.local/lib/python3.12/site-packages/airflow/example_dags/example_dataset_alias_with_no_taskflow.py
[2026-04-13T23:51:34.291+0000] {processor.py:925} INFO - DAG(s) 'dataset_alias_example_alias_producer_with_no_taskflow', 'dataset_s3_bucket_producer_with_no_taskflow', 'dataset_alias_example_alias_consumer_with_no_taskflow', 'dataset_s3_bucket_consumer_with_no_taskflow' retrieved from /home/airflow/.local/lib/python3.12/site-packages/airflow/example_dags/example_dataset_alias_with_no_taskflow.py
[2026-04-13T23:51:34.361+0000] {logging_mixin.py:190} INFO - [2026-04-13T23:51:34.360+0000] {dag.py:3239} INFO - Sync 4 DAGs
[2026-04-13T23:51:34.435+0000] {logging_mixin.py:190} INFO - [2026-04-13T23:51:34.434+0000] {dag.py:4180} INFO - Setting next_dagrun for dataset_alias_example_alias_consumer_with_no_taskflow to None, run_after=None
[2026-04-13T23:51:34.446+0000] {logging_mixin.py:190} INFO - [2026-04-13T23:51:34.445+0000] {dag.py:4180} INFO - Setting next_dagrun for dataset_alias_example_alias_producer_with_no_taskflow to None, run_after=None
[2026-04-13T23:51:34.451+0000] {logging_mixin.py:190} INFO - [2026-04-13T23:51:34.450+0000] {dag.py:4180} INFO - Setting next_dagrun for dataset_s3_bucket_consumer_with_no_taskflow to None, run_after=None
[2026-04-13T23:51:34.456+0000] {logging_mixin.py:190} INFO - [2026-04-13T23:51:34.456+0000] {dag.py:4180} INFO - Setting next_dagrun for dataset_s3_bucket_producer_with_no_taskflow to None, run_after=None
[2026-04-13T23:51:34.549+0000] {processor.py:208} INFO - Processing /home/airflow/.local/lib/python3.12/site-packages/airflow/example_dags/example_dataset_alias_with_no_taskflow.py took 1.662 seconds
[2026-04-13T23:52:04.685+0000] {processor.py:186} INFO - Started process (PID=975) to work on /home/airflow/.local/lib/python3.12/site-packages/airflow/example_dags/example_dataset_alias_with_no_taskflow.py
[2026-04-13T23:52:04.687+0000] {processor.py:914} INFO - Processing file /home/airflow/.local/lib/python3.12/site-packages/airflow/example_dags/example_dataset_alias_with_no_taskflow.py for tasks to queue
[2026-04-13T23:52:04.691+0000] {logging_mixin.py:190} INFO - [2026-04-13T23:52:04.690+0000] {dagbag.py:588} INFO - Filling up the DagBag from /home/airflow/.local/lib/python3.12/site-packages/airflow/example_dags/example_dataset_alias_with_no_taskflow.py
[2026-04-13T23:52:05.564+0000] {processor.py:925} INFO - DAG(s) 'dataset_alias_example_alias_producer_with_no_taskflow', 'dataset_alias_example_alias_consumer_with_no_taskflow', 'dataset_s3_bucket_consumer_with_no_taskflow', 'dataset_s3_bucket_producer_with_no_taskflow' retrieved from /home/airflow/.local/lib/python3.12/site-packages/airflow/example_dags/example_dataset_alias_with_no_taskflow.py
[2026-04-13T23:52:05.609+0000] {logging_mixin.py:190} INFO - [2026-04-13T23:52:05.604+0000] {dag.py:3239} INFO - Sync 4 DAGs
[2026-04-13T23:52:05.657+0000] {logging_mixin.py:190} INFO - [2026-04-13T23:52:05.655+0000] {dag.py:4180} INFO - Setting next_dagrun for dataset_alias_example_alias_consumer_with_no_taskflow to None, run_after=None
[2026-04-13T23:52:05.663+0000] {logging_mixin.py:190} INFO - [2026-04-13T23:52:05.662+0000] {dag.py:4180} INFO - Setting next_dagrun for dataset_alias_example_alias_producer_with_no_taskflow to None, run_after=None
[2026-04-13T23:52:05.665+0000] {logging_mixin.py:190} INFO - [2026-04-13T23:52:05.665+0000] {dag.py:4180} INFO - Setting next_dagrun for dataset_s3_bucket_consumer_with_no_taskflow to None, run_after=None
[2026-04-13T23:52:05.668+0000] {logging_mixin.py:190} INFO - [2026-04-13T23:52:05.667+0000] {dag.py:4180} INFO - Setting next_dagrun for dataset_s3_bucket_producer_with_no_taskflow to None, run_after=None
[2026-04-13T23:52:05.715+0000] {processor.py:208} INFO - Processing /home/airflow/.local/lib/python3.12/site-packages/airflow/example_dags/example_dataset_alias_with_no_taskflow.py took 1.036 seconds
[2026-04-13T23:52:39.549+0000] {processor.py:186} INFO - Started process (PID=1041) to work on /home/airflow/.local/lib/python3.12/site-packages/airflow/example_dags/example_dataset_alias_with_no_taskflow.py
[2026-04-13T23:52:39.554+0000] {processor.py:914} INFO - Processing file /home/airflow/.local/lib/python3.12/site-packages/airflow/example_dags/example_dataset_alias_with_no_taskflow.py for tasks to queue
[2026-04-13T23:52:39.573+0000] {logging_mixin.py:190} INFO - [2026-04-13T23:52:39.572+0000] {dagbag.py:588} INFO - Filling up the DagBag from /home/airflow/.local/lib/python3.12/site-packages/airflow/example_dags/example_dataset_alias_with_no_taskflow.py
[2026-04-13T23:52:44.779+0000] {processor.py:925} INFO - DAG(s) 'dataset_alias_example_alias_consumer_with_no_taskflow', 'dataset_s3_bucket_producer_with_no_taskflow', 'dataset_alias_example_alias_producer_with_no_taskflow', 'dataset_s3_bucket_consumer_with_no_taskflow' retrieved from /home/airflow/.local/lib/python3.12/site-packages/airflow/example_dags/example_dataset_alias_with_no_taskflow.py
[2026-04-13T23:52:44.882+0000] {logging_mixin.py:190} INFO - [2026-04-13T23:52:44.881+0000] {dag.py:3239} INFO - Sync 4 DAGs
[2026-04-13T23:52:45.053+0000] {logging_mixin.py:190} INFO - [2026-04-13T23:52:45.052+0000] {dag.py:4180} INFO - Setting next_dagrun for dataset_alias_example_alias_consumer_with_no_taskflow to None, run_after=None
[2026-04-13T23:52:45.072+0000] {logging_mixin.py:190} INFO - [2026-04-13T23:52:45.072+0000] {dag.py:4180} INFO - Setting next_dagrun for dataset_alias_example_alias_producer_with_no_taskflow to None, run_after=None
[2026-04-13T23:52:45.080+0000] {logging_mixin.py:190} INFO - [2026-04-13T23:52:45.079+0000] {dag.py:4180} INFO - Setting next_dagrun for dataset_s3_bucket_consumer_with_no_taskflow to None, run_after=None
[2026-04-13T23:52:45.083+0000] {logging_mixin.py:190} INFO - [2026-04-13T23:52:45.083+0000] {dag.py:4180} INFO - Setting next_dagrun for dataset_s3_bucket_producer_with_no_taskflow to None, run_after=None
[2026-04-13T23:52:45.158+0000] {processor.py:208} INFO - Processing /home/airflow/.local/lib/python3.12/site-packages/airflow/example_dags/example_dataset_alias_with_no_taskflow.py took 5.647 seconds
[2026-04-13T23:53:15.408+0000] {processor.py:186} INFO - Started process (PID=1105) to work on /home/airflow/.local/lib/python3.12/site-packages/airflow/example_dags/example_dataset_alias_with_no_taskflow.py
[2026-04-13T23:53:15.409+0000] {processor.py:914} INFO - Processing file /home/airflow/.local/lib/python3.12/site-packages/airflow/example_dags/example_dataset_alias_with_no_taskflow.py for tasks to queue
[2026-04-13T23:53:15.415+0000] {logging_mixin.py:190} INFO - [2026-04-13T23:53:15.414+0000] {dagbag.py:588} INFO - Filling up the DagBag from /home/airflow/.local/lib/python3.12/site-packages/airflow/example_dags/example_dataset_alias_with_no_taskflow.py
[2026-04-13T23:53:17.175+0000] {processor.py:925} INFO - DAG(s) 'dataset_s3_bucket_consumer_with_no_taskflow', 'dataset_alias_example_alias_consumer_with_no_taskflow', 'dataset_alias_example_alias_producer_with_no_taskflow', 'dataset_s3_bucket_producer_with_no_taskflow' retrieved from /home/airflow/.local/lib/python3.12/site-packages/airflow/example_dags/example_dataset_alias_with_no_taskflow.py
[2026-04-13T23:53:17.216+0000] {logging_mixin.py:190} INFO - [2026-04-13T23:53:17.215+0000] {dag.py:3239} INFO - Sync 4 DAGs
[2026-04-13T23:53:17.267+0000] {logging_mixin.py:190} INFO - [2026-04-13T23:53:17.267+0000] {dag.py:4180} INFO - Setting next_dagrun for dataset_alias_example_alias_consumer_with_no_taskflow to None, run_after=None
[2026-04-13T23:53:17.271+0000] {logging_mixin.py:190} INFO - [2026-04-13T23:53:17.271+0000] {dag.py:4180} INFO - Setting next_dagrun for dataset_alias_example_alias_producer_with_no_taskflow to None, run_after=None
[2026-04-13T23:53:17.275+0000] {logging_mixin.py:190} INFO - [2026-04-13T23:53:17.274+0000] {dag.py:4180} INFO - Setting next_dagrun for dataset_s3_bucket_consumer_with_no_taskflow to None, run_after=None
[2026-04-13T23:53:17.278+0000] {logging_mixin.py:190} INFO - [2026-04-13T23:53:17.277+0000] {dag.py:4180} INFO - Setting next_dagrun for dataset_s3_bucket_producer_with_no_taskflow to None, run_after=None
[2026-04-13T23:53:17.314+0000] {processor.py:208} INFO - Processing /home/airflow/.local/lib/python3.12/site-packages/airflow/example_dags/example_dataset_alias_with_no_taskflow.py took 1.915 seconds
