[2026-04-13T23:44:46.338+0000] {processor.py:186} INFO - Started process (PID=148) to work on /home/airflow/.local/lib/python3.12/site-packages/airflow/example_dags/example_latest_only.py
[2026-04-13T23:44:46.340+0000] {processor.py:914} INFO - Processing file /home/airflow/.local/lib/python3.12/site-packages/airflow/example_dags/example_latest_only.py for tasks to queue
[2026-04-13T23:44:46.348+0000] {logging_mixin.py:190} INFO - [2026-04-13T23:44:46.347+0000] {dagbag.py:588} INFO - Filling up the DagBag from /home/airflow/.local/lib/python3.12/site-packages/airflow/example_dags/example_latest_only.py
[2026-04-13T23:44:46.369+0000] {processor.py:925} INFO - DAG(s) 'latest_only' retrieved from /home/airflow/.local/lib/python3.12/site-packages/airflow/example_dags/example_latest_only.py
[2026-04-13T23:44:46.600+0000] {logging_mixin.py:190} INFO - [2026-04-13T23:44:46.599+0000] {override.py:1912} INFO - Created Permission View: can read on DAG:latest_only
[2026-04-13T23:44:46.626+0000] {logging_mixin.py:190} INFO - [2026-04-13T23:44:46.625+0000] {override.py:1912} INFO - Created Permission View: can edit on DAG:latest_only
[2026-04-13T23:44:46.652+0000] {logging_mixin.py:190} INFO - [2026-04-13T23:44:46.652+0000] {override.py:1912} INFO - Created Permission View: can delete on DAG:latest_only
[2026-04-13T23:44:46.669+0000] {logging_mixin.py:190} INFO - [2026-04-13T23:44:46.668+0000] {override.py:1912} INFO - Created Permission View: menu access on DAG Run:latest_only
[2026-04-13T23:44:46.756+0000] {logging_mixin.py:190} INFO - [2026-04-13T23:44:46.755+0000] {override.py:1912} INFO - Created Permission View: can read on DAG Run:latest_only
[2026-04-13T23:44:46.779+0000] {logging_mixin.py:190} INFO - [2026-04-13T23:44:46.778+0000] {override.py:1912} INFO - Created Permission View: can delete on DAG Run:latest_only
[2026-04-13T23:44:46.836+0000] {logging_mixin.py:190} INFO - [2026-04-13T23:44:46.835+0000] {override.py:1912} INFO - Created Permission View: can create on DAG Run:latest_only
[2026-04-13T23:44:46.837+0000] {logging_mixin.py:190} INFO - [2026-04-13T23:44:46.837+0000] {dag.py:3239} INFO - Sync 1 DAGs
[2026-04-13T23:44:46.889+0000] {logging_mixin.py:190} INFO - [2026-04-13T23:44:46.889+0000] {dag.py:3262} INFO - Creating ORM DAG for latest_only
[2026-04-13T23:44:46.919+0000] {logging_mixin.py:190} INFO - [2026-04-13T23:44:46.918+0000] {dag.py:4180} INFO - Setting next_dagrun for latest_only to 2026-04-13 16:00:00+00:00, run_after=2026-04-13 20:00:00+00:00
[2026-04-13T23:44:46.964+0000] {processor.py:208} INFO - Processing /home/airflow/.local/lib/python3.12/site-packages/airflow/example_dags/example_latest_only.py took 0.640 seconds
[2026-04-13T23:45:19.076+0000] {processor.py:186} INFO - Started process (PID=214) to work on /home/airflow/.local/lib/python3.12/site-packages/airflow/example_dags/example_latest_only.py
[2026-04-13T23:45:19.079+0000] {processor.py:914} INFO - Processing file /home/airflow/.local/lib/python3.12/site-packages/airflow/example_dags/example_latest_only.py for tasks to queue
[2026-04-13T23:45:19.085+0000] {logging_mixin.py:190} INFO - [2026-04-13T23:45:19.084+0000] {dagbag.py:588} INFO - Filling up the DagBag from /home/airflow/.local/lib/python3.12/site-packages/airflow/example_dags/example_latest_only.py
[2026-04-13T23:45:19.111+0000] {processor.py:925} INFO - DAG(s) 'latest_only' retrieved from /home/airflow/.local/lib/python3.12/site-packages/airflow/example_dags/example_latest_only.py
[2026-04-13T23:45:19.315+0000] {logging_mixin.py:190} INFO - [2026-04-13T23:45:19.314+0000] {dag.py:3239} INFO - Sync 1 DAGs
[2026-04-13T23:45:19.415+0000] {logging_mixin.py:190} INFO - [2026-04-13T23:45:19.415+0000] {dag.py:4180} INFO - Setting next_dagrun for latest_only to 2026-04-13 16:00:00+00:00, run_after=2026-04-13 20:00:00+00:00
[2026-04-13T23:45:19.476+0000] {processor.py:208} INFO - Processing /home/airflow/.local/lib/python3.12/site-packages/airflow/example_dags/example_latest_only.py took 0.417 seconds
[2026-04-13T23:45:52.007+0000] {processor.py:186} INFO - Started process (PID=278) to work on /home/airflow/.local/lib/python3.12/site-packages/airflow/example_dags/example_latest_only.py
[2026-04-13T23:45:52.023+0000] {processor.py:914} INFO - Processing file /home/airflow/.local/lib/python3.12/site-packages/airflow/example_dags/example_latest_only.py for tasks to queue
[2026-04-13T23:45:52.038+0000] {logging_mixin.py:190} INFO - [2026-04-13T23:45:52.037+0000] {dagbag.py:588} INFO - Filling up the DagBag from /home/airflow/.local/lib/python3.12/site-packages/airflow/example_dags/example_latest_only.py
[2026-04-13T23:45:52.092+0000] {processor.py:925} INFO - DAG(s) 'latest_only' retrieved from /home/airflow/.local/lib/python3.12/site-packages/airflow/example_dags/example_latest_only.py
[2026-04-13T23:45:52.232+0000] {logging_mixin.py:190} INFO - [2026-04-13T23:45:52.232+0000] {dag.py:3239} INFO - Sync 1 DAGs
[2026-04-13T23:45:52.657+0000] {logging_mixin.py:190} INFO - [2026-04-13T23:45:52.656+0000] {dag.py:4180} INFO - Setting next_dagrun for latest_only to 2026-04-13 16:00:00+00:00, run_after=2026-04-13 20:00:00+00:00
[2026-04-13T23:45:53.120+0000] {processor.py:208} INFO - Processing /home/airflow/.local/lib/python3.12/site-packages/airflow/example_dags/example_latest_only.py took 1.139 seconds
[2026-04-13T23:46:26.109+0000] {processor.py:186} INFO - Started process (PID=344) to work on /home/airflow/.local/lib/python3.12/site-packages/airflow/example_dags/example_latest_only.py
[2026-04-13T23:46:26.113+0000] {processor.py:914} INFO - Processing file /home/airflow/.local/lib/python3.12/site-packages/airflow/example_dags/example_latest_only.py for tasks to queue
[2026-04-13T23:46:26.119+0000] {logging_mixin.py:190} INFO - [2026-04-13T23:46:26.118+0000] {dagbag.py:588} INFO - Filling up the DagBag from /home/airflow/.local/lib/python3.12/site-packages/airflow/example_dags/example_latest_only.py
[2026-04-13T23:46:26.141+0000] {processor.py:925} INFO - DAG(s) 'latest_only' retrieved from /home/airflow/.local/lib/python3.12/site-packages/airflow/example_dags/example_latest_only.py
[2026-04-13T23:46:26.218+0000] {logging_mixin.py:190} INFO - [2026-04-13T23:46:26.217+0000] {dag.py:3239} INFO - Sync 1 DAGs
[2026-04-13T23:46:26.340+0000] {logging_mixin.py:190} INFO - [2026-04-13T23:46:26.339+0000] {dag.py:4180} INFO - Setting next_dagrun for latest_only to 2026-04-13 16:00:00+00:00, run_after=2026-04-13 20:00:00+00:00
[2026-04-13T23:46:26.392+0000] {processor.py:208} INFO - Processing /home/airflow/.local/lib/python3.12/site-packages/airflow/example_dags/example_latest_only.py took 0.303 seconds
