[2026-04-13T23:43:58.289+0000] {processor.py:186} INFO - Started process (PID=100) to work on /home/airflow/.local/lib/python3.12/site-packages/airflow/example_dags/example_dataset_alias.py
[2026-04-13T23:43:58.293+0000] {processor.py:914} INFO - Processing file /home/airflow/.local/lib/python3.12/site-packages/airflow/example_dags/example_dataset_alias.py for tasks to queue
[2026-04-13T23:43:58.305+0000] {logging_mixin.py:190} INFO - [2026-04-13T23:43:58.304+0000] {dagbag.py:588} INFO - Filling up the DagBag from /home/airflow/.local/lib/python3.12/site-packages/airflow/example_dags/example_dataset_alias.py
[2026-04-13T23:44:15.536+0000] {processor.py:925} INFO - DAG(s) 'dataset_alias_example_alias_consumer', 'dataset_alias_example_alias_producer', 'dataset_s3_bucket_producer', 'dataset_s3_bucket_consumer' retrieved from /home/airflow/.local/lib/python3.12/site-packages/airflow/example_dags/example_dataset_alias.py
[2026-04-13T23:44:16.447+0000] {logging_mixin.py:190} INFO - [2026-04-13T23:44:16.445+0000] {override.py:1912} INFO - Created Permission View: can read on DAG:dataset_alias_example_alias_consumer
[2026-04-13T23:44:16.544+0000] {logging_mixin.py:190} INFO - [2026-04-13T23:44:16.543+0000] {override.py:1912} INFO - Created Permission View: can edit on DAG:dataset_alias_example_alias_consumer
[2026-04-13T23:44:16.626+0000] {logging_mixin.py:190} INFO - [2026-04-13T23:44:16.625+0000] {override.py:1912} INFO - Created Permission View: can delete on DAG:dataset_alias_example_alias_consumer
[2026-04-13T23:44:16.720+0000] {logging_mixin.py:190} INFO - [2026-04-13T23:44:16.712+0000] {override.py:1912} INFO - Created Permission View: menu access on DAG Run:dataset_alias_example_alias_consumer
[2026-04-13T23:44:16.792+0000] {logging_mixin.py:190} INFO - [2026-04-13T23:44:16.791+0000] {override.py:1912} INFO - Created Permission View: can read on DAG Run:dataset_alias_example_alias_consumer
[2026-04-13T23:44:16.861+0000] {logging_mixin.py:190} INFO - [2026-04-13T23:44:16.860+0000] {override.py:1912} INFO - Created Permission View: can delete on DAG Run:dataset_alias_example_alias_consumer
[2026-04-13T23:44:16.960+0000] {logging_mixin.py:190} INFO - [2026-04-13T23:44:16.959+0000] {override.py:1912} INFO - Created Permission View: can create on DAG Run:dataset_alias_example_alias_consumer
[2026-04-13T23:44:17.177+0000] {logging_mixin.py:190} INFO - [2026-04-13T23:44:17.176+0000] {override.py:1912} INFO - Created Permission View: can read on DAG:dataset_alias_example_alias_producer
[2026-04-13T23:44:17.303+0000] {logging_mixin.py:190} INFO - [2026-04-13T23:44:17.302+0000] {override.py:1912} INFO - Created Permission View: can edit on DAG:dataset_alias_example_alias_producer
[2026-04-13T23:44:17.393+0000] {logging_mixin.py:190} INFO - [2026-04-13T23:44:17.392+0000] {override.py:1912} INFO - Created Permission View: can delete on DAG:dataset_alias_example_alias_producer
[2026-04-13T23:44:17.512+0000] {logging_mixin.py:190} INFO - [2026-04-13T23:44:17.511+0000] {override.py:1912} INFO - Created Permission View: menu access on DAG Run:dataset_alias_example_alias_producer
[2026-04-13T23:44:17.568+0000] {logging_mixin.py:190} INFO - [2026-04-13T23:44:17.567+0000] {override.py:1912} INFO - Created Permission View: can read on DAG Run:dataset_alias_example_alias_producer
[2026-04-13T23:44:17.641+0000] {logging_mixin.py:190} INFO - [2026-04-13T23:44:17.640+0000] {override.py:1912} INFO - Created Permission View: can delete on DAG Run:dataset_alias_example_alias_producer
[2026-04-13T23:44:17.682+0000] {logging_mixin.py:190} INFO - [2026-04-13T23:44:17.681+0000] {override.py:1912} INFO - Created Permission View: can create on DAG Run:dataset_alias_example_alias_producer
[2026-04-13T23:44:17.778+0000] {logging_mixin.py:190} INFO - [2026-04-13T23:44:17.777+0000] {override.py:1912} INFO - Created Permission View: can read on DAG:dataset_s3_bucket_producer
[2026-04-13T23:44:17.828+0000] {logging_mixin.py:190} INFO - [2026-04-13T23:44:17.827+0000] {override.py:1912} INFO - Created Permission View: can edit on DAG:dataset_s3_bucket_producer
[2026-04-13T23:44:17.890+0000] {logging_mixin.py:190} INFO - [2026-04-13T23:44:17.870+0000] {override.py:1912} INFO - Created Permission View: can delete on DAG:dataset_s3_bucket_producer
[2026-04-13T23:44:17.990+0000] {logging_mixin.py:190} INFO - [2026-04-13T23:44:17.989+0000] {override.py:1912} INFO - Created Permission View: menu access on DAG Run:dataset_s3_bucket_producer
[2026-04-13T23:44:18.036+0000] {logging_mixin.py:190} INFO - [2026-04-13T23:44:18.035+0000] {override.py:1912} INFO - Created Permission View: can read on DAG Run:dataset_s3_bucket_producer
[2026-04-13T23:44:18.065+0000] {logging_mixin.py:190} INFO - [2026-04-13T23:44:18.064+0000] {override.py:1912} INFO - Created Permission View: can delete on DAG Run:dataset_s3_bucket_producer
[2026-04-13T23:44:18.115+0000] {logging_mixin.py:190} INFO - [2026-04-13T23:44:18.114+0000] {override.py:1912} INFO - Created Permission View: can create on DAG Run:dataset_s3_bucket_producer
[2026-04-13T23:44:18.192+0000] {logging_mixin.py:190} INFO - [2026-04-13T23:44:18.191+0000] {override.py:1912} INFO - Created Permission View: can read on DAG:dataset_s3_bucket_consumer
[2026-04-13T23:44:18.255+0000] {logging_mixin.py:190} INFO - [2026-04-13T23:44:18.254+0000] {override.py:1912} INFO - Created Permission View: can edit on DAG:dataset_s3_bucket_consumer
[2026-04-13T23:44:18.305+0000] {logging_mixin.py:190} INFO - [2026-04-13T23:44:18.304+0000] {override.py:1912} INFO - Created Permission View: can delete on DAG:dataset_s3_bucket_consumer
[2026-04-13T23:44:18.359+0000] {logging_mixin.py:190} INFO - [2026-04-13T23:44:18.358+0000] {override.py:1912} INFO - Created Permission View: menu access on DAG Run:dataset_s3_bucket_consumer
[2026-04-13T23:44:18.411+0000] {logging_mixin.py:190} INFO - [2026-04-13T23:44:18.410+0000] {override.py:1912} INFO - Created Permission View: can read on DAG Run:dataset_s3_bucket_consumer
[2026-04-13T23:44:18.451+0000] {logging_mixin.py:190} INFO - [2026-04-13T23:44:18.450+0000] {override.py:1912} INFO - Created Permission View: can delete on DAG Run:dataset_s3_bucket_consumer
[2026-04-13T23:44:18.500+0000] {logging_mixin.py:190} INFO - [2026-04-13T23:44:18.498+0000] {override.py:1912} INFO - Created Permission View: can create on DAG Run:dataset_s3_bucket_consumer
[2026-04-13T23:44:18.503+0000] {logging_mixin.py:190} INFO - [2026-04-13T23:44:18.501+0000] {dag.py:3239} INFO - Sync 4 DAGs
[2026-04-13T23:44:18.572+0000] {logging_mixin.py:190} INFO - [2026-04-13T23:44:18.568+0000] {dag.py:3262} INFO - Creating ORM DAG for dataset_alias_example_alias_consumer
[2026-04-13T23:44:18.579+0000] {logging_mixin.py:190} INFO - [2026-04-13T23:44:18.578+0000] {dag.py:3262} INFO - Creating ORM DAG for dataset_s3_bucket_consumer
[2026-04-13T23:44:18.582+0000] {logging_mixin.py:190} INFO - [2026-04-13T23:44:18.581+0000] {dag.py:3262} INFO - Creating ORM DAG for dataset_alias_example_alias_producer
[2026-04-13T23:44:18.585+0000] {logging_mixin.py:190} INFO - [2026-04-13T23:44:18.584+0000] {dag.py:3262} INFO - Creating ORM DAG for dataset_s3_bucket_producer
[2026-04-13T23:44:18.630+0000] {logging_mixin.py:190} INFO - [2026-04-13T23:44:18.629+0000] {dag.py:4180} INFO - Setting next_dagrun for dataset_alias_example_alias_consumer to None, run_after=None
[2026-04-13T23:44:18.642+0000] {logging_mixin.py:190} INFO - [2026-04-13T23:44:18.642+0000] {dag.py:4180} INFO - Setting next_dagrun for dataset_alias_example_alias_producer to None, run_after=None
[2026-04-13T23:44:18.648+0000] {logging_mixin.py:190} INFO - [2026-04-13T23:44:18.648+0000] {dag.py:4180} INFO - Setting next_dagrun for dataset_s3_bucket_consumer to None, run_after=None
[2026-04-13T23:44:18.654+0000] {logging_mixin.py:190} INFO - [2026-04-13T23:44:18.654+0000] {dag.py:4180} INFO - Setting next_dagrun for dataset_s3_bucket_producer to None, run_after=None
[2026-04-13T23:44:18.831+0000] {processor.py:208} INFO - Processing /home/airflow/.local/lib/python3.12/site-packages/airflow/example_dags/example_dataset_alias.py took 20.570 seconds
[2026-04-13T23:44:51.960+0000] {processor.py:186} INFO - Started process (PID=176) to work on /home/airflow/.local/lib/python3.12/site-packages/airflow/example_dags/example_dataset_alias.py
[2026-04-13T23:44:51.963+0000] {processor.py:914} INFO - Processing file /home/airflow/.local/lib/python3.12/site-packages/airflow/example_dags/example_dataset_alias.py for tasks to queue
[2026-04-13T23:44:51.970+0000] {logging_mixin.py:190} INFO - [2026-04-13T23:44:51.969+0000] {dagbag.py:588} INFO - Filling up the DagBag from /home/airflow/.local/lib/python3.12/site-packages/airflow/example_dags/example_dataset_alias.py
[2026-04-13T23:44:53.757+0000] {processor.py:925} INFO - DAG(s) 'dataset_alias_example_alias_producer', 'dataset_alias_example_alias_consumer', 'dataset_s3_bucket_producer', 'dataset_s3_bucket_consumer' retrieved from /home/airflow/.local/lib/python3.12/site-packages/airflow/example_dags/example_dataset_alias.py
[2026-04-13T23:44:53.873+0000] {logging_mixin.py:190} INFO - [2026-04-13T23:44:53.871+0000] {dag.py:3239} INFO - Sync 4 DAGs
[2026-04-13T23:44:54.085+0000] {logging_mixin.py:190} INFO - [2026-04-13T23:44:54.085+0000] {dag.py:4180} INFO - Setting next_dagrun for dataset_alias_example_alias_consumer to None, run_after=None
[2026-04-13T23:44:54.093+0000] {logging_mixin.py:190} INFO - [2026-04-13T23:44:54.093+0000] {dag.py:4180} INFO - Setting next_dagrun for dataset_alias_example_alias_producer to None, run_after=None
[2026-04-13T23:44:54.109+0000] {logging_mixin.py:190} INFO - [2026-04-13T23:44:54.108+0000] {dag.py:4180} INFO - Setting next_dagrun for dataset_s3_bucket_consumer to None, run_after=None
[2026-04-13T23:44:54.116+0000] {logging_mixin.py:190} INFO - [2026-04-13T23:44:54.115+0000] {dag.py:4180} INFO - Setting next_dagrun for dataset_s3_bucket_producer to None, run_after=None
[2026-04-13T23:44:54.195+0000] {processor.py:208} INFO - Processing /home/airflow/.local/lib/python3.12/site-packages/airflow/example_dags/example_dataset_alias.py took 2.250 seconds
[2026-04-13T23:45:25.464+0000] {processor.py:186} INFO - Started process (PID=241) to work on /home/airflow/.local/lib/python3.12/site-packages/airflow/example_dags/example_dataset_alias.py
[2026-04-13T23:45:25.469+0000] {processor.py:914} INFO - Processing file /home/airflow/.local/lib/python3.12/site-packages/airflow/example_dags/example_dataset_alias.py for tasks to queue
[2026-04-13T23:45:25.494+0000] {logging_mixin.py:190} INFO - [2026-04-13T23:45:25.484+0000] {dagbag.py:588} INFO - Filling up the DagBag from /home/airflow/.local/lib/python3.12/site-packages/airflow/example_dags/example_dataset_alias.py
[2026-04-13T23:45:27.835+0000] {processor.py:925} INFO - DAG(s) 'dataset_alias_example_alias_producer', 'dataset_alias_example_alias_consumer', 'dataset_s3_bucket_producer', 'dataset_s3_bucket_consumer' retrieved from /home/airflow/.local/lib/python3.12/site-packages/airflow/example_dags/example_dataset_alias.py
[2026-04-13T23:45:27.903+0000] {logging_mixin.py:190} INFO - [2026-04-13T23:45:27.901+0000] {dag.py:3239} INFO - Sync 4 DAGs
[2026-04-13T23:45:28.005+0000] {logging_mixin.py:190} INFO - [2026-04-13T23:45:28.005+0000] {dag.py:4180} INFO - Setting next_dagrun for dataset_alias_example_alias_consumer to None, run_after=None
[2026-04-13T23:45:28.021+0000] {logging_mixin.py:190} INFO - [2026-04-13T23:45:28.020+0000] {dag.py:4180} INFO - Setting next_dagrun for dataset_alias_example_alias_producer to None, run_after=None
[2026-04-13T23:45:28.032+0000] {logging_mixin.py:190} INFO - [2026-04-13T23:45:28.032+0000] {dag.py:4180} INFO - Setting next_dagrun for dataset_s3_bucket_consumer to None, run_after=None
[2026-04-13T23:45:28.040+0000] {logging_mixin.py:190} INFO - [2026-04-13T23:45:28.039+0000] {dag.py:4180} INFO - Setting next_dagrun for dataset_s3_bucket_producer to None, run_after=None
[2026-04-13T23:45:28.110+0000] {processor.py:208} INFO - Processing /home/airflow/.local/lib/python3.12/site-packages/airflow/example_dags/example_dataset_alias.py took 2.683 seconds
[2026-04-13T23:46:13.583+0000] {processor.py:186} INFO - Started process (PID=306) to work on /home/airflow/.local/lib/python3.12/site-packages/airflow/example_dags/example_dataset_alias.py
[2026-04-13T23:46:13.589+0000] {processor.py:914} INFO - Processing file /home/airflow/.local/lib/python3.12/site-packages/airflow/example_dags/example_dataset_alias.py for tasks to queue
[2026-04-13T23:46:13.607+0000] {logging_mixin.py:190} INFO - [2026-04-13T23:46:13.606+0000] {dagbag.py:588} INFO - Filling up the DagBag from /home/airflow/.local/lib/python3.12/site-packages/airflow/example_dags/example_dataset_alias.py
[2026-04-13T23:46:16.334+0000] {processor.py:925} INFO - DAG(s) 'dataset_s3_bucket_consumer', 'dataset_alias_example_alias_consumer', 'dataset_alias_example_alias_producer', 'dataset_s3_bucket_producer' retrieved from /home/airflow/.local/lib/python3.12/site-packages/airflow/example_dags/example_dataset_alias.py
[2026-04-13T23:46:16.390+0000] {logging_mixin.py:190} INFO - [2026-04-13T23:46:16.389+0000] {dag.py:3239} INFO - Sync 4 DAGs
[2026-04-13T23:46:16.495+0000] {logging_mixin.py:190} INFO - [2026-04-13T23:46:16.494+0000] {dag.py:4180} INFO - Setting next_dagrun for dataset_alias_example_alias_consumer to None, run_after=None
[2026-04-13T23:46:16.502+0000] {logging_mixin.py:190} INFO - [2026-04-13T23:46:16.501+0000] {dag.py:4180} INFO - Setting next_dagrun for dataset_alias_example_alias_producer to None, run_after=None
[2026-04-13T23:46:16.505+0000] {logging_mixin.py:190} INFO - [2026-04-13T23:46:16.505+0000] {dag.py:4180} INFO - Setting next_dagrun for dataset_s3_bucket_consumer to None, run_after=None
[2026-04-13T23:46:16.509+0000] {logging_mixin.py:190} INFO - [2026-04-13T23:46:16.509+0000] {dag.py:4180} INFO - Setting next_dagrun for dataset_s3_bucket_producer to None, run_after=None
[2026-04-13T23:46:16.586+0000] {processor.py:208} INFO - Processing /home/airflow/.local/lib/python3.12/site-packages/airflow/example_dags/example_dataset_alias.py took 3.028 seconds
[2026-04-13T23:46:50.715+0000] {processor.py:186} INFO - Started process (PID=378) to work on /home/airflow/.local/lib/python3.12/site-packages/airflow/example_dags/example_dataset_alias.py
[2026-04-13T23:46:50.718+0000] {processor.py:914} INFO - Processing file /home/airflow/.local/lib/python3.12/site-packages/airflow/example_dags/example_dataset_alias.py for tasks to queue
[2026-04-13T23:46:50.724+0000] {logging_mixin.py:190} INFO - [2026-04-13T23:46:50.723+0000] {dagbag.py:588} INFO - Filling up the DagBag from /home/airflow/.local/lib/python3.12/site-packages/airflow/example_dags/example_dataset_alias.py
[2026-04-13T23:46:53.335+0000] {processor.py:925} INFO - DAG(s) 'dataset_alias_example_alias_producer', 'dataset_s3_bucket_producer', 'dataset_s3_bucket_consumer', 'dataset_alias_example_alias_consumer' retrieved from /home/airflow/.local/lib/python3.12/site-packages/airflow/example_dags/example_dataset_alias.py
[2026-04-13T23:46:53.460+0000] {logging_mixin.py:190} INFO - [2026-04-13T23:46:53.457+0000] {dag.py:3239} INFO - Sync 4 DAGs
[2026-04-13T23:46:53.643+0000] {logging_mixin.py:190} INFO - [2026-04-13T23:46:53.642+0000] {dag.py:4180} INFO - Setting next_dagrun for dataset_alias_example_alias_consumer to None, run_after=None
[2026-04-13T23:46:53.674+0000] {logging_mixin.py:190} INFO - [2026-04-13T23:46:53.665+0000] {dag.py:4180} INFO - Setting next_dagrun for dataset_alias_example_alias_producer to None, run_after=None
[2026-04-13T23:46:53.701+0000] {logging_mixin.py:190} INFO - [2026-04-13T23:46:53.700+0000] {dag.py:4180} INFO - Setting next_dagrun for dataset_s3_bucket_consumer to None, run_after=None
[2026-04-13T23:46:53.723+0000] {logging_mixin.py:190} INFO - [2026-04-13T23:46:53.722+0000] {dag.py:4180} INFO - Setting next_dagrun for dataset_s3_bucket_producer to None, run_after=None
[2026-04-13T23:46:53.952+0000] {processor.py:208} INFO - Processing /home/airflow/.local/lib/python3.12/site-packages/airflow/example_dags/example_dataset_alias.py took 3.252 seconds
[2026-04-13T23:47:29.837+0000] {processor.py:186} INFO - Started process (PID=442) to work on /home/airflow/.local/lib/python3.12/site-packages/airflow/example_dags/example_dataset_alias.py
[2026-04-13T23:47:29.841+0000] {processor.py:914} INFO - Processing file /home/airflow/.local/lib/python3.12/site-packages/airflow/example_dags/example_dataset_alias.py for tasks to queue
[2026-04-13T23:47:29.865+0000] {logging_mixin.py:190} INFO - [2026-04-13T23:47:29.862+0000] {dagbag.py:588} INFO - Filling up the DagBag from /home/airflow/.local/lib/python3.12/site-packages/airflow/example_dags/example_dataset_alias.py
[2026-04-13T23:47:34.702+0000] {processor.py:925} INFO - DAG(s) 'dataset_alias_example_alias_producer', 'dataset_s3_bucket_producer', 'dataset_alias_example_alias_consumer', 'dataset_s3_bucket_consumer' retrieved from /home/airflow/.local/lib/python3.12/site-packages/airflow/example_dags/example_dataset_alias.py
[2026-04-13T23:47:34.755+0000] {logging_mixin.py:190} INFO - [2026-04-13T23:47:34.754+0000] {dag.py:3239} INFO - Sync 4 DAGs
[2026-04-13T23:47:34.826+0000] {logging_mixin.py:190} INFO - [2026-04-13T23:47:34.825+0000] {dag.py:4180} INFO - Setting next_dagrun for dataset_alias_example_alias_consumer to None, run_after=None
[2026-04-13T23:47:34.833+0000] {logging_mixin.py:190} INFO - [2026-04-13T23:47:34.833+0000] {dag.py:4180} INFO - Setting next_dagrun for dataset_alias_example_alias_producer to None, run_after=None
[2026-04-13T23:47:34.839+0000] {logging_mixin.py:190} INFO - [2026-04-13T23:47:34.839+0000] {dag.py:4180} INFO - Setting next_dagrun for dataset_s3_bucket_consumer to None, run_after=None
[2026-04-13T23:47:34.844+0000] {logging_mixin.py:190} INFO - [2026-04-13T23:47:34.844+0000] {dag.py:4180} INFO - Setting next_dagrun for dataset_s3_bucket_producer to None, run_after=None
[2026-04-13T23:47:34.961+0000] {processor.py:208} INFO - Processing /home/airflow/.local/lib/python3.12/site-packages/airflow/example_dags/example_dataset_alias.py took 5.154 seconds
[2026-04-13T23:48:05.474+0000] {processor.py:186} INFO - Started process (PID=506) to work on /home/airflow/.local/lib/python3.12/site-packages/airflow/example_dags/example_dataset_alias.py
[2026-04-13T23:48:05.476+0000] {processor.py:914} INFO - Processing file /home/airflow/.local/lib/python3.12/site-packages/airflow/example_dags/example_dataset_alias.py for tasks to queue
[2026-04-13T23:48:05.481+0000] {logging_mixin.py:190} INFO - [2026-04-13T23:48:05.480+0000] {dagbag.py:588} INFO - Filling up the DagBag from /home/airflow/.local/lib/python3.12/site-packages/airflow/example_dags/example_dataset_alias.py
[2026-04-13T23:48:10.006+0000] {processor.py:925} INFO - DAG(s) 'dataset_alias_example_alias_producer', 'dataset_s3_bucket_producer', 'dataset_s3_bucket_consumer', 'dataset_alias_example_alias_consumer' retrieved from /home/airflow/.local/lib/python3.12/site-packages/airflow/example_dags/example_dataset_alias.py
[2026-04-13T23:48:10.250+0000] {logging_mixin.py:190} INFO - [2026-04-13T23:48:10.248+0000] {dag.py:3239} INFO - Sync 4 DAGs
[2026-04-13T23:48:10.378+0000] {logging_mixin.py:190} INFO - [2026-04-13T23:48:10.377+0000] {dag.py:4180} INFO - Setting next_dagrun for dataset_alias_example_alias_consumer to None, run_after=None
[2026-04-13T23:48:10.393+0000] {logging_mixin.py:190} INFO - [2026-04-13T23:48:10.392+0000] {dag.py:4180} INFO - Setting next_dagrun for dataset_alias_example_alias_producer to None, run_after=None
[2026-04-13T23:48:10.398+0000] {logging_mixin.py:190} INFO - [2026-04-13T23:48:10.398+0000] {dag.py:4180} INFO - Setting next_dagrun for dataset_s3_bucket_consumer to None, run_after=None
[2026-04-13T23:48:10.403+0000] {logging_mixin.py:190} INFO - [2026-04-13T23:48:10.402+0000] {dag.py:4180} INFO - Setting next_dagrun for dataset_s3_bucket_producer to None, run_after=None
[2026-04-13T23:48:10.465+0000] {processor.py:208} INFO - Processing /home/airflow/.local/lib/python3.12/site-packages/airflow/example_dags/example_dataset_alias.py took 4.994 seconds
[2026-04-13T23:48:41.398+0000] {processor.py:186} INFO - Started process (PID=573) to work on /home/airflow/.local/lib/python3.12/site-packages/airflow/example_dags/example_dataset_alias.py
[2026-04-13T23:48:41.401+0000] {processor.py:914} INFO - Processing file /home/airflow/.local/lib/python3.12/site-packages/airflow/example_dags/example_dataset_alias.py for tasks to queue
[2026-04-13T23:48:41.406+0000] {logging_mixin.py:190} INFO - [2026-04-13T23:48:41.406+0000] {dagbag.py:588} INFO - Filling up the DagBag from /home/airflow/.local/lib/python3.12/site-packages/airflow/example_dags/example_dataset_alias.py
[2026-04-13T23:48:42.684+0000] {processor.py:925} INFO - DAG(s) 'dataset_alias_example_alias_consumer', 'dataset_alias_example_alias_producer', 'dataset_s3_bucket_producer', 'dataset_s3_bucket_consumer' retrieved from /home/airflow/.local/lib/python3.12/site-packages/airflow/example_dags/example_dataset_alias.py
[2026-04-13T23:48:42.758+0000] {logging_mixin.py:190} INFO - [2026-04-13T23:48:42.756+0000] {dag.py:3239} INFO - Sync 4 DAGs
[2026-04-13T23:48:42.832+0000] {logging_mixin.py:190} INFO - [2026-04-13T23:48:42.831+0000] {dag.py:4180} INFO - Setting next_dagrun for dataset_alias_example_alias_consumer to None, run_after=None
[2026-04-13T23:48:42.841+0000] {logging_mixin.py:190} INFO - [2026-04-13T23:48:42.840+0000] {dag.py:4180} INFO - Setting next_dagrun for dataset_alias_example_alias_producer to None, run_after=None
[2026-04-13T23:48:42.845+0000] {logging_mixin.py:190} INFO - [2026-04-13T23:48:42.845+0000] {dag.py:4180} INFO - Setting next_dagrun for dataset_s3_bucket_consumer to None, run_after=None
[2026-04-13T23:48:42.849+0000] {logging_mixin.py:190} INFO - [2026-04-13T23:48:42.848+0000] {dag.py:4180} INFO - Setting next_dagrun for dataset_s3_bucket_producer to None, run_after=None
[2026-04-13T23:48:42.919+0000] {processor.py:208} INFO - Processing /home/airflow/.local/lib/python3.12/site-packages/airflow/example_dags/example_dataset_alias.py took 1.530 seconds
[2026-04-13T23:49:13.563+0000] {processor.py:186} INFO - Started process (PID=637) to work on /home/airflow/.local/lib/python3.12/site-packages/airflow/example_dags/example_dataset_alias.py
[2026-04-13T23:49:13.565+0000] {processor.py:914} INFO - Processing file /home/airflow/.local/lib/python3.12/site-packages/airflow/example_dags/example_dataset_alias.py for tasks to queue
[2026-04-13T23:49:13.572+0000] {logging_mixin.py:190} INFO - [2026-04-13T23:49:13.571+0000] {dagbag.py:588} INFO - Filling up the DagBag from /home/airflow/.local/lib/python3.12/site-packages/airflow/example_dags/example_dataset_alias.py
[2026-04-13T23:49:16.342+0000] {processor.py:925} INFO - DAG(s) 'dataset_s3_bucket_producer', 'dataset_alias_example_alias_producer', 'dataset_s3_bucket_consumer', 'dataset_alias_example_alias_consumer' retrieved from /home/airflow/.local/lib/python3.12/site-packages/airflow/example_dags/example_dataset_alias.py
[2026-04-13T23:49:16.455+0000] {logging_mixin.py:190} INFO - [2026-04-13T23:49:16.453+0000] {dag.py:3239} INFO - Sync 4 DAGs
[2026-04-13T23:49:16.724+0000] {logging_mixin.py:190} INFO - [2026-04-13T23:49:16.724+0000] {dag.py:4180} INFO - Setting next_dagrun for dataset_alias_example_alias_consumer to None, run_after=None
[2026-04-13T23:49:16.756+0000] {logging_mixin.py:190} INFO - [2026-04-13T23:49:16.755+0000] {dag.py:4180} INFO - Setting next_dagrun for dataset_alias_example_alias_producer to None, run_after=None
[2026-04-13T23:49:16.777+0000] {logging_mixin.py:190} INFO - [2026-04-13T23:49:16.776+0000] {dag.py:4180} INFO - Setting next_dagrun for dataset_s3_bucket_consumer to None, run_after=None
[2026-04-13T23:49:16.815+0000] {logging_mixin.py:190} INFO - [2026-04-13T23:49:16.814+0000] {dag.py:4180} INFO - Setting next_dagrun for dataset_s3_bucket_producer to None, run_after=None
[2026-04-13T23:49:20.553+0000] {processor.py:208} INFO - Processing /home/airflow/.local/lib/python3.12/site-packages/airflow/example_dags/example_dataset_alias.py took 7.016 seconds
[2026-04-13T23:49:50.871+0000] {processor.py:186} INFO - Started process (PID=707) to work on /home/airflow/.local/lib/python3.12/site-packages/airflow/example_dags/example_dataset_alias.py
[2026-04-13T23:49:50.874+0000] {processor.py:914} INFO - Processing file /home/airflow/.local/lib/python3.12/site-packages/airflow/example_dags/example_dataset_alias.py for tasks to queue
[2026-04-13T23:49:50.882+0000] {logging_mixin.py:190} INFO - [2026-04-13T23:49:50.881+0000] {dagbag.py:588} INFO - Filling up the DagBag from /home/airflow/.local/lib/python3.12/site-packages/airflow/example_dags/example_dataset_alias.py
[2026-04-13T23:49:52.420+0000] {processor.py:925} INFO - DAG(s) 'dataset_alias_example_alias_producer', 'dataset_s3_bucket_consumer', 'dataset_alias_example_alias_consumer', 'dataset_s3_bucket_producer' retrieved from /home/airflow/.local/lib/python3.12/site-packages/airflow/example_dags/example_dataset_alias.py
[2026-04-13T23:49:52.475+0000] {logging_mixin.py:190} INFO - [2026-04-13T23:49:52.474+0000] {dag.py:3239} INFO - Sync 4 DAGs
[2026-04-13T23:49:52.564+0000] {logging_mixin.py:190} INFO - [2026-04-13T23:49:52.563+0000] {dag.py:4180} INFO - Setting next_dagrun for dataset_alias_example_alias_consumer to None, run_after=None
[2026-04-13T23:49:52.573+0000] {logging_mixin.py:190} INFO - [2026-04-13T23:49:52.572+0000] {dag.py:4180} INFO - Setting next_dagrun for dataset_alias_example_alias_producer to None, run_after=None
[2026-04-13T23:49:52.584+0000] {logging_mixin.py:190} INFO - [2026-04-13T23:49:52.584+0000] {dag.py:4180} INFO - Setting next_dagrun for dataset_s3_bucket_consumer to None, run_after=None
[2026-04-13T23:49:52.589+0000] {logging_mixin.py:190} INFO - [2026-04-13T23:49:52.588+0000] {dag.py:4180} INFO - Setting next_dagrun for dataset_s3_bucket_producer to None, run_after=None
[2026-04-13T23:49:52.663+0000] {processor.py:208} INFO - Processing /home/airflow/.local/lib/python3.12/site-packages/airflow/example_dags/example_dataset_alias.py took 1.808 seconds
[2026-04-13T23:50:22.832+0000] {processor.py:186} INFO - Started process (PID=773) to work on /home/airflow/.local/lib/python3.12/site-packages/airflow/example_dags/example_dataset_alias.py
[2026-04-13T23:50:22.836+0000] {processor.py:914} INFO - Processing file /home/airflow/.local/lib/python3.12/site-packages/airflow/example_dags/example_dataset_alias.py for tasks to queue
[2026-04-13T23:50:22.841+0000] {logging_mixin.py:190} INFO - [2026-04-13T23:50:22.840+0000] {dagbag.py:588} INFO - Filling up the DagBag from /home/airflow/.local/lib/python3.12/site-packages/airflow/example_dags/example_dataset_alias.py
[2026-04-13T23:50:24.560+0000] {processor.py:925} INFO - DAG(s) 'dataset_alias_example_alias_producer', 'dataset_s3_bucket_producer', 'dataset_alias_example_alias_consumer', 'dataset_s3_bucket_consumer' retrieved from /home/airflow/.local/lib/python3.12/site-packages/airflow/example_dags/example_dataset_alias.py
[2026-04-13T23:50:24.718+0000] {logging_mixin.py:190} INFO - [2026-04-13T23:50:24.716+0000] {dag.py:3239} INFO - Sync 4 DAGs
[2026-04-13T23:50:24.882+0000] {logging_mixin.py:190} INFO - [2026-04-13T23:50:24.881+0000] {dag.py:4180} INFO - Setting next_dagrun for dataset_alias_example_alias_consumer to None, run_after=None
[2026-04-13T23:50:24.920+0000] {logging_mixin.py:190} INFO - [2026-04-13T23:50:24.910+0000] {dag.py:4180} INFO - Setting next_dagrun for dataset_alias_example_alias_producer to None, run_after=None
[2026-04-13T23:50:24.928+0000] {logging_mixin.py:190} INFO - [2026-04-13T23:50:24.928+0000] {dag.py:4180} INFO - Setting next_dagrun for dataset_s3_bucket_consumer to None, run_after=None
[2026-04-13T23:50:24.939+0000] {logging_mixin.py:190} INFO - [2026-04-13T23:50:24.939+0000] {dag.py:4180} INFO - Setting next_dagrun for dataset_s3_bucket_producer to None, run_after=None
[2026-04-13T23:50:25.042+0000] {processor.py:208} INFO - Processing /home/airflow/.local/lib/python3.12/site-packages/airflow/example_dags/example_dataset_alias.py took 2.226 seconds
[2026-04-13T23:50:55.471+0000] {processor.py:186} INFO - Started process (PID=839) to work on /home/airflow/.local/lib/python3.12/site-packages/airflow/example_dags/example_dataset_alias.py
[2026-04-13T23:50:55.473+0000] {processor.py:914} INFO - Processing file /home/airflow/.local/lib/python3.12/site-packages/airflow/example_dags/example_dataset_alias.py for tasks to queue
[2026-04-13T23:50:55.476+0000] {logging_mixin.py:190} INFO - [2026-04-13T23:50:55.476+0000] {dagbag.py:588} INFO - Filling up the DagBag from /home/airflow/.local/lib/python3.12/site-packages/airflow/example_dags/example_dataset_alias.py
[2026-04-13T23:50:56.395+0000] {processor.py:925} INFO - DAG(s) 'dataset_alias_example_alias_consumer', 'dataset_s3_bucket_producer', 'dataset_alias_example_alias_producer', 'dataset_s3_bucket_consumer' retrieved from /home/airflow/.local/lib/python3.12/site-packages/airflow/example_dags/example_dataset_alias.py
[2026-04-13T23:50:56.455+0000] {logging_mixin.py:190} INFO - [2026-04-13T23:50:56.454+0000] {dag.py:3239} INFO - Sync 4 DAGs
[2026-04-13T23:50:56.503+0000] {logging_mixin.py:190} INFO - [2026-04-13T23:50:56.503+0000] {dag.py:4180} INFO - Setting next_dagrun for dataset_alias_example_alias_consumer to None, run_after=None
[2026-04-13T23:50:56.509+0000] {logging_mixin.py:190} INFO - [2026-04-13T23:50:56.509+0000] {dag.py:4180} INFO - Setting next_dagrun for dataset_alias_example_alias_producer to None, run_after=None
[2026-04-13T23:50:56.513+0000] {logging_mixin.py:190} INFO - [2026-04-13T23:50:56.512+0000] {dag.py:4180} INFO - Setting next_dagrun for dataset_s3_bucket_consumer to None, run_after=None
[2026-04-13T23:50:56.516+0000] {logging_mixin.py:190} INFO - [2026-04-13T23:50:56.516+0000] {dag.py:4180} INFO - Setting next_dagrun for dataset_s3_bucket_producer to None, run_after=None
[2026-04-13T23:50:56.557+0000] {processor.py:208} INFO - Processing /home/airflow/.local/lib/python3.12/site-packages/airflow/example_dags/example_dataset_alias.py took 1.096 seconds
[2026-04-13T23:51:27.124+0000] {processor.py:186} INFO - Started process (PID=904) to work on /home/airflow/.local/lib/python3.12/site-packages/airflow/example_dags/example_dataset_alias.py
[2026-04-13T23:51:27.125+0000] {processor.py:914} INFO - Processing file /home/airflow/.local/lib/python3.12/site-packages/airflow/example_dags/example_dataset_alias.py for tasks to queue
[2026-04-13T23:51:27.128+0000] {logging_mixin.py:190} INFO - [2026-04-13T23:51:27.128+0000] {dagbag.py:588} INFO - Filling up the DagBag from /home/airflow/.local/lib/python3.12/site-packages/airflow/example_dags/example_dataset_alias.py
[2026-04-13T23:51:28.187+0000] {processor.py:925} INFO - DAG(s) 'dataset_s3_bucket_producer', 'dataset_s3_bucket_consumer', 'dataset_alias_example_alias_producer', 'dataset_alias_example_alias_consumer' retrieved from /home/airflow/.local/lib/python3.12/site-packages/airflow/example_dags/example_dataset_alias.py
[2026-04-13T23:51:28.236+0000] {logging_mixin.py:190} INFO - [2026-04-13T23:51:28.235+0000] {dag.py:3239} INFO - Sync 4 DAGs
[2026-04-13T23:51:28.329+0000] {logging_mixin.py:190} INFO - [2026-04-13T23:51:28.328+0000] {dag.py:4180} INFO - Setting next_dagrun for dataset_alias_example_alias_consumer to None, run_after=None
[2026-04-13T23:51:28.336+0000] {logging_mixin.py:190} INFO - [2026-04-13T23:51:28.336+0000] {dag.py:4180} INFO - Setting next_dagrun for dataset_alias_example_alias_producer to None, run_after=None
[2026-04-13T23:51:28.339+0000] {logging_mixin.py:190} INFO - [2026-04-13T23:51:28.339+0000] {dag.py:4180} INFO - Setting next_dagrun for dataset_s3_bucket_consumer to None, run_after=None
[2026-04-13T23:51:28.342+0000] {logging_mixin.py:190} INFO - [2026-04-13T23:51:28.342+0000] {dag.py:4180} INFO - Setting next_dagrun for dataset_s3_bucket_producer to None, run_after=None
[2026-04-13T23:51:28.376+0000] {processor.py:208} INFO - Processing /home/airflow/.local/lib/python3.12/site-packages/airflow/example_dags/example_dataset_alias.py took 1.259 seconds
[2026-04-13T23:51:59.039+0000] {processor.py:186} INFO - Started process (PID=972) to work on /home/airflow/.local/lib/python3.12/site-packages/airflow/example_dags/example_dataset_alias.py
[2026-04-13T23:51:59.042+0000] {processor.py:914} INFO - Processing file /home/airflow/.local/lib/python3.12/site-packages/airflow/example_dags/example_dataset_alias.py for tasks to queue
[2026-04-13T23:51:59.049+0000] {logging_mixin.py:190} INFO - [2026-04-13T23:51:59.048+0000] {dagbag.py:588} INFO - Filling up the DagBag from /home/airflow/.local/lib/python3.12/site-packages/airflow/example_dags/example_dataset_alias.py
[2026-04-13T23:52:00.378+0000] {processor.py:925} INFO - DAG(s) 'dataset_alias_example_alias_consumer', 'dataset_s3_bucket_consumer', 'dataset_alias_example_alias_producer', 'dataset_s3_bucket_producer' retrieved from /home/airflow/.local/lib/python3.12/site-packages/airflow/example_dags/example_dataset_alias.py
[2026-04-13T23:52:00.413+0000] {logging_mixin.py:190} INFO - [2026-04-13T23:52:00.412+0000] {dag.py:3239} INFO - Sync 4 DAGs
[2026-04-13T23:52:00.452+0000] {logging_mixin.py:190} INFO - [2026-04-13T23:52:00.451+0000] {dag.py:4180} INFO - Setting next_dagrun for dataset_alias_example_alias_consumer to None, run_after=None
[2026-04-13T23:52:00.459+0000] {logging_mixin.py:190} INFO - [2026-04-13T23:52:00.458+0000] {dag.py:4180} INFO - Setting next_dagrun for dataset_alias_example_alias_producer to None, run_after=None
[2026-04-13T23:52:00.471+0000] {logging_mixin.py:190} INFO - [2026-04-13T23:52:00.471+0000] {dag.py:4180} INFO - Setting next_dagrun for dataset_s3_bucket_consumer to None, run_after=None
[2026-04-13T23:52:00.477+0000] {logging_mixin.py:190} INFO - [2026-04-13T23:52:00.476+0000] {dag.py:4180} INFO - Setting next_dagrun for dataset_s3_bucket_producer to None, run_after=None
[2026-04-13T23:52:00.569+0000] {processor.py:208} INFO - Processing /home/airflow/.local/lib/python3.12/site-packages/airflow/example_dags/example_dataset_alias.py took 1.545 seconds
[2026-04-13T23:52:30.965+0000] {processor.py:186} INFO - Started process (PID=1036) to work on /home/airflow/.local/lib/python3.12/site-packages/airflow/example_dags/example_dataset_alias.py
[2026-04-13T23:52:30.978+0000] {processor.py:914} INFO - Processing file /home/airflow/.local/lib/python3.12/site-packages/airflow/example_dags/example_dataset_alias.py for tasks to queue
[2026-04-13T23:52:30.986+0000] {logging_mixin.py:190} INFO - [2026-04-13T23:52:30.985+0000] {dagbag.py:588} INFO - Filling up the DagBag from /home/airflow/.local/lib/python3.12/site-packages/airflow/example_dags/example_dataset_alias.py
[2026-04-13T23:52:36.521+0000] {processor.py:925} INFO - DAG(s) 'dataset_s3_bucket_consumer', 'dataset_alias_example_alias_consumer', 'dataset_s3_bucket_producer', 'dataset_alias_example_alias_producer' retrieved from /home/airflow/.local/lib/python3.12/site-packages/airflow/example_dags/example_dataset_alias.py
[2026-04-13T23:52:36.727+0000] {logging_mixin.py:190} INFO - [2026-04-13T23:52:36.720+0000] {dag.py:3239} INFO - Sync 4 DAGs
[2026-04-13T23:52:37.363+0000] {logging_mixin.py:190} INFO - [2026-04-13T23:52:37.362+0000] {dag.py:4180} INFO - Setting next_dagrun for dataset_alias_example_alias_consumer to None, run_after=None
[2026-04-13T23:52:37.390+0000] {logging_mixin.py:190} INFO - [2026-04-13T23:52:37.389+0000] {dag.py:4180} INFO - Setting next_dagrun for dataset_alias_example_alias_producer to None, run_after=None
[2026-04-13T23:52:37.396+0000] {logging_mixin.py:190} INFO - [2026-04-13T23:52:37.395+0000] {dag.py:4180} INFO - Setting next_dagrun for dataset_s3_bucket_consumer to None, run_after=None
[2026-04-13T23:52:37.412+0000] {logging_mixin.py:190} INFO - [2026-04-13T23:52:37.411+0000] {dag.py:4180} INFO - Setting next_dagrun for dataset_s3_bucket_producer to None, run_after=None
[2026-04-13T23:52:38.316+0000] {processor.py:208} INFO - Processing /home/airflow/.local/lib/python3.12/site-packages/airflow/example_dags/example_dataset_alias.py took 7.405 seconds
[2026-04-13T23:53:08.710+0000] {processor.py:186} INFO - Started process (PID=1101) to work on /home/airflow/.local/lib/python3.12/site-packages/airflow/example_dags/example_dataset_alias.py
[2026-04-13T23:53:08.712+0000] {processor.py:914} INFO - Processing file /home/airflow/.local/lib/python3.12/site-packages/airflow/example_dags/example_dataset_alias.py for tasks to queue
[2026-04-13T23:53:08.719+0000] {logging_mixin.py:190} INFO - [2026-04-13T23:53:08.718+0000] {dagbag.py:588} INFO - Filling up the DagBag from /home/airflow/.local/lib/python3.12/site-packages/airflow/example_dags/example_dataset_alias.py
[2026-04-13T23:53:10.870+0000] {processor.py:925} INFO - DAG(s) 'dataset_alias_example_alias_consumer', 'dataset_s3_bucket_producer', 'dataset_alias_example_alias_producer', 'dataset_s3_bucket_consumer' retrieved from /home/airflow/.local/lib/python3.12/site-packages/airflow/example_dags/example_dataset_alias.py
[2026-04-13T23:53:10.909+0000] {logging_mixin.py:190} INFO - [2026-04-13T23:53:10.909+0000] {dag.py:3239} INFO - Sync 4 DAGs
[2026-04-13T23:53:10.955+0000] {logging_mixin.py:190} INFO - [2026-04-13T23:53:10.954+0000] {dag.py:4180} INFO - Setting next_dagrun for dataset_alias_example_alias_consumer to None, run_after=None
[2026-04-13T23:53:10.964+0000] {logging_mixin.py:190} INFO - [2026-04-13T23:53:10.964+0000] {dag.py:4180} INFO - Setting next_dagrun for dataset_alias_example_alias_producer to None, run_after=None
[2026-04-13T23:53:10.969+0000] {logging_mixin.py:190} INFO - [2026-04-13T23:53:10.969+0000] {dag.py:4180} INFO - Setting next_dagrun for dataset_s3_bucket_consumer to None, run_after=None
[2026-04-13T23:53:10.974+0000] {logging_mixin.py:190} INFO - [2026-04-13T23:53:10.973+0000] {dag.py:4180} INFO - Setting next_dagrun for dataset_s3_bucket_producer to None, run_after=None
[2026-04-13T23:53:11.032+0000] {processor.py:208} INFO - Processing /home/airflow/.local/lib/python3.12/site-packages/airflow/example_dags/example_dataset_alias.py took 2.335 seconds
[2026-04-13T23:53:42.530+0000] {processor.py:186} INFO - Started process (PID=1166) to work on /home/airflow/.local/lib/python3.12/site-packages/airflow/example_dags/example_dataset_alias.py
[2026-04-13T23:53:42.532+0000] {processor.py:914} INFO - Processing file /home/airflow/.local/lib/python3.12/site-packages/airflow/example_dags/example_dataset_alias.py for tasks to queue
[2026-04-13T23:53:42.539+0000] {logging_mixin.py:190} INFO - [2026-04-13T23:53:42.539+0000] {dagbag.py:588} INFO - Filling up the DagBag from /home/airflow/.local/lib/python3.12/site-packages/airflow/example_dags/example_dataset_alias.py
