[2026-04-13T23:44:41.844+0000] {processor.py:186} INFO - Started process (PID=140) to work on /home/airflow/.local/lib/python3.12/site-packages/airflow/example_dags/tutorial_taskflow_templates.py
[2026-04-13T23:44:41.848+0000] {processor.py:914} INFO - Processing file /home/airflow/.local/lib/python3.12/site-packages/airflow/example_dags/tutorial_taskflow_templates.py for tasks to queue
[2026-04-13T23:44:41.867+0000] {logging_mixin.py:190} INFO - [2026-04-13T23:44:41.858+0000] {dagbag.py:588} INFO - Filling up the DagBag from /home/airflow/.local/lib/python3.12/site-packages/airflow/example_dags/tutorial_taskflow_templates.py
[2026-04-13T23:44:41.975+0000] {processor.py:925} INFO - DAG(s) 'tutorial_taskflow_templates' retrieved from /home/airflow/.local/lib/python3.12/site-packages/airflow/example_dags/tutorial_taskflow_templates.py
[2026-04-13T23:44:42.377+0000] {logging_mixin.py:190} INFO - [2026-04-13T23:44:42.376+0000] {override.py:1912} INFO - Created Permission View: can read on DAG:tutorial_taskflow_templates
[2026-04-13T23:44:42.414+0000] {logging_mixin.py:190} INFO - [2026-04-13T23:44:42.413+0000] {override.py:1912} INFO - Created Permission View: can edit on DAG:tutorial_taskflow_templates
[2026-04-13T23:44:42.436+0000] {logging_mixin.py:190} INFO - [2026-04-13T23:44:42.435+0000] {override.py:1912} INFO - Created Permission View: can delete on DAG:tutorial_taskflow_templates
[2026-04-13T23:44:42.458+0000] {logging_mixin.py:190} INFO - [2026-04-13T23:44:42.457+0000] {override.py:1912} INFO - Created Permission View: menu access on DAG Run:tutorial_taskflow_templates
[2026-04-13T23:44:42.485+0000] {logging_mixin.py:190} INFO - [2026-04-13T23:44:42.484+0000] {override.py:1912} INFO - Created Permission View: can read on DAG Run:tutorial_taskflow_templates
[2026-04-13T23:44:42.505+0000] {logging_mixin.py:190} INFO - [2026-04-13T23:44:42.504+0000] {override.py:1912} INFO - Created Permission View: can delete on DAG Run:tutorial_taskflow_templates
[2026-04-13T23:44:42.538+0000] {logging_mixin.py:190} INFO - [2026-04-13T23:44:42.537+0000] {override.py:1912} INFO - Created Permission View: can create on DAG Run:tutorial_taskflow_templates
[2026-04-13T23:44:42.540+0000] {logging_mixin.py:190} INFO - [2026-04-13T23:44:42.540+0000] {dag.py:3239} INFO - Sync 1 DAGs
[2026-04-13T23:44:42.604+0000] {logging_mixin.py:190} INFO - [2026-04-13T23:44:42.603+0000] {dag.py:3262} INFO - Creating ORM DAG for tutorial_taskflow_templates
[2026-04-13T23:44:42.665+0000] {logging_mixin.py:190} INFO - [2026-04-13T23:44:42.665+0000] {dag.py:4180} INFO - Setting next_dagrun for tutorial_taskflow_templates to 2026-04-12 00:00:00+00:00, run_after=2026-04-13 00:00:00+00:00
[2026-04-13T23:44:42.757+0000] {processor.py:208} INFO - Processing /home/airflow/.local/lib/python3.12/site-packages/airflow/example_dags/tutorial_taskflow_templates.py took 0.948 seconds
[2026-04-13T23:45:14.106+0000] {processor.py:186} INFO - Started process (PID=203) to work on /home/airflow/.local/lib/python3.12/site-packages/airflow/example_dags/tutorial_taskflow_templates.py
[2026-04-13T23:45:14.141+0000] {processor.py:914} INFO - Processing file /home/airflow/.local/lib/python3.12/site-packages/airflow/example_dags/tutorial_taskflow_templates.py for tasks to queue
[2026-04-13T23:45:14.183+0000] {logging_mixin.py:190} INFO - [2026-04-13T23:45:14.176+0000] {dagbag.py:588} INFO - Filling up the DagBag from /home/airflow/.local/lib/python3.12/site-packages/airflow/example_dags/tutorial_taskflow_templates.py
[2026-04-13T23:45:14.368+0000] {processor.py:925} INFO - DAG(s) 'tutorial_taskflow_templates' retrieved from /home/airflow/.local/lib/python3.12/site-packages/airflow/example_dags/tutorial_taskflow_templates.py
[2026-04-13T23:45:14.863+0000] {logging_mixin.py:190} INFO - [2026-04-13T23:45:14.862+0000] {dag.py:3239} INFO - Sync 1 DAGs
[2026-04-13T23:45:15.102+0000] {logging_mixin.py:190} INFO - [2026-04-13T23:45:15.101+0000] {dag.py:4180} INFO - Setting next_dagrun for tutorial_taskflow_templates to 2026-04-12 00:00:00+00:00, run_after=2026-04-13 00:00:00+00:00
[2026-04-13T23:45:15.226+0000] {processor.py:208} INFO - Processing /home/airflow/.local/lib/python3.12/site-packages/airflow/example_dags/tutorial_taskflow_templates.py took 1.245 seconds
[2026-04-13T23:45:45.517+0000] {processor.py:186} INFO - Started process (PID=267) to work on /home/airflow/.local/lib/python3.12/site-packages/airflow/example_dags/tutorial_taskflow_templates.py
[2026-04-13T23:45:45.522+0000] {processor.py:914} INFO - Processing file /home/airflow/.local/lib/python3.12/site-packages/airflow/example_dags/tutorial_taskflow_templates.py for tasks to queue
[2026-04-13T23:45:45.535+0000] {logging_mixin.py:190} INFO - [2026-04-13T23:45:45.533+0000] {dagbag.py:588} INFO - Filling up the DagBag from /home/airflow/.local/lib/python3.12/site-packages/airflow/example_dags/tutorial_taskflow_templates.py
[2026-04-13T23:45:45.617+0000] {processor.py:925} INFO - DAG(s) 'tutorial_taskflow_templates' retrieved from /home/airflow/.local/lib/python3.12/site-packages/airflow/example_dags/tutorial_taskflow_templates.py
[2026-04-13T23:45:45.760+0000] {logging_mixin.py:190} INFO - [2026-04-13T23:45:45.759+0000] {dag.py:3239} INFO - Sync 1 DAGs
[2026-04-13T23:45:45.883+0000] {logging_mixin.py:190} INFO - [2026-04-13T23:45:45.881+0000] {dag.py:4180} INFO - Setting next_dagrun for tutorial_taskflow_templates to 2026-04-12 00:00:00+00:00, run_after=2026-04-13 00:00:00+00:00
[2026-04-13T23:45:45.938+0000] {processor.py:208} INFO - Processing /home/airflow/.local/lib/python3.12/site-packages/airflow/example_dags/tutorial_taskflow_templates.py took 0.465 seconds
[2026-04-13T23:46:24.626+0000] {processor.py:186} INFO - Started process (PID=335) to work on /home/airflow/.local/lib/python3.12/site-packages/airflow/example_dags/tutorial_taskflow_templates.py
[2026-04-13T23:46:24.628+0000] {processor.py:914} INFO - Processing file /home/airflow/.local/lib/python3.12/site-packages/airflow/example_dags/tutorial_taskflow_templates.py for tasks to queue
[2026-04-13T23:46:24.632+0000] {logging_mixin.py:190} INFO - [2026-04-13T23:46:24.631+0000] {dagbag.py:588} INFO - Filling up the DagBag from /home/airflow/.local/lib/python3.12/site-packages/airflow/example_dags/tutorial_taskflow_templates.py
[2026-04-13T23:46:24.674+0000] {processor.py:925} INFO - DAG(s) 'tutorial_taskflow_templates' retrieved from /home/airflow/.local/lib/python3.12/site-packages/airflow/example_dags/tutorial_taskflow_templates.py
[2026-04-13T23:46:24.714+0000] {logging_mixin.py:190} INFO - [2026-04-13T23:46:24.714+0000] {dag.py:3239} INFO - Sync 1 DAGs
[2026-04-13T23:46:24.765+0000] {logging_mixin.py:190} INFO - [2026-04-13T23:46:24.765+0000] {dag.py:4180} INFO - Setting next_dagrun for tutorial_taskflow_templates to 2026-04-12 00:00:00+00:00, run_after=2026-04-13 00:00:00+00:00
[2026-04-13T23:46:24.860+0000] {processor.py:208} INFO - Processing /home/airflow/.local/lib/python3.12/site-packages/airflow/example_dags/tutorial_taskflow_templates.py took 0.248 seconds
[2026-04-13T23:47:02.055+0000] {processor.py:186} INFO - Started process (PID=401) to work on /home/airflow/.local/lib/python3.12/site-packages/airflow/example_dags/tutorial_taskflow_templates.py
[2026-04-13T23:47:02.056+0000] {processor.py:914} INFO - Processing file /home/airflow/.local/lib/python3.12/site-packages/airflow/example_dags/tutorial_taskflow_templates.py for tasks to queue
[2026-04-13T23:47:02.061+0000] {logging_mixin.py:190} INFO - [2026-04-13T23:47:02.060+0000] {dagbag.py:588} INFO - Filling up the DagBag from /home/airflow/.local/lib/python3.12/site-packages/airflow/example_dags/tutorial_taskflow_templates.py
[2026-04-13T23:47:02.090+0000] {processor.py:925} INFO - DAG(s) 'tutorial_taskflow_templates' retrieved from /home/airflow/.local/lib/python3.12/site-packages/airflow/example_dags/tutorial_taskflow_templates.py
[2026-04-13T23:47:02.122+0000] {logging_mixin.py:190} INFO - [2026-04-13T23:47:02.122+0000] {dag.py:3239} INFO - Sync 1 DAGs
[2026-04-13T23:47:02.165+0000] {logging_mixin.py:190} INFO - [2026-04-13T23:47:02.164+0000] {dag.py:4180} INFO - Setting next_dagrun for tutorial_taskflow_templates to 2026-04-12 00:00:00+00:00, run_after=2026-04-13 00:00:00+00:00
[2026-04-13T23:47:02.218+0000] {processor.py:208} INFO - Processing /home/airflow/.local/lib/python3.12/site-packages/airflow/example_dags/tutorial_taskflow_templates.py took 0.175 seconds
[2026-04-13T23:47:41.992+0000] {processor.py:186} INFO - Started process (PID=465) to work on /home/airflow/.local/lib/python3.12/site-packages/airflow/example_dags/tutorial_taskflow_templates.py
[2026-04-13T23:47:41.994+0000] {processor.py:914} INFO - Processing file /home/airflow/.local/lib/python3.12/site-packages/airflow/example_dags/tutorial_taskflow_templates.py for tasks to queue
[2026-04-13T23:47:42.002+0000] {logging_mixin.py:190} INFO - [2026-04-13T23:47:42.001+0000] {dagbag.py:588} INFO - Filling up the DagBag from /home/airflow/.local/lib/python3.12/site-packages/airflow/example_dags/tutorial_taskflow_templates.py
[2026-04-13T23:47:42.031+0000] {processor.py:925} INFO - DAG(s) 'tutorial_taskflow_templates' retrieved from /home/airflow/.local/lib/python3.12/site-packages/airflow/example_dags/tutorial_taskflow_templates.py
[2026-04-13T23:47:42.084+0000] {logging_mixin.py:190} INFO - [2026-04-13T23:47:42.084+0000] {dag.py:3239} INFO - Sync 1 DAGs
[2026-04-13T23:47:42.141+0000] {logging_mixin.py:190} INFO - [2026-04-13T23:47:42.141+0000] {dag.py:4180} INFO - Setting next_dagrun for tutorial_taskflow_templates to 2026-04-12 00:00:00+00:00, run_after=2026-04-13 00:00:00+00:00
[2026-04-13T23:47:42.187+0000] {processor.py:208} INFO - Processing /home/airflow/.local/lib/python3.12/site-packages/airflow/example_dags/tutorial_taskflow_templates.py took 0.224 seconds
[2026-04-13T23:48:13.611+0000] {processor.py:186} INFO - Started process (PID=528) to work on /home/airflow/.local/lib/python3.12/site-packages/airflow/example_dags/tutorial_taskflow_templates.py
[2026-04-13T23:48:13.615+0000] {processor.py:914} INFO - Processing file /home/airflow/.local/lib/python3.12/site-packages/airflow/example_dags/tutorial_taskflow_templates.py for tasks to queue
[2026-04-13T23:48:13.623+0000] {logging_mixin.py:190} INFO - [2026-04-13T23:48:13.622+0000] {dagbag.py:588} INFO - Filling up the DagBag from /home/airflow/.local/lib/python3.12/site-packages/airflow/example_dags/tutorial_taskflow_templates.py
[2026-04-13T23:48:13.664+0000] {processor.py:925} INFO - DAG(s) 'tutorial_taskflow_templates' retrieved from /home/airflow/.local/lib/python3.12/site-packages/airflow/example_dags/tutorial_taskflow_templates.py
[2026-04-13T23:48:13.723+0000] {logging_mixin.py:190} INFO - [2026-04-13T23:48:13.722+0000] {dag.py:3239} INFO - Sync 1 DAGs
[2026-04-13T23:48:13.799+0000] {logging_mixin.py:190} INFO - [2026-04-13T23:48:13.799+0000] {dag.py:4180} INFO - Setting next_dagrun for tutorial_taskflow_templates to 2026-04-12 00:00:00+00:00, run_after=2026-04-13 00:00:00+00:00
[2026-04-13T23:48:13.873+0000] {processor.py:208} INFO - Processing /home/airflow/.local/lib/python3.12/site-packages/airflow/example_dags/tutorial_taskflow_templates.py took 0.277 seconds
[2026-04-13T23:48:49.039+0000] {processor.py:186} INFO - Started process (PID=599) to work on /home/airflow/.local/lib/python3.12/site-packages/airflow/example_dags/tutorial_taskflow_templates.py
[2026-04-13T23:48:49.041+0000] {processor.py:914} INFO - Processing file /home/airflow/.local/lib/python3.12/site-packages/airflow/example_dags/tutorial_taskflow_templates.py for tasks to queue
[2026-04-13T23:48:49.046+0000] {logging_mixin.py:190} INFO - [2026-04-13T23:48:49.045+0000] {dagbag.py:588} INFO - Filling up the DagBag from /home/airflow/.local/lib/python3.12/site-packages/airflow/example_dags/tutorial_taskflow_templates.py
[2026-04-13T23:48:49.073+0000] {processor.py:925} INFO - DAG(s) 'tutorial_taskflow_templates' retrieved from /home/airflow/.local/lib/python3.12/site-packages/airflow/example_dags/tutorial_taskflow_templates.py
[2026-04-13T23:48:49.113+0000] {logging_mixin.py:190} INFO - [2026-04-13T23:48:49.113+0000] {dag.py:3239} INFO - Sync 1 DAGs
[2026-04-13T23:48:49.168+0000] {logging_mixin.py:190} INFO - [2026-04-13T23:48:49.168+0000] {dag.py:4180} INFO - Setting next_dagrun for tutorial_taskflow_templates to 2026-04-12 00:00:00+00:00, run_after=2026-04-13 00:00:00+00:00
[2026-04-13T23:48:49.199+0000] {processor.py:208} INFO - Processing /home/airflow/.local/lib/python3.12/site-packages/airflow/example_dags/tutorial_taskflow_templates.py took 0.172 seconds
[2026-04-13T23:49:25.342+0000] {processor.py:186} INFO - Started process (PID=663) to work on /home/airflow/.local/lib/python3.12/site-packages/airflow/example_dags/tutorial_taskflow_templates.py
[2026-04-13T23:49:25.344+0000] {processor.py:914} INFO - Processing file /home/airflow/.local/lib/python3.12/site-packages/airflow/example_dags/tutorial_taskflow_templates.py for tasks to queue
[2026-04-13T23:49:25.347+0000] {logging_mixin.py:190} INFO - [2026-04-13T23:49:25.347+0000] {dagbag.py:588} INFO - Filling up the DagBag from /home/airflow/.local/lib/python3.12/site-packages/airflow/example_dags/tutorial_taskflow_templates.py
[2026-04-13T23:49:25.367+0000] {processor.py:925} INFO - DAG(s) 'tutorial_taskflow_templates' retrieved from /home/airflow/.local/lib/python3.12/site-packages/airflow/example_dags/tutorial_taskflow_templates.py
[2026-04-13T23:49:25.397+0000] {logging_mixin.py:190} INFO - [2026-04-13T23:49:25.396+0000] {dag.py:3239} INFO - Sync 1 DAGs
[2026-04-13T23:49:25.431+0000] {logging_mixin.py:190} INFO - [2026-04-13T23:49:25.431+0000] {dag.py:4180} INFO - Setting next_dagrun for tutorial_taskflow_templates to 2026-04-12 00:00:00+00:00, run_after=2026-04-13 00:00:00+00:00
[2026-04-13T23:49:25.457+0000] {processor.py:208} INFO - Processing /home/airflow/.local/lib/python3.12/site-packages/airflow/example_dags/tutorial_taskflow_templates.py took 0.124 seconds
[2026-04-13T23:50:01.698+0000] {processor.py:186} INFO - Started process (PID=741) to work on /home/airflow/.local/lib/python3.12/site-packages/airflow/example_dags/tutorial_taskflow_templates.py
[2026-04-13T23:50:01.700+0000] {processor.py:914} INFO - Processing file /home/airflow/.local/lib/python3.12/site-packages/airflow/example_dags/tutorial_taskflow_templates.py for tasks to queue
[2026-04-13T23:50:01.704+0000] {logging_mixin.py:190} INFO - [2026-04-13T23:50:01.703+0000] {dagbag.py:588} INFO - Filling up the DagBag from /home/airflow/.local/lib/python3.12/site-packages/airflow/example_dags/tutorial_taskflow_templates.py
[2026-04-13T23:50:01.731+0000] {processor.py:925} INFO - DAG(s) 'tutorial_taskflow_templates' retrieved from /home/airflow/.local/lib/python3.12/site-packages/airflow/example_dags/tutorial_taskflow_templates.py
[2026-04-13T23:50:01.815+0000] {logging_mixin.py:190} INFO - [2026-04-13T23:50:01.814+0000] {dag.py:3239} INFO - Sync 1 DAGs
[2026-04-13T23:50:01.899+0000] {logging_mixin.py:190} INFO - [2026-04-13T23:50:01.899+0000] {dag.py:4180} INFO - Setting next_dagrun for tutorial_taskflow_templates to 2026-04-12 00:00:00+00:00, run_after=2026-04-13 00:00:00+00:00
[2026-04-13T23:50:01.944+0000] {processor.py:208} INFO - Processing /home/airflow/.local/lib/python3.12/site-packages/airflow/example_dags/tutorial_taskflow_templates.py took 0.258 seconds
[2026-04-13T23:50:43.074+0000] {processor.py:186} INFO - Started process (PID=812) to work on /home/airflow/.local/lib/python3.12/site-packages/airflow/example_dags/tutorial_taskflow_templates.py
[2026-04-13T23:50:43.075+0000] {processor.py:914} INFO - Processing file /home/airflow/.local/lib/python3.12/site-packages/airflow/example_dags/tutorial_taskflow_templates.py for tasks to queue
[2026-04-13T23:50:43.078+0000] {logging_mixin.py:190} INFO - [2026-04-13T23:50:43.078+0000] {dagbag.py:588} INFO - Filling up the DagBag from /home/airflow/.local/lib/python3.12/site-packages/airflow/example_dags/tutorial_taskflow_templates.py
[2026-04-13T23:50:43.097+0000] {processor.py:925} INFO - DAG(s) 'tutorial_taskflow_templates' retrieved from /home/airflow/.local/lib/python3.12/site-packages/airflow/example_dags/tutorial_taskflow_templates.py
[2026-04-13T23:50:43.127+0000] {logging_mixin.py:190} INFO - [2026-04-13T23:50:43.126+0000] {dag.py:3239} INFO - Sync 1 DAGs
[2026-04-13T23:50:43.159+0000] {logging_mixin.py:190} INFO - [2026-04-13T23:50:43.159+0000] {dag.py:4180} INFO - Setting next_dagrun for tutorial_taskflow_templates to 2026-04-12 00:00:00+00:00, run_after=2026-04-13 00:00:00+00:00
[2026-04-13T23:50:43.191+0000] {processor.py:208} INFO - Processing /home/airflow/.local/lib/python3.12/site-packages/airflow/example_dags/tutorial_taskflow_templates.py took 0.125 seconds
[2026-04-13T23:51:15.045+0000] {processor.py:186} INFO - Started process (PID=876) to work on /home/airflow/.local/lib/python3.12/site-packages/airflow/example_dags/tutorial_taskflow_templates.py
[2026-04-13T23:51:15.053+0000] {processor.py:914} INFO - Processing file /home/airflow/.local/lib/python3.12/site-packages/airflow/example_dags/tutorial_taskflow_templates.py for tasks to queue
[2026-04-13T23:51:15.087+0000] {logging_mixin.py:190} INFO - [2026-04-13T23:51:15.086+0000] {dagbag.py:588} INFO - Filling up the DagBag from /home/airflow/.local/lib/python3.12/site-packages/airflow/example_dags/tutorial_taskflow_templates.py
[2026-04-13T23:51:15.212+0000] {processor.py:925} INFO - DAG(s) 'tutorial_taskflow_templates' retrieved from /home/airflow/.local/lib/python3.12/site-packages/airflow/example_dags/tutorial_taskflow_templates.py
[2026-04-13T23:51:15.310+0000] {logging_mixin.py:190} INFO - [2026-04-13T23:51:15.310+0000] {dag.py:3239} INFO - Sync 1 DAGs
[2026-04-13T23:51:15.457+0000] {logging_mixin.py:190} INFO - [2026-04-13T23:51:15.456+0000] {dag.py:4180} INFO - Setting next_dagrun for tutorial_taskflow_templates to 2026-04-12 00:00:00+00:00, run_after=2026-04-13 00:00:00+00:00
[2026-04-13T23:51:15.530+0000] {processor.py:208} INFO - Processing /home/airflow/.local/lib/python3.12/site-packages/airflow/example_dags/tutorial_taskflow_templates.py took 0.522 seconds
[2026-04-13T23:51:46.235+0000] {processor.py:186} INFO - Started process (PID=941) to work on /home/airflow/.local/lib/python3.12/site-packages/airflow/example_dags/tutorial_taskflow_templates.py
[2026-04-13T23:51:46.237+0000] {processor.py:914} INFO - Processing file /home/airflow/.local/lib/python3.12/site-packages/airflow/example_dags/tutorial_taskflow_templates.py for tasks to queue
[2026-04-13T23:51:46.240+0000] {logging_mixin.py:190} INFO - [2026-04-13T23:51:46.240+0000] {dagbag.py:588} INFO - Filling up the DagBag from /home/airflow/.local/lib/python3.12/site-packages/airflow/example_dags/tutorial_taskflow_templates.py
[2026-04-13T23:51:46.262+0000] {processor.py:925} INFO - DAG(s) 'tutorial_taskflow_templates' retrieved from /home/airflow/.local/lib/python3.12/site-packages/airflow/example_dags/tutorial_taskflow_templates.py
[2026-04-13T23:51:46.291+0000] {logging_mixin.py:190} INFO - [2026-04-13T23:51:46.290+0000] {dag.py:3239} INFO - Sync 1 DAGs
[2026-04-13T23:51:46.332+0000] {logging_mixin.py:190} INFO - [2026-04-13T23:51:46.332+0000] {dag.py:4180} INFO - Setting next_dagrun for tutorial_taskflow_templates to 2026-04-12 00:00:00+00:00, run_after=2026-04-13 00:00:00+00:00
[2026-04-13T23:51:46.370+0000] {processor.py:208} INFO - Processing /home/airflow/.local/lib/python3.12/site-packages/airflow/example_dags/tutorial_taskflow_templates.py took 0.142 seconds
[2026-04-13T23:52:17.333+0000] {processor.py:186} INFO - Started process (PID=1006) to work on /home/airflow/.local/lib/python3.12/site-packages/airflow/example_dags/tutorial_taskflow_templates.py
[2026-04-13T23:52:17.334+0000] {processor.py:914} INFO - Processing file /home/airflow/.local/lib/python3.12/site-packages/airflow/example_dags/tutorial_taskflow_templates.py for tasks to queue
[2026-04-13T23:52:17.340+0000] {logging_mixin.py:190} INFO - [2026-04-13T23:52:17.340+0000] {dagbag.py:588} INFO - Filling up the DagBag from /home/airflow/.local/lib/python3.12/site-packages/airflow/example_dags/tutorial_taskflow_templates.py
[2026-04-13T23:52:17.360+0000] {processor.py:925} INFO - DAG(s) 'tutorial_taskflow_templates' retrieved from /home/airflow/.local/lib/python3.12/site-packages/airflow/example_dags/tutorial_taskflow_templates.py
[2026-04-13T23:52:17.390+0000] {logging_mixin.py:190} INFO - [2026-04-13T23:52:17.390+0000] {dag.py:3239} INFO - Sync 1 DAGs
[2026-04-13T23:52:17.426+0000] {logging_mixin.py:190} INFO - [2026-04-13T23:52:17.426+0000] {dag.py:4180} INFO - Setting next_dagrun for tutorial_taskflow_templates to 2026-04-12 00:00:00+00:00, run_after=2026-04-13 00:00:00+00:00
[2026-04-13T23:52:17.454+0000] {processor.py:208} INFO - Processing /home/airflow/.local/lib/python3.12/site-packages/airflow/example_dags/tutorial_taskflow_templates.py took 0.129 seconds
[2026-04-13T23:52:50.775+0000] {processor.py:186} INFO - Started process (PID=1071) to work on /home/airflow/.local/lib/python3.12/site-packages/airflow/example_dags/tutorial_taskflow_templates.py
[2026-04-13T23:52:50.777+0000] {processor.py:914} INFO - Processing file /home/airflow/.local/lib/python3.12/site-packages/airflow/example_dags/tutorial_taskflow_templates.py for tasks to queue
[2026-04-13T23:52:50.780+0000] {logging_mixin.py:190} INFO - [2026-04-13T23:52:50.780+0000] {dagbag.py:588} INFO - Filling up the DagBag from /home/airflow/.local/lib/python3.12/site-packages/airflow/example_dags/tutorial_taskflow_templates.py
[2026-04-13T23:52:50.833+0000] {processor.py:925} INFO - DAG(s) 'tutorial_taskflow_templates' retrieved from /home/airflow/.local/lib/python3.12/site-packages/airflow/example_dags/tutorial_taskflow_templates.py
[2026-04-13T23:52:50.901+0000] {logging_mixin.py:190} INFO - [2026-04-13T23:52:50.900+0000] {dag.py:3239} INFO - Sync 1 DAGs
[2026-04-13T23:52:51.006+0000] {logging_mixin.py:190} INFO - [2026-04-13T23:52:51.005+0000] {dag.py:4180} INFO - Setting next_dagrun for tutorial_taskflow_templates to 2026-04-12 00:00:00+00:00, run_after=2026-04-13 00:00:00+00:00
[2026-04-13T23:52:51.079+0000] {processor.py:208} INFO - Processing /home/airflow/.local/lib/python3.12/site-packages/airflow/example_dags/tutorial_taskflow_templates.py took 0.314 seconds
[2026-04-13T23:53:21.408+0000] {processor.py:186} INFO - Started process (PID=1134) to work on /home/airflow/.local/lib/python3.12/site-packages/airflow/example_dags/tutorial_taskflow_templates.py
[2026-04-13T23:53:21.410+0000] {processor.py:914} INFO - Processing file /home/airflow/.local/lib/python3.12/site-packages/airflow/example_dags/tutorial_taskflow_templates.py for tasks to queue
[2026-04-13T23:53:21.416+0000] {logging_mixin.py:190} INFO - [2026-04-13T23:53:21.415+0000] {dagbag.py:588} INFO - Filling up the DagBag from /home/airflow/.local/lib/python3.12/site-packages/airflow/example_dags/tutorial_taskflow_templates.py
[2026-04-13T23:53:21.456+0000] {processor.py:925} INFO - DAG(s) 'tutorial_taskflow_templates' retrieved from /home/airflow/.local/lib/python3.12/site-packages/airflow/example_dags/tutorial_taskflow_templates.py
[2026-04-13T23:53:21.525+0000] {logging_mixin.py:190} INFO - [2026-04-13T23:53:21.524+0000] {dag.py:3239} INFO - Sync 1 DAGs
[2026-04-13T23:53:21.593+0000] {logging_mixin.py:190} INFO - [2026-04-13T23:53:21.592+0000] {dag.py:4180} INFO - Setting next_dagrun for tutorial_taskflow_templates to 2026-04-12 00:00:00+00:00, run_after=2026-04-13 00:00:00+00:00
[2026-04-13T23:53:21.629+0000] {processor.py:208} INFO - Processing /home/airflow/.local/lib/python3.12/site-packages/airflow/example_dags/tutorial_taskflow_templates.py took 0.235 seconds
